[2023-03-02 16:33:10,197] {taskinstance.py:1159} INFO - Dependencies all met for <TaskInstance: get_stocks_dag.AAPL scheduled__2023-02-02T00:00:00+00:00 [queued]>
[2023-03-02 16:33:10,208] {taskinstance.py:1159} INFO - Dependencies all met for <TaskInstance: get_stocks_dag.AAPL scheduled__2023-02-02T00:00:00+00:00 [queued]>
[2023-03-02 16:33:10,208] {taskinstance.py:1356} INFO - 
--------------------------------------------------------------------------------
[2023-03-02 16:33:10,209] {taskinstance.py:1357} INFO - Starting attempt 1 of 1
[2023-03-02 16:33:10,209] {taskinstance.py:1358} INFO - 
--------------------------------------------------------------------------------
[2023-03-02 16:33:10,220] {taskinstance.py:1377} INFO - Executing <Task(_PythonDecoratedOperator): AAPL> on 2023-02-02 00:00:00+00:00
[2023-03-02 16:33:10,223] {standard_task_runner.py:52} INFO - Started process 50504 to run task
[2023-03-02 16:33:10,227] {standard_task_runner.py:79} INFO - Running: ['airflow', 'tasks', 'run', 'get_stocks_dag', 'AAPL', 'scheduled__2023-02-02T00:00:00+00:00', '--job-id', '26', '--raw', '--subdir', 'DAGS_FOLDER/get_stocks.py', '--cfg-path', '/var/folders/8z/6d7zf4153pgfqk4ygy8by4rh0000gn/T/tmp11pw4r9d', '--error-file', '/var/folders/8z/6d7zf4153pgfqk4ygy8by4rh0000gn/T/tmpi8_xlu43']
[2023-03-02 16:33:10,229] {standard_task_runner.py:80} INFO - Job 26: Subtask AAPL
[2023-03-02 16:33:15,256] {task_command.py:370} INFO - Running <TaskInstance: get_stocks_dag.AAPL scheduled__2023-02-02T00:00:00+00:00 [running]> on host AZ026.local
[2023-03-02 16:33:20,324] {taskinstance.py:1569} INFO - Exporting the following env vars:
AIRFLOW_CTX_DAG_OWNER=airflow
AIRFLOW_CTX_DAG_ID=get_stocks_dag
AIRFLOW_CTX_TASK_ID=AAPL
AIRFLOW_CTX_EXECUTION_DATE=2023-02-02T00:00:00+00:00
AIRFLOW_CTX_TRY_NUMBER=1
AIRFLOW_CTX_DAG_RUN_ID=scheduled__2023-02-02T00:00:00+00:00
[2023-03-02 16:33:20,425] {local_task_job.py:156} INFO - Task exited with return code Negsignal.SIGABRT
[2023-03-02 16:33:20,428] {taskinstance.py:1395} INFO - Marking task as FAILED. dag_id=get_stocks_dag, task_id=AAPL, execution_date=20230202T000000, start_date=20230302T193310, end_date=20230302T193320
[2023-03-02 16:33:20,434] {local_task_job.py:273} INFO - 0 downstream tasks scheduled from follow-on schedule check
