[2023-03-02 16:41:07,237] {taskinstance.py:1159} INFO - Dependencies all met for <TaskInstance: get_stocks_dag.MSFT scheduled__2023-02-23T00:00:00+00:00 [queued]>
[2023-03-02 16:41:07,241] {taskinstance.py:1159} INFO - Dependencies all met for <TaskInstance: get_stocks_dag.MSFT scheduled__2023-02-23T00:00:00+00:00 [queued]>
[2023-03-02 16:41:07,241] {taskinstance.py:1356} INFO - 
--------------------------------------------------------------------------------
[2023-03-02 16:41:07,241] {taskinstance.py:1357} INFO - Starting attempt 1 of 1
[2023-03-02 16:41:07,241] {taskinstance.py:1358} INFO - 
--------------------------------------------------------------------------------
[2023-03-02 16:41:07,248] {taskinstance.py:1377} INFO - Executing <Task(_PythonDecoratedOperator): MSFT> on 2023-02-23 00:00:00+00:00
[2023-03-02 16:41:07,250] {standard_task_runner.py:52} INFO - Started process 51450 to run task
[2023-03-02 16:41:07,254] {standard_task_runner.py:79} INFO - Running: ['airflow', 'tasks', 'run', 'get_stocks_dag', 'MSFT', 'scheduled__2023-02-23T00:00:00+00:00', '--job-id', '58', '--raw', '--subdir', 'DAGS_FOLDER/get_stocks.py', '--cfg-path', '/var/folders/8z/6d7zf4153pgfqk4ygy8by4rh0000gn/T/tmpb4w5z0f8', '--error-file', '/var/folders/8z/6d7zf4153pgfqk4ygy8by4rh0000gn/T/tmp5g1b5992']
[2023-03-02 16:41:07,255] {standard_task_runner.py:80} INFO - Job 58: Subtask MSFT
[2023-03-02 16:41:07,432] {taskinstance.py:1159} INFO - Dependencies all met for <TaskInstance: get_stocks_dag.MSFT scheduled__2023-02-23T00:00:00+00:00 [queued]>
[2023-03-02 16:41:07,439] {taskinstance.py:1159} INFO - Dependencies all met for <TaskInstance: get_stocks_dag.MSFT scheduled__2023-02-23T00:00:00+00:00 [queued]>
[2023-03-02 16:41:07,439] {taskinstance.py:1356} INFO - 
--------------------------------------------------------------------------------
[2023-03-02 16:41:07,440] {taskinstance.py:1357} INFO - Starting attempt 1 of 1
[2023-03-02 16:41:07,440] {taskinstance.py:1358} INFO - 
--------------------------------------------------------------------------------
[2023-03-02 16:41:07,450] {taskinstance.py:1377} INFO - Executing <Task(_PythonDecoratedOperator): MSFT> on 2023-02-23 00:00:00+00:00
[2023-03-02 16:41:07,454] {standard_task_runner.py:52} INFO - Started process 51451 to run task
[2023-03-02 16:41:07,457] {standard_task_runner.py:79} INFO - Running: ['airflow', 'tasks', 'run', 'get_stocks_dag', 'MSFT', 'scheduled__2023-02-23T00:00:00+00:00', '--job-id', '59', '--raw', '--subdir', 'DAGS_FOLDER/get_stocks.py', '--cfg-path', '/var/folders/8z/6d7zf4153pgfqk4ygy8by4rh0000gn/T/tmpvgblrsmk', '--error-file', '/var/folders/8z/6d7zf4153pgfqk4ygy8by4rh0000gn/T/tmp3x6hza4j']
[2023-03-02 16:41:07,459] {standard_task_runner.py:80} INFO - Job 59: Subtask MSFT
[2023-03-02 16:41:12,276] {task_command.py:370} INFO - Running <TaskInstance: get_stocks_dag.MSFT scheduled__2023-02-23T00:00:00+00:00 [running]> on host AZ026.local
[2023-03-02 16:41:12,484] {task_command.py:370} INFO - Running <TaskInstance: get_stocks_dag.MSFT scheduled__2023-02-23T00:00:00+00:00 [running]> on host AZ026.local
[2023-03-02 16:41:17,307] {taskinstance.py:1569} INFO - Exporting the following env vars:
AIRFLOW_CTX_DAG_OWNER=airflow
AIRFLOW_CTX_DAG_ID=get_stocks_dag
AIRFLOW_CTX_TASK_ID=MSFT
AIRFLOW_CTX_EXECUTION_DATE=2023-02-23T00:00:00+00:00
AIRFLOW_CTX_TRY_NUMBER=1
AIRFLOW_CTX_DAG_RUN_ID=scheduled__2023-02-23T00:00:00+00:00
[2023-03-02 16:41:17,372] {local_task_job.py:156} INFO - Task exited with return code Negsignal.SIGABRT
[2023-03-02 16:41:17,375] {taskinstance.py:1395} INFO - Marking task as FAILED. dag_id=get_stocks_dag, task_id=MSFT, execution_date=20230223T000000, start_date=20230302T194107, end_date=20230302T194117
[2023-03-02 16:41:17,381] {local_task_job.py:273} INFO - 0 downstream tasks scheduled from follow-on schedule check
[2023-03-02 16:41:17,513] {taskinstance.py:1569} INFO - Exporting the following env vars:
AIRFLOW_CTX_DAG_OWNER=airflow
AIRFLOW_CTX_DAG_ID=get_stocks_dag
AIRFLOW_CTX_TASK_ID=MSFT
AIRFLOW_CTX_EXECUTION_DATE=2023-02-23T00:00:00+00:00
AIRFLOW_CTX_TRY_NUMBER=1
AIRFLOW_CTX_DAG_RUN_ID=scheduled__2023-02-23T00:00:00+00:00
[2023-03-02 16:41:17,575] {local_task_job.py:156} INFO - Task exited with return code Negsignal.SIGABRT
[2023-03-02 16:41:17,578] {taskinstance.py:1395} INFO - Marking task as FAILED. dag_id=get_stocks_dag, task_id=MSFT, execution_date=20230223T000000, start_date=20230302T194107, end_date=20230302T194117
[2023-03-02 16:41:17,584] {local_task_job.py:273} INFO - 0 downstream tasks scheduled from follow-on schedule check
