[2023-03-02 16:28:59,901] {taskinstance.py:1159} INFO - Dependencies all met for <TaskInstance: get_stocks_dag.GOOG scheduled__2023-01-04T00:00:00+00:00 [queued]>
[2023-03-02 16:28:59,904] {taskinstance.py:1159} INFO - Dependencies all met for <TaskInstance: get_stocks_dag.GOOG scheduled__2023-01-04T00:00:00+00:00 [queued]>
[2023-03-02 16:28:59,905] {taskinstance.py:1356} INFO - 
--------------------------------------------------------------------------------
[2023-03-02 16:28:59,905] {taskinstance.py:1357} INFO - Starting attempt 1 of 1
[2023-03-02 16:28:59,905] {taskinstance.py:1358} INFO - 
--------------------------------------------------------------------------------
[2023-03-02 16:28:59,910] {taskinstance.py:1377} INFO - Executing <Task(_PythonDecoratedOperator): GOOG> on 2023-01-04 00:00:00+00:00
[2023-03-02 16:28:59,912] {standard_task_runner.py:52} INFO - Started process 49973 to run task
[2023-03-02 16:28:59,915] {standard_task_runner.py:79} INFO - Running: ['airflow', 'tasks', 'run', 'get_stocks_dag', 'GOOG', 'scheduled__2023-01-04T00:00:00+00:00', '--job-id', '10', '--raw', '--subdir', 'DAGS_FOLDER/get_stocks.py', '--cfg-path', '/var/folders/8z/6d7zf4153pgfqk4ygy8by4rh0000gn/T/tmpkitdy7a7', '--error-file', '/var/folders/8z/6d7zf4153pgfqk4ygy8by4rh0000gn/T/tmp_g7bsrn9']
[2023-03-02 16:28:59,916] {standard_task_runner.py:80} INFO - Job 10: Subtask GOOG
[2023-03-02 16:29:04,933] {task_command.py:370} INFO - Running <TaskInstance: get_stocks_dag.GOOG scheduled__2023-01-04T00:00:00+00:00 [running]> on host AZ026.local
[2023-03-02 16:29:09,966] {taskinstance.py:1569} INFO - Exporting the following env vars:
AIRFLOW_CTX_DAG_OWNER=airflow
AIRFLOW_CTX_DAG_ID=get_stocks_dag
AIRFLOW_CTX_TASK_ID=GOOG
AIRFLOW_CTX_EXECUTION_DATE=2023-01-04T00:00:00+00:00
AIRFLOW_CTX_TRY_NUMBER=1
AIRFLOW_CTX_DAG_RUN_ID=scheduled__2023-01-04T00:00:00+00:00
[2023-03-02 16:29:10,097] {local_task_job.py:156} INFO - Task exited with return code Negsignal.SIGABRT
[2023-03-02 16:29:10,100] {taskinstance.py:1395} INFO - Marking task as FAILED. dag_id=get_stocks_dag, task_id=GOOG, execution_date=20230104T000000, start_date=20230302T192859, end_date=20230302T192910
[2023-03-02 16:29:10,109] {local_task_job.py:273} INFO - 0 downstream tasks scheduled from follow-on schedule check
