[2023-03-02 16:42:27,879] {taskinstance.py:1159} INFO - Dependencies all met for <TaskInstance: get_stocks_dag.AAPL scheduled__2023-02-25T00:00:00+00:00 [queued]>
[2023-03-02 16:42:27,888] {taskinstance.py:1159} INFO - Dependencies all met for <TaskInstance: get_stocks_dag.AAPL scheduled__2023-02-25T00:00:00+00:00 [queued]>
[2023-03-02 16:42:27,888] {taskinstance.py:1356} INFO - 
--------------------------------------------------------------------------------
[2023-03-02 16:42:27,888] {taskinstance.py:1357} INFO - Starting attempt 1 of 1
[2023-03-02 16:42:27,888] {taskinstance.py:1358} INFO - 
--------------------------------------------------------------------------------
[2023-03-02 16:42:27,901] {taskinstance.py:1377} INFO - Executing <Task(_PythonDecoratedOperator): AAPL> on 2023-02-25 00:00:00+00:00
[2023-03-02 16:42:27,904] {standard_task_runner.py:52} INFO - Started process 51613 to run task
[2023-03-02 16:42:27,908] {standard_task_runner.py:79} INFO - Running: ['airflow', 'tasks', 'run', 'get_stocks_dag', 'AAPL', 'scheduled__2023-02-25T00:00:00+00:00', '--job-id', '65', '--raw', '--subdir', 'DAGS_FOLDER/get_stocks.py', '--cfg-path', '/var/folders/8z/6d7zf4153pgfqk4ygy8by4rh0000gn/T/tmp_0c6rsqt', '--error-file', '/var/folders/8z/6d7zf4153pgfqk4ygy8by4rh0000gn/T/tmpkp9vl7ne']
[2023-03-02 16:42:27,909] {standard_task_runner.py:80} INFO - Job 65: Subtask AAPL
[2023-03-02 16:42:32,945] {task_command.py:370} INFO - Running <TaskInstance: get_stocks_dag.AAPL scheduled__2023-02-25T00:00:00+00:00 [running]> on host AZ026.local
[2023-03-02 16:42:38,007] {taskinstance.py:1569} INFO - Exporting the following env vars:
AIRFLOW_CTX_DAG_OWNER=airflow
AIRFLOW_CTX_DAG_ID=get_stocks_dag
AIRFLOW_CTX_TASK_ID=AAPL
AIRFLOW_CTX_EXECUTION_DATE=2023-02-25T00:00:00+00:00
AIRFLOW_CTX_TRY_NUMBER=1
AIRFLOW_CTX_DAG_RUN_ID=scheduled__2023-02-25T00:00:00+00:00
[2023-03-02 16:42:38,108] {local_task_job.py:156} INFO - Task exited with return code Negsignal.SIGABRT
[2023-03-02 16:42:38,111] {taskinstance.py:1395} INFO - Marking task as FAILED. dag_id=get_stocks_dag, task_id=AAPL, execution_date=20230225T000000, start_date=20230302T194227, end_date=20230302T194238
[2023-03-02 16:42:38,118] {local_task_job.py:273} INFO - 0 downstream tasks scheduled from follow-on schedule check
