[2023-03-02 16:47:23,015] {taskinstance.py:1159} INFO - Dependencies all met for <TaskInstance: get_stocks_dag.TSLA scheduled__2023-03-01T00:00:00+00:00 [queued]>
[2023-03-02 16:47:23,028] {taskinstance.py:1159} INFO - Dependencies all met for <TaskInstance: get_stocks_dag.TSLA scheduled__2023-03-01T00:00:00+00:00 [queued]>
[2023-03-02 16:47:23,028] {taskinstance.py:1356} INFO - 
--------------------------------------------------------------------------------
[2023-03-02 16:47:23,028] {taskinstance.py:1357} INFO - Starting attempt 1 of 1
[2023-03-02 16:47:23,028] {taskinstance.py:1358} INFO - 
--------------------------------------------------------------------------------
[2023-03-02 16:47:23,041] {taskinstance.py:1377} INFO - Executing <Task(_PythonDecoratedOperator): TSLA> on 2023-03-01 00:00:00+00:00
[2023-03-02 16:47:23,045] {standard_task_runner.py:52} INFO - Started process 52252 to run task
[2023-03-02 16:47:23,049] {standard_task_runner.py:79} INFO - Running: ['airflow', 'tasks', 'run', 'get_stocks_dag', 'TSLA', 'scheduled__2023-03-01T00:00:00+00:00', '--job-id', '84', '--raw', '--subdir', 'DAGS_FOLDER/get_stocks.py', '--cfg-path', '/var/folders/8z/6d7zf4153pgfqk4ygy8by4rh0000gn/T/tmppsnhkh5h', '--error-file', '/var/folders/8z/6d7zf4153pgfqk4ygy8by4rh0000gn/T/tmpr1l0ih9n']
[2023-03-02 16:47:23,050] {standard_task_runner.py:80} INFO - Job 84: Subtask TSLA
[2023-03-02 16:47:28,075] {task_command.py:370} INFO - Running <TaskInstance: get_stocks_dag.TSLA scheduled__2023-03-01T00:00:00+00:00 [running]> on host AZ026.local
[2023-03-02 16:47:33,098] {taskinstance.py:1569} INFO - Exporting the following env vars:
AIRFLOW_CTX_DAG_OWNER=airflow
AIRFLOW_CTX_DAG_ID=get_stocks_dag
AIRFLOW_CTX_TASK_ID=TSLA
AIRFLOW_CTX_EXECUTION_DATE=2023-03-01T00:00:00+00:00
AIRFLOW_CTX_TRY_NUMBER=1
AIRFLOW_CTX_DAG_RUN_ID=scheduled__2023-03-01T00:00:00+00:00
[2023-03-02 16:47:34,343] {python.py:173} INFO - Done. Returned value was: None
[2023-03-02 16:47:34,348] {taskinstance.py:1395} INFO - Marking task as SUCCESS. dag_id=get_stocks_dag, task_id=TSLA, execution_date=20230301T000000, start_date=20230302T194723, end_date=20230302T194734
[2023-03-02 16:47:34,376] {local_task_job.py:156} INFO - Task exited with return code 0
[2023-03-02 16:47:34,385] {local_task_job.py:273} INFO - 0 downstream tasks scheduled from follow-on schedule check
