[2023-03-02 16:46:28,768] {taskinstance.py:1159} INFO - Dependencies all met for <TaskInstance: get_stocks_dag.MSFT scheduled__2023-03-01T00:00:00+00:00 [queued]>
[2023-03-02 16:46:28,779] {taskinstance.py:1159} INFO - Dependencies all met for <TaskInstance: get_stocks_dag.MSFT scheduled__2023-03-01T00:00:00+00:00 [queued]>
[2023-03-02 16:46:28,779] {taskinstance.py:1356} INFO - 
--------------------------------------------------------------------------------
[2023-03-02 16:46:28,779] {taskinstance.py:1357} INFO - Starting attempt 1 of 1
[2023-03-02 16:46:28,779] {taskinstance.py:1358} INFO - 
--------------------------------------------------------------------------------
[2023-03-02 16:46:28,791] {taskinstance.py:1377} INFO - Executing <Task(_PythonDecoratedOperator): MSFT> on 2023-03-01 00:00:00+00:00
[2023-03-02 16:46:28,794] {standard_task_runner.py:52} INFO - Started process 52087 to run task
[2023-03-02 16:46:28,799] {standard_task_runner.py:79} INFO - Running: ['airflow', 'tasks', 'run', 'get_stocks_dag', 'MSFT', 'scheduled__2023-03-01T00:00:00+00:00', '--job-id', '82', '--raw', '--subdir', 'DAGS_FOLDER/get_stocks.py', '--cfg-path', '/var/folders/8z/6d7zf4153pgfqk4ygy8by4rh0000gn/T/tmp6jtls9e0', '--error-file', '/var/folders/8z/6d7zf4153pgfqk4ygy8by4rh0000gn/T/tmpukjtdw2j']
[2023-03-02 16:46:28,800] {standard_task_runner.py:80} INFO - Job 82: Subtask MSFT
[2023-03-02 16:46:33,831] {task_command.py:370} INFO - Running <TaskInstance: get_stocks_dag.MSFT scheduled__2023-03-01T00:00:00+00:00 [running]> on host AZ026.local
[2023-03-02 16:46:38,892] {taskinstance.py:1569} INFO - Exporting the following env vars:
AIRFLOW_CTX_DAG_OWNER=airflow
AIRFLOW_CTX_DAG_ID=get_stocks_dag
AIRFLOW_CTX_TASK_ID=MSFT
AIRFLOW_CTX_EXECUTION_DATE=2023-03-01T00:00:00+00:00
AIRFLOW_CTX_TRY_NUMBER=1
AIRFLOW_CTX_DAG_RUN_ID=scheduled__2023-03-01T00:00:00+00:00
[2023-03-02 16:46:39,808] {python.py:173} INFO - Done. Returned value was: None
[2023-03-02 16:46:39,813] {taskinstance.py:1395} INFO - Marking task as SUCCESS. dag_id=get_stocks_dag, task_id=MSFT, execution_date=20230301T000000, start_date=20230302T194628, end_date=20230302T194639
[2023-03-02 16:46:39,846] {local_task_job.py:156} INFO - Task exited with return code 0
[2023-03-02 16:46:39,856] {local_task_job.py:273} INFO - 0 downstream tasks scheduled from follow-on schedule check
