[2023-03-02 16:31:12,480] {taskinstance.py:1159} INFO - Dependencies all met for <TaskInstance: get_stocks_dag.GOOG scheduled__2023-02-01T00:00:00+00:00 [queued]>
[2023-03-02 16:31:12,487] {taskinstance.py:1159} INFO - Dependencies all met for <TaskInstance: get_stocks_dag.GOOG scheduled__2023-02-01T00:00:00+00:00 [queued]>
[2023-03-02 16:31:12,488] {taskinstance.py:1356} INFO - 
--------------------------------------------------------------------------------
[2023-03-02 16:31:12,488] {taskinstance.py:1357} INFO - Starting attempt 1 of 1
[2023-03-02 16:31:12,488] {taskinstance.py:1358} INFO - 
--------------------------------------------------------------------------------
[2023-03-02 16:31:12,499] {taskinstance.py:1377} INFO - Executing <Task(_PythonDecoratedOperator): GOOG> on 2023-02-01 00:00:00+00:00
[2023-03-02 16:31:12,503] {standard_task_runner.py:52} INFO - Started process 50236 to run task
[2023-03-02 16:31:12,513] {standard_task_runner.py:79} INFO - Running: ['airflow', 'tasks', 'run', 'get_stocks_dag', 'GOOG', 'scheduled__2023-02-01T00:00:00+00:00', '--job-id', '22', '--raw', '--subdir', 'DAGS_FOLDER/get_stocks.py', '--cfg-path', '/var/folders/8z/6d7zf4153pgfqk4ygy8by4rh0000gn/T/tmpvjv2lydw', '--error-file', '/var/folders/8z/6d7zf4153pgfqk4ygy8by4rh0000gn/T/tmp9wzsb5zi']
[2023-03-02 16:31:12,517] {standard_task_runner.py:80} INFO - Job 22: Subtask GOOG
[2023-03-02 16:31:14,977] {taskinstance.py:1159} INFO - Dependencies all met for <TaskInstance: get_stocks_dag.GOOG scheduled__2023-02-01T00:00:00+00:00 [queued]>
[2023-03-02 16:31:14,984] {taskinstance.py:1159} INFO - Dependencies all met for <TaskInstance: get_stocks_dag.GOOG scheduled__2023-02-01T00:00:00+00:00 [queued]>
[2023-03-02 16:31:14,984] {taskinstance.py:1356} INFO - 
--------------------------------------------------------------------------------
[2023-03-02 16:31:14,985] {taskinstance.py:1357} INFO - Starting attempt 1 of 1
[2023-03-02 16:31:14,985] {taskinstance.py:1358} INFO - 
--------------------------------------------------------------------------------
[2023-03-02 16:31:14,995] {taskinstance.py:1377} INFO - Executing <Task(_PythonDecoratedOperator): GOOG> on 2023-02-01 00:00:00+00:00
[2023-03-02 16:31:14,999] {standard_task_runner.py:52} INFO - Started process 50239 to run task
[2023-03-02 16:31:15,004] {standard_task_runner.py:79} INFO - Running: ['airflow', 'tasks', 'run', 'get_stocks_dag', 'GOOG', 'scheduled__2023-02-01T00:00:00+00:00', '--job-id', '23', '--raw', '--subdir', 'DAGS_FOLDER/get_stocks.py', '--cfg-path', '/var/folders/8z/6d7zf4153pgfqk4ygy8by4rh0000gn/T/tmpmu_j8l4o', '--error-file', '/var/folders/8z/6d7zf4153pgfqk4ygy8by4rh0000gn/T/tmpwtuatv2e']
[2023-03-02 16:31:15,006] {standard_task_runner.py:80} INFO - Job 23: Subtask GOOG
[2023-03-02 16:31:17,545] {task_command.py:370} INFO - Running <TaskInstance: get_stocks_dag.GOOG scheduled__2023-02-01T00:00:00+00:00 [running]> on host AZ026.local
[2023-03-02 16:31:20,033] {task_command.py:370} INFO - Running <TaskInstance: get_stocks_dag.GOOG scheduled__2023-02-01T00:00:00+00:00 [running]> on host AZ026.local
[2023-03-02 16:31:22,591] {taskinstance.py:1569} INFO - Exporting the following env vars:
AIRFLOW_CTX_DAG_OWNER=airflow
AIRFLOW_CTX_DAG_ID=get_stocks_dag
AIRFLOW_CTX_TASK_ID=GOOG
AIRFLOW_CTX_EXECUTION_DATE=2023-02-01T00:00:00+00:00
AIRFLOW_CTX_TRY_NUMBER=1
AIRFLOW_CTX_DAG_RUN_ID=scheduled__2023-02-01T00:00:00+00:00
[2023-03-02 16:31:22,697] {local_task_job.py:156} INFO - Task exited with return code Negsignal.SIGABRT
[2023-03-02 16:31:22,700] {taskinstance.py:1395} INFO - Marking task as FAILED. dag_id=get_stocks_dag, task_id=GOOG, execution_date=20230201T000000, start_date=20230302T193114, end_date=20230302T193122
[2023-03-02 16:31:22,707] {local_task_job.py:273} INFO - 0 downstream tasks scheduled from follow-on schedule check
[2023-03-02 16:31:25,085] {taskinstance.py:1569} INFO - Exporting the following env vars:
AIRFLOW_CTX_DAG_OWNER=airflow
AIRFLOW_CTX_DAG_ID=get_stocks_dag
AIRFLOW_CTX_TASK_ID=GOOG
AIRFLOW_CTX_EXECUTION_DATE=2023-02-01T00:00:00+00:00
AIRFLOW_CTX_TRY_NUMBER=1
AIRFLOW_CTX_DAG_RUN_ID=scheduled__2023-02-01T00:00:00+00:00
[2023-03-02 16:31:25,188] {local_task_job.py:156} INFO - Task exited with return code Negsignal.SIGABRT
[2023-03-02 16:31:25,192] {taskinstance.py:1395} INFO - Marking task as FAILED. dag_id=get_stocks_dag, task_id=GOOG, execution_date=20230201T000000, start_date=20230302T193114, end_date=20230302T193125
[2023-03-02 16:31:25,199] {local_task_job.py:273} INFO - 0 downstream tasks scheduled from follow-on schedule check
