[2023-03-02 16:44:12,599] {taskinstance.py:1159} INFO - Dependencies all met for <TaskInstance: get_stocks_dag.AAPL scheduled__2023-02-28T00:00:00+00:00 [queued]>
[2023-03-02 16:44:12,607] {taskinstance.py:1159} INFO - Dependencies all met for <TaskInstance: get_stocks_dag.AAPL scheduled__2023-02-28T00:00:00+00:00 [queued]>
[2023-03-02 16:44:12,607] {taskinstance.py:1356} INFO - 
--------------------------------------------------------------------------------
[2023-03-02 16:44:12,607] {taskinstance.py:1357} INFO - Starting attempt 1 of 1
[2023-03-02 16:44:12,607] {taskinstance.py:1358} INFO - 
--------------------------------------------------------------------------------
[2023-03-02 16:44:12,617] {taskinstance.py:1377} INFO - Executing <Task(_PythonDecoratedOperator): AAPL> on 2023-02-28 00:00:00+00:00
[2023-03-02 16:44:12,620] {standard_task_runner.py:52} INFO - Started process 51792 to run task
[2023-03-02 16:44:12,624] {standard_task_runner.py:79} INFO - Running: ['airflow', 'tasks', 'run', 'get_stocks_dag', 'AAPL', 'scheduled__2023-02-28T00:00:00+00:00', '--job-id', '73', '--raw', '--subdir', 'DAGS_FOLDER/get_stocks.py', '--cfg-path', '/var/folders/8z/6d7zf4153pgfqk4ygy8by4rh0000gn/T/tmppmpuf2d_', '--error-file', '/var/folders/8z/6d7zf4153pgfqk4ygy8by4rh0000gn/T/tmpbreqeygl']
[2023-03-02 16:44:12,626] {standard_task_runner.py:80} INFO - Job 73: Subtask AAPL
[2023-03-02 16:44:17,652] {task_command.py:370} INFO - Running <TaskInstance: get_stocks_dag.AAPL scheduled__2023-02-28T00:00:00+00:00 [running]> on host AZ026.local
[2023-03-02 16:44:22,694] {taskinstance.py:1569} INFO - Exporting the following env vars:
AIRFLOW_CTX_DAG_OWNER=airflow
AIRFLOW_CTX_DAG_ID=get_stocks_dag
AIRFLOW_CTX_TASK_ID=AAPL
AIRFLOW_CTX_EXECUTION_DATE=2023-02-28T00:00:00+00:00
AIRFLOW_CTX_TRY_NUMBER=1
AIRFLOW_CTX_DAG_RUN_ID=scheduled__2023-02-28T00:00:00+00:00
[2023-03-02 16:44:22,811] {local_task_job.py:156} INFO - Task exited with return code Negsignal.SIGABRT
[2023-03-02 16:44:22,816] {taskinstance.py:1395} INFO - Marking task as FAILED. dag_id=get_stocks_dag, task_id=AAPL, execution_date=20230228T000000, start_date=20230302T194412, end_date=20230302T194422
[2023-03-02 16:44:22,823] {local_task_job.py:273} INFO - 0 downstream tasks scheduled from follow-on schedule check
