[2023-03-01 10:45:35,242] {processor.py:153} INFO - Started process (PID=25663) to work on /Users/giovannisabarreto/Desktop/repositorios/airflow_k/venv/lib/python3.10/site-packages/airflow/example_dags/example_branch_datetime_operator.py
[2023-03-01 10:45:35,242] {processor.py:641} INFO - Processing file /Users/giovannisabarreto/Desktop/repositorios/airflow_k/venv/lib/python3.10/site-packages/airflow/example_dags/example_branch_datetime_operator.py for tasks to queue
[2023-03-01 10:45:35,242] {logging_mixin.py:115} INFO - [2023-03-01 10:45:35,242] {dagbag.py:507} INFO - Filling up the DagBag from /Users/giovannisabarreto/Desktop/repositorios/airflow_k/venv/lib/python3.10/site-packages/airflow/example_dags/example_branch_datetime_operator.py
[2023-03-01 10:45:35,248] {processor.py:651} INFO - DAG(s) dict_keys(['example_branch_datetime_operator_2']) retrieved from /Users/giovannisabarreto/Desktop/repositorios/airflow_k/venv/lib/python3.10/site-packages/airflow/example_dags/example_branch_datetime_operator.py
[2023-03-01 10:45:35,538] {logging_mixin.py:115} INFO - [2023-03-01 10:45:35,538] {manager.py:508} INFO - Created Permission View: can delete on DAG:example_branch_datetime_operator_2
[2023-03-01 10:45:35,541] {logging_mixin.py:115} INFO - [2023-03-01 10:45:35,541] {manager.py:508} INFO - Created Permission View: can edit on DAG:example_branch_datetime_operator_2
[2023-03-01 10:45:35,543] {logging_mixin.py:115} INFO - [2023-03-01 10:45:35,543] {manager.py:508} INFO - Created Permission View: can read on DAG:example_branch_datetime_operator_2
[2023-03-01 10:45:35,543] {logging_mixin.py:115} INFO - [2023-03-01 10:45:35,543] {dag.py:2379} INFO - Sync 1 DAGs
[2023-03-01 10:45:35,546] {logging_mixin.py:115} INFO - [2023-03-01 10:45:35,546] {dag.py:2398} INFO - Creating ORM DAG for example_branch_datetime_operator_2
[2023-03-01 10:45:35,550] {logging_mixin.py:115} INFO - [2023-03-01 10:45:35,550] {dag.py:2927} INFO - Setting next_dagrun for example_branch_datetime_operator_2 to 2023-02-28T00:00:00+00:00, run_after=2023-03-01T00:00:00+00:00
[2023-03-01 10:45:35,554] {processor.py:161} INFO - Processing /Users/giovannisabarreto/Desktop/repositorios/airflow_k/venv/lib/python3.10/site-packages/airflow/example_dags/example_branch_datetime_operator.py took 0.312 seconds
[2023-03-01 10:46:26,971] {processor.py:153} INFO - Started process (PID=25753) to work on /Users/giovannisabarreto/Desktop/repositorios/airflow_k/venv/lib/python3.10/site-packages/airflow/example_dags/example_branch_datetime_operator.py
[2023-03-01 10:46:26,972] {processor.py:641} INFO - Processing file /Users/giovannisabarreto/Desktop/repositorios/airflow_k/venv/lib/python3.10/site-packages/airflow/example_dags/example_branch_datetime_operator.py for tasks to queue
[2023-03-01 10:46:26,972] {logging_mixin.py:115} INFO - [2023-03-01 10:46:26,972] {dagbag.py:507} INFO - Filling up the DagBag from /Users/giovannisabarreto/Desktop/repositorios/airflow_k/venv/lib/python3.10/site-packages/airflow/example_dags/example_branch_datetime_operator.py
[2023-03-01 10:46:26,978] {processor.py:651} INFO - DAG(s) dict_keys(['example_branch_datetime_operator_2']) retrieved from /Users/giovannisabarreto/Desktop/repositorios/airflow_k/venv/lib/python3.10/site-packages/airflow/example_dags/example_branch_datetime_operator.py
[2023-03-01 10:46:27,000] {logging_mixin.py:115} INFO - [2023-03-01 10:46:27,000] {dag.py:2379} INFO - Sync 1 DAGs
[2023-03-01 10:46:27,006] {logging_mixin.py:115} INFO - [2023-03-01 10:46:27,006] {dag.py:2927} INFO - Setting next_dagrun for example_branch_datetime_operator_2 to 2023-02-28T00:00:00+00:00, run_after=2023-03-01T00:00:00+00:00
[2023-03-01 10:46:27,009] {processor.py:161} INFO - Processing /Users/giovannisabarreto/Desktop/repositorios/airflow_k/venv/lib/python3.10/site-packages/airflow/example_dags/example_branch_datetime_operator.py took 0.038 seconds
[2023-03-01 10:47:12,382] {processor.py:153} INFO - Started process (PID=25831) to work on /Users/giovannisabarreto/Desktop/repositorios/airflow_k/venv/lib/python3.10/site-packages/airflow/example_dags/example_branch_datetime_operator.py
[2023-03-01 10:47:12,383] {processor.py:641} INFO - Processing file /Users/giovannisabarreto/Desktop/repositorios/airflow_k/venv/lib/python3.10/site-packages/airflow/example_dags/example_branch_datetime_operator.py for tasks to queue
[2023-03-01 10:47:12,383] {logging_mixin.py:115} INFO - [2023-03-01 10:47:12,383] {dagbag.py:507} INFO - Filling up the DagBag from /Users/giovannisabarreto/Desktop/repositorios/airflow_k/venv/lib/python3.10/site-packages/airflow/example_dags/example_branch_datetime_operator.py
[2023-03-01 10:47:12,390] {processor.py:651} INFO - DAG(s) dict_keys(['example_branch_datetime_operator_2']) retrieved from /Users/giovannisabarreto/Desktop/repositorios/airflow_k/venv/lib/python3.10/site-packages/airflow/example_dags/example_branch_datetime_operator.py
[2023-03-01 10:47:12,413] {logging_mixin.py:115} INFO - [2023-03-01 10:47:12,413] {dag.py:2379} INFO - Sync 1 DAGs
[2023-03-01 10:47:12,420] {logging_mixin.py:115} INFO - [2023-03-01 10:47:12,420] {dag.py:2927} INFO - Setting next_dagrun for example_branch_datetime_operator_2 to 2023-02-28T00:00:00+00:00, run_after=2023-03-01T00:00:00+00:00
[2023-03-01 10:47:12,423] {processor.py:161} INFO - Processing /Users/giovannisabarreto/Desktop/repositorios/airflow_k/venv/lib/python3.10/site-packages/airflow/example_dags/example_branch_datetime_operator.py took 0.041 seconds
[2023-03-01 10:47:57,139] {processor.py:153} INFO - Started process (PID=25912) to work on /Users/giovannisabarreto/Desktop/repositorios/airflow_k/venv/lib/python3.10/site-packages/airflow/example_dags/example_branch_datetime_operator.py
[2023-03-01 10:47:57,140] {processor.py:641} INFO - Processing file /Users/giovannisabarreto/Desktop/repositorios/airflow_k/venv/lib/python3.10/site-packages/airflow/example_dags/example_branch_datetime_operator.py for tasks to queue
[2023-03-01 10:47:57,140] {logging_mixin.py:115} INFO - [2023-03-01 10:47:57,140] {dagbag.py:507} INFO - Filling up the DagBag from /Users/giovannisabarreto/Desktop/repositorios/airflow_k/venv/lib/python3.10/site-packages/airflow/example_dags/example_branch_datetime_operator.py
[2023-03-01 10:47:57,146] {processor.py:651} INFO - DAG(s) dict_keys(['example_branch_datetime_operator_2']) retrieved from /Users/giovannisabarreto/Desktop/repositorios/airflow_k/venv/lib/python3.10/site-packages/airflow/example_dags/example_branch_datetime_operator.py
[2023-03-01 10:47:57,167] {logging_mixin.py:115} INFO - [2023-03-01 10:47:57,167] {dag.py:2379} INFO - Sync 1 DAGs
[2023-03-01 10:47:57,173] {logging_mixin.py:115} INFO - [2023-03-01 10:47:57,173] {dag.py:2927} INFO - Setting next_dagrun for example_branch_datetime_operator_2 to 2023-02-28T00:00:00+00:00, run_after=2023-03-01T00:00:00+00:00
[2023-03-01 10:47:57,177] {processor.py:161} INFO - Processing /Users/giovannisabarreto/Desktop/repositorios/airflow_k/venv/lib/python3.10/site-packages/airflow/example_dags/example_branch_datetime_operator.py took 0.038 seconds
[2023-03-01 10:48:44,861] {processor.py:153} INFO - Started process (PID=25993) to work on /Users/giovannisabarreto/Desktop/repositorios/airflow_k/venv/lib/python3.10/site-packages/airflow/example_dags/example_branch_datetime_operator.py
[2023-03-01 10:48:44,861] {processor.py:641} INFO - Processing file /Users/giovannisabarreto/Desktop/repositorios/airflow_k/venv/lib/python3.10/site-packages/airflow/example_dags/example_branch_datetime_operator.py for tasks to queue
[2023-03-01 10:48:44,862] {logging_mixin.py:115} INFO - [2023-03-01 10:48:44,862] {dagbag.py:507} INFO - Filling up the DagBag from /Users/giovannisabarreto/Desktop/repositorios/airflow_k/venv/lib/python3.10/site-packages/airflow/example_dags/example_branch_datetime_operator.py
[2023-03-01 10:48:44,868] {processor.py:651} INFO - DAG(s) dict_keys(['example_branch_datetime_operator_2']) retrieved from /Users/giovannisabarreto/Desktop/repositorios/airflow_k/venv/lib/python3.10/site-packages/airflow/example_dags/example_branch_datetime_operator.py
[2023-03-01 10:48:44,889] {logging_mixin.py:115} INFO - [2023-03-01 10:48:44,889] {dag.py:2379} INFO - Sync 1 DAGs
[2023-03-01 10:48:44,895] {logging_mixin.py:115} INFO - [2023-03-01 10:48:44,895] {dag.py:2927} INFO - Setting next_dagrun for example_branch_datetime_operator_2 to 2023-02-28T00:00:00+00:00, run_after=2023-03-01T00:00:00+00:00
[2023-03-01 10:48:44,899] {processor.py:161} INFO - Processing /Users/giovannisabarreto/Desktop/repositorios/airflow_k/venv/lib/python3.10/site-packages/airflow/example_dags/example_branch_datetime_operator.py took 0.038 seconds
[2023-03-01 10:49:32,038] {processor.py:153} INFO - Started process (PID=26091) to work on /Users/giovannisabarreto/Desktop/repositorios/airflow_k/venv/lib/python3.10/site-packages/airflow/example_dags/example_branch_datetime_operator.py
[2023-03-01 10:49:32,038] {processor.py:641} INFO - Processing file /Users/giovannisabarreto/Desktop/repositorios/airflow_k/venv/lib/python3.10/site-packages/airflow/example_dags/example_branch_datetime_operator.py for tasks to queue
[2023-03-01 10:49:32,038] {logging_mixin.py:115} INFO - [2023-03-01 10:49:32,038] {dagbag.py:507} INFO - Filling up the DagBag from /Users/giovannisabarreto/Desktop/repositorios/airflow_k/venv/lib/python3.10/site-packages/airflow/example_dags/example_branch_datetime_operator.py
[2023-03-01 10:49:32,044] {processor.py:651} INFO - DAG(s) dict_keys(['example_branch_datetime_operator_2']) retrieved from /Users/giovannisabarreto/Desktop/repositorios/airflow_k/venv/lib/python3.10/site-packages/airflow/example_dags/example_branch_datetime_operator.py
[2023-03-01 10:49:32,065] {logging_mixin.py:115} INFO - [2023-03-01 10:49:32,065] {dag.py:2379} INFO - Sync 1 DAGs
[2023-03-01 10:49:32,071] {logging_mixin.py:115} INFO - [2023-03-01 10:49:32,071] {dag.py:2927} INFO - Setting next_dagrun for example_branch_datetime_operator_2 to 2023-02-28T00:00:00+00:00, run_after=2023-03-01T00:00:00+00:00
[2023-03-01 10:49:32,075] {processor.py:161} INFO - Processing /Users/giovannisabarreto/Desktop/repositorios/airflow_k/venv/lib/python3.10/site-packages/airflow/example_dags/example_branch_datetime_operator.py took 0.037 seconds
[2023-03-01 10:50:29,584] {processor.py:153} INFO - Started process (PID=26194) to work on /Users/giovannisabarreto/Desktop/repositorios/airflow_k/venv/lib/python3.10/site-packages/airflow/example_dags/example_branch_datetime_operator.py
[2023-03-01 10:50:29,584] {processor.py:641} INFO - Processing file /Users/giovannisabarreto/Desktop/repositorios/airflow_k/venv/lib/python3.10/site-packages/airflow/example_dags/example_branch_datetime_operator.py for tasks to queue
[2023-03-01 10:50:29,584] {logging_mixin.py:115} INFO - [2023-03-01 10:50:29,584] {dagbag.py:507} INFO - Filling up the DagBag from /Users/giovannisabarreto/Desktop/repositorios/airflow_k/venv/lib/python3.10/site-packages/airflow/example_dags/example_branch_datetime_operator.py
[2023-03-01 10:50:29,590] {processor.py:651} INFO - DAG(s) dict_keys(['example_branch_datetime_operator_2']) retrieved from /Users/giovannisabarreto/Desktop/repositorios/airflow_k/venv/lib/python3.10/site-packages/airflow/example_dags/example_branch_datetime_operator.py
[2023-03-01 10:50:29,612] {logging_mixin.py:115} INFO - [2023-03-01 10:50:29,612] {dag.py:2379} INFO - Sync 1 DAGs
[2023-03-01 10:50:29,618] {logging_mixin.py:115} INFO - [2023-03-01 10:50:29,618] {dag.py:2927} INFO - Setting next_dagrun for example_branch_datetime_operator_2 to 2023-02-28T00:00:00+00:00, run_after=2023-03-01T00:00:00+00:00
[2023-03-01 10:50:29,621] {processor.py:161} INFO - Processing /Users/giovannisabarreto/Desktop/repositorios/airflow_k/venv/lib/python3.10/site-packages/airflow/example_dags/example_branch_datetime_operator.py took 0.038 seconds
[2023-03-01 10:51:19,131] {processor.py:153} INFO - Started process (PID=26277) to work on /Users/giovannisabarreto/Desktop/repositorios/airflow_k/venv/lib/python3.10/site-packages/airflow/example_dags/example_branch_datetime_operator.py
[2023-03-01 10:51:19,132] {processor.py:641} INFO - Processing file /Users/giovannisabarreto/Desktop/repositorios/airflow_k/venv/lib/python3.10/site-packages/airflow/example_dags/example_branch_datetime_operator.py for tasks to queue
[2023-03-01 10:51:19,132] {logging_mixin.py:115} INFO - [2023-03-01 10:51:19,132] {dagbag.py:507} INFO - Filling up the DagBag from /Users/giovannisabarreto/Desktop/repositorios/airflow_k/venv/lib/python3.10/site-packages/airflow/example_dags/example_branch_datetime_operator.py
[2023-03-01 10:51:19,138] {processor.py:651} INFO - DAG(s) dict_keys(['example_branch_datetime_operator_2']) retrieved from /Users/giovannisabarreto/Desktop/repositorios/airflow_k/venv/lib/python3.10/site-packages/airflow/example_dags/example_branch_datetime_operator.py
[2023-03-01 10:51:19,160] {logging_mixin.py:115} INFO - [2023-03-01 10:51:19,160] {dag.py:2379} INFO - Sync 1 DAGs
[2023-03-01 10:51:19,166] {logging_mixin.py:115} INFO - [2023-03-01 10:51:19,166] {dag.py:2927} INFO - Setting next_dagrun for example_branch_datetime_operator_2 to 2023-02-28T00:00:00+00:00, run_after=2023-03-01T00:00:00+00:00
[2023-03-01 10:51:19,169] {processor.py:161} INFO - Processing /Users/giovannisabarreto/Desktop/repositorios/airflow_k/venv/lib/python3.10/site-packages/airflow/example_dags/example_branch_datetime_operator.py took 0.038 seconds
[2023-03-01 10:52:09,470] {processor.py:153} INFO - Started process (PID=26362) to work on /Users/giovannisabarreto/Desktop/repositorios/airflow_k/venv/lib/python3.10/site-packages/airflow/example_dags/example_branch_datetime_operator.py
[2023-03-01 10:52:09,471] {processor.py:641} INFO - Processing file /Users/giovannisabarreto/Desktop/repositorios/airflow_k/venv/lib/python3.10/site-packages/airflow/example_dags/example_branch_datetime_operator.py for tasks to queue
[2023-03-01 10:52:09,471] {logging_mixin.py:115} INFO - [2023-03-01 10:52:09,471] {dagbag.py:507} INFO - Filling up the DagBag from /Users/giovannisabarreto/Desktop/repositorios/airflow_k/venv/lib/python3.10/site-packages/airflow/example_dags/example_branch_datetime_operator.py
[2023-03-01 10:52:09,476] {processor.py:651} INFO - DAG(s) dict_keys(['example_branch_datetime_operator_2']) retrieved from /Users/giovannisabarreto/Desktop/repositorios/airflow_k/venv/lib/python3.10/site-packages/airflow/example_dags/example_branch_datetime_operator.py
[2023-03-01 10:52:09,498] {logging_mixin.py:115} INFO - [2023-03-01 10:52:09,498] {dag.py:2379} INFO - Sync 1 DAGs
[2023-03-01 10:52:09,504] {logging_mixin.py:115} INFO - [2023-03-01 10:52:09,504] {dag.py:2927} INFO - Setting next_dagrun for example_branch_datetime_operator_2 to 2023-02-28T00:00:00+00:00, run_after=2023-03-01T00:00:00+00:00
[2023-03-01 10:52:09,507] {processor.py:161} INFO - Processing /Users/giovannisabarreto/Desktop/repositorios/airflow_k/venv/lib/python3.10/site-packages/airflow/example_dags/example_branch_datetime_operator.py took 0.038 seconds
[2023-03-01 10:52:57,128] {processor.py:153} INFO - Started process (PID=26447) to work on /Users/giovannisabarreto/Desktop/repositorios/airflow_k/venv/lib/python3.10/site-packages/airflow/example_dags/example_branch_datetime_operator.py
[2023-03-01 10:52:57,129] {processor.py:641} INFO - Processing file /Users/giovannisabarreto/Desktop/repositorios/airflow_k/venv/lib/python3.10/site-packages/airflow/example_dags/example_branch_datetime_operator.py for tasks to queue
[2023-03-01 10:52:57,130] {logging_mixin.py:115} INFO - [2023-03-01 10:52:57,130] {dagbag.py:507} INFO - Filling up the DagBag from /Users/giovannisabarreto/Desktop/repositorios/airflow_k/venv/lib/python3.10/site-packages/airflow/example_dags/example_branch_datetime_operator.py
[2023-03-01 10:52:57,135] {processor.py:651} INFO - DAG(s) dict_keys(['example_branch_datetime_operator_2']) retrieved from /Users/giovannisabarreto/Desktop/repositorios/airflow_k/venv/lib/python3.10/site-packages/airflow/example_dags/example_branch_datetime_operator.py
[2023-03-01 10:52:57,157] {logging_mixin.py:115} INFO - [2023-03-01 10:52:57,157] {dag.py:2379} INFO - Sync 1 DAGs
[2023-03-01 10:52:57,163] {logging_mixin.py:115} INFO - [2023-03-01 10:52:57,163] {dag.py:2927} INFO - Setting next_dagrun for example_branch_datetime_operator_2 to 2023-02-28T00:00:00+00:00, run_after=2023-03-01T00:00:00+00:00
[2023-03-01 10:52:57,166] {processor.py:161} INFO - Processing /Users/giovannisabarreto/Desktop/repositorios/airflow_k/venv/lib/python3.10/site-packages/airflow/example_dags/example_branch_datetime_operator.py took 0.038 seconds
[2023-03-01 10:53:46,187] {processor.py:153} INFO - Started process (PID=26531) to work on /Users/giovannisabarreto/Desktop/repositorios/airflow_k/venv/lib/python3.10/site-packages/airflow/example_dags/example_branch_datetime_operator.py
[2023-03-01 10:53:46,188] {processor.py:641} INFO - Processing file /Users/giovannisabarreto/Desktop/repositorios/airflow_k/venv/lib/python3.10/site-packages/airflow/example_dags/example_branch_datetime_operator.py for tasks to queue
[2023-03-01 10:53:46,188] {logging_mixin.py:115} INFO - [2023-03-01 10:53:46,188] {dagbag.py:507} INFO - Filling up the DagBag from /Users/giovannisabarreto/Desktop/repositorios/airflow_k/venv/lib/python3.10/site-packages/airflow/example_dags/example_branch_datetime_operator.py
[2023-03-01 10:53:46,194] {processor.py:651} INFO - DAG(s) dict_keys(['example_branch_datetime_operator_2']) retrieved from /Users/giovannisabarreto/Desktop/repositorios/airflow_k/venv/lib/python3.10/site-packages/airflow/example_dags/example_branch_datetime_operator.py
[2023-03-01 10:53:46,216] {logging_mixin.py:115} INFO - [2023-03-01 10:53:46,216] {dag.py:2379} INFO - Sync 1 DAGs
[2023-03-01 10:53:46,222] {logging_mixin.py:115} INFO - [2023-03-01 10:53:46,222] {dag.py:2927} INFO - Setting next_dagrun for example_branch_datetime_operator_2 to 2023-02-28T00:00:00+00:00, run_after=2023-03-01T00:00:00+00:00
[2023-03-01 10:53:46,226] {processor.py:161} INFO - Processing /Users/giovannisabarreto/Desktop/repositorios/airflow_k/venv/lib/python3.10/site-packages/airflow/example_dags/example_branch_datetime_operator.py took 0.039 seconds
[2023-03-01 10:54:29,917] {processor.py:153} INFO - Started process (PID=26622) to work on /Users/giovannisabarreto/Desktop/repositorios/airflow_k/venv/lib/python3.10/site-packages/airflow/example_dags/example_branch_datetime_operator.py
[2023-03-01 10:54:29,918] {processor.py:641} INFO - Processing file /Users/giovannisabarreto/Desktop/repositorios/airflow_k/venv/lib/python3.10/site-packages/airflow/example_dags/example_branch_datetime_operator.py for tasks to queue
[2023-03-01 10:54:29,918] {logging_mixin.py:115} INFO - [2023-03-01 10:54:29,918] {dagbag.py:507} INFO - Filling up the DagBag from /Users/giovannisabarreto/Desktop/repositorios/airflow_k/venv/lib/python3.10/site-packages/airflow/example_dags/example_branch_datetime_operator.py
[2023-03-01 10:54:29,924] {processor.py:651} INFO - DAG(s) dict_keys(['example_branch_datetime_operator_2']) retrieved from /Users/giovannisabarreto/Desktop/repositorios/airflow_k/venv/lib/python3.10/site-packages/airflow/example_dags/example_branch_datetime_operator.py
[2023-03-01 10:54:29,945] {logging_mixin.py:115} INFO - [2023-03-01 10:54:29,945] {dag.py:2379} INFO - Sync 1 DAGs
[2023-03-01 10:54:29,951] {logging_mixin.py:115} INFO - [2023-03-01 10:54:29,951] {dag.py:2927} INFO - Setting next_dagrun for example_branch_datetime_operator_2 to 2023-02-28T00:00:00+00:00, run_after=2023-03-01T00:00:00+00:00
[2023-03-01 10:54:29,955] {processor.py:161} INFO - Processing /Users/giovannisabarreto/Desktop/repositorios/airflow_k/venv/lib/python3.10/site-packages/airflow/example_dags/example_branch_datetime_operator.py took 0.038 seconds
[2023-03-01 10:55:15,934] {processor.py:153} INFO - Started process (PID=26701) to work on /Users/giovannisabarreto/Desktop/repositorios/airflow_k/venv/lib/python3.10/site-packages/airflow/example_dags/example_branch_datetime_operator.py
[2023-03-01 10:55:15,935] {processor.py:641} INFO - Processing file /Users/giovannisabarreto/Desktop/repositorios/airflow_k/venv/lib/python3.10/site-packages/airflow/example_dags/example_branch_datetime_operator.py for tasks to queue
[2023-03-01 10:55:15,935] {logging_mixin.py:115} INFO - [2023-03-01 10:55:15,935] {dagbag.py:507} INFO - Filling up the DagBag from /Users/giovannisabarreto/Desktop/repositorios/airflow_k/venv/lib/python3.10/site-packages/airflow/example_dags/example_branch_datetime_operator.py
[2023-03-01 10:55:15,941] {processor.py:651} INFO - DAG(s) dict_keys(['example_branch_datetime_operator_2']) retrieved from /Users/giovannisabarreto/Desktop/repositorios/airflow_k/venv/lib/python3.10/site-packages/airflow/example_dags/example_branch_datetime_operator.py
[2023-03-01 10:55:15,962] {logging_mixin.py:115} INFO - [2023-03-01 10:55:15,962] {dag.py:2379} INFO - Sync 1 DAGs
[2023-03-01 10:55:15,968] {logging_mixin.py:115} INFO - [2023-03-01 10:55:15,968] {dag.py:2927} INFO - Setting next_dagrun for example_branch_datetime_operator_2 to 2023-02-28T00:00:00+00:00, run_after=2023-03-01T00:00:00+00:00
[2023-03-01 10:55:15,972] {processor.py:161} INFO - Processing /Users/giovannisabarreto/Desktop/repositorios/airflow_k/venv/lib/python3.10/site-packages/airflow/example_dags/example_branch_datetime_operator.py took 0.038 seconds
[2023-03-01 10:56:02,122] {processor.py:153} INFO - Started process (PID=26781) to work on /Users/giovannisabarreto/Desktop/repositorios/airflow_k/venv/lib/python3.10/site-packages/airflow/example_dags/example_branch_datetime_operator.py
[2023-03-01 10:56:02,123] {processor.py:641} INFO - Processing file /Users/giovannisabarreto/Desktop/repositorios/airflow_k/venv/lib/python3.10/site-packages/airflow/example_dags/example_branch_datetime_operator.py for tasks to queue
[2023-03-01 10:56:02,123] {logging_mixin.py:115} INFO - [2023-03-01 10:56:02,123] {dagbag.py:507} INFO - Filling up the DagBag from /Users/giovannisabarreto/Desktop/repositorios/airflow_k/venv/lib/python3.10/site-packages/airflow/example_dags/example_branch_datetime_operator.py
[2023-03-01 10:56:02,129] {processor.py:651} INFO - DAG(s) dict_keys(['example_branch_datetime_operator_2']) retrieved from /Users/giovannisabarreto/Desktop/repositorios/airflow_k/venv/lib/python3.10/site-packages/airflow/example_dags/example_branch_datetime_operator.py
[2023-03-01 10:56:02,150] {logging_mixin.py:115} INFO - [2023-03-01 10:56:02,150] {dag.py:2379} INFO - Sync 1 DAGs
[2023-03-01 10:56:02,156] {logging_mixin.py:115} INFO - [2023-03-01 10:56:02,156] {dag.py:2927} INFO - Setting next_dagrun for example_branch_datetime_operator_2 to 2023-02-28T00:00:00+00:00, run_after=2023-03-01T00:00:00+00:00
[2023-03-01 10:56:02,159] {processor.py:161} INFO - Processing /Users/giovannisabarreto/Desktop/repositorios/airflow_k/venv/lib/python3.10/site-packages/airflow/example_dags/example_branch_datetime_operator.py took 0.038 seconds
[2023-03-01 10:56:49,938] {processor.py:153} INFO - Started process (PID=26862) to work on /Users/giovannisabarreto/Desktop/repositorios/airflow_k/venv/lib/python3.10/site-packages/airflow/example_dags/example_branch_datetime_operator.py
[2023-03-01 10:56:49,939] {processor.py:641} INFO - Processing file /Users/giovannisabarreto/Desktop/repositorios/airflow_k/venv/lib/python3.10/site-packages/airflow/example_dags/example_branch_datetime_operator.py for tasks to queue
[2023-03-01 10:56:49,939] {logging_mixin.py:115} INFO - [2023-03-01 10:56:49,939] {dagbag.py:507} INFO - Filling up the DagBag from /Users/giovannisabarreto/Desktop/repositorios/airflow_k/venv/lib/python3.10/site-packages/airflow/example_dags/example_branch_datetime_operator.py
[2023-03-01 10:56:49,945] {processor.py:651} INFO - DAG(s) dict_keys(['example_branch_datetime_operator_2']) retrieved from /Users/giovannisabarreto/Desktop/repositorios/airflow_k/venv/lib/python3.10/site-packages/airflow/example_dags/example_branch_datetime_operator.py
[2023-03-01 10:56:49,966] {logging_mixin.py:115} INFO - [2023-03-01 10:56:49,966] {dag.py:2379} INFO - Sync 1 DAGs
[2023-03-01 10:56:49,972] {logging_mixin.py:115} INFO - [2023-03-01 10:56:49,972] {dag.py:2927} INFO - Setting next_dagrun for example_branch_datetime_operator_2 to 2023-02-28T00:00:00+00:00, run_after=2023-03-01T00:00:00+00:00
[2023-03-01 10:56:49,975] {processor.py:161} INFO - Processing /Users/giovannisabarreto/Desktop/repositorios/airflow_k/venv/lib/python3.10/site-packages/airflow/example_dags/example_branch_datetime_operator.py took 0.038 seconds
[2023-03-01 10:57:48,541] {processor.py:153} INFO - Started process (PID=26962) to work on /Users/giovannisabarreto/Desktop/repositorios/airflow_k/venv/lib/python3.10/site-packages/airflow/example_dags/example_branch_datetime_operator.py
[2023-03-01 10:57:48,542] {processor.py:641} INFO - Processing file /Users/giovannisabarreto/Desktop/repositorios/airflow_k/venv/lib/python3.10/site-packages/airflow/example_dags/example_branch_datetime_operator.py for tasks to queue
[2023-03-01 10:57:48,542] {logging_mixin.py:115} INFO - [2023-03-01 10:57:48,542] {dagbag.py:507} INFO - Filling up the DagBag from /Users/giovannisabarreto/Desktop/repositorios/airflow_k/venv/lib/python3.10/site-packages/airflow/example_dags/example_branch_datetime_operator.py
[2023-03-01 10:57:48,548] {processor.py:651} INFO - DAG(s) dict_keys(['example_branch_datetime_operator_2']) retrieved from /Users/giovannisabarreto/Desktop/repositorios/airflow_k/venv/lib/python3.10/site-packages/airflow/example_dags/example_branch_datetime_operator.py
[2023-03-01 10:57:48,569] {logging_mixin.py:115} INFO - [2023-03-01 10:57:48,569] {dag.py:2379} INFO - Sync 1 DAGs
[2023-03-01 10:57:48,575] {logging_mixin.py:115} INFO - [2023-03-01 10:57:48,575] {dag.py:2927} INFO - Setting next_dagrun for example_branch_datetime_operator_2 to 2023-02-28T00:00:00+00:00, run_after=2023-03-01T00:00:00+00:00
[2023-03-01 10:57:48,578] {processor.py:161} INFO - Processing /Users/giovannisabarreto/Desktop/repositorios/airflow_k/venv/lib/python3.10/site-packages/airflow/example_dags/example_branch_datetime_operator.py took 0.038 seconds
[2023-03-01 10:58:34,508] {processor.py:153} INFO - Started process (PID=27055) to work on /Users/giovannisabarreto/Desktop/repositorios/airflow_k/venv/lib/python3.10/site-packages/airflow/example_dags/example_branch_datetime_operator.py
[2023-03-01 10:58:34,509] {processor.py:641} INFO - Processing file /Users/giovannisabarreto/Desktop/repositorios/airflow_k/venv/lib/python3.10/site-packages/airflow/example_dags/example_branch_datetime_operator.py for tasks to queue
[2023-03-01 10:58:34,509] {logging_mixin.py:115} INFO - [2023-03-01 10:58:34,509] {dagbag.py:507} INFO - Filling up the DagBag from /Users/giovannisabarreto/Desktop/repositorios/airflow_k/venv/lib/python3.10/site-packages/airflow/example_dags/example_branch_datetime_operator.py
[2023-03-01 10:58:34,515] {processor.py:651} INFO - DAG(s) dict_keys(['example_branch_datetime_operator_2']) retrieved from /Users/giovannisabarreto/Desktop/repositorios/airflow_k/venv/lib/python3.10/site-packages/airflow/example_dags/example_branch_datetime_operator.py
[2023-03-01 10:58:34,537] {logging_mixin.py:115} INFO - [2023-03-01 10:58:34,537] {dag.py:2379} INFO - Sync 1 DAGs
[2023-03-01 10:58:34,542] {logging_mixin.py:115} INFO - [2023-03-01 10:58:34,542] {dag.py:2927} INFO - Setting next_dagrun for example_branch_datetime_operator_2 to 2023-02-28T00:00:00+00:00, run_after=2023-03-01T00:00:00+00:00
[2023-03-01 10:58:34,546] {processor.py:161} INFO - Processing /Users/giovannisabarreto/Desktop/repositorios/airflow_k/venv/lib/python3.10/site-packages/airflow/example_dags/example_branch_datetime_operator.py took 0.038 seconds
[2023-03-01 10:59:18,160] {processor.py:153} INFO - Started process (PID=27143) to work on /Users/giovannisabarreto/Desktop/repositorios/airflow_k/venv/lib/python3.10/site-packages/airflow/example_dags/example_branch_datetime_operator.py
[2023-03-01 10:59:18,161] {processor.py:641} INFO - Processing file /Users/giovannisabarreto/Desktop/repositorios/airflow_k/venv/lib/python3.10/site-packages/airflow/example_dags/example_branch_datetime_operator.py for tasks to queue
[2023-03-01 10:59:18,161] {logging_mixin.py:115} INFO - [2023-03-01 10:59:18,161] {dagbag.py:507} INFO - Filling up the DagBag from /Users/giovannisabarreto/Desktop/repositorios/airflow_k/venv/lib/python3.10/site-packages/airflow/example_dags/example_branch_datetime_operator.py
[2023-03-01 10:59:18,166] {processor.py:651} INFO - DAG(s) dict_keys(['example_branch_datetime_operator_2']) retrieved from /Users/giovannisabarreto/Desktop/repositorios/airflow_k/venv/lib/python3.10/site-packages/airflow/example_dags/example_branch_datetime_operator.py
[2023-03-01 10:59:18,188] {logging_mixin.py:115} INFO - [2023-03-01 10:59:18,188] {dag.py:2379} INFO - Sync 1 DAGs
[2023-03-01 10:59:18,194] {logging_mixin.py:115} INFO - [2023-03-01 10:59:18,194] {dag.py:2927} INFO - Setting next_dagrun for example_branch_datetime_operator_2 to 2023-02-28T00:00:00+00:00, run_after=2023-03-01T00:00:00+00:00
[2023-03-01 10:59:18,197] {processor.py:161} INFO - Processing /Users/giovannisabarreto/Desktop/repositorios/airflow_k/venv/lib/python3.10/site-packages/airflow/example_dags/example_branch_datetime_operator.py took 0.037 seconds
[2023-03-01 11:06:05,406] {processor.py:153} INFO - Started process (PID=27361) to work on /Users/giovannisabarreto/Desktop/repositorios/airflow_k/venv/lib/python3.10/site-packages/airflow/example_dags/example_branch_datetime_operator.py
[2023-03-01 11:06:05,407] {processor.py:641} INFO - Processing file /Users/giovannisabarreto/Desktop/repositorios/airflow_k/venv/lib/python3.10/site-packages/airflow/example_dags/example_branch_datetime_operator.py for tasks to queue
[2023-03-01 11:06:05,407] {logging_mixin.py:115} INFO - [2023-03-01 11:06:05,407] {dagbag.py:507} INFO - Filling up the DagBag from /Users/giovannisabarreto/Desktop/repositorios/airflow_k/venv/lib/python3.10/site-packages/airflow/example_dags/example_branch_datetime_operator.py
[2023-03-01 11:06:05,412] {processor.py:651} INFO - DAG(s) dict_keys(['example_branch_datetime_operator_2']) retrieved from /Users/giovannisabarreto/Desktop/repositorios/airflow_k/venv/lib/python3.10/site-packages/airflow/example_dags/example_branch_datetime_operator.py
[2023-03-01 11:06:05,434] {logging_mixin.py:115} INFO - [2023-03-01 11:06:05,434] {dag.py:2379} INFO - Sync 1 DAGs
[2023-03-01 11:06:05,440] {logging_mixin.py:115} INFO - [2023-03-01 11:06:05,440] {dag.py:2927} INFO - Setting next_dagrun for example_branch_datetime_operator_2 to 2023-02-28T00:00:00+00:00, run_after=2023-03-01T00:00:00+00:00
[2023-03-01 11:06:05,444] {processor.py:161} INFO - Processing /Users/giovannisabarreto/Desktop/repositorios/airflow_k/venv/lib/python3.10/site-packages/airflow/example_dags/example_branch_datetime_operator.py took 0.038 seconds
[2023-03-01 11:06:48,872] {processor.py:153} INFO - Started process (PID=27438) to work on /Users/giovannisabarreto/Desktop/repositorios/airflow_k/venv/lib/python3.10/site-packages/airflow/example_dags/example_branch_datetime_operator.py
[2023-03-01 11:06:48,873] {processor.py:641} INFO - Processing file /Users/giovannisabarreto/Desktop/repositorios/airflow_k/venv/lib/python3.10/site-packages/airflow/example_dags/example_branch_datetime_operator.py for tasks to queue
[2023-03-01 11:06:48,873] {logging_mixin.py:115} INFO - [2023-03-01 11:06:48,873] {dagbag.py:507} INFO - Filling up the DagBag from /Users/giovannisabarreto/Desktop/repositorios/airflow_k/venv/lib/python3.10/site-packages/airflow/example_dags/example_branch_datetime_operator.py
[2023-03-01 11:06:48,878] {processor.py:651} INFO - DAG(s) dict_keys(['example_branch_datetime_operator_2']) retrieved from /Users/giovannisabarreto/Desktop/repositorios/airflow_k/venv/lib/python3.10/site-packages/airflow/example_dags/example_branch_datetime_operator.py
[2023-03-01 11:06:48,899] {logging_mixin.py:115} INFO - [2023-03-01 11:06:48,899] {dag.py:2379} INFO - Sync 1 DAGs
[2023-03-01 11:06:48,905] {logging_mixin.py:115} INFO - [2023-03-01 11:06:48,905] {dag.py:2927} INFO - Setting next_dagrun for example_branch_datetime_operator_2 to 2023-02-28T00:00:00+00:00, run_after=2023-03-01T00:00:00+00:00
[2023-03-01 11:06:48,909] {processor.py:161} INFO - Processing /Users/giovannisabarreto/Desktop/repositorios/airflow_k/venv/lib/python3.10/site-packages/airflow/example_dags/example_branch_datetime_operator.py took 0.037 seconds
[2023-03-01 11:07:47,252] {processor.py:153} INFO - Started process (PID=28890) to work on /Users/giovannisabarreto/Desktop/repositorios/airflow_k/venv/lib/python3.10/site-packages/airflow/example_dags/example_branch_datetime_operator.py
[2023-03-01 11:07:47,252] {processor.py:641} INFO - Processing file /Users/giovannisabarreto/Desktop/repositorios/airflow_k/venv/lib/python3.10/site-packages/airflow/example_dags/example_branch_datetime_operator.py for tasks to queue
[2023-03-01 11:07:47,252] {logging_mixin.py:115} INFO - [2023-03-01 11:07:47,252] {dagbag.py:507} INFO - Filling up the DagBag from /Users/giovannisabarreto/Desktop/repositorios/airflow_k/venv/lib/python3.10/site-packages/airflow/example_dags/example_branch_datetime_operator.py
[2023-03-01 11:07:47,260] {processor.py:651} INFO - DAG(s) dict_keys(['example_branch_datetime_operator_2']) retrieved from /Users/giovannisabarreto/Desktop/repositorios/airflow_k/venv/lib/python3.10/site-packages/airflow/example_dags/example_branch_datetime_operator.py
[2023-03-01 11:07:47,283] {logging_mixin.py:115} INFO - [2023-03-01 11:07:47,283] {dag.py:2379} INFO - Sync 1 DAGs
[2023-03-01 11:07:47,290] {logging_mixin.py:115} INFO - [2023-03-01 11:07:47,290] {dag.py:2927} INFO - Setting next_dagrun for example_branch_datetime_operator_2 to 2023-02-28T00:00:00+00:00, run_after=2023-03-01T00:00:00+00:00
[2023-03-01 11:07:47,294] {processor.py:161} INFO - Processing /Users/giovannisabarreto/Desktop/repositorios/airflow_k/venv/lib/python3.10/site-packages/airflow/example_dags/example_branch_datetime_operator.py took 0.042 seconds
[2023-03-01 11:08:43,935] {processor.py:153} INFO - Started process (PID=29208) to work on /Users/giovannisabarreto/Desktop/repositorios/airflow_k/venv/lib/python3.10/site-packages/airflow/example_dags/example_branch_datetime_operator.py
[2023-03-01 11:08:43,936] {processor.py:641} INFO - Processing file /Users/giovannisabarreto/Desktop/repositorios/airflow_k/venv/lib/python3.10/site-packages/airflow/example_dags/example_branch_datetime_operator.py for tasks to queue
[2023-03-01 11:08:43,936] {logging_mixin.py:115} INFO - [2023-03-01 11:08:43,936] {dagbag.py:507} INFO - Filling up the DagBag from /Users/giovannisabarreto/Desktop/repositorios/airflow_k/venv/lib/python3.10/site-packages/airflow/example_dags/example_branch_datetime_operator.py
[2023-03-01 11:08:43,942] {processor.py:651} INFO - DAG(s) dict_keys(['example_branch_datetime_operator_2']) retrieved from /Users/giovannisabarreto/Desktop/repositorios/airflow_k/venv/lib/python3.10/site-packages/airflow/example_dags/example_branch_datetime_operator.py
[2023-03-01 11:08:43,964] {logging_mixin.py:115} INFO - [2023-03-01 11:08:43,964] {dag.py:2379} INFO - Sync 1 DAGs
[2023-03-01 11:08:43,970] {logging_mixin.py:115} INFO - [2023-03-01 11:08:43,970] {dag.py:2927} INFO - Setting next_dagrun for example_branch_datetime_operator_2 to 2023-02-28T00:00:00+00:00, run_after=2023-03-01T00:00:00+00:00
[2023-03-01 11:08:43,974] {processor.py:161} INFO - Processing /Users/giovannisabarreto/Desktop/repositorios/airflow_k/venv/lib/python3.10/site-packages/airflow/example_dags/example_branch_datetime_operator.py took 0.038 seconds
[2023-03-01 11:09:28,948] {processor.py:153} INFO - Started process (PID=29402) to work on /Users/giovannisabarreto/Desktop/repositorios/airflow_k/venv/lib/python3.10/site-packages/airflow/example_dags/example_branch_datetime_operator.py
[2023-03-01 11:09:28,949] {processor.py:641} INFO - Processing file /Users/giovannisabarreto/Desktop/repositorios/airflow_k/venv/lib/python3.10/site-packages/airflow/example_dags/example_branch_datetime_operator.py for tasks to queue
[2023-03-01 11:09:28,949] {logging_mixin.py:115} INFO - [2023-03-01 11:09:28,949] {dagbag.py:507} INFO - Filling up the DagBag from /Users/giovannisabarreto/Desktop/repositorios/airflow_k/venv/lib/python3.10/site-packages/airflow/example_dags/example_branch_datetime_operator.py
[2023-03-01 11:09:28,955] {processor.py:651} INFO - DAG(s) dict_keys(['example_branch_datetime_operator_2']) retrieved from /Users/giovannisabarreto/Desktop/repositorios/airflow_k/venv/lib/python3.10/site-packages/airflow/example_dags/example_branch_datetime_operator.py
[2023-03-01 11:09:28,977] {logging_mixin.py:115} INFO - [2023-03-01 11:09:28,976] {dag.py:2379} INFO - Sync 1 DAGs
[2023-03-01 11:09:28,983] {logging_mixin.py:115} INFO - [2023-03-01 11:09:28,983] {dag.py:2927} INFO - Setting next_dagrun for example_branch_datetime_operator_2 to 2023-02-28T00:00:00+00:00, run_after=2023-03-01T00:00:00+00:00
[2023-03-01 11:09:28,987] {processor.py:161} INFO - Processing /Users/giovannisabarreto/Desktop/repositorios/airflow_k/venv/lib/python3.10/site-packages/airflow/example_dags/example_branch_datetime_operator.py took 0.039 seconds
[2023-03-01 11:10:25,050] {processor.py:153} INFO - Started process (PID=29607) to work on /Users/giovannisabarreto/Desktop/repositorios/airflow_k/venv/lib/python3.10/site-packages/airflow/example_dags/example_branch_datetime_operator.py
[2023-03-01 11:10:25,051] {processor.py:641} INFO - Processing file /Users/giovannisabarreto/Desktop/repositorios/airflow_k/venv/lib/python3.10/site-packages/airflow/example_dags/example_branch_datetime_operator.py for tasks to queue
[2023-03-01 11:10:25,051] {logging_mixin.py:115} INFO - [2023-03-01 11:10:25,051] {dagbag.py:507} INFO - Filling up the DagBag from /Users/giovannisabarreto/Desktop/repositorios/airflow_k/venv/lib/python3.10/site-packages/airflow/example_dags/example_branch_datetime_operator.py
[2023-03-01 11:10:25,056] {processor.py:651} INFO - DAG(s) dict_keys(['example_branch_datetime_operator_2']) retrieved from /Users/giovannisabarreto/Desktop/repositorios/airflow_k/venv/lib/python3.10/site-packages/airflow/example_dags/example_branch_datetime_operator.py
[2023-03-01 11:10:25,079] {logging_mixin.py:115} INFO - [2023-03-01 11:10:25,078] {dag.py:2379} INFO - Sync 1 DAGs
[2023-03-01 11:10:25,085] {logging_mixin.py:115} INFO - [2023-03-01 11:10:25,085] {dag.py:2927} INFO - Setting next_dagrun for example_branch_datetime_operator_2 to 2023-02-28T00:00:00+00:00, run_after=2023-03-01T00:00:00+00:00
[2023-03-01 11:10:25,089] {processor.py:161} INFO - Processing /Users/giovannisabarreto/Desktop/repositorios/airflow_k/venv/lib/python3.10/site-packages/airflow/example_dags/example_branch_datetime_operator.py took 0.039 seconds
[2023-03-01 11:11:24,017] {processor.py:153} INFO - Started process (PID=29786) to work on /Users/giovannisabarreto/Desktop/repositorios/airflow_k/venv/lib/python3.10/site-packages/airflow/example_dags/example_branch_datetime_operator.py
[2023-03-01 11:11:24,017] {processor.py:641} INFO - Processing file /Users/giovannisabarreto/Desktop/repositorios/airflow_k/venv/lib/python3.10/site-packages/airflow/example_dags/example_branch_datetime_operator.py for tasks to queue
[2023-03-01 11:11:24,018] {logging_mixin.py:115} INFO - [2023-03-01 11:11:24,018] {dagbag.py:507} INFO - Filling up the DagBag from /Users/giovannisabarreto/Desktop/repositorios/airflow_k/venv/lib/python3.10/site-packages/airflow/example_dags/example_branch_datetime_operator.py
[2023-03-01 11:11:24,023] {processor.py:651} INFO - DAG(s) dict_keys(['example_branch_datetime_operator_2']) retrieved from /Users/giovannisabarreto/Desktop/repositorios/airflow_k/venv/lib/python3.10/site-packages/airflow/example_dags/example_branch_datetime_operator.py
[2023-03-01 11:11:24,045] {logging_mixin.py:115} INFO - [2023-03-01 11:11:24,045] {dag.py:2379} INFO - Sync 1 DAGs
[2023-03-01 11:11:24,051] {logging_mixin.py:115} INFO - [2023-03-01 11:11:24,051] {dag.py:2927} INFO - Setting next_dagrun for example_branch_datetime_operator_2 to 2023-02-28T00:00:00+00:00, run_after=2023-03-01T00:00:00+00:00
[2023-03-01 11:11:24,054] {processor.py:161} INFO - Processing /Users/giovannisabarreto/Desktop/repositorios/airflow_k/venv/lib/python3.10/site-packages/airflow/example_dags/example_branch_datetime_operator.py took 0.038 seconds
[2023-03-01 11:12:11,901] {processor.py:153} INFO - Started process (PID=29897) to work on /Users/giovannisabarreto/Desktop/repositorios/airflow_k/venv/lib/python3.10/site-packages/airflow/example_dags/example_branch_datetime_operator.py
[2023-03-01 11:12:11,902] {processor.py:641} INFO - Processing file /Users/giovannisabarreto/Desktop/repositorios/airflow_k/venv/lib/python3.10/site-packages/airflow/example_dags/example_branch_datetime_operator.py for tasks to queue
[2023-03-01 11:12:11,902] {logging_mixin.py:115} INFO - [2023-03-01 11:12:11,902] {dagbag.py:507} INFO - Filling up the DagBag from /Users/giovannisabarreto/Desktop/repositorios/airflow_k/venv/lib/python3.10/site-packages/airflow/example_dags/example_branch_datetime_operator.py
[2023-03-01 11:12:11,907] {processor.py:651} INFO - DAG(s) dict_keys(['example_branch_datetime_operator_2']) retrieved from /Users/giovannisabarreto/Desktop/repositorios/airflow_k/venv/lib/python3.10/site-packages/airflow/example_dags/example_branch_datetime_operator.py
[2023-03-01 11:12:11,929] {logging_mixin.py:115} INFO - [2023-03-01 11:12:11,929] {dag.py:2379} INFO - Sync 1 DAGs
[2023-03-01 11:12:11,935] {logging_mixin.py:115} INFO - [2023-03-01 11:12:11,935] {dag.py:2927} INFO - Setting next_dagrun for example_branch_datetime_operator_2 to 2023-02-28T00:00:00+00:00, run_after=2023-03-01T00:00:00+00:00
[2023-03-01 11:12:11,938] {processor.py:161} INFO - Processing /Users/giovannisabarreto/Desktop/repositorios/airflow_k/venv/lib/python3.10/site-packages/airflow/example_dags/example_branch_datetime_operator.py took 0.037 seconds
[2023-03-01 11:12:57,918] {processor.py:153} INFO - Started process (PID=29976) to work on /Users/giovannisabarreto/Desktop/repositorios/airflow_k/venv/lib/python3.10/site-packages/airflow/example_dags/example_branch_datetime_operator.py
[2023-03-01 11:12:57,919] {processor.py:641} INFO - Processing file /Users/giovannisabarreto/Desktop/repositorios/airflow_k/venv/lib/python3.10/site-packages/airflow/example_dags/example_branch_datetime_operator.py for tasks to queue
[2023-03-01 11:12:57,919] {logging_mixin.py:115} INFO - [2023-03-01 11:12:57,919] {dagbag.py:507} INFO - Filling up the DagBag from /Users/giovannisabarreto/Desktop/repositorios/airflow_k/venv/lib/python3.10/site-packages/airflow/example_dags/example_branch_datetime_operator.py
[2023-03-01 11:12:57,925] {processor.py:651} INFO - DAG(s) dict_keys(['example_branch_datetime_operator_2']) retrieved from /Users/giovannisabarreto/Desktop/repositorios/airflow_k/venv/lib/python3.10/site-packages/airflow/example_dags/example_branch_datetime_operator.py
[2023-03-01 11:12:57,947] {logging_mixin.py:115} INFO - [2023-03-01 11:12:57,947] {dag.py:2379} INFO - Sync 1 DAGs
[2023-03-01 11:12:57,953] {logging_mixin.py:115} INFO - [2023-03-01 11:12:57,953] {dag.py:2927} INFO - Setting next_dagrun for example_branch_datetime_operator_2 to 2023-02-28T00:00:00+00:00, run_after=2023-03-01T00:00:00+00:00
[2023-03-01 11:12:57,956] {processor.py:161} INFO - Processing /Users/giovannisabarreto/Desktop/repositorios/airflow_k/venv/lib/python3.10/site-packages/airflow/example_dags/example_branch_datetime_operator.py took 0.038 seconds
[2023-03-01 11:13:56,308] {processor.py:153} INFO - Started process (PID=30078) to work on /Users/giovannisabarreto/Desktop/repositorios/airflow_k/venv/lib/python3.10/site-packages/airflow/example_dags/example_branch_datetime_operator.py
[2023-03-01 11:13:56,309] {processor.py:641} INFO - Processing file /Users/giovannisabarreto/Desktop/repositorios/airflow_k/venv/lib/python3.10/site-packages/airflow/example_dags/example_branch_datetime_operator.py for tasks to queue
[2023-03-01 11:13:56,309] {logging_mixin.py:115} INFO - [2023-03-01 11:13:56,309] {dagbag.py:507} INFO - Filling up the DagBag from /Users/giovannisabarreto/Desktop/repositorios/airflow_k/venv/lib/python3.10/site-packages/airflow/example_dags/example_branch_datetime_operator.py
[2023-03-01 11:13:56,315] {processor.py:651} INFO - DAG(s) dict_keys(['example_branch_datetime_operator_2']) retrieved from /Users/giovannisabarreto/Desktop/repositorios/airflow_k/venv/lib/python3.10/site-packages/airflow/example_dags/example_branch_datetime_operator.py
[2023-03-01 11:13:56,336] {logging_mixin.py:115} INFO - [2023-03-01 11:13:56,336] {dag.py:2379} INFO - Sync 1 DAGs
[2023-03-01 11:13:56,342] {logging_mixin.py:115} INFO - [2023-03-01 11:13:56,342] {dag.py:2927} INFO - Setting next_dagrun for example_branch_datetime_operator_2 to 2023-02-28T00:00:00+00:00, run_after=2023-03-01T00:00:00+00:00
[2023-03-01 11:13:56,345] {processor.py:161} INFO - Processing /Users/giovannisabarreto/Desktop/repositorios/airflow_k/venv/lib/python3.10/site-packages/airflow/example_dags/example_branch_datetime_operator.py took 0.038 seconds
[2023-03-01 11:14:41,746] {processor.py:153} INFO - Started process (PID=30213) to work on /Users/giovannisabarreto/Desktop/repositorios/airflow_k/venv/lib/python3.10/site-packages/airflow/example_dags/example_branch_datetime_operator.py
[2023-03-01 11:14:41,746] {processor.py:641} INFO - Processing file /Users/giovannisabarreto/Desktop/repositorios/airflow_k/venv/lib/python3.10/site-packages/airflow/example_dags/example_branch_datetime_operator.py for tasks to queue
[2023-03-01 11:14:41,746] {logging_mixin.py:115} INFO - [2023-03-01 11:14:41,746] {dagbag.py:507} INFO - Filling up the DagBag from /Users/giovannisabarreto/Desktop/repositorios/airflow_k/venv/lib/python3.10/site-packages/airflow/example_dags/example_branch_datetime_operator.py
[2023-03-01 11:14:41,753] {processor.py:651} INFO - DAG(s) dict_keys(['example_branch_datetime_operator_2']) retrieved from /Users/giovannisabarreto/Desktop/repositorios/airflow_k/venv/lib/python3.10/site-packages/airflow/example_dags/example_branch_datetime_operator.py
[2023-03-01 11:14:41,776] {logging_mixin.py:115} INFO - [2023-03-01 11:14:41,776] {dag.py:2379} INFO - Sync 1 DAGs
[2023-03-01 11:14:41,783] {logging_mixin.py:115} INFO - [2023-03-01 11:14:41,783] {dag.py:2927} INFO - Setting next_dagrun for example_branch_datetime_operator_2 to 2023-02-28T00:00:00+00:00, run_after=2023-03-01T00:00:00+00:00
[2023-03-01 11:14:41,786] {processor.py:161} INFO - Processing /Users/giovannisabarreto/Desktop/repositorios/airflow_k/venv/lib/python3.10/site-packages/airflow/example_dags/example_branch_datetime_operator.py took 0.041 seconds
[2023-03-01 11:15:25,040] {processor.py:153} INFO - Started process (PID=30331) to work on /Users/giovannisabarreto/Desktop/repositorios/airflow_k/venv/lib/python3.10/site-packages/airflow/example_dags/example_branch_datetime_operator.py
[2023-03-01 11:15:25,040] {processor.py:641} INFO - Processing file /Users/giovannisabarreto/Desktop/repositorios/airflow_k/venv/lib/python3.10/site-packages/airflow/example_dags/example_branch_datetime_operator.py for tasks to queue
[2023-03-01 11:15:25,041] {logging_mixin.py:115} INFO - [2023-03-01 11:15:25,041] {dagbag.py:507} INFO - Filling up the DagBag from /Users/giovannisabarreto/Desktop/repositorios/airflow_k/venv/lib/python3.10/site-packages/airflow/example_dags/example_branch_datetime_operator.py
[2023-03-01 11:15:25,046] {processor.py:651} INFO - DAG(s) dict_keys(['example_branch_datetime_operator_2']) retrieved from /Users/giovannisabarreto/Desktop/repositorios/airflow_k/venv/lib/python3.10/site-packages/airflow/example_dags/example_branch_datetime_operator.py
[2023-03-01 11:15:25,067] {logging_mixin.py:115} INFO - [2023-03-01 11:15:25,067] {dag.py:2379} INFO - Sync 1 DAGs
[2023-03-01 11:15:25,073] {logging_mixin.py:115} INFO - [2023-03-01 11:15:25,073] {dag.py:2927} INFO - Setting next_dagrun for example_branch_datetime_operator_2 to 2023-02-28T00:00:00+00:00, run_after=2023-03-01T00:00:00+00:00
[2023-03-01 11:15:25,077] {processor.py:161} INFO - Processing /Users/giovannisabarreto/Desktop/repositorios/airflow_k/venv/lib/python3.10/site-packages/airflow/example_dags/example_branch_datetime_operator.py took 0.037 seconds
[2023-03-01 11:16:23,426] {processor.py:153} INFO - Started process (PID=30431) to work on /Users/giovannisabarreto/Desktop/repositorios/airflow_k/venv/lib/python3.10/site-packages/airflow/example_dags/example_branch_datetime_operator.py
[2023-03-01 11:16:23,427] {processor.py:641} INFO - Processing file /Users/giovannisabarreto/Desktop/repositorios/airflow_k/venv/lib/python3.10/site-packages/airflow/example_dags/example_branch_datetime_operator.py for tasks to queue
[2023-03-01 11:16:23,427] {logging_mixin.py:115} INFO - [2023-03-01 11:16:23,427] {dagbag.py:507} INFO - Filling up the DagBag from /Users/giovannisabarreto/Desktop/repositorios/airflow_k/venv/lib/python3.10/site-packages/airflow/example_dags/example_branch_datetime_operator.py
[2023-03-01 11:16:23,433] {processor.py:651} INFO - DAG(s) dict_keys(['example_branch_datetime_operator_2']) retrieved from /Users/giovannisabarreto/Desktop/repositorios/airflow_k/venv/lib/python3.10/site-packages/airflow/example_dags/example_branch_datetime_operator.py
[2023-03-01 11:16:23,454] {logging_mixin.py:115} INFO - [2023-03-01 11:16:23,454] {dag.py:2379} INFO - Sync 1 DAGs
[2023-03-01 11:16:23,460] {logging_mixin.py:115} INFO - [2023-03-01 11:16:23,460] {dag.py:2927} INFO - Setting next_dagrun for example_branch_datetime_operator_2 to 2023-02-28T00:00:00+00:00, run_after=2023-03-01T00:00:00+00:00
[2023-03-01 11:16:23,464] {processor.py:161} INFO - Processing /Users/giovannisabarreto/Desktop/repositorios/airflow_k/venv/lib/python3.10/site-packages/airflow/example_dags/example_branch_datetime_operator.py took 0.038 seconds
[2023-03-01 11:17:09,421] {processor.py:153} INFO - Started process (PID=30523) to work on /Users/giovannisabarreto/Desktop/repositorios/airflow_k/venv/lib/python3.10/site-packages/airflow/example_dags/example_branch_datetime_operator.py
[2023-03-01 11:17:09,422] {processor.py:641} INFO - Processing file /Users/giovannisabarreto/Desktop/repositorios/airflow_k/venv/lib/python3.10/site-packages/airflow/example_dags/example_branch_datetime_operator.py for tasks to queue
[2023-03-01 11:17:09,422] {logging_mixin.py:115} INFO - [2023-03-01 11:17:09,422] {dagbag.py:507} INFO - Filling up the DagBag from /Users/giovannisabarreto/Desktop/repositorios/airflow_k/venv/lib/python3.10/site-packages/airflow/example_dags/example_branch_datetime_operator.py
[2023-03-01 11:17:09,427] {processor.py:651} INFO - DAG(s) dict_keys(['example_branch_datetime_operator_2']) retrieved from /Users/giovannisabarreto/Desktop/repositorios/airflow_k/venv/lib/python3.10/site-packages/airflow/example_dags/example_branch_datetime_operator.py
[2023-03-01 11:17:09,449] {logging_mixin.py:115} INFO - [2023-03-01 11:17:09,449] {dag.py:2379} INFO - Sync 1 DAGs
[2023-03-01 11:17:09,455] {logging_mixin.py:115} INFO - [2023-03-01 11:17:09,455] {dag.py:2927} INFO - Setting next_dagrun for example_branch_datetime_operator_2 to 2023-02-28T00:00:00+00:00, run_after=2023-03-01T00:00:00+00:00
[2023-03-01 11:17:09,458] {processor.py:161} INFO - Processing /Users/giovannisabarreto/Desktop/repositorios/airflow_k/venv/lib/python3.10/site-packages/airflow/example_dags/example_branch_datetime_operator.py took 0.037 seconds
[2023-03-01 11:18:08,722] {processor.py:153} INFO - Started process (PID=30630) to work on /Users/giovannisabarreto/Desktop/repositorios/airflow_k/venv/lib/python3.10/site-packages/airflow/example_dags/example_branch_datetime_operator.py
[2023-03-01 11:18:08,723] {processor.py:641} INFO - Processing file /Users/giovannisabarreto/Desktop/repositorios/airflow_k/venv/lib/python3.10/site-packages/airflow/example_dags/example_branch_datetime_operator.py for tasks to queue
[2023-03-01 11:18:08,723] {logging_mixin.py:115} INFO - [2023-03-01 11:18:08,723] {dagbag.py:507} INFO - Filling up the DagBag from /Users/giovannisabarreto/Desktop/repositorios/airflow_k/venv/lib/python3.10/site-packages/airflow/example_dags/example_branch_datetime_operator.py
[2023-03-01 11:18:08,728] {processor.py:651} INFO - DAG(s) dict_keys(['example_branch_datetime_operator_2']) retrieved from /Users/giovannisabarreto/Desktop/repositorios/airflow_k/venv/lib/python3.10/site-packages/airflow/example_dags/example_branch_datetime_operator.py
[2023-03-01 11:18:08,750] {logging_mixin.py:115} INFO - [2023-03-01 11:18:08,750] {dag.py:2379} INFO - Sync 1 DAGs
[2023-03-01 11:18:08,755] {logging_mixin.py:115} INFO - [2023-03-01 11:18:08,755] {dag.py:2927} INFO - Setting next_dagrun for example_branch_datetime_operator_2 to 2023-02-28T00:00:00+00:00, run_after=2023-03-01T00:00:00+00:00
[2023-03-01 11:18:08,759] {processor.py:161} INFO - Processing /Users/giovannisabarreto/Desktop/repositorios/airflow_k/venv/lib/python3.10/site-packages/airflow/example_dags/example_branch_datetime_operator.py took 0.038 seconds
[2023-03-01 11:18:57,784] {processor.py:153} INFO - Started process (PID=30720) to work on /Users/giovannisabarreto/Desktop/repositorios/airflow_k/venv/lib/python3.10/site-packages/airflow/example_dags/example_branch_datetime_operator.py
[2023-03-01 11:18:57,785] {processor.py:641} INFO - Processing file /Users/giovannisabarreto/Desktop/repositorios/airflow_k/venv/lib/python3.10/site-packages/airflow/example_dags/example_branch_datetime_operator.py for tasks to queue
[2023-03-01 11:18:57,785] {logging_mixin.py:115} INFO - [2023-03-01 11:18:57,785] {dagbag.py:507} INFO - Filling up the DagBag from /Users/giovannisabarreto/Desktop/repositorios/airflow_k/venv/lib/python3.10/site-packages/airflow/example_dags/example_branch_datetime_operator.py
[2023-03-01 11:18:57,791] {processor.py:651} INFO - DAG(s) dict_keys(['example_branch_datetime_operator_2']) retrieved from /Users/giovannisabarreto/Desktop/repositorios/airflow_k/venv/lib/python3.10/site-packages/airflow/example_dags/example_branch_datetime_operator.py
[2023-03-01 11:18:57,813] {logging_mixin.py:115} INFO - [2023-03-01 11:18:57,812] {dag.py:2379} INFO - Sync 1 DAGs
[2023-03-01 11:18:57,818] {logging_mixin.py:115} INFO - [2023-03-01 11:18:57,818] {dag.py:2927} INFO - Setting next_dagrun for example_branch_datetime_operator_2 to 2023-02-28T00:00:00+00:00, run_after=2023-03-01T00:00:00+00:00
[2023-03-01 11:18:57,822] {processor.py:161} INFO - Processing /Users/giovannisabarreto/Desktop/repositorios/airflow_k/venv/lib/python3.10/site-packages/airflow/example_dags/example_branch_datetime_operator.py took 0.038 seconds
[2023-03-01 11:19:45,158] {processor.py:153} INFO - Started process (PID=30817) to work on /Users/giovannisabarreto/Desktop/repositorios/airflow_k/venv/lib/python3.10/site-packages/airflow/example_dags/example_branch_datetime_operator.py
[2023-03-01 11:19:45,158] {processor.py:641} INFO - Processing file /Users/giovannisabarreto/Desktop/repositorios/airflow_k/venv/lib/python3.10/site-packages/airflow/example_dags/example_branch_datetime_operator.py for tasks to queue
[2023-03-01 11:19:45,159] {logging_mixin.py:115} INFO - [2023-03-01 11:19:45,159] {dagbag.py:507} INFO - Filling up the DagBag from /Users/giovannisabarreto/Desktop/repositorios/airflow_k/venv/lib/python3.10/site-packages/airflow/example_dags/example_branch_datetime_operator.py
[2023-03-01 11:19:45,164] {processor.py:651} INFO - DAG(s) dict_keys(['example_branch_datetime_operator_2']) retrieved from /Users/giovannisabarreto/Desktop/repositorios/airflow_k/venv/lib/python3.10/site-packages/airflow/example_dags/example_branch_datetime_operator.py
[2023-03-01 11:19:45,186] {logging_mixin.py:115} INFO - [2023-03-01 11:19:45,186] {dag.py:2379} INFO - Sync 1 DAGs
[2023-03-01 11:19:45,192] {logging_mixin.py:115} INFO - [2023-03-01 11:19:45,192] {dag.py:2927} INFO - Setting next_dagrun for example_branch_datetime_operator_2 to 2023-02-28T00:00:00+00:00, run_after=2023-03-01T00:00:00+00:00
[2023-03-01 11:19:45,195] {processor.py:161} INFO - Processing /Users/giovannisabarreto/Desktop/repositorios/airflow_k/venv/lib/python3.10/site-packages/airflow/example_dags/example_branch_datetime_operator.py took 0.037 seconds
[2023-03-01 11:20:31,188] {processor.py:153} INFO - Started process (PID=30896) to work on /Users/giovannisabarreto/Desktop/repositorios/airflow_k/venv/lib/python3.10/site-packages/airflow/example_dags/example_branch_datetime_operator.py
[2023-03-01 11:20:31,189] {processor.py:641} INFO - Processing file /Users/giovannisabarreto/Desktop/repositorios/airflow_k/venv/lib/python3.10/site-packages/airflow/example_dags/example_branch_datetime_operator.py for tasks to queue
[2023-03-01 11:20:31,189] {logging_mixin.py:115} INFO - [2023-03-01 11:20:31,189] {dagbag.py:507} INFO - Filling up the DagBag from /Users/giovannisabarreto/Desktop/repositorios/airflow_k/venv/lib/python3.10/site-packages/airflow/example_dags/example_branch_datetime_operator.py
[2023-03-01 11:20:31,195] {processor.py:651} INFO - DAG(s) dict_keys(['example_branch_datetime_operator_2']) retrieved from /Users/giovannisabarreto/Desktop/repositorios/airflow_k/venv/lib/python3.10/site-packages/airflow/example_dags/example_branch_datetime_operator.py
[2023-03-01 11:20:31,218] {logging_mixin.py:115} INFO - [2023-03-01 11:20:31,217] {dag.py:2379} INFO - Sync 1 DAGs
[2023-03-01 11:20:31,224] {logging_mixin.py:115} INFO - [2023-03-01 11:20:31,224] {dag.py:2927} INFO - Setting next_dagrun for example_branch_datetime_operator_2 to 2023-02-28T00:00:00+00:00, run_after=2023-03-01T00:00:00+00:00
[2023-03-01 11:20:31,227] {processor.py:161} INFO - Processing /Users/giovannisabarreto/Desktop/repositorios/airflow_k/venv/lib/python3.10/site-packages/airflow/example_dags/example_branch_datetime_operator.py took 0.039 seconds
[2023-03-01 11:21:15,749] {processor.py:153} INFO - Started process (PID=30975) to work on /Users/giovannisabarreto/Desktop/repositorios/airflow_k/venv/lib/python3.10/site-packages/airflow/example_dags/example_branch_datetime_operator.py
[2023-03-01 11:21:15,750] {processor.py:641} INFO - Processing file /Users/giovannisabarreto/Desktop/repositorios/airflow_k/venv/lib/python3.10/site-packages/airflow/example_dags/example_branch_datetime_operator.py for tasks to queue
[2023-03-01 11:21:15,750] {logging_mixin.py:115} INFO - [2023-03-01 11:21:15,750] {dagbag.py:507} INFO - Filling up the DagBag from /Users/giovannisabarreto/Desktop/repositorios/airflow_k/venv/lib/python3.10/site-packages/airflow/example_dags/example_branch_datetime_operator.py
[2023-03-01 11:21:15,756] {processor.py:651} INFO - DAG(s) dict_keys(['example_branch_datetime_operator_2']) retrieved from /Users/giovannisabarreto/Desktop/repositorios/airflow_k/venv/lib/python3.10/site-packages/airflow/example_dags/example_branch_datetime_operator.py
[2023-03-01 11:21:15,778] {logging_mixin.py:115} INFO - [2023-03-01 11:21:15,777] {dag.py:2379} INFO - Sync 1 DAGs
[2023-03-01 11:21:15,783] {logging_mixin.py:115} INFO - [2023-03-01 11:21:15,783] {dag.py:2927} INFO - Setting next_dagrun for example_branch_datetime_operator_2 to 2023-02-28T00:00:00+00:00, run_after=2023-03-01T00:00:00+00:00
[2023-03-01 11:21:15,787] {processor.py:161} INFO - Processing /Users/giovannisabarreto/Desktop/repositorios/airflow_k/venv/lib/python3.10/site-packages/airflow/example_dags/example_branch_datetime_operator.py took 0.038 seconds
[2023-03-01 11:22:12,644] {processor.py:153} INFO - Started process (PID=31108) to work on /Users/giovannisabarreto/Desktop/repositorios/airflow_k/venv/lib/python3.10/site-packages/airflow/example_dags/example_branch_datetime_operator.py
[2023-03-01 11:22:12,644] {processor.py:641} INFO - Processing file /Users/giovannisabarreto/Desktop/repositorios/airflow_k/venv/lib/python3.10/site-packages/airflow/example_dags/example_branch_datetime_operator.py for tasks to queue
[2023-03-01 11:22:12,645] {logging_mixin.py:115} INFO - [2023-03-01 11:22:12,645] {dagbag.py:507} INFO - Filling up the DagBag from /Users/giovannisabarreto/Desktop/repositorios/airflow_k/venv/lib/python3.10/site-packages/airflow/example_dags/example_branch_datetime_operator.py
[2023-03-01 11:22:12,651] {processor.py:651} INFO - DAG(s) dict_keys(['example_branch_datetime_operator_2']) retrieved from /Users/giovannisabarreto/Desktop/repositorios/airflow_k/venv/lib/python3.10/site-packages/airflow/example_dags/example_branch_datetime_operator.py
[2023-03-01 11:22:12,673] {logging_mixin.py:115} INFO - [2023-03-01 11:22:12,673] {dag.py:2379} INFO - Sync 1 DAGs
[2023-03-01 11:22:12,679] {logging_mixin.py:115} INFO - [2023-03-01 11:22:12,679] {dag.py:2927} INFO - Setting next_dagrun for example_branch_datetime_operator_2 to 2023-02-28T00:00:00+00:00, run_after=2023-03-01T00:00:00+00:00
[2023-03-01 11:22:12,682] {processor.py:161} INFO - Processing /Users/giovannisabarreto/Desktop/repositorios/airflow_k/venv/lib/python3.10/site-packages/airflow/example_dags/example_branch_datetime_operator.py took 0.039 seconds
[2023-03-01 11:22:58,162] {processor.py:153} INFO - Started process (PID=31207) to work on /Users/giovannisabarreto/Desktop/repositorios/airflow_k/venv/lib/python3.10/site-packages/airflow/example_dags/example_branch_datetime_operator.py
[2023-03-01 11:22:58,163] {processor.py:641} INFO - Processing file /Users/giovannisabarreto/Desktop/repositorios/airflow_k/venv/lib/python3.10/site-packages/airflow/example_dags/example_branch_datetime_operator.py for tasks to queue
[2023-03-01 11:22:58,163] {logging_mixin.py:115} INFO - [2023-03-01 11:22:58,163] {dagbag.py:507} INFO - Filling up the DagBag from /Users/giovannisabarreto/Desktop/repositorios/airflow_k/venv/lib/python3.10/site-packages/airflow/example_dags/example_branch_datetime_operator.py
[2023-03-01 11:22:58,169] {processor.py:651} INFO - DAG(s) dict_keys(['example_branch_datetime_operator_2']) retrieved from /Users/giovannisabarreto/Desktop/repositorios/airflow_k/venv/lib/python3.10/site-packages/airflow/example_dags/example_branch_datetime_operator.py
[2023-03-01 11:22:58,191] {logging_mixin.py:115} INFO - [2023-03-01 11:22:58,191] {dag.py:2379} INFO - Sync 1 DAGs
[2023-03-01 11:22:58,197] {logging_mixin.py:115} INFO - [2023-03-01 11:22:58,197] {dag.py:2927} INFO - Setting next_dagrun for example_branch_datetime_operator_2 to 2023-02-28T00:00:00+00:00, run_after=2023-03-01T00:00:00+00:00
[2023-03-01 11:22:58,200] {processor.py:161} INFO - Processing /Users/giovannisabarreto/Desktop/repositorios/airflow_k/venv/lib/python3.10/site-packages/airflow/example_dags/example_branch_datetime_operator.py took 0.038 seconds
[2023-03-01 11:23:45,440] {processor.py:153} INFO - Started process (PID=31291) to work on /Users/giovannisabarreto/Desktop/repositorios/airflow_k/venv/lib/python3.10/site-packages/airflow/example_dags/example_branch_datetime_operator.py
[2023-03-01 11:23:45,441] {processor.py:641} INFO - Processing file /Users/giovannisabarreto/Desktop/repositorios/airflow_k/venv/lib/python3.10/site-packages/airflow/example_dags/example_branch_datetime_operator.py for tasks to queue
[2023-03-01 11:23:45,441] {logging_mixin.py:115} INFO - [2023-03-01 11:23:45,441] {dagbag.py:507} INFO - Filling up the DagBag from /Users/giovannisabarreto/Desktop/repositorios/airflow_k/venv/lib/python3.10/site-packages/airflow/example_dags/example_branch_datetime_operator.py
[2023-03-01 11:23:45,447] {processor.py:651} INFO - DAG(s) dict_keys(['example_branch_datetime_operator_2']) retrieved from /Users/giovannisabarreto/Desktop/repositorios/airflow_k/venv/lib/python3.10/site-packages/airflow/example_dags/example_branch_datetime_operator.py
[2023-03-01 11:23:45,468] {logging_mixin.py:115} INFO - [2023-03-01 11:23:45,468] {dag.py:2379} INFO - Sync 1 DAGs
[2023-03-01 11:23:45,474] {logging_mixin.py:115} INFO - [2023-03-01 11:23:45,474] {dag.py:2927} INFO - Setting next_dagrun for example_branch_datetime_operator_2 to 2023-02-28T00:00:00+00:00, run_after=2023-03-01T00:00:00+00:00
[2023-03-01 11:23:45,478] {processor.py:161} INFO - Processing /Users/giovannisabarreto/Desktop/repositorios/airflow_k/venv/lib/python3.10/site-packages/airflow/example_dags/example_branch_datetime_operator.py took 0.038 seconds
[2023-03-01 11:24:31,838] {processor.py:153} INFO - Started process (PID=31390) to work on /Users/giovannisabarreto/Desktop/repositorios/airflow_k/venv/lib/python3.10/site-packages/airflow/example_dags/example_branch_datetime_operator.py
[2023-03-01 11:24:31,840] {processor.py:641} INFO - Processing file /Users/giovannisabarreto/Desktop/repositorios/airflow_k/venv/lib/python3.10/site-packages/airflow/example_dags/example_branch_datetime_operator.py for tasks to queue
[2023-03-01 11:24:31,840] {logging_mixin.py:115} INFO - [2023-03-01 11:24:31,840] {dagbag.py:507} INFO - Filling up the DagBag from /Users/giovannisabarreto/Desktop/repositorios/airflow_k/venv/lib/python3.10/site-packages/airflow/example_dags/example_branch_datetime_operator.py
[2023-03-01 11:24:31,846] {processor.py:651} INFO - DAG(s) dict_keys(['example_branch_datetime_operator_2']) retrieved from /Users/giovannisabarreto/Desktop/repositorios/airflow_k/venv/lib/python3.10/site-packages/airflow/example_dags/example_branch_datetime_operator.py
[2023-03-01 11:24:31,867] {logging_mixin.py:115} INFO - [2023-03-01 11:24:31,867] {dag.py:2379} INFO - Sync 1 DAGs
[2023-03-01 11:24:31,873] {logging_mixin.py:115} INFO - [2023-03-01 11:24:31,873] {dag.py:2927} INFO - Setting next_dagrun for example_branch_datetime_operator_2 to 2023-02-28T00:00:00+00:00, run_after=2023-03-01T00:00:00+00:00
[2023-03-01 11:24:31,877] {processor.py:161} INFO - Processing /Users/giovannisabarreto/Desktop/repositorios/airflow_k/venv/lib/python3.10/site-packages/airflow/example_dags/example_branch_datetime_operator.py took 0.039 seconds
[2023-03-01 11:25:16,137] {processor.py:153} INFO - Started process (PID=31473) to work on /Users/giovannisabarreto/Desktop/repositorios/airflow_k/venv/lib/python3.10/site-packages/airflow/example_dags/example_branch_datetime_operator.py
[2023-03-01 11:25:16,138] {processor.py:641} INFO - Processing file /Users/giovannisabarreto/Desktop/repositorios/airflow_k/venv/lib/python3.10/site-packages/airflow/example_dags/example_branch_datetime_operator.py for tasks to queue
[2023-03-01 11:25:16,138] {logging_mixin.py:115} INFO - [2023-03-01 11:25:16,138] {dagbag.py:507} INFO - Filling up the DagBag from /Users/giovannisabarreto/Desktop/repositorios/airflow_k/venv/lib/python3.10/site-packages/airflow/example_dags/example_branch_datetime_operator.py
[2023-03-01 11:25:16,144] {processor.py:651} INFO - DAG(s) dict_keys(['example_branch_datetime_operator_2']) retrieved from /Users/giovannisabarreto/Desktop/repositorios/airflow_k/venv/lib/python3.10/site-packages/airflow/example_dags/example_branch_datetime_operator.py
[2023-03-01 11:25:16,166] {logging_mixin.py:115} INFO - [2023-03-01 11:25:16,166] {dag.py:2379} INFO - Sync 1 DAGs
[2023-03-01 11:25:16,172] {logging_mixin.py:115} INFO - [2023-03-01 11:25:16,172] {dag.py:2927} INFO - Setting next_dagrun for example_branch_datetime_operator_2 to 2023-02-28T00:00:00+00:00, run_after=2023-03-01T00:00:00+00:00
[2023-03-01 11:25:16,175] {processor.py:161} INFO - Processing /Users/giovannisabarreto/Desktop/repositorios/airflow_k/venv/lib/python3.10/site-packages/airflow/example_dags/example_branch_datetime_operator.py took 0.038 seconds
[2023-03-01 11:26:12,847] {processor.py:153} INFO - Started process (PID=31571) to work on /Users/giovannisabarreto/Desktop/repositorios/airflow_k/venv/lib/python3.10/site-packages/airflow/example_dags/example_branch_datetime_operator.py
[2023-03-01 11:26:12,848] {processor.py:641} INFO - Processing file /Users/giovannisabarreto/Desktop/repositorios/airflow_k/venv/lib/python3.10/site-packages/airflow/example_dags/example_branch_datetime_operator.py for tasks to queue
[2023-03-01 11:26:12,848] {logging_mixin.py:115} INFO - [2023-03-01 11:26:12,848] {dagbag.py:507} INFO - Filling up the DagBag from /Users/giovannisabarreto/Desktop/repositorios/airflow_k/venv/lib/python3.10/site-packages/airflow/example_dags/example_branch_datetime_operator.py
[2023-03-01 11:26:12,853] {processor.py:651} INFO - DAG(s) dict_keys(['example_branch_datetime_operator_2']) retrieved from /Users/giovannisabarreto/Desktop/repositorios/airflow_k/venv/lib/python3.10/site-packages/airflow/example_dags/example_branch_datetime_operator.py
[2023-03-01 11:26:12,876] {logging_mixin.py:115} INFO - [2023-03-01 11:26:12,876] {dag.py:2379} INFO - Sync 1 DAGs
[2023-03-01 11:26:12,882] {logging_mixin.py:115} INFO - [2023-03-01 11:26:12,882] {dag.py:2927} INFO - Setting next_dagrun for example_branch_datetime_operator_2 to 2023-02-28T00:00:00+00:00, run_after=2023-03-01T00:00:00+00:00
[2023-03-01 11:26:12,886] {processor.py:161} INFO - Processing /Users/giovannisabarreto/Desktop/repositorios/airflow_k/venv/lib/python3.10/site-packages/airflow/example_dags/example_branch_datetime_operator.py took 0.039 seconds
[2023-03-01 11:26:56,314] {processor.py:153} INFO - Started process (PID=31649) to work on /Users/giovannisabarreto/Desktop/repositorios/airflow_k/venv/lib/python3.10/site-packages/airflow/example_dags/example_branch_datetime_operator.py
[2023-03-01 11:26:56,315] {processor.py:641} INFO - Processing file /Users/giovannisabarreto/Desktop/repositorios/airflow_k/venv/lib/python3.10/site-packages/airflow/example_dags/example_branch_datetime_operator.py for tasks to queue
[2023-03-01 11:26:56,315] {logging_mixin.py:115} INFO - [2023-03-01 11:26:56,315] {dagbag.py:507} INFO - Filling up the DagBag from /Users/giovannisabarreto/Desktop/repositorios/airflow_k/venv/lib/python3.10/site-packages/airflow/example_dags/example_branch_datetime_operator.py
[2023-03-01 11:26:56,321] {processor.py:651} INFO - DAG(s) dict_keys(['example_branch_datetime_operator_2']) retrieved from /Users/giovannisabarreto/Desktop/repositorios/airflow_k/venv/lib/python3.10/site-packages/airflow/example_dags/example_branch_datetime_operator.py
[2023-03-01 11:26:56,342] {logging_mixin.py:115} INFO - [2023-03-01 11:26:56,342] {dag.py:2379} INFO - Sync 1 DAGs
[2023-03-01 11:26:56,348] {logging_mixin.py:115} INFO - [2023-03-01 11:26:56,348] {dag.py:2927} INFO - Setting next_dagrun for example_branch_datetime_operator_2 to 2023-02-28T00:00:00+00:00, run_after=2023-03-01T00:00:00+00:00
[2023-03-01 11:26:56,352] {processor.py:161} INFO - Processing /Users/giovannisabarreto/Desktop/repositorios/airflow_k/venv/lib/python3.10/site-packages/airflow/example_dags/example_branch_datetime_operator.py took 0.038 seconds
[2023-03-01 11:27:55,367] {processor.py:153} INFO - Started process (PID=31795) to work on /Users/giovannisabarreto/Desktop/repositorios/airflow_k/venv/lib/python3.10/site-packages/airflow/example_dags/example_branch_datetime_operator.py
[2023-03-01 11:27:55,368] {processor.py:641} INFO - Processing file /Users/giovannisabarreto/Desktop/repositorios/airflow_k/venv/lib/python3.10/site-packages/airflow/example_dags/example_branch_datetime_operator.py for tasks to queue
[2023-03-01 11:27:55,368] {logging_mixin.py:115} INFO - [2023-03-01 11:27:55,368] {dagbag.py:507} INFO - Filling up the DagBag from /Users/giovannisabarreto/Desktop/repositorios/airflow_k/venv/lib/python3.10/site-packages/airflow/example_dags/example_branch_datetime_operator.py
[2023-03-01 11:27:55,374] {processor.py:651} INFO - DAG(s) dict_keys(['example_branch_datetime_operator_2']) retrieved from /Users/giovannisabarreto/Desktop/repositorios/airflow_k/venv/lib/python3.10/site-packages/airflow/example_dags/example_branch_datetime_operator.py
[2023-03-01 11:27:55,396] {logging_mixin.py:115} INFO - [2023-03-01 11:27:55,396] {dag.py:2379} INFO - Sync 1 DAGs
[2023-03-01 11:27:55,402] {logging_mixin.py:115} INFO - [2023-03-01 11:27:55,401] {dag.py:2927} INFO - Setting next_dagrun for example_branch_datetime_operator_2 to 2023-02-28T00:00:00+00:00, run_after=2023-03-01T00:00:00+00:00
[2023-03-01 11:27:55,405] {processor.py:161} INFO - Processing /Users/giovannisabarreto/Desktop/repositorios/airflow_k/venv/lib/python3.10/site-packages/airflow/example_dags/example_branch_datetime_operator.py took 0.038 seconds
[2023-03-01 11:28:44,231] {processor.py:153} INFO - Started process (PID=31877) to work on /Users/giovannisabarreto/Desktop/repositorios/airflow_k/venv/lib/python3.10/site-packages/airflow/example_dags/example_branch_datetime_operator.py
[2023-03-01 11:28:44,232] {processor.py:641} INFO - Processing file /Users/giovannisabarreto/Desktop/repositorios/airflow_k/venv/lib/python3.10/site-packages/airflow/example_dags/example_branch_datetime_operator.py for tasks to queue
[2023-03-01 11:28:44,232] {logging_mixin.py:115} INFO - [2023-03-01 11:28:44,232] {dagbag.py:507} INFO - Filling up the DagBag from /Users/giovannisabarreto/Desktop/repositorios/airflow_k/venv/lib/python3.10/site-packages/airflow/example_dags/example_branch_datetime_operator.py
[2023-03-01 11:28:44,239] {processor.py:651} INFO - DAG(s) dict_keys(['example_branch_datetime_operator_2']) retrieved from /Users/giovannisabarreto/Desktop/repositorios/airflow_k/venv/lib/python3.10/site-packages/airflow/example_dags/example_branch_datetime_operator.py
[2023-03-01 11:28:44,260] {logging_mixin.py:115} INFO - [2023-03-01 11:28:44,260] {dag.py:2379} INFO - Sync 1 DAGs
[2023-03-01 11:28:44,266] {logging_mixin.py:115} INFO - [2023-03-01 11:28:44,266] {dag.py:2927} INFO - Setting next_dagrun for example_branch_datetime_operator_2 to 2023-02-28T00:00:00+00:00, run_after=2023-03-01T00:00:00+00:00
[2023-03-01 11:28:44,270] {processor.py:161} INFO - Processing /Users/giovannisabarreto/Desktop/repositorios/airflow_k/venv/lib/python3.10/site-packages/airflow/example_dags/example_branch_datetime_operator.py took 0.039 seconds
[2023-03-01 11:29:38,573] {processor.py:153} INFO - Started process (PID=31994) to work on /Users/giovannisabarreto/Desktop/repositorios/airflow_k/venv/lib/python3.10/site-packages/airflow/example_dags/example_branch_datetime_operator.py
[2023-03-01 11:29:38,574] {processor.py:641} INFO - Processing file /Users/giovannisabarreto/Desktop/repositorios/airflow_k/venv/lib/python3.10/site-packages/airflow/example_dags/example_branch_datetime_operator.py for tasks to queue
[2023-03-01 11:29:38,574] {logging_mixin.py:115} INFO - [2023-03-01 11:29:38,574] {dagbag.py:507} INFO - Filling up the DagBag from /Users/giovannisabarreto/Desktop/repositorios/airflow_k/venv/lib/python3.10/site-packages/airflow/example_dags/example_branch_datetime_operator.py
[2023-03-01 11:29:38,581] {processor.py:651} INFO - DAG(s) dict_keys(['example_branch_datetime_operator_2']) retrieved from /Users/giovannisabarreto/Desktop/repositorios/airflow_k/venv/lib/python3.10/site-packages/airflow/example_dags/example_branch_datetime_operator.py
[2023-03-01 11:29:38,603] {logging_mixin.py:115} INFO - [2023-03-01 11:29:38,603] {dag.py:2379} INFO - Sync 1 DAGs
[2023-03-01 11:29:38,609] {logging_mixin.py:115} INFO - [2023-03-01 11:29:38,609] {dag.py:2927} INFO - Setting next_dagrun for example_branch_datetime_operator_2 to 2023-02-28T00:00:00+00:00, run_after=2023-03-01T00:00:00+00:00
[2023-03-01 11:29:38,612] {processor.py:161} INFO - Processing /Users/giovannisabarreto/Desktop/repositorios/airflow_k/venv/lib/python3.10/site-packages/airflow/example_dags/example_branch_datetime_operator.py took 0.039 seconds
[2023-03-01 11:30:22,058] {processor.py:153} INFO - Started process (PID=32084) to work on /Users/giovannisabarreto/Desktop/repositorios/airflow_k/venv/lib/python3.10/site-packages/airflow/example_dags/example_branch_datetime_operator.py
[2023-03-01 11:30:22,058] {processor.py:641} INFO - Processing file /Users/giovannisabarreto/Desktop/repositorios/airflow_k/venv/lib/python3.10/site-packages/airflow/example_dags/example_branch_datetime_operator.py for tasks to queue
[2023-03-01 11:30:22,058] {logging_mixin.py:115} INFO - [2023-03-01 11:30:22,058] {dagbag.py:507} INFO - Filling up the DagBag from /Users/giovannisabarreto/Desktop/repositorios/airflow_k/venv/lib/python3.10/site-packages/airflow/example_dags/example_branch_datetime_operator.py
[2023-03-01 11:30:22,064] {processor.py:651} INFO - DAG(s) dict_keys(['example_branch_datetime_operator_2']) retrieved from /Users/giovannisabarreto/Desktop/repositorios/airflow_k/venv/lib/python3.10/site-packages/airflow/example_dags/example_branch_datetime_operator.py
[2023-03-01 11:30:22,085] {logging_mixin.py:115} INFO - [2023-03-01 11:30:22,085] {dag.py:2379} INFO - Sync 1 DAGs
[2023-03-01 11:30:22,091] {logging_mixin.py:115} INFO - [2023-03-01 11:30:22,091] {dag.py:2927} INFO - Setting next_dagrun for example_branch_datetime_operator_2 to 2023-02-28T00:00:00+00:00, run_after=2023-03-01T00:00:00+00:00
[2023-03-01 11:30:22,095] {processor.py:161} INFO - Processing /Users/giovannisabarreto/Desktop/repositorios/airflow_k/venv/lib/python3.10/site-packages/airflow/example_dags/example_branch_datetime_operator.py took 0.037 seconds
[2023-03-01 11:31:19,336] {processor.py:153} INFO - Started process (PID=32190) to work on /Users/giovannisabarreto/Desktop/repositorios/airflow_k/venv/lib/python3.10/site-packages/airflow/example_dags/example_branch_datetime_operator.py
[2023-03-01 11:31:19,337] {processor.py:641} INFO - Processing file /Users/giovannisabarreto/Desktop/repositorios/airflow_k/venv/lib/python3.10/site-packages/airflow/example_dags/example_branch_datetime_operator.py for tasks to queue
[2023-03-01 11:31:19,337] {logging_mixin.py:115} INFO - [2023-03-01 11:31:19,337] {dagbag.py:507} INFO - Filling up the DagBag from /Users/giovannisabarreto/Desktop/repositorios/airflow_k/venv/lib/python3.10/site-packages/airflow/example_dags/example_branch_datetime_operator.py
[2023-03-01 11:31:19,342] {processor.py:651} INFO - DAG(s) dict_keys(['example_branch_datetime_operator_2']) retrieved from /Users/giovannisabarreto/Desktop/repositorios/airflow_k/venv/lib/python3.10/site-packages/airflow/example_dags/example_branch_datetime_operator.py
[2023-03-01 11:31:19,364] {logging_mixin.py:115} INFO - [2023-03-01 11:31:19,364] {dag.py:2379} INFO - Sync 1 DAGs
[2023-03-01 11:31:19,370] {logging_mixin.py:115} INFO - [2023-03-01 11:31:19,370] {dag.py:2927} INFO - Setting next_dagrun for example_branch_datetime_operator_2 to 2023-02-28T00:00:00+00:00, run_after=2023-03-01T00:00:00+00:00
[2023-03-01 11:31:19,374] {processor.py:161} INFO - Processing /Users/giovannisabarreto/Desktop/repositorios/airflow_k/venv/lib/python3.10/site-packages/airflow/example_dags/example_branch_datetime_operator.py took 0.038 seconds
[2023-03-01 11:32:06,836] {processor.py:153} INFO - Started process (PID=32276) to work on /Users/giovannisabarreto/Desktop/repositorios/airflow_k/venv/lib/python3.10/site-packages/airflow/example_dags/example_branch_datetime_operator.py
[2023-03-01 11:32:06,836] {processor.py:641} INFO - Processing file /Users/giovannisabarreto/Desktop/repositorios/airflow_k/venv/lib/python3.10/site-packages/airflow/example_dags/example_branch_datetime_operator.py for tasks to queue
[2023-03-01 11:32:06,837] {logging_mixin.py:115} INFO - [2023-03-01 11:32:06,837] {dagbag.py:507} INFO - Filling up the DagBag from /Users/giovannisabarreto/Desktop/repositorios/airflow_k/venv/lib/python3.10/site-packages/airflow/example_dags/example_branch_datetime_operator.py
[2023-03-01 11:32:06,842] {processor.py:651} INFO - DAG(s) dict_keys(['example_branch_datetime_operator_2']) retrieved from /Users/giovannisabarreto/Desktop/repositorios/airflow_k/venv/lib/python3.10/site-packages/airflow/example_dags/example_branch_datetime_operator.py
[2023-03-01 11:32:06,864] {logging_mixin.py:115} INFO - [2023-03-01 11:32:06,864] {dag.py:2379} INFO - Sync 1 DAGs
[2023-03-01 11:32:06,870] {logging_mixin.py:115} INFO - [2023-03-01 11:32:06,870] {dag.py:2927} INFO - Setting next_dagrun for example_branch_datetime_operator_2 to 2023-02-28T00:00:00+00:00, run_after=2023-03-01T00:00:00+00:00
[2023-03-01 11:32:06,873] {processor.py:161} INFO - Processing /Users/giovannisabarreto/Desktop/repositorios/airflow_k/venv/lib/python3.10/site-packages/airflow/example_dags/example_branch_datetime_operator.py took 0.038 seconds
[2023-03-01 11:32:51,280] {processor.py:153} INFO - Started process (PID=32363) to work on /Users/giovannisabarreto/Desktop/repositorios/airflow_k/venv/lib/python3.10/site-packages/airflow/example_dags/example_branch_datetime_operator.py
[2023-03-01 11:32:51,280] {processor.py:641} INFO - Processing file /Users/giovannisabarreto/Desktop/repositorios/airflow_k/venv/lib/python3.10/site-packages/airflow/example_dags/example_branch_datetime_operator.py for tasks to queue
[2023-03-01 11:32:51,281] {logging_mixin.py:115} INFO - [2023-03-01 11:32:51,281] {dagbag.py:507} INFO - Filling up the DagBag from /Users/giovannisabarreto/Desktop/repositorios/airflow_k/venv/lib/python3.10/site-packages/airflow/example_dags/example_branch_datetime_operator.py
[2023-03-01 11:32:51,286] {processor.py:651} INFO - DAG(s) dict_keys(['example_branch_datetime_operator_2']) retrieved from /Users/giovannisabarreto/Desktop/repositorios/airflow_k/venv/lib/python3.10/site-packages/airflow/example_dags/example_branch_datetime_operator.py
[2023-03-01 11:32:51,308] {logging_mixin.py:115} INFO - [2023-03-01 11:32:51,308] {dag.py:2379} INFO - Sync 1 DAGs
[2023-03-01 11:32:51,314] {logging_mixin.py:115} INFO - [2023-03-01 11:32:51,314] {dag.py:2927} INFO - Setting next_dagrun for example_branch_datetime_operator_2 to 2023-02-28T00:00:00+00:00, run_after=2023-03-01T00:00:00+00:00
[2023-03-01 11:32:51,318] {processor.py:161} INFO - Processing /Users/giovannisabarreto/Desktop/repositorios/airflow_k/venv/lib/python3.10/site-packages/airflow/example_dags/example_branch_datetime_operator.py took 0.038 seconds
[2023-03-01 11:33:35,899] {processor.py:153} INFO - Started process (PID=32446) to work on /Users/giovannisabarreto/Desktop/repositorios/airflow_k/venv/lib/python3.10/site-packages/airflow/example_dags/example_branch_datetime_operator.py
[2023-03-01 11:33:35,900] {processor.py:641} INFO - Processing file /Users/giovannisabarreto/Desktop/repositorios/airflow_k/venv/lib/python3.10/site-packages/airflow/example_dags/example_branch_datetime_operator.py for tasks to queue
[2023-03-01 11:33:35,900] {logging_mixin.py:115} INFO - [2023-03-01 11:33:35,900] {dagbag.py:507} INFO - Filling up the DagBag from /Users/giovannisabarreto/Desktop/repositorios/airflow_k/venv/lib/python3.10/site-packages/airflow/example_dags/example_branch_datetime_operator.py
[2023-03-01 11:33:35,906] {processor.py:651} INFO - DAG(s) dict_keys(['example_branch_datetime_operator_2']) retrieved from /Users/giovannisabarreto/Desktop/repositorios/airflow_k/venv/lib/python3.10/site-packages/airflow/example_dags/example_branch_datetime_operator.py
[2023-03-01 11:33:35,927] {logging_mixin.py:115} INFO - [2023-03-01 11:33:35,927] {dag.py:2379} INFO - Sync 1 DAGs
[2023-03-01 11:33:35,933] {logging_mixin.py:115} INFO - [2023-03-01 11:33:35,933] {dag.py:2927} INFO - Setting next_dagrun for example_branch_datetime_operator_2 to 2023-02-28T00:00:00+00:00, run_after=2023-03-01T00:00:00+00:00
[2023-03-01 11:33:35,937] {processor.py:161} INFO - Processing /Users/giovannisabarreto/Desktop/repositorios/airflow_k/venv/lib/python3.10/site-packages/airflow/example_dags/example_branch_datetime_operator.py took 0.038 seconds
[2023-03-01 11:34:23,871] {processor.py:153} INFO - Started process (PID=32544) to work on /Users/giovannisabarreto/Desktop/repositorios/airflow_k/venv/lib/python3.10/site-packages/airflow/example_dags/example_branch_datetime_operator.py
[2023-03-01 11:34:23,871] {processor.py:641} INFO - Processing file /Users/giovannisabarreto/Desktop/repositorios/airflow_k/venv/lib/python3.10/site-packages/airflow/example_dags/example_branch_datetime_operator.py for tasks to queue
[2023-03-01 11:34:23,871] {logging_mixin.py:115} INFO - [2023-03-01 11:34:23,871] {dagbag.py:507} INFO - Filling up the DagBag from /Users/giovannisabarreto/Desktop/repositorios/airflow_k/venv/lib/python3.10/site-packages/airflow/example_dags/example_branch_datetime_operator.py
[2023-03-01 11:34:23,877] {processor.py:651} INFO - DAG(s) dict_keys(['example_branch_datetime_operator_2']) retrieved from /Users/giovannisabarreto/Desktop/repositorios/airflow_k/venv/lib/python3.10/site-packages/airflow/example_dags/example_branch_datetime_operator.py
[2023-03-01 11:34:23,899] {logging_mixin.py:115} INFO - [2023-03-01 11:34:23,899] {dag.py:2379} INFO - Sync 1 DAGs
[2023-03-01 11:34:23,905] {logging_mixin.py:115} INFO - [2023-03-01 11:34:23,905] {dag.py:2927} INFO - Setting next_dagrun for example_branch_datetime_operator_2 to 2023-02-28T00:00:00+00:00, run_after=2023-03-01T00:00:00+00:00
[2023-03-01 11:34:23,908] {processor.py:161} INFO - Processing /Users/giovannisabarreto/Desktop/repositorios/airflow_k/venv/lib/python3.10/site-packages/airflow/example_dags/example_branch_datetime_operator.py took 0.038 seconds
[2023-03-01 11:35:10,825] {processor.py:153} INFO - Started process (PID=32632) to work on /Users/giovannisabarreto/Desktop/repositorios/airflow_k/venv/lib/python3.10/site-packages/airflow/example_dags/example_branch_datetime_operator.py
[2023-03-01 11:35:10,826] {processor.py:641} INFO - Processing file /Users/giovannisabarreto/Desktop/repositorios/airflow_k/venv/lib/python3.10/site-packages/airflow/example_dags/example_branch_datetime_operator.py for tasks to queue
[2023-03-01 11:35:10,826] {logging_mixin.py:115} INFO - [2023-03-01 11:35:10,826] {dagbag.py:507} INFO - Filling up the DagBag from /Users/giovannisabarreto/Desktop/repositorios/airflow_k/venv/lib/python3.10/site-packages/airflow/example_dags/example_branch_datetime_operator.py
[2023-03-01 11:35:10,832] {processor.py:651} INFO - DAG(s) dict_keys(['example_branch_datetime_operator_2']) retrieved from /Users/giovannisabarreto/Desktop/repositorios/airflow_k/venv/lib/python3.10/site-packages/airflow/example_dags/example_branch_datetime_operator.py
[2023-03-01 11:35:10,854] {logging_mixin.py:115} INFO - [2023-03-01 11:35:10,854] {dag.py:2379} INFO - Sync 1 DAGs
[2023-03-01 11:35:10,860] {logging_mixin.py:115} INFO - [2023-03-01 11:35:10,859] {dag.py:2927} INFO - Setting next_dagrun for example_branch_datetime_operator_2 to 2023-02-28T00:00:00+00:00, run_after=2023-03-01T00:00:00+00:00
[2023-03-01 11:35:10,863] {processor.py:161} INFO - Processing /Users/giovannisabarreto/Desktop/repositorios/airflow_k/venv/lib/python3.10/site-packages/airflow/example_dags/example_branch_datetime_operator.py took 0.038 seconds
[2023-03-01 11:35:59,523] {processor.py:153} INFO - Started process (PID=32714) to work on /Users/giovannisabarreto/Desktop/repositorios/airflow_k/venv/lib/python3.10/site-packages/airflow/example_dags/example_branch_datetime_operator.py
[2023-03-01 11:35:59,524] {processor.py:641} INFO - Processing file /Users/giovannisabarreto/Desktop/repositorios/airflow_k/venv/lib/python3.10/site-packages/airflow/example_dags/example_branch_datetime_operator.py for tasks to queue
[2023-03-01 11:35:59,524] {logging_mixin.py:115} INFO - [2023-03-01 11:35:59,524] {dagbag.py:507} INFO - Filling up the DagBag from /Users/giovannisabarreto/Desktop/repositorios/airflow_k/venv/lib/python3.10/site-packages/airflow/example_dags/example_branch_datetime_operator.py
[2023-03-01 11:35:59,530] {processor.py:651} INFO - DAG(s) dict_keys(['example_branch_datetime_operator_2']) retrieved from /Users/giovannisabarreto/Desktop/repositorios/airflow_k/venv/lib/python3.10/site-packages/airflow/example_dags/example_branch_datetime_operator.py
[2023-03-01 11:35:59,551] {logging_mixin.py:115} INFO - [2023-03-01 11:35:59,551] {dag.py:2379} INFO - Sync 1 DAGs
[2023-03-01 11:35:59,557] {logging_mixin.py:115} INFO - [2023-03-01 11:35:59,557] {dag.py:2927} INFO - Setting next_dagrun for example_branch_datetime_operator_2 to 2023-02-28T00:00:00+00:00, run_after=2023-03-01T00:00:00+00:00
[2023-03-01 11:35:59,561] {processor.py:161} INFO - Processing /Users/giovannisabarreto/Desktop/repositorios/airflow_k/venv/lib/python3.10/site-packages/airflow/example_dags/example_branch_datetime_operator.py took 0.038 seconds
[2023-03-01 11:36:46,149] {processor.py:153} INFO - Started process (PID=32793) to work on /Users/giovannisabarreto/Desktop/repositorios/airflow_k/venv/lib/python3.10/site-packages/airflow/example_dags/example_branch_datetime_operator.py
[2023-03-01 11:36:46,150] {processor.py:641} INFO - Processing file /Users/giovannisabarreto/Desktop/repositorios/airflow_k/venv/lib/python3.10/site-packages/airflow/example_dags/example_branch_datetime_operator.py for tasks to queue
[2023-03-01 11:36:46,150] {logging_mixin.py:115} INFO - [2023-03-01 11:36:46,150] {dagbag.py:507} INFO - Filling up the DagBag from /Users/giovannisabarreto/Desktop/repositorios/airflow_k/venv/lib/python3.10/site-packages/airflow/example_dags/example_branch_datetime_operator.py
[2023-03-01 11:36:46,156] {processor.py:651} INFO - DAG(s) dict_keys(['example_branch_datetime_operator_2']) retrieved from /Users/giovannisabarreto/Desktop/repositorios/airflow_k/venv/lib/python3.10/site-packages/airflow/example_dags/example_branch_datetime_operator.py
[2023-03-01 11:36:46,177] {logging_mixin.py:115} INFO - [2023-03-01 11:36:46,177] {dag.py:2379} INFO - Sync 1 DAGs
[2023-03-01 11:36:46,183] {logging_mixin.py:115} INFO - [2023-03-01 11:36:46,183] {dag.py:2927} INFO - Setting next_dagrun for example_branch_datetime_operator_2 to 2023-02-28T00:00:00+00:00, run_after=2023-03-01T00:00:00+00:00
[2023-03-01 11:36:46,187] {processor.py:161} INFO - Processing /Users/giovannisabarreto/Desktop/repositorios/airflow_k/venv/lib/python3.10/site-packages/airflow/example_dags/example_branch_datetime_operator.py took 0.038 seconds
[2023-03-01 11:53:45,066] {processor.py:153} INFO - Started process (PID=32881) to work on /Users/giovannisabarreto/Desktop/repositorios/airflow_k/venv/lib/python3.10/site-packages/airflow/example_dags/example_branch_datetime_operator.py
[2023-03-01 11:53:45,067] {processor.py:641} INFO - Processing file /Users/giovannisabarreto/Desktop/repositorios/airflow_k/venv/lib/python3.10/site-packages/airflow/example_dags/example_branch_datetime_operator.py for tasks to queue
[2023-03-01 11:53:45,067] {logging_mixin.py:115} INFO - [2023-03-01 11:53:45,067] {dagbag.py:507} INFO - Filling up the DagBag from /Users/giovannisabarreto/Desktop/repositorios/airflow_k/venv/lib/python3.10/site-packages/airflow/example_dags/example_branch_datetime_operator.py
[2023-03-01 11:53:45,085] {processor.py:651} INFO - DAG(s) dict_keys(['example_branch_datetime_operator_2']) retrieved from /Users/giovannisabarreto/Desktop/repositorios/airflow_k/venv/lib/python3.10/site-packages/airflow/example_dags/example_branch_datetime_operator.py
[2023-03-01 11:53:45,148] {logging_mixin.py:115} INFO - [2023-03-01 11:53:45,148] {dag.py:2379} INFO - Sync 1 DAGs
[2023-03-01 11:53:45,161] {logging_mixin.py:115} INFO - [2023-03-01 11:53:45,161] {dag.py:2927} INFO - Setting next_dagrun for example_branch_datetime_operator_2 to 2023-02-28T00:00:00+00:00, run_after=2023-03-01T00:00:00+00:00
[2023-03-01 11:53:45,165] {processor.py:161} INFO - Processing /Users/giovannisabarreto/Desktop/repositorios/airflow_k/venv/lib/python3.10/site-packages/airflow/example_dags/example_branch_datetime_operator.py took 0.099 seconds
[2023-03-01 14:54:50,595] {processor.py:153} INFO - Started process (PID=33229) to work on /Users/giovannisabarreto/Desktop/repositorios/airflow_k/venv/lib/python3.10/site-packages/airflow/example_dags/example_branch_datetime_operator.py
[2023-03-01 14:54:50,595] {processor.py:641} INFO - Processing file /Users/giovannisabarreto/Desktop/repositorios/airflow_k/venv/lib/python3.10/site-packages/airflow/example_dags/example_branch_datetime_operator.py for tasks to queue
[2023-03-01 14:54:50,595] {logging_mixin.py:115} INFO - [2023-03-01 14:54:50,595] {dagbag.py:507} INFO - Filling up the DagBag from /Users/giovannisabarreto/Desktop/repositorios/airflow_k/venv/lib/python3.10/site-packages/airflow/example_dags/example_branch_datetime_operator.py
[2023-03-01 14:54:50,601] {processor.py:651} INFO - DAG(s) dict_keys(['example_branch_datetime_operator_2']) retrieved from /Users/giovannisabarreto/Desktop/repositorios/airflow_k/venv/lib/python3.10/site-packages/airflow/example_dags/example_branch_datetime_operator.py
[2023-03-01 14:54:50,622] {logging_mixin.py:115} INFO - [2023-03-01 14:54:50,622] {dag.py:2379} INFO - Sync 1 DAGs
[2023-03-01 14:54:50,628] {logging_mixin.py:115} INFO - [2023-03-01 14:54:50,628] {dag.py:2927} INFO - Setting next_dagrun for example_branch_datetime_operator_2 to 2023-02-28T00:00:00+00:00, run_after=2023-03-01T00:00:00+00:00
[2023-03-01 14:54:50,632] {processor.py:161} INFO - Processing /Users/giovannisabarreto/Desktop/repositorios/airflow_k/venv/lib/python3.10/site-packages/airflow/example_dags/example_branch_datetime_operator.py took 0.037 seconds
[2023-03-01 18:14:09,975] {processor.py:153} INFO - Started process (PID=33571) to work on /Users/giovannisabarreto/Desktop/repositorios/airflow_k/venv/lib/python3.10/site-packages/airflow/example_dags/example_branch_datetime_operator.py
[2023-03-01 18:14:09,976] {processor.py:641} INFO - Processing file /Users/giovannisabarreto/Desktop/repositorios/airflow_k/venv/lib/python3.10/site-packages/airflow/example_dags/example_branch_datetime_operator.py for tasks to queue
[2023-03-01 18:14:09,977] {logging_mixin.py:115} INFO - [2023-03-01 18:14:09,977] {dagbag.py:507} INFO - Filling up the DagBag from /Users/giovannisabarreto/Desktop/repositorios/airflow_k/venv/lib/python3.10/site-packages/airflow/example_dags/example_branch_datetime_operator.py
[2023-03-01 18:14:09,983] {processor.py:651} INFO - DAG(s) dict_keys(['example_branch_datetime_operator_2']) retrieved from /Users/giovannisabarreto/Desktop/repositorios/airflow_k/venv/lib/python3.10/site-packages/airflow/example_dags/example_branch_datetime_operator.py
[2023-03-01 18:14:10,013] {logging_mixin.py:115} INFO - [2023-03-01 18:14:10,012] {dag.py:2379} INFO - Sync 1 DAGs
[2023-03-01 18:14:10,019] {logging_mixin.py:115} INFO - [2023-03-01 18:14:10,019] {dag.py:2927} INFO - Setting next_dagrun for example_branch_datetime_operator_2 to 2023-02-28T00:00:00+00:00, run_after=2023-03-01T00:00:00+00:00
[2023-03-01 18:14:10,023] {processor.py:161} INFO - Processing /Users/giovannisabarreto/Desktop/repositorios/airflow_k/venv/lib/python3.10/site-packages/airflow/example_dags/example_branch_datetime_operator.py took 0.048 seconds
