[2023-03-01 10:45:37,072] {processor.py:153} INFO - Started process (PID=25667) to work on /Users/giovannisabarreto/Desktop/repositorios/airflow_k/venv/lib/python3.10/site-packages/airflow/example_dags/example_bash_operator.py
[2023-03-01 10:45:37,073] {processor.py:641} INFO - Processing file /Users/giovannisabarreto/Desktop/repositorios/airflow_k/venv/lib/python3.10/site-packages/airflow/example_dags/example_bash_operator.py for tasks to queue
[2023-03-01 10:45:37,073] {logging_mixin.py:115} INFO - [2023-03-01 10:45:37,073] {dagbag.py:507} INFO - Filling up the DagBag from /Users/giovannisabarreto/Desktop/repositorios/airflow_k/venv/lib/python3.10/site-packages/airflow/example_dags/example_bash_operator.py
[2023-03-01 10:45:37,080] {processor.py:651} INFO - DAG(s) dict_keys(['example_bash_operator']) retrieved from /Users/giovannisabarreto/Desktop/repositorios/airflow_k/venv/lib/python3.10/site-packages/airflow/example_dags/example_bash_operator.py
[2023-03-01 10:45:37,372] {logging_mixin.py:115} INFO - [2023-03-01 10:45:37,372] {manager.py:508} INFO - Created Permission View: can delete on DAG:example_bash_operator
[2023-03-01 10:45:37,375] {logging_mixin.py:115} INFO - [2023-03-01 10:45:37,375] {manager.py:508} INFO - Created Permission View: can read on DAG:example_bash_operator
[2023-03-01 10:45:37,377] {logging_mixin.py:115} INFO - [2023-03-01 10:45:37,377] {manager.py:508} INFO - Created Permission View: can edit on DAG:example_bash_operator
[2023-03-01 10:45:37,377] {logging_mixin.py:115} INFO - [2023-03-01 10:45:37,377] {dag.py:2379} INFO - Sync 1 DAGs
[2023-03-01 10:45:37,379] {logging_mixin.py:115} INFO - [2023-03-01 10:45:37,379] {dag.py:2398} INFO - Creating ORM DAG for example_bash_operator
[2023-03-01 10:45:37,384] {logging_mixin.py:115} INFO - [2023-03-01 10:45:37,383] {dag.py:2927} INFO - Setting next_dagrun for example_bash_operator to 2023-02-28T00:00:00+00:00, run_after=2023-03-01T00:00:00+00:00
[2023-03-01 10:45:37,388] {processor.py:161} INFO - Processing /Users/giovannisabarreto/Desktop/repositorios/airflow_k/venv/lib/python3.10/site-packages/airflow/example_dags/example_bash_operator.py took 0.316 seconds
[2023-03-01 10:46:28,079] {processor.py:153} INFO - Started process (PID=25755) to work on /Users/giovannisabarreto/Desktop/repositorios/airflow_k/venv/lib/python3.10/site-packages/airflow/example_dags/example_bash_operator.py
[2023-03-01 10:46:28,080] {processor.py:641} INFO - Processing file /Users/giovannisabarreto/Desktop/repositorios/airflow_k/venv/lib/python3.10/site-packages/airflow/example_dags/example_bash_operator.py for tasks to queue
[2023-03-01 10:46:28,080] {logging_mixin.py:115} INFO - [2023-03-01 10:46:28,080] {dagbag.py:507} INFO - Filling up the DagBag from /Users/giovannisabarreto/Desktop/repositorios/airflow_k/venv/lib/python3.10/site-packages/airflow/example_dags/example_bash_operator.py
[2023-03-01 10:46:28,087] {processor.py:651} INFO - DAG(s) dict_keys(['example_bash_operator']) retrieved from /Users/giovannisabarreto/Desktop/repositorios/airflow_k/venv/lib/python3.10/site-packages/airflow/example_dags/example_bash_operator.py
[2023-03-01 10:46:28,109] {logging_mixin.py:115} INFO - [2023-03-01 10:46:28,109] {dag.py:2379} INFO - Sync 1 DAGs
[2023-03-01 10:46:28,114] {logging_mixin.py:115} INFO - [2023-03-01 10:46:28,114] {dag.py:2927} INFO - Setting next_dagrun for example_bash_operator to 2023-02-28T00:00:00+00:00, run_after=2023-03-01T00:00:00+00:00
[2023-03-01 10:46:28,118] {processor.py:161} INFO - Processing /Users/giovannisabarreto/Desktop/repositorios/airflow_k/venv/lib/python3.10/site-packages/airflow/example_dags/example_bash_operator.py took 0.039 seconds
[2023-03-01 10:47:13,830] {processor.py:153} INFO - Started process (PID=25833) to work on /Users/giovannisabarreto/Desktop/repositorios/airflow_k/venv/lib/python3.10/site-packages/airflow/example_dags/example_bash_operator.py
[2023-03-01 10:47:13,831] {processor.py:641} INFO - Processing file /Users/giovannisabarreto/Desktop/repositorios/airflow_k/venv/lib/python3.10/site-packages/airflow/example_dags/example_bash_operator.py for tasks to queue
[2023-03-01 10:47:13,831] {logging_mixin.py:115} INFO - [2023-03-01 10:47:13,831] {dagbag.py:507} INFO - Filling up the DagBag from /Users/giovannisabarreto/Desktop/repositorios/airflow_k/venv/lib/python3.10/site-packages/airflow/example_dags/example_bash_operator.py
[2023-03-01 10:47:13,838] {processor.py:651} INFO - DAG(s) dict_keys(['example_bash_operator']) retrieved from /Users/giovannisabarreto/Desktop/repositorios/airflow_k/venv/lib/python3.10/site-packages/airflow/example_dags/example_bash_operator.py
[2023-03-01 10:47:13,860] {logging_mixin.py:115} INFO - [2023-03-01 10:47:13,859] {dag.py:2379} INFO - Sync 1 DAGs
[2023-03-01 10:47:13,865] {logging_mixin.py:115} INFO - [2023-03-01 10:47:13,865] {dag.py:2927} INFO - Setting next_dagrun for example_bash_operator to 2023-02-28T00:00:00+00:00, run_after=2023-03-01T00:00:00+00:00
[2023-03-01 10:47:13,869] {processor.py:161} INFO - Processing /Users/giovannisabarreto/Desktop/repositorios/airflow_k/venv/lib/python3.10/site-packages/airflow/example_dags/example_bash_operator.py took 0.039 seconds
[2023-03-01 10:47:58,589] {processor.py:153} INFO - Started process (PID=25915) to work on /Users/giovannisabarreto/Desktop/repositorios/airflow_k/venv/lib/python3.10/site-packages/airflow/example_dags/example_bash_operator.py
[2023-03-01 10:47:58,590] {processor.py:641} INFO - Processing file /Users/giovannisabarreto/Desktop/repositorios/airflow_k/venv/lib/python3.10/site-packages/airflow/example_dags/example_bash_operator.py for tasks to queue
[2023-03-01 10:47:58,590] {logging_mixin.py:115} INFO - [2023-03-01 10:47:58,590] {dagbag.py:507} INFO - Filling up the DagBag from /Users/giovannisabarreto/Desktop/repositorios/airflow_k/venv/lib/python3.10/site-packages/airflow/example_dags/example_bash_operator.py
[2023-03-01 10:47:58,597] {processor.py:651} INFO - DAG(s) dict_keys(['example_bash_operator']) retrieved from /Users/giovannisabarreto/Desktop/repositorios/airflow_k/venv/lib/python3.10/site-packages/airflow/example_dags/example_bash_operator.py
[2023-03-01 10:47:58,619] {logging_mixin.py:115} INFO - [2023-03-01 10:47:58,619] {dag.py:2379} INFO - Sync 1 DAGs
[2023-03-01 10:47:58,625] {logging_mixin.py:115} INFO - [2023-03-01 10:47:58,624] {dag.py:2927} INFO - Setting next_dagrun for example_bash_operator to 2023-02-28T00:00:00+00:00, run_after=2023-03-01T00:00:00+00:00
[2023-03-01 10:47:58,628] {processor.py:161} INFO - Processing /Users/giovannisabarreto/Desktop/repositorios/airflow_k/venv/lib/python3.10/site-packages/airflow/example_dags/example_bash_operator.py took 0.039 seconds
[2023-03-01 10:48:46,084] {processor.py:153} INFO - Started process (PID=25995) to work on /Users/giovannisabarreto/Desktop/repositorios/airflow_k/venv/lib/python3.10/site-packages/airflow/example_dags/example_bash_operator.py
[2023-03-01 10:48:46,084] {processor.py:641} INFO - Processing file /Users/giovannisabarreto/Desktop/repositorios/airflow_k/venv/lib/python3.10/site-packages/airflow/example_dags/example_bash_operator.py for tasks to queue
[2023-03-01 10:48:46,084] {logging_mixin.py:115} INFO - [2023-03-01 10:48:46,084] {dagbag.py:507} INFO - Filling up the DagBag from /Users/giovannisabarreto/Desktop/repositorios/airflow_k/venv/lib/python3.10/site-packages/airflow/example_dags/example_bash_operator.py
[2023-03-01 10:48:46,091] {processor.py:651} INFO - DAG(s) dict_keys(['example_bash_operator']) retrieved from /Users/giovannisabarreto/Desktop/repositorios/airflow_k/venv/lib/python3.10/site-packages/airflow/example_dags/example_bash_operator.py
[2023-03-01 10:48:46,113] {logging_mixin.py:115} INFO - [2023-03-01 10:48:46,113] {dag.py:2379} INFO - Sync 1 DAGs
[2023-03-01 10:48:46,119] {logging_mixin.py:115} INFO - [2023-03-01 10:48:46,119] {dag.py:2927} INFO - Setting next_dagrun for example_bash_operator to 2023-02-28T00:00:00+00:00, run_after=2023-03-01T00:00:00+00:00
[2023-03-01 10:48:46,122] {processor.py:161} INFO - Processing /Users/giovannisabarreto/Desktop/repositorios/airflow_k/venv/lib/python3.10/site-packages/airflow/example_dags/example_bash_operator.py took 0.039 seconds
[2023-03-01 10:49:33,148] {processor.py:153} INFO - Started process (PID=26094) to work on /Users/giovannisabarreto/Desktop/repositorios/airflow_k/venv/lib/python3.10/site-packages/airflow/example_dags/example_bash_operator.py
[2023-03-01 10:49:33,149] {processor.py:641} INFO - Processing file /Users/giovannisabarreto/Desktop/repositorios/airflow_k/venv/lib/python3.10/site-packages/airflow/example_dags/example_bash_operator.py for tasks to queue
[2023-03-01 10:49:33,149] {logging_mixin.py:115} INFO - [2023-03-01 10:49:33,149] {dagbag.py:507} INFO - Filling up the DagBag from /Users/giovannisabarreto/Desktop/repositorios/airflow_k/venv/lib/python3.10/site-packages/airflow/example_dags/example_bash_operator.py
[2023-03-01 10:49:33,156] {processor.py:651} INFO - DAG(s) dict_keys(['example_bash_operator']) retrieved from /Users/giovannisabarreto/Desktop/repositorios/airflow_k/venv/lib/python3.10/site-packages/airflow/example_dags/example_bash_operator.py
[2023-03-01 10:49:33,179] {logging_mixin.py:115} INFO - [2023-03-01 10:49:33,179] {dag.py:2379} INFO - Sync 1 DAGs
[2023-03-01 10:49:33,185] {logging_mixin.py:115} INFO - [2023-03-01 10:49:33,185] {dag.py:2927} INFO - Setting next_dagrun for example_bash_operator to 2023-02-28T00:00:00+00:00, run_after=2023-03-01T00:00:00+00:00
[2023-03-01 10:49:33,189] {processor.py:161} INFO - Processing /Users/giovannisabarreto/Desktop/repositorios/airflow_k/venv/lib/python3.10/site-packages/airflow/example_dags/example_bash_operator.py took 0.041 seconds
[2023-03-01 10:50:31,040] {processor.py:153} INFO - Started process (PID=26196) to work on /Users/giovannisabarreto/Desktop/repositorios/airflow_k/venv/lib/python3.10/site-packages/airflow/example_dags/example_bash_operator.py
[2023-03-01 10:50:31,040] {processor.py:641} INFO - Processing file /Users/giovannisabarreto/Desktop/repositorios/airflow_k/venv/lib/python3.10/site-packages/airflow/example_dags/example_bash_operator.py for tasks to queue
[2023-03-01 10:50:31,040] {logging_mixin.py:115} INFO - [2023-03-01 10:50:31,040] {dagbag.py:507} INFO - Filling up the DagBag from /Users/giovannisabarreto/Desktop/repositorios/airflow_k/venv/lib/python3.10/site-packages/airflow/example_dags/example_bash_operator.py
[2023-03-01 10:50:31,046] {processor.py:651} INFO - DAG(s) dict_keys(['example_bash_operator']) retrieved from /Users/giovannisabarreto/Desktop/repositorios/airflow_k/venv/lib/python3.10/site-packages/airflow/example_dags/example_bash_operator.py
[2023-03-01 10:50:31,068] {logging_mixin.py:115} INFO - [2023-03-01 10:50:31,068] {dag.py:2379} INFO - Sync 1 DAGs
[2023-03-01 10:50:31,074] {logging_mixin.py:115} INFO - [2023-03-01 10:50:31,074] {dag.py:2927} INFO - Setting next_dagrun for example_bash_operator to 2023-02-28T00:00:00+00:00, run_after=2023-03-01T00:00:00+00:00
[2023-03-01 10:50:31,078] {processor.py:161} INFO - Processing /Users/giovannisabarreto/Desktop/repositorios/airflow_k/venv/lib/python3.10/site-packages/airflow/example_dags/example_bash_operator.py took 0.039 seconds
[2023-03-01 10:51:20,585] {processor.py:153} INFO - Started process (PID=26279) to work on /Users/giovannisabarreto/Desktop/repositorios/airflow_k/venv/lib/python3.10/site-packages/airflow/example_dags/example_bash_operator.py
[2023-03-01 10:51:20,586] {processor.py:641} INFO - Processing file /Users/giovannisabarreto/Desktop/repositorios/airflow_k/venv/lib/python3.10/site-packages/airflow/example_dags/example_bash_operator.py for tasks to queue
[2023-03-01 10:51:20,586] {logging_mixin.py:115} INFO - [2023-03-01 10:51:20,586] {dagbag.py:507} INFO - Filling up the DagBag from /Users/giovannisabarreto/Desktop/repositorios/airflow_k/venv/lib/python3.10/site-packages/airflow/example_dags/example_bash_operator.py
[2023-03-01 10:51:20,593] {processor.py:651} INFO - DAG(s) dict_keys(['example_bash_operator']) retrieved from /Users/giovannisabarreto/Desktop/repositorios/airflow_k/venv/lib/python3.10/site-packages/airflow/example_dags/example_bash_operator.py
[2023-03-01 10:51:20,614] {logging_mixin.py:115} INFO - [2023-03-01 10:51:20,614] {dag.py:2379} INFO - Sync 1 DAGs
[2023-03-01 10:51:20,620] {logging_mixin.py:115} INFO - [2023-03-01 10:51:20,620] {dag.py:2927} INFO - Setting next_dagrun for example_bash_operator to 2023-02-28T00:00:00+00:00, run_after=2023-03-01T00:00:00+00:00
[2023-03-01 10:51:20,624] {processor.py:161} INFO - Processing /Users/giovannisabarreto/Desktop/repositorios/airflow_k/venv/lib/python3.10/site-packages/airflow/example_dags/example_bash_operator.py took 0.039 seconds
[2023-03-01 10:52:10,914] {processor.py:153} INFO - Started process (PID=26364) to work on /Users/giovannisabarreto/Desktop/repositorios/airflow_k/venv/lib/python3.10/site-packages/airflow/example_dags/example_bash_operator.py
[2023-03-01 10:52:10,915] {processor.py:641} INFO - Processing file /Users/giovannisabarreto/Desktop/repositorios/airflow_k/venv/lib/python3.10/site-packages/airflow/example_dags/example_bash_operator.py for tasks to queue
[2023-03-01 10:52:10,915] {logging_mixin.py:115} INFO - [2023-03-01 10:52:10,915] {dagbag.py:507} INFO - Filling up the DagBag from /Users/giovannisabarreto/Desktop/repositorios/airflow_k/venv/lib/python3.10/site-packages/airflow/example_dags/example_bash_operator.py
[2023-03-01 10:52:10,922] {processor.py:651} INFO - DAG(s) dict_keys(['example_bash_operator']) retrieved from /Users/giovannisabarreto/Desktop/repositorios/airflow_k/venv/lib/python3.10/site-packages/airflow/example_dags/example_bash_operator.py
[2023-03-01 10:52:10,944] {logging_mixin.py:115} INFO - [2023-03-01 10:52:10,944] {dag.py:2379} INFO - Sync 1 DAGs
[2023-03-01 10:52:10,949] {logging_mixin.py:115} INFO - [2023-03-01 10:52:10,949] {dag.py:2927} INFO - Setting next_dagrun for example_bash_operator to 2023-02-28T00:00:00+00:00, run_after=2023-03-01T00:00:00+00:00
[2023-03-01 10:52:10,953] {processor.py:161} INFO - Processing /Users/giovannisabarreto/Desktop/repositorios/airflow_k/venv/lib/python3.10/site-packages/airflow/example_dags/example_bash_operator.py took 0.039 seconds
[2023-03-01 10:52:58,583] {processor.py:153} INFO - Started process (PID=26449) to work on /Users/giovannisabarreto/Desktop/repositorios/airflow_k/venv/lib/python3.10/site-packages/airflow/example_dags/example_bash_operator.py
[2023-03-01 10:52:58,583] {processor.py:641} INFO - Processing file /Users/giovannisabarreto/Desktop/repositorios/airflow_k/venv/lib/python3.10/site-packages/airflow/example_dags/example_bash_operator.py for tasks to queue
[2023-03-01 10:52:58,584] {logging_mixin.py:115} INFO - [2023-03-01 10:52:58,583] {dagbag.py:507} INFO - Filling up the DagBag from /Users/giovannisabarreto/Desktop/repositorios/airflow_k/venv/lib/python3.10/site-packages/airflow/example_dags/example_bash_operator.py
[2023-03-01 10:52:58,590] {processor.py:651} INFO - DAG(s) dict_keys(['example_bash_operator']) retrieved from /Users/giovannisabarreto/Desktop/repositorios/airflow_k/venv/lib/python3.10/site-packages/airflow/example_dags/example_bash_operator.py
[2023-03-01 10:52:58,612] {logging_mixin.py:115} INFO - [2023-03-01 10:52:58,612] {dag.py:2379} INFO - Sync 1 DAGs
[2023-03-01 10:52:58,618] {logging_mixin.py:115} INFO - [2023-03-01 10:52:58,618] {dag.py:2927} INFO - Setting next_dagrun for example_bash_operator to 2023-02-28T00:00:00+00:00, run_after=2023-03-01T00:00:00+00:00
[2023-03-01 10:52:58,621] {processor.py:161} INFO - Processing /Users/giovannisabarreto/Desktop/repositorios/airflow_k/venv/lib/python3.10/site-packages/airflow/example_dags/example_bash_operator.py took 0.039 seconds
[2023-03-01 10:53:47,658] {processor.py:153} INFO - Started process (PID=26533) to work on /Users/giovannisabarreto/Desktop/repositorios/airflow_k/venv/lib/python3.10/site-packages/airflow/example_dags/example_bash_operator.py
[2023-03-01 10:53:47,659] {processor.py:641} INFO - Processing file /Users/giovannisabarreto/Desktop/repositorios/airflow_k/venv/lib/python3.10/site-packages/airflow/example_dags/example_bash_operator.py for tasks to queue
[2023-03-01 10:53:47,659] {logging_mixin.py:115} INFO - [2023-03-01 10:53:47,659] {dagbag.py:507} INFO - Filling up the DagBag from /Users/giovannisabarreto/Desktop/repositorios/airflow_k/venv/lib/python3.10/site-packages/airflow/example_dags/example_bash_operator.py
[2023-03-01 10:53:47,665] {processor.py:651} INFO - DAG(s) dict_keys(['example_bash_operator']) retrieved from /Users/giovannisabarreto/Desktop/repositorios/airflow_k/venv/lib/python3.10/site-packages/airflow/example_dags/example_bash_operator.py
[2023-03-01 10:53:47,687] {logging_mixin.py:115} INFO - [2023-03-01 10:53:47,687] {dag.py:2379} INFO - Sync 1 DAGs
[2023-03-01 10:53:47,693] {logging_mixin.py:115} INFO - [2023-03-01 10:53:47,693] {dag.py:2927} INFO - Setting next_dagrun for example_bash_operator to 2023-02-28T00:00:00+00:00, run_after=2023-03-01T00:00:00+00:00
[2023-03-01 10:53:47,696] {processor.py:161} INFO - Processing /Users/giovannisabarreto/Desktop/repositorios/airflow_k/venv/lib/python3.10/site-packages/airflow/example_dags/example_bash_operator.py took 0.039 seconds
[2023-03-01 10:54:31,390] {processor.py:153} INFO - Started process (PID=26624) to work on /Users/giovannisabarreto/Desktop/repositorios/airflow_k/venv/lib/python3.10/site-packages/airflow/example_dags/example_bash_operator.py
[2023-03-01 10:54:31,391] {processor.py:641} INFO - Processing file /Users/giovannisabarreto/Desktop/repositorios/airflow_k/venv/lib/python3.10/site-packages/airflow/example_dags/example_bash_operator.py for tasks to queue
[2023-03-01 10:54:31,391] {logging_mixin.py:115} INFO - [2023-03-01 10:54:31,391] {dagbag.py:507} INFO - Filling up the DagBag from /Users/giovannisabarreto/Desktop/repositorios/airflow_k/venv/lib/python3.10/site-packages/airflow/example_dags/example_bash_operator.py
[2023-03-01 10:54:31,397] {processor.py:651} INFO - DAG(s) dict_keys(['example_bash_operator']) retrieved from /Users/giovannisabarreto/Desktop/repositorios/airflow_k/venv/lib/python3.10/site-packages/airflow/example_dags/example_bash_operator.py
[2023-03-01 10:54:31,419] {logging_mixin.py:115} INFO - [2023-03-01 10:54:31,419] {dag.py:2379} INFO - Sync 1 DAGs
[2023-03-01 10:54:31,425] {logging_mixin.py:115} INFO - [2023-03-01 10:54:31,425] {dag.py:2927} INFO - Setting next_dagrun for example_bash_operator to 2023-02-28T00:00:00+00:00, run_after=2023-03-01T00:00:00+00:00
[2023-03-01 10:54:31,428] {processor.py:161} INFO - Processing /Users/giovannisabarreto/Desktop/repositorios/airflow_k/venv/lib/python3.10/site-packages/airflow/example_dags/example_bash_operator.py took 0.038 seconds
[2023-03-01 10:55:17,420] {processor.py:153} INFO - Started process (PID=26703) to work on /Users/giovannisabarreto/Desktop/repositorios/airflow_k/venv/lib/python3.10/site-packages/airflow/example_dags/example_bash_operator.py
[2023-03-01 10:55:17,421] {processor.py:641} INFO - Processing file /Users/giovannisabarreto/Desktop/repositorios/airflow_k/venv/lib/python3.10/site-packages/airflow/example_dags/example_bash_operator.py for tasks to queue
[2023-03-01 10:55:17,421] {logging_mixin.py:115} INFO - [2023-03-01 10:55:17,421] {dagbag.py:507} INFO - Filling up the DagBag from /Users/giovannisabarreto/Desktop/repositorios/airflow_k/venv/lib/python3.10/site-packages/airflow/example_dags/example_bash_operator.py
[2023-03-01 10:55:17,428] {processor.py:651} INFO - DAG(s) dict_keys(['example_bash_operator']) retrieved from /Users/giovannisabarreto/Desktop/repositorios/airflow_k/venv/lib/python3.10/site-packages/airflow/example_dags/example_bash_operator.py
[2023-03-01 10:55:17,449] {logging_mixin.py:115} INFO - [2023-03-01 10:55:17,449] {dag.py:2379} INFO - Sync 1 DAGs
[2023-03-01 10:55:17,455] {logging_mixin.py:115} INFO - [2023-03-01 10:55:17,455] {dag.py:2927} INFO - Setting next_dagrun for example_bash_operator to 2023-02-28T00:00:00+00:00, run_after=2023-03-01T00:00:00+00:00
[2023-03-01 10:55:17,459] {processor.py:161} INFO - Processing /Users/giovannisabarreto/Desktop/repositorios/airflow_k/venv/lib/python3.10/site-packages/airflow/example_dags/example_bash_operator.py took 0.038 seconds
[2023-03-01 10:56:03,599] {processor.py:153} INFO - Started process (PID=26783) to work on /Users/giovannisabarreto/Desktop/repositorios/airflow_k/venv/lib/python3.10/site-packages/airflow/example_dags/example_bash_operator.py
[2023-03-01 10:56:03,600] {processor.py:641} INFO - Processing file /Users/giovannisabarreto/Desktop/repositorios/airflow_k/venv/lib/python3.10/site-packages/airflow/example_dags/example_bash_operator.py for tasks to queue
[2023-03-01 10:56:03,601] {logging_mixin.py:115} INFO - [2023-03-01 10:56:03,601] {dagbag.py:507} INFO - Filling up the DagBag from /Users/giovannisabarreto/Desktop/repositorios/airflow_k/venv/lib/python3.10/site-packages/airflow/example_dags/example_bash_operator.py
[2023-03-01 10:56:03,607] {processor.py:651} INFO - DAG(s) dict_keys(['example_bash_operator']) retrieved from /Users/giovannisabarreto/Desktop/repositorios/airflow_k/venv/lib/python3.10/site-packages/airflow/example_dags/example_bash_operator.py
[2023-03-01 10:56:03,629] {logging_mixin.py:115} INFO - [2023-03-01 10:56:03,629] {dag.py:2379} INFO - Sync 1 DAGs
[2023-03-01 10:56:03,634] {logging_mixin.py:115} INFO - [2023-03-01 10:56:03,634] {dag.py:2927} INFO - Setting next_dagrun for example_bash_operator to 2023-02-28T00:00:00+00:00, run_after=2023-03-01T00:00:00+00:00
[2023-03-01 10:56:03,638] {processor.py:161} INFO - Processing /Users/giovannisabarreto/Desktop/repositorios/airflow_k/venv/lib/python3.10/site-packages/airflow/example_dags/example_bash_operator.py took 0.039 seconds
[2023-03-01 10:56:50,582] {processor.py:153} INFO - Started process (PID=26865) to work on /Users/giovannisabarreto/Desktop/repositorios/airflow_k/venv/lib/python3.10/site-packages/airflow/example_dags/example_bash_operator.py
[2023-03-01 10:56:50,583] {processor.py:641} INFO - Processing file /Users/giovannisabarreto/Desktop/repositorios/airflow_k/venv/lib/python3.10/site-packages/airflow/example_dags/example_bash_operator.py for tasks to queue
[2023-03-01 10:56:50,583] {logging_mixin.py:115} INFO - [2023-03-01 10:56:50,583] {dagbag.py:507} INFO - Filling up the DagBag from /Users/giovannisabarreto/Desktop/repositorios/airflow_k/venv/lib/python3.10/site-packages/airflow/example_dags/example_bash_operator.py
[2023-03-01 10:56:50,589] {processor.py:651} INFO - DAG(s) dict_keys(['example_bash_operator']) retrieved from /Users/giovannisabarreto/Desktop/repositorios/airflow_k/venv/lib/python3.10/site-packages/airflow/example_dags/example_bash_operator.py
[2023-03-01 10:56:50,611] {logging_mixin.py:115} INFO - [2023-03-01 10:56:50,611] {dag.py:2379} INFO - Sync 1 DAGs
[2023-03-01 10:56:50,617] {logging_mixin.py:115} INFO - [2023-03-01 10:56:50,617] {dag.py:2927} INFO - Setting next_dagrun for example_bash_operator to 2023-02-28T00:00:00+00:00, run_after=2023-03-01T00:00:00+00:00
[2023-03-01 10:56:50,620] {processor.py:161} INFO - Processing /Users/giovannisabarreto/Desktop/repositorios/airflow_k/venv/lib/python3.10/site-packages/airflow/example_dags/example_bash_operator.py took 0.039 seconds
[2023-03-01 10:57:49,484] {processor.py:153} INFO - Started process (PID=26964) to work on /Users/giovannisabarreto/Desktop/repositorios/airflow_k/venv/lib/python3.10/site-packages/airflow/example_dags/example_bash_operator.py
[2023-03-01 10:57:49,485] {processor.py:641} INFO - Processing file /Users/giovannisabarreto/Desktop/repositorios/airflow_k/venv/lib/python3.10/site-packages/airflow/example_dags/example_bash_operator.py for tasks to queue
[2023-03-01 10:57:49,485] {logging_mixin.py:115} INFO - [2023-03-01 10:57:49,485] {dagbag.py:507} INFO - Filling up the DagBag from /Users/giovannisabarreto/Desktop/repositorios/airflow_k/venv/lib/python3.10/site-packages/airflow/example_dags/example_bash_operator.py
[2023-03-01 10:57:49,492] {processor.py:651} INFO - DAG(s) dict_keys(['example_bash_operator']) retrieved from /Users/giovannisabarreto/Desktop/repositorios/airflow_k/venv/lib/python3.10/site-packages/airflow/example_dags/example_bash_operator.py
[2023-03-01 10:57:49,513] {logging_mixin.py:115} INFO - [2023-03-01 10:57:49,513] {dag.py:2379} INFO - Sync 1 DAGs
[2023-03-01 10:57:49,519] {logging_mixin.py:115} INFO - [2023-03-01 10:57:49,519] {dag.py:2927} INFO - Setting next_dagrun for example_bash_operator to 2023-02-28T00:00:00+00:00, run_after=2023-03-01T00:00:00+00:00
[2023-03-01 10:57:49,522] {processor.py:161} INFO - Processing /Users/giovannisabarreto/Desktop/repositorios/airflow_k/venv/lib/python3.10/site-packages/airflow/example_dags/example_bash_operator.py took 0.039 seconds
[2023-03-01 10:58:35,251] {processor.py:153} INFO - Started process (PID=27056) to work on /Users/giovannisabarreto/Desktop/repositorios/airflow_k/venv/lib/python3.10/site-packages/airflow/example_dags/example_bash_operator.py
[2023-03-01 10:58:35,252] {processor.py:641} INFO - Processing file /Users/giovannisabarreto/Desktop/repositorios/airflow_k/venv/lib/python3.10/site-packages/airflow/example_dags/example_bash_operator.py for tasks to queue
[2023-03-01 10:58:35,252] {logging_mixin.py:115} INFO - [2023-03-01 10:58:35,252] {dagbag.py:507} INFO - Filling up the DagBag from /Users/giovannisabarreto/Desktop/repositorios/airflow_k/venv/lib/python3.10/site-packages/airflow/example_dags/example_bash_operator.py
[2023-03-01 10:58:35,258] {processor.py:651} INFO - DAG(s) dict_keys(['example_bash_operator']) retrieved from /Users/giovannisabarreto/Desktop/repositorios/airflow_k/venv/lib/python3.10/site-packages/airflow/example_dags/example_bash_operator.py
[2023-03-01 10:58:35,280] {logging_mixin.py:115} INFO - [2023-03-01 10:58:35,280] {dag.py:2379} INFO - Sync 1 DAGs
[2023-03-01 10:58:35,285] {logging_mixin.py:115} INFO - [2023-03-01 10:58:35,285] {dag.py:2927} INFO - Setting next_dagrun for example_bash_operator to 2023-02-28T00:00:00+00:00, run_after=2023-03-01T00:00:00+00:00
[2023-03-01 10:58:35,289] {processor.py:161} INFO - Processing /Users/giovannisabarreto/Desktop/repositorios/airflow_k/venv/lib/python3.10/site-packages/airflow/example_dags/example_bash_operator.py took 0.038 seconds
[2023-03-01 10:59:19,638] {processor.py:153} INFO - Started process (PID=27146) to work on /Users/giovannisabarreto/Desktop/repositorios/airflow_k/venv/lib/python3.10/site-packages/airflow/example_dags/example_bash_operator.py
[2023-03-01 10:59:19,639] {processor.py:641} INFO - Processing file /Users/giovannisabarreto/Desktop/repositorios/airflow_k/venv/lib/python3.10/site-packages/airflow/example_dags/example_bash_operator.py for tasks to queue
[2023-03-01 10:59:19,639] {logging_mixin.py:115} INFO - [2023-03-01 10:59:19,639] {dagbag.py:507} INFO - Filling up the DagBag from /Users/giovannisabarreto/Desktop/repositorios/airflow_k/venv/lib/python3.10/site-packages/airflow/example_dags/example_bash_operator.py
[2023-03-01 10:59:19,645] {processor.py:651} INFO - DAG(s) dict_keys(['example_bash_operator']) retrieved from /Users/giovannisabarreto/Desktop/repositorios/airflow_k/venv/lib/python3.10/site-packages/airflow/example_dags/example_bash_operator.py
[2023-03-01 10:59:19,667] {logging_mixin.py:115} INFO - [2023-03-01 10:59:19,667] {dag.py:2379} INFO - Sync 1 DAGs
[2023-03-01 10:59:19,673] {logging_mixin.py:115} INFO - [2023-03-01 10:59:19,673] {dag.py:2927} INFO - Setting next_dagrun for example_bash_operator to 2023-02-28T00:00:00+00:00, run_after=2023-03-01T00:00:00+00:00
[2023-03-01 10:59:19,676] {processor.py:161} INFO - Processing /Users/giovannisabarreto/Desktop/repositorios/airflow_k/venv/lib/python3.10/site-packages/airflow/example_dags/example_bash_operator.py took 0.038 seconds
[2023-03-01 11:06:06,848] {processor.py:153} INFO - Started process (PID=27363) to work on /Users/giovannisabarreto/Desktop/repositorios/airflow_k/venv/lib/python3.10/site-packages/airflow/example_dags/example_bash_operator.py
[2023-03-01 11:06:06,848] {processor.py:641} INFO - Processing file /Users/giovannisabarreto/Desktop/repositorios/airflow_k/venv/lib/python3.10/site-packages/airflow/example_dags/example_bash_operator.py for tasks to queue
[2023-03-01 11:06:06,848] {logging_mixin.py:115} INFO - [2023-03-01 11:06:06,848] {dagbag.py:507} INFO - Filling up the DagBag from /Users/giovannisabarreto/Desktop/repositorios/airflow_k/venv/lib/python3.10/site-packages/airflow/example_dags/example_bash_operator.py
[2023-03-01 11:06:06,854] {processor.py:651} INFO - DAG(s) dict_keys(['example_bash_operator']) retrieved from /Users/giovannisabarreto/Desktop/repositorios/airflow_k/venv/lib/python3.10/site-packages/airflow/example_dags/example_bash_operator.py
[2023-03-01 11:06:06,876] {logging_mixin.py:115} INFO - [2023-03-01 11:06:06,876] {dag.py:2379} INFO - Sync 1 DAGs
[2023-03-01 11:06:06,882] {logging_mixin.py:115} INFO - [2023-03-01 11:06:06,882] {dag.py:2927} INFO - Setting next_dagrun for example_bash_operator to 2023-02-28T00:00:00+00:00, run_after=2023-03-01T00:00:00+00:00
[2023-03-01 11:06:06,886] {processor.py:161} INFO - Processing /Users/giovannisabarreto/Desktop/repositorios/airflow_k/venv/lib/python3.10/site-packages/airflow/example_dags/example_bash_operator.py took 0.038 seconds
[2023-03-01 11:07:03,649] {processor.py:153} INFO - Started process (PID=27464) to work on /Users/giovannisabarreto/Desktop/repositorios/airflow_k/venv/lib/python3.10/site-packages/airflow/example_dags/example_bash_operator.py
[2023-03-01 11:07:03,649] {processor.py:641} INFO - Processing file /Users/giovannisabarreto/Desktop/repositorios/airflow_k/venv/lib/python3.10/site-packages/airflow/example_dags/example_bash_operator.py for tasks to queue
[2023-03-01 11:07:03,650] {logging_mixin.py:115} INFO - [2023-03-01 11:07:03,650] {dagbag.py:507} INFO - Filling up the DagBag from /Users/giovannisabarreto/Desktop/repositorios/airflow_k/venv/lib/python3.10/site-packages/airflow/example_dags/example_bash_operator.py
[2023-03-01 11:07:03,656] {processor.py:651} INFO - DAG(s) dict_keys(['example_bash_operator']) retrieved from /Users/giovannisabarreto/Desktop/repositorios/airflow_k/venv/lib/python3.10/site-packages/airflow/example_dags/example_bash_operator.py
[2023-03-01 11:07:03,678] {logging_mixin.py:115} INFO - [2023-03-01 11:07:03,678] {dag.py:2379} INFO - Sync 1 DAGs
[2023-03-01 11:07:03,684] {logging_mixin.py:115} INFO - [2023-03-01 11:07:03,683] {dag.py:2927} INFO - Setting next_dagrun for example_bash_operator to 2023-02-28T00:00:00+00:00, run_after=2023-03-01T00:00:00+00:00
[2023-03-01 11:07:03,687] {processor.py:161} INFO - Processing /Users/giovannisabarreto/Desktop/repositorios/airflow_k/venv/lib/python3.10/site-packages/airflow/example_dags/example_bash_operator.py took 0.038 seconds
[2023-03-01 11:08:02,145] {processor.py:153} INFO - Started process (PID=28987) to work on /Users/giovannisabarreto/Desktop/repositorios/airflow_k/venv/lib/python3.10/site-packages/airflow/example_dags/example_bash_operator.py
[2023-03-01 11:08:02,146] {processor.py:641} INFO - Processing file /Users/giovannisabarreto/Desktop/repositorios/airflow_k/venv/lib/python3.10/site-packages/airflow/example_dags/example_bash_operator.py for tasks to queue
[2023-03-01 11:08:02,146] {logging_mixin.py:115} INFO - [2023-03-01 11:08:02,146] {dagbag.py:507} INFO - Filling up the DagBag from /Users/giovannisabarreto/Desktop/repositorios/airflow_k/venv/lib/python3.10/site-packages/airflow/example_dags/example_bash_operator.py
[2023-03-01 11:08:02,153] {processor.py:651} INFO - DAG(s) dict_keys(['example_bash_operator']) retrieved from /Users/giovannisabarreto/Desktop/repositorios/airflow_k/venv/lib/python3.10/site-packages/airflow/example_dags/example_bash_operator.py
[2023-03-01 11:08:02,175] {logging_mixin.py:115} INFO - [2023-03-01 11:08:02,175] {dag.py:2379} INFO - Sync 1 DAGs
[2023-03-01 11:08:02,181] {logging_mixin.py:115} INFO - [2023-03-01 11:08:02,181] {dag.py:2927} INFO - Setting next_dagrun for example_bash_operator to 2023-02-28T00:00:00+00:00, run_after=2023-03-01T00:00:00+00:00
[2023-03-01 11:08:02,185] {processor.py:161} INFO - Processing /Users/giovannisabarreto/Desktop/repositorios/airflow_k/venv/lib/python3.10/site-packages/airflow/example_dags/example_bash_operator.py took 0.040 seconds
[2023-03-01 11:09:00,625] {processor.py:153} INFO - Started process (PID=29260) to work on /Users/giovannisabarreto/Desktop/repositorios/airflow_k/venv/lib/python3.10/site-packages/airflow/example_dags/example_bash_operator.py
[2023-03-01 11:09:00,625] {processor.py:641} INFO - Processing file /Users/giovannisabarreto/Desktop/repositorios/airflow_k/venv/lib/python3.10/site-packages/airflow/example_dags/example_bash_operator.py for tasks to queue
[2023-03-01 11:09:00,625] {logging_mixin.py:115} INFO - [2023-03-01 11:09:00,625] {dagbag.py:507} INFO - Filling up the DagBag from /Users/giovannisabarreto/Desktop/repositorios/airflow_k/venv/lib/python3.10/site-packages/airflow/example_dags/example_bash_operator.py
[2023-03-01 11:09:00,633] {processor.py:651} INFO - DAG(s) dict_keys(['example_bash_operator']) retrieved from /Users/giovannisabarreto/Desktop/repositorios/airflow_k/venv/lib/python3.10/site-packages/airflow/example_dags/example_bash_operator.py
[2023-03-01 11:09:00,655] {logging_mixin.py:115} INFO - [2023-03-01 11:09:00,655] {dag.py:2379} INFO - Sync 1 DAGs
[2023-03-01 11:09:00,661] {logging_mixin.py:115} INFO - [2023-03-01 11:09:00,661] {dag.py:2927} INFO - Setting next_dagrun for example_bash_operator to 2023-02-28T00:00:00+00:00, run_after=2023-03-01T00:00:00+00:00
[2023-03-01 11:09:00,665] {processor.py:161} INFO - Processing /Users/giovannisabarreto/Desktop/repositorios/airflow_k/venv/lib/python3.10/site-packages/airflow/example_dags/example_bash_operator.py took 0.040 seconds
[2023-03-01 11:09:57,251] {processor.py:153} INFO - Started process (PID=29497) to work on /Users/giovannisabarreto/Desktop/repositorios/airflow_k/venv/lib/python3.10/site-packages/airflow/example_dags/example_bash_operator.py
[2023-03-01 11:09:57,251] {processor.py:641} INFO - Processing file /Users/giovannisabarreto/Desktop/repositorios/airflow_k/venv/lib/python3.10/site-packages/airflow/example_dags/example_bash_operator.py for tasks to queue
[2023-03-01 11:09:57,251] {logging_mixin.py:115} INFO - [2023-03-01 11:09:57,251] {dagbag.py:507} INFO - Filling up the DagBag from /Users/giovannisabarreto/Desktop/repositorios/airflow_k/venv/lib/python3.10/site-packages/airflow/example_dags/example_bash_operator.py
[2023-03-01 11:09:57,258] {processor.py:651} INFO - DAG(s) dict_keys(['example_bash_operator']) retrieved from /Users/giovannisabarreto/Desktop/repositorios/airflow_k/venv/lib/python3.10/site-packages/airflow/example_dags/example_bash_operator.py
[2023-03-01 11:09:57,280] {logging_mixin.py:115} INFO - [2023-03-01 11:09:57,280] {dag.py:2379} INFO - Sync 1 DAGs
[2023-03-01 11:09:57,286] {logging_mixin.py:115} INFO - [2023-03-01 11:09:57,286] {dag.py:2927} INFO - Setting next_dagrun for example_bash_operator to 2023-02-28T00:00:00+00:00, run_after=2023-03-01T00:00:00+00:00
[2023-03-01 11:09:57,290] {processor.py:161} INFO - Processing /Users/giovannisabarreto/Desktop/repositorios/airflow_k/venv/lib/python3.10/site-packages/airflow/example_dags/example_bash_operator.py took 0.039 seconds
[2023-03-01 11:10:53,747] {processor.py:153} INFO - Started process (PID=29662) to work on /Users/giovannisabarreto/Desktop/repositorios/airflow_k/venv/lib/python3.10/site-packages/airflow/example_dags/example_bash_operator.py
[2023-03-01 11:10:53,747] {processor.py:641} INFO - Processing file /Users/giovannisabarreto/Desktop/repositorios/airflow_k/venv/lib/python3.10/site-packages/airflow/example_dags/example_bash_operator.py for tasks to queue
[2023-03-01 11:10:53,747] {logging_mixin.py:115} INFO - [2023-03-01 11:10:53,747] {dagbag.py:507} INFO - Filling up the DagBag from /Users/giovannisabarreto/Desktop/repositorios/airflow_k/venv/lib/python3.10/site-packages/airflow/example_dags/example_bash_operator.py
[2023-03-01 11:10:53,754] {processor.py:651} INFO - DAG(s) dict_keys(['example_bash_operator']) retrieved from /Users/giovannisabarreto/Desktop/repositorios/airflow_k/venv/lib/python3.10/site-packages/airflow/example_dags/example_bash_operator.py
[2023-03-01 11:10:53,776] {logging_mixin.py:115} INFO - [2023-03-01 11:10:53,776] {dag.py:2379} INFO - Sync 1 DAGs
[2023-03-01 11:10:53,781] {logging_mixin.py:115} INFO - [2023-03-01 11:10:53,781] {dag.py:2927} INFO - Setting next_dagrun for example_bash_operator to 2023-02-28T00:00:00+00:00, run_after=2023-03-01T00:00:00+00:00
[2023-03-01 11:10:53,785] {processor.py:161} INFO - Processing /Users/giovannisabarreto/Desktop/repositorios/airflow_k/venv/lib/python3.10/site-packages/airflow/example_dags/example_bash_operator.py took 0.038 seconds
[2023-03-01 11:11:40,390] {processor.py:153} INFO - Started process (PID=29844) to work on /Users/giovannisabarreto/Desktop/repositorios/airflow_k/venv/lib/python3.10/site-packages/airflow/example_dags/example_bash_operator.py
[2023-03-01 11:11:40,390] {processor.py:641} INFO - Processing file /Users/giovannisabarreto/Desktop/repositorios/airflow_k/venv/lib/python3.10/site-packages/airflow/example_dags/example_bash_operator.py for tasks to queue
[2023-03-01 11:11:40,390] {logging_mixin.py:115} INFO - [2023-03-01 11:11:40,390] {dagbag.py:507} INFO - Filling up the DagBag from /Users/giovannisabarreto/Desktop/repositorios/airflow_k/venv/lib/python3.10/site-packages/airflow/example_dags/example_bash_operator.py
[2023-03-01 11:11:40,396] {processor.py:651} INFO - DAG(s) dict_keys(['example_bash_operator']) retrieved from /Users/giovannisabarreto/Desktop/repositorios/airflow_k/venv/lib/python3.10/site-packages/airflow/example_dags/example_bash_operator.py
[2023-03-01 11:11:40,418] {logging_mixin.py:115} INFO - [2023-03-01 11:11:40,418] {dag.py:2379} INFO - Sync 1 DAGs
[2023-03-01 11:11:40,424] {logging_mixin.py:115} INFO - [2023-03-01 11:11:40,424] {dag.py:2927} INFO - Setting next_dagrun for example_bash_operator to 2023-02-28T00:00:00+00:00, run_after=2023-03-01T00:00:00+00:00
[2023-03-01 11:11:40,428] {processor.py:161} INFO - Processing /Users/giovannisabarreto/Desktop/repositorios/airflow_k/venv/lib/python3.10/site-packages/airflow/example_dags/example_bash_operator.py took 0.039 seconds
[2023-03-01 11:12:26,766] {processor.py:153} INFO - Started process (PID=29922) to work on /Users/giovannisabarreto/Desktop/repositorios/airflow_k/venv/lib/python3.10/site-packages/airflow/example_dags/example_bash_operator.py
[2023-03-01 11:12:26,767] {processor.py:641} INFO - Processing file /Users/giovannisabarreto/Desktop/repositorios/airflow_k/venv/lib/python3.10/site-packages/airflow/example_dags/example_bash_operator.py for tasks to queue
[2023-03-01 11:12:26,767] {logging_mixin.py:115} INFO - [2023-03-01 11:12:26,767] {dagbag.py:507} INFO - Filling up the DagBag from /Users/giovannisabarreto/Desktop/repositorios/airflow_k/venv/lib/python3.10/site-packages/airflow/example_dags/example_bash_operator.py
[2023-03-01 11:12:26,774] {processor.py:651} INFO - DAG(s) dict_keys(['example_bash_operator']) retrieved from /Users/giovannisabarreto/Desktop/repositorios/airflow_k/venv/lib/python3.10/site-packages/airflow/example_dags/example_bash_operator.py
[2023-03-01 11:12:26,796] {logging_mixin.py:115} INFO - [2023-03-01 11:12:26,796] {dag.py:2379} INFO - Sync 1 DAGs
[2023-03-01 11:12:26,802] {logging_mixin.py:115} INFO - [2023-03-01 11:12:26,802] {dag.py:2927} INFO - Setting next_dagrun for example_bash_operator to 2023-02-28T00:00:00+00:00, run_after=2023-03-01T00:00:00+00:00
[2023-03-01 11:12:26,805] {processor.py:161} INFO - Processing /Users/giovannisabarreto/Desktop/repositorios/airflow_k/venv/lib/python3.10/site-packages/airflow/example_dags/example_bash_operator.py took 0.040 seconds
[2023-03-01 11:13:11,651] {processor.py:153} INFO - Started process (PID=30000) to work on /Users/giovannisabarreto/Desktop/repositorios/airflow_k/venv/lib/python3.10/site-packages/airflow/example_dags/example_bash_operator.py
[2023-03-01 11:13:11,651] {processor.py:641} INFO - Processing file /Users/giovannisabarreto/Desktop/repositorios/airflow_k/venv/lib/python3.10/site-packages/airflow/example_dags/example_bash_operator.py for tasks to queue
[2023-03-01 11:13:11,651] {logging_mixin.py:115} INFO - [2023-03-01 11:13:11,651] {dagbag.py:507} INFO - Filling up the DagBag from /Users/giovannisabarreto/Desktop/repositorios/airflow_k/venv/lib/python3.10/site-packages/airflow/example_dags/example_bash_operator.py
[2023-03-01 11:13:11,658] {processor.py:651} INFO - DAG(s) dict_keys(['example_bash_operator']) retrieved from /Users/giovannisabarreto/Desktop/repositorios/airflow_k/venv/lib/python3.10/site-packages/airflow/example_dags/example_bash_operator.py
[2023-03-01 11:13:11,680] {logging_mixin.py:115} INFO - [2023-03-01 11:13:11,680] {dag.py:2379} INFO - Sync 1 DAGs
[2023-03-01 11:13:11,686] {logging_mixin.py:115} INFO - [2023-03-01 11:13:11,686] {dag.py:2927} INFO - Setting next_dagrun for example_bash_operator to 2023-02-28T00:00:00+00:00, run_after=2023-03-01T00:00:00+00:00
[2023-03-01 11:13:11,689] {processor.py:161} INFO - Processing /Users/giovannisabarreto/Desktop/repositorios/airflow_k/venv/lib/python3.10/site-packages/airflow/example_dags/example_bash_operator.py took 0.039 seconds
[2023-03-01 11:13:57,763] {processor.py:153} INFO - Started process (PID=30081) to work on /Users/giovannisabarreto/Desktop/repositorios/airflow_k/venv/lib/python3.10/site-packages/airflow/example_dags/example_bash_operator.py
[2023-03-01 11:13:57,764] {processor.py:641} INFO - Processing file /Users/giovannisabarreto/Desktop/repositorios/airflow_k/venv/lib/python3.10/site-packages/airflow/example_dags/example_bash_operator.py for tasks to queue
[2023-03-01 11:13:57,764] {logging_mixin.py:115} INFO - [2023-03-01 11:13:57,764] {dagbag.py:507} INFO - Filling up the DagBag from /Users/giovannisabarreto/Desktop/repositorios/airflow_k/venv/lib/python3.10/site-packages/airflow/example_dags/example_bash_operator.py
[2023-03-01 11:13:57,771] {processor.py:651} INFO - DAG(s) dict_keys(['example_bash_operator']) retrieved from /Users/giovannisabarreto/Desktop/repositorios/airflow_k/venv/lib/python3.10/site-packages/airflow/example_dags/example_bash_operator.py
[2023-03-01 11:13:57,792] {logging_mixin.py:115} INFO - [2023-03-01 11:13:57,792] {dag.py:2379} INFO - Sync 1 DAGs
[2023-03-01 11:13:57,798] {logging_mixin.py:115} INFO - [2023-03-01 11:13:57,798] {dag.py:2927} INFO - Setting next_dagrun for example_bash_operator to 2023-02-28T00:00:00+00:00, run_after=2023-03-01T00:00:00+00:00
[2023-03-01 11:13:57,802] {processor.py:161} INFO - Processing /Users/giovannisabarreto/Desktop/repositorios/airflow_k/venv/lib/python3.10/site-packages/airflow/example_dags/example_bash_operator.py took 0.039 seconds
[2023-03-01 11:14:43,190] {processor.py:153} INFO - Started process (PID=30215) to work on /Users/giovannisabarreto/Desktop/repositorios/airflow_k/venv/lib/python3.10/site-packages/airflow/example_dags/example_bash_operator.py
[2023-03-01 11:14:43,190] {processor.py:641} INFO - Processing file /Users/giovannisabarreto/Desktop/repositorios/airflow_k/venv/lib/python3.10/site-packages/airflow/example_dags/example_bash_operator.py for tasks to queue
[2023-03-01 11:14:43,190] {logging_mixin.py:115} INFO - [2023-03-01 11:14:43,190] {dagbag.py:507} INFO - Filling up the DagBag from /Users/giovannisabarreto/Desktop/repositorios/airflow_k/venv/lib/python3.10/site-packages/airflow/example_dags/example_bash_operator.py
[2023-03-01 11:14:43,197] {processor.py:651} INFO - DAG(s) dict_keys(['example_bash_operator']) retrieved from /Users/giovannisabarreto/Desktop/repositorios/airflow_k/venv/lib/python3.10/site-packages/airflow/example_dags/example_bash_operator.py
[2023-03-01 11:14:43,221] {logging_mixin.py:115} INFO - [2023-03-01 11:14:43,221] {dag.py:2379} INFO - Sync 1 DAGs
[2023-03-01 11:14:43,228] {logging_mixin.py:115} INFO - [2023-03-01 11:14:43,228] {dag.py:2927} INFO - Setting next_dagrun for example_bash_operator to 2023-02-28T00:00:00+00:00, run_after=2023-03-01T00:00:00+00:00
[2023-03-01 11:14:43,231] {processor.py:161} INFO - Processing /Users/giovannisabarreto/Desktop/repositorios/airflow_k/venv/lib/python3.10/site-packages/airflow/example_dags/example_bash_operator.py took 0.042 seconds
[2023-03-01 11:15:39,507] {processor.py:153} INFO - Started process (PID=30357) to work on /Users/giovannisabarreto/Desktop/repositorios/airflow_k/venv/lib/python3.10/site-packages/airflow/example_dags/example_bash_operator.py
[2023-03-01 11:15:39,507] {processor.py:641} INFO - Processing file /Users/giovannisabarreto/Desktop/repositorios/airflow_k/venv/lib/python3.10/site-packages/airflow/example_dags/example_bash_operator.py for tasks to queue
[2023-03-01 11:15:39,508] {logging_mixin.py:115} INFO - [2023-03-01 11:15:39,507] {dagbag.py:507} INFO - Filling up the DagBag from /Users/giovannisabarreto/Desktop/repositorios/airflow_k/venv/lib/python3.10/site-packages/airflow/example_dags/example_bash_operator.py
[2023-03-01 11:15:39,514] {processor.py:651} INFO - DAG(s) dict_keys(['example_bash_operator']) retrieved from /Users/giovannisabarreto/Desktop/repositorios/airflow_k/venv/lib/python3.10/site-packages/airflow/example_dags/example_bash_operator.py
[2023-03-01 11:15:39,535] {logging_mixin.py:115} INFO - [2023-03-01 11:15:39,535] {dag.py:2379} INFO - Sync 1 DAGs
[2023-03-01 11:15:39,541] {logging_mixin.py:115} INFO - [2023-03-01 11:15:39,541] {dag.py:2927} INFO - Setting next_dagrun for example_bash_operator to 2023-02-28T00:00:00+00:00, run_after=2023-03-01T00:00:00+00:00
[2023-03-01 11:15:39,545] {processor.py:161} INFO - Processing /Users/giovannisabarreto/Desktop/repositorios/airflow_k/venv/lib/python3.10/site-packages/airflow/example_dags/example_bash_operator.py took 0.038 seconds
[2023-03-01 11:16:39,773] {processor.py:153} INFO - Started process (PID=30460) to work on /Users/giovannisabarreto/Desktop/repositorios/airflow_k/venv/lib/python3.10/site-packages/airflow/example_dags/example_bash_operator.py
[2023-03-01 11:16:39,774] {processor.py:641} INFO - Processing file /Users/giovannisabarreto/Desktop/repositorios/airflow_k/venv/lib/python3.10/site-packages/airflow/example_dags/example_bash_operator.py for tasks to queue
[2023-03-01 11:16:39,774] {logging_mixin.py:115} INFO - [2023-03-01 11:16:39,774] {dagbag.py:507} INFO - Filling up the DagBag from /Users/giovannisabarreto/Desktop/repositorios/airflow_k/venv/lib/python3.10/site-packages/airflow/example_dags/example_bash_operator.py
[2023-03-01 11:16:39,781] {processor.py:651} INFO - DAG(s) dict_keys(['example_bash_operator']) retrieved from /Users/giovannisabarreto/Desktop/repositorios/airflow_k/venv/lib/python3.10/site-packages/airflow/example_dags/example_bash_operator.py
[2023-03-01 11:16:39,810] {logging_mixin.py:115} INFO - [2023-03-01 11:16:39,810] {dag.py:2379} INFO - Sync 1 DAGs
[2023-03-01 11:16:39,818] {logging_mixin.py:115} INFO - [2023-03-01 11:16:39,818] {dag.py:2927} INFO - Setting next_dagrun for example_bash_operator to 2023-02-28T00:00:00+00:00, run_after=2023-03-01T00:00:00+00:00
[2023-03-01 11:16:39,823] {processor.py:161} INFO - Processing /Users/giovannisabarreto/Desktop/repositorios/airflow_k/venv/lib/python3.10/site-packages/airflow/example_dags/example_bash_operator.py took 0.051 seconds
[2023-03-01 11:17:23,909] {processor.py:153} INFO - Started process (PID=30547) to work on /Users/giovannisabarreto/Desktop/repositorios/airflow_k/venv/lib/python3.10/site-packages/airflow/example_dags/example_bash_operator.py
[2023-03-01 11:17:23,909] {processor.py:641} INFO - Processing file /Users/giovannisabarreto/Desktop/repositorios/airflow_k/venv/lib/python3.10/site-packages/airflow/example_dags/example_bash_operator.py for tasks to queue
[2023-03-01 11:17:23,909] {logging_mixin.py:115} INFO - [2023-03-01 11:17:23,909] {dagbag.py:507} INFO - Filling up the DagBag from /Users/giovannisabarreto/Desktop/repositorios/airflow_k/venv/lib/python3.10/site-packages/airflow/example_dags/example_bash_operator.py
[2023-03-01 11:17:23,915] {processor.py:651} INFO - DAG(s) dict_keys(['example_bash_operator']) retrieved from /Users/giovannisabarreto/Desktop/repositorios/airflow_k/venv/lib/python3.10/site-packages/airflow/example_dags/example_bash_operator.py
[2023-03-01 11:17:23,937] {logging_mixin.py:115} INFO - [2023-03-01 11:17:23,937] {dag.py:2379} INFO - Sync 1 DAGs
[2023-03-01 11:17:23,943] {logging_mixin.py:115} INFO - [2023-03-01 11:17:23,943] {dag.py:2927} INFO - Setting next_dagrun for example_bash_operator to 2023-02-28T00:00:00+00:00, run_after=2023-03-01T00:00:00+00:00
[2023-03-01 11:17:23,947] {processor.py:161} INFO - Processing /Users/giovannisabarreto/Desktop/repositorios/airflow_k/venv/lib/python3.10/site-packages/airflow/example_dags/example_bash_operator.py took 0.038 seconds
[2023-03-01 11:18:10,170] {processor.py:153} INFO - Started process (PID=30632) to work on /Users/giovannisabarreto/Desktop/repositorios/airflow_k/venv/lib/python3.10/site-packages/airflow/example_dags/example_bash_operator.py
[2023-03-01 11:18:10,172] {processor.py:641} INFO - Processing file /Users/giovannisabarreto/Desktop/repositorios/airflow_k/venv/lib/python3.10/site-packages/airflow/example_dags/example_bash_operator.py for tasks to queue
[2023-03-01 11:18:10,172] {logging_mixin.py:115} INFO - [2023-03-01 11:18:10,172] {dagbag.py:507} INFO - Filling up the DagBag from /Users/giovannisabarreto/Desktop/repositorios/airflow_k/venv/lib/python3.10/site-packages/airflow/example_dags/example_bash_operator.py
[2023-03-01 11:18:10,178] {processor.py:651} INFO - DAG(s) dict_keys(['example_bash_operator']) retrieved from /Users/giovannisabarreto/Desktop/repositorios/airflow_k/venv/lib/python3.10/site-packages/airflow/example_dags/example_bash_operator.py
[2023-03-01 11:18:10,200] {logging_mixin.py:115} INFO - [2023-03-01 11:18:10,199] {dag.py:2379} INFO - Sync 1 DAGs
[2023-03-01 11:18:10,205] {logging_mixin.py:115} INFO - [2023-03-01 11:18:10,205] {dag.py:2927} INFO - Setting next_dagrun for example_bash_operator to 2023-02-28T00:00:00+00:00, run_after=2023-03-01T00:00:00+00:00
[2023-03-01 11:18:10,209] {processor.py:161} INFO - Processing /Users/giovannisabarreto/Desktop/repositorios/airflow_k/venv/lib/python3.10/site-packages/airflow/example_dags/example_bash_operator.py took 0.039 seconds
[2023-03-01 11:18:59,213] {processor.py:153} INFO - Started process (PID=30722) to work on /Users/giovannisabarreto/Desktop/repositorios/airflow_k/venv/lib/python3.10/site-packages/airflow/example_dags/example_bash_operator.py
[2023-03-01 11:18:59,214] {processor.py:641} INFO - Processing file /Users/giovannisabarreto/Desktop/repositorios/airflow_k/venv/lib/python3.10/site-packages/airflow/example_dags/example_bash_operator.py for tasks to queue
[2023-03-01 11:18:59,214] {logging_mixin.py:115} INFO - [2023-03-01 11:18:59,214] {dagbag.py:507} INFO - Filling up the DagBag from /Users/giovannisabarreto/Desktop/repositorios/airflow_k/venv/lib/python3.10/site-packages/airflow/example_dags/example_bash_operator.py
[2023-03-01 11:18:59,221] {processor.py:651} INFO - DAG(s) dict_keys(['example_bash_operator']) retrieved from /Users/giovannisabarreto/Desktop/repositorios/airflow_k/venv/lib/python3.10/site-packages/airflow/example_dags/example_bash_operator.py
[2023-03-01 11:18:59,242] {logging_mixin.py:115} INFO - [2023-03-01 11:18:59,242] {dag.py:2379} INFO - Sync 1 DAGs
[2023-03-01 11:18:59,248] {logging_mixin.py:115} INFO - [2023-03-01 11:18:59,248] {dag.py:2927} INFO - Setting next_dagrun for example_bash_operator to 2023-02-28T00:00:00+00:00, run_after=2023-03-01T00:00:00+00:00
[2023-03-01 11:18:59,252] {processor.py:161} INFO - Processing /Users/giovannisabarreto/Desktop/repositorios/airflow_k/venv/lib/python3.10/site-packages/airflow/example_dags/example_bash_operator.py took 0.039 seconds
[2023-03-01 11:19:46,576] {processor.py:153} INFO - Started process (PID=30819) to work on /Users/giovannisabarreto/Desktop/repositorios/airflow_k/venv/lib/python3.10/site-packages/airflow/example_dags/example_bash_operator.py
[2023-03-01 11:19:46,577] {processor.py:641} INFO - Processing file /Users/giovannisabarreto/Desktop/repositorios/airflow_k/venv/lib/python3.10/site-packages/airflow/example_dags/example_bash_operator.py for tasks to queue
[2023-03-01 11:19:46,577] {logging_mixin.py:115} INFO - [2023-03-01 11:19:46,577] {dagbag.py:507} INFO - Filling up the DagBag from /Users/giovannisabarreto/Desktop/repositorios/airflow_k/venv/lib/python3.10/site-packages/airflow/example_dags/example_bash_operator.py
[2023-03-01 11:19:46,583] {processor.py:651} INFO - DAG(s) dict_keys(['example_bash_operator']) retrieved from /Users/giovannisabarreto/Desktop/repositorios/airflow_k/venv/lib/python3.10/site-packages/airflow/example_dags/example_bash_operator.py
[2023-03-01 11:19:46,605] {logging_mixin.py:115} INFO - [2023-03-01 11:19:46,605] {dag.py:2379} INFO - Sync 1 DAGs
[2023-03-01 11:19:46,611] {logging_mixin.py:115} INFO - [2023-03-01 11:19:46,611] {dag.py:2927} INFO - Setting next_dagrun for example_bash_operator to 2023-02-28T00:00:00+00:00, run_after=2023-03-01T00:00:00+00:00
[2023-03-01 11:19:46,614] {processor.py:161} INFO - Processing /Users/giovannisabarreto/Desktop/repositorios/airflow_k/venv/lib/python3.10/site-packages/airflow/example_dags/example_bash_operator.py took 0.039 seconds
[2023-03-01 11:20:31,796] {processor.py:153} INFO - Started process (PID=30898) to work on /Users/giovannisabarreto/Desktop/repositorios/airflow_k/venv/lib/python3.10/site-packages/airflow/example_dags/example_bash_operator.py
[2023-03-01 11:20:31,797] {processor.py:641} INFO - Processing file /Users/giovannisabarreto/Desktop/repositorios/airflow_k/venv/lib/python3.10/site-packages/airflow/example_dags/example_bash_operator.py for tasks to queue
[2023-03-01 11:20:31,797] {logging_mixin.py:115} INFO - [2023-03-01 11:20:31,797] {dagbag.py:507} INFO - Filling up the DagBag from /Users/giovannisabarreto/Desktop/repositorios/airflow_k/venv/lib/python3.10/site-packages/airflow/example_dags/example_bash_operator.py
[2023-03-01 11:20:31,804] {processor.py:651} INFO - DAG(s) dict_keys(['example_bash_operator']) retrieved from /Users/giovannisabarreto/Desktop/repositorios/airflow_k/venv/lib/python3.10/site-packages/airflow/example_dags/example_bash_operator.py
[2023-03-01 11:20:31,826] {logging_mixin.py:115} INFO - [2023-03-01 11:20:31,826] {dag.py:2379} INFO - Sync 1 DAGs
[2023-03-01 11:20:31,832] {logging_mixin.py:115} INFO - [2023-03-01 11:20:31,832] {dag.py:2927} INFO - Setting next_dagrun for example_bash_operator to 2023-02-28T00:00:00+00:00, run_after=2023-03-01T00:00:00+00:00
[2023-03-01 11:20:31,836] {processor.py:161} INFO - Processing /Users/giovannisabarreto/Desktop/repositorios/airflow_k/venv/lib/python3.10/site-packages/airflow/example_dags/example_bash_operator.py took 0.040 seconds
[2023-03-01 11:21:31,201] {processor.py:153} INFO - Started process (PID=31012) to work on /Users/giovannisabarreto/Desktop/repositorios/airflow_k/venv/lib/python3.10/site-packages/airflow/example_dags/example_bash_operator.py
[2023-03-01 11:21:31,201] {processor.py:641} INFO - Processing file /Users/giovannisabarreto/Desktop/repositorios/airflow_k/venv/lib/python3.10/site-packages/airflow/example_dags/example_bash_operator.py for tasks to queue
[2023-03-01 11:21:31,201] {logging_mixin.py:115} INFO - [2023-03-01 11:21:31,201] {dagbag.py:507} INFO - Filling up the DagBag from /Users/giovannisabarreto/Desktop/repositorios/airflow_k/venv/lib/python3.10/site-packages/airflow/example_dags/example_bash_operator.py
[2023-03-01 11:21:31,208] {processor.py:651} INFO - DAG(s) dict_keys(['example_bash_operator']) retrieved from /Users/giovannisabarreto/Desktop/repositorios/airflow_k/venv/lib/python3.10/site-packages/airflow/example_dags/example_bash_operator.py
[2023-03-01 11:21:31,229] {logging_mixin.py:115} INFO - [2023-03-01 11:21:31,229] {dag.py:2379} INFO - Sync 1 DAGs
[2023-03-01 11:21:31,236] {logging_mixin.py:115} INFO - [2023-03-01 11:21:31,236] {dag.py:2927} INFO - Setting next_dagrun for example_bash_operator to 2023-02-28T00:00:00+00:00, run_after=2023-03-01T00:00:00+00:00
[2023-03-01 11:21:31,239] {processor.py:161} INFO - Processing /Users/giovannisabarreto/Desktop/repositorios/airflow_k/venv/lib/python3.10/site-packages/airflow/example_dags/example_bash_operator.py took 0.039 seconds
[2023-03-01 11:22:27,015] {processor.py:153} INFO - Started process (PID=31154) to work on /Users/giovannisabarreto/Desktop/repositorios/airflow_k/venv/lib/python3.10/site-packages/airflow/example_dags/example_bash_operator.py
[2023-03-01 11:22:27,015] {processor.py:641} INFO - Processing file /Users/giovannisabarreto/Desktop/repositorios/airflow_k/venv/lib/python3.10/site-packages/airflow/example_dags/example_bash_operator.py for tasks to queue
[2023-03-01 11:22:27,015] {logging_mixin.py:115} INFO - [2023-03-01 11:22:27,015] {dagbag.py:507} INFO - Filling up the DagBag from /Users/giovannisabarreto/Desktop/repositorios/airflow_k/venv/lib/python3.10/site-packages/airflow/example_dags/example_bash_operator.py
[2023-03-01 11:22:27,022] {processor.py:651} INFO - DAG(s) dict_keys(['example_bash_operator']) retrieved from /Users/giovannisabarreto/Desktop/repositorios/airflow_k/venv/lib/python3.10/site-packages/airflow/example_dags/example_bash_operator.py
[2023-03-01 11:22:27,043] {logging_mixin.py:115} INFO - [2023-03-01 11:22:27,043] {dag.py:2379} INFO - Sync 1 DAGs
[2023-03-01 11:22:27,049] {logging_mixin.py:115} INFO - [2023-03-01 11:22:27,049] {dag.py:2927} INFO - Setting next_dagrun for example_bash_operator to 2023-02-28T00:00:00+00:00, run_after=2023-03-01T00:00:00+00:00
[2023-03-01 11:22:27,053] {processor.py:161} INFO - Processing /Users/giovannisabarreto/Desktop/repositorios/airflow_k/venv/lib/python3.10/site-packages/airflow/example_dags/example_bash_operator.py took 0.038 seconds
[2023-03-01 11:23:13,566] {processor.py:153} INFO - Started process (PID=31234) to work on /Users/giovannisabarreto/Desktop/repositorios/airflow_k/venv/lib/python3.10/site-packages/airflow/example_dags/example_bash_operator.py
[2023-03-01 11:23:13,566] {processor.py:641} INFO - Processing file /Users/giovannisabarreto/Desktop/repositorios/airflow_k/venv/lib/python3.10/site-packages/airflow/example_dags/example_bash_operator.py for tasks to queue
[2023-03-01 11:23:13,567] {logging_mixin.py:115} INFO - [2023-03-01 11:23:13,567] {dagbag.py:507} INFO - Filling up the DagBag from /Users/giovannisabarreto/Desktop/repositorios/airflow_k/venv/lib/python3.10/site-packages/airflow/example_dags/example_bash_operator.py
[2023-03-01 11:23:13,573] {processor.py:651} INFO - DAG(s) dict_keys(['example_bash_operator']) retrieved from /Users/giovannisabarreto/Desktop/repositorios/airflow_k/venv/lib/python3.10/site-packages/airflow/example_dags/example_bash_operator.py
[2023-03-01 11:23:13,594] {logging_mixin.py:115} INFO - [2023-03-01 11:23:13,594] {dag.py:2379} INFO - Sync 1 DAGs
[2023-03-01 11:23:13,600] {logging_mixin.py:115} INFO - [2023-03-01 11:23:13,600] {dag.py:2927} INFO - Setting next_dagrun for example_bash_operator to 2023-02-28T00:00:00+00:00, run_after=2023-03-01T00:00:00+00:00
[2023-03-01 11:23:13,604] {processor.py:161} INFO - Processing /Users/giovannisabarreto/Desktop/repositorios/airflow_k/venv/lib/python3.10/site-packages/airflow/example_dags/example_bash_operator.py took 0.038 seconds
[2023-03-01 11:24:00,581] {processor.py:153} INFO - Started process (PID=31317) to work on /Users/giovannisabarreto/Desktop/repositorios/airflow_k/venv/lib/python3.10/site-packages/airflow/example_dags/example_bash_operator.py
[2023-03-01 11:24:00,582] {processor.py:641} INFO - Processing file /Users/giovannisabarreto/Desktop/repositorios/airflow_k/venv/lib/python3.10/site-packages/airflow/example_dags/example_bash_operator.py for tasks to queue
[2023-03-01 11:24:00,582] {logging_mixin.py:115} INFO - [2023-03-01 11:24:00,582] {dagbag.py:507} INFO - Filling up the DagBag from /Users/giovannisabarreto/Desktop/repositorios/airflow_k/venv/lib/python3.10/site-packages/airflow/example_dags/example_bash_operator.py
[2023-03-01 11:24:00,589] {processor.py:651} INFO - DAG(s) dict_keys(['example_bash_operator']) retrieved from /Users/giovannisabarreto/Desktop/repositorios/airflow_k/venv/lib/python3.10/site-packages/airflow/example_dags/example_bash_operator.py
[2023-03-01 11:24:00,611] {logging_mixin.py:115} INFO - [2023-03-01 11:24:00,611] {dag.py:2379} INFO - Sync 1 DAGs
[2023-03-01 11:24:00,617] {logging_mixin.py:115} INFO - [2023-03-01 11:24:00,617] {dag.py:2927} INFO - Setting next_dagrun for example_bash_operator to 2023-02-28T00:00:00+00:00, run_after=2023-03-01T00:00:00+00:00
[2023-03-01 11:24:00,620] {processor.py:161} INFO - Processing /Users/giovannisabarreto/Desktop/repositorios/airflow_k/venv/lib/python3.10/site-packages/airflow/example_dags/example_bash_operator.py took 0.039 seconds
[2023-03-01 11:24:47,799] {processor.py:153} INFO - Started process (PID=31420) to work on /Users/giovannisabarreto/Desktop/repositorios/airflow_k/venv/lib/python3.10/site-packages/airflow/example_dags/example_bash_operator.py
[2023-03-01 11:24:47,799] {processor.py:641} INFO - Processing file /Users/giovannisabarreto/Desktop/repositorios/airflow_k/venv/lib/python3.10/site-packages/airflow/example_dags/example_bash_operator.py for tasks to queue
[2023-03-01 11:24:47,799] {logging_mixin.py:115} INFO - [2023-03-01 11:24:47,799] {dagbag.py:507} INFO - Filling up the DagBag from /Users/giovannisabarreto/Desktop/repositorios/airflow_k/venv/lib/python3.10/site-packages/airflow/example_dags/example_bash_operator.py
[2023-03-01 11:24:47,806] {processor.py:651} INFO - DAG(s) dict_keys(['example_bash_operator']) retrieved from /Users/giovannisabarreto/Desktop/repositorios/airflow_k/venv/lib/python3.10/site-packages/airflow/example_dags/example_bash_operator.py
[2023-03-01 11:24:47,828] {logging_mixin.py:115} INFO - [2023-03-01 11:24:47,828] {dag.py:2379} INFO - Sync 1 DAGs
[2023-03-01 11:24:47,834] {logging_mixin.py:115} INFO - [2023-03-01 11:24:47,834] {dag.py:2927} INFO - Setting next_dagrun for example_bash_operator to 2023-02-28T00:00:00+00:00, run_after=2023-03-01T00:00:00+00:00
[2023-03-01 11:24:47,837] {processor.py:161} INFO - Processing /Users/giovannisabarreto/Desktop/repositorios/airflow_k/venv/lib/python3.10/site-packages/airflow/example_dags/example_bash_operator.py took 0.039 seconds
[2023-03-01 11:25:42,503] {processor.py:153} INFO - Started process (PID=31520) to work on /Users/giovannisabarreto/Desktop/repositorios/airflow_k/venv/lib/python3.10/site-packages/airflow/example_dags/example_bash_operator.py
[2023-03-01 11:25:42,503] {processor.py:641} INFO - Processing file /Users/giovannisabarreto/Desktop/repositorios/airflow_k/venv/lib/python3.10/site-packages/airflow/example_dags/example_bash_operator.py for tasks to queue
[2023-03-01 11:25:42,503] {logging_mixin.py:115} INFO - [2023-03-01 11:25:42,503] {dagbag.py:507} INFO - Filling up the DagBag from /Users/giovannisabarreto/Desktop/repositorios/airflow_k/venv/lib/python3.10/site-packages/airflow/example_dags/example_bash_operator.py
[2023-03-01 11:25:42,510] {processor.py:651} INFO - DAG(s) dict_keys(['example_bash_operator']) retrieved from /Users/giovannisabarreto/Desktop/repositorios/airflow_k/venv/lib/python3.10/site-packages/airflow/example_dags/example_bash_operator.py
[2023-03-01 11:25:42,532] {logging_mixin.py:115} INFO - [2023-03-01 11:25:42,532] {dag.py:2379} INFO - Sync 1 DAGs
[2023-03-01 11:25:42,538] {logging_mixin.py:115} INFO - [2023-03-01 11:25:42,538] {dag.py:2927} INFO - Setting next_dagrun for example_bash_operator to 2023-02-28T00:00:00+00:00, run_after=2023-03-01T00:00:00+00:00
[2023-03-01 11:25:42,541] {processor.py:161} INFO - Processing /Users/giovannisabarreto/Desktop/repositorios/airflow_k/venv/lib/python3.10/site-packages/airflow/example_dags/example_bash_operator.py took 0.039 seconds
[2023-03-01 11:26:28,333] {processor.py:153} INFO - Started process (PID=31596) to work on /Users/giovannisabarreto/Desktop/repositorios/airflow_k/venv/lib/python3.10/site-packages/airflow/example_dags/example_bash_operator.py
[2023-03-01 11:26:28,334] {processor.py:641} INFO - Processing file /Users/giovannisabarreto/Desktop/repositorios/airflow_k/venv/lib/python3.10/site-packages/airflow/example_dags/example_bash_operator.py for tasks to queue
[2023-03-01 11:26:28,334] {logging_mixin.py:115} INFO - [2023-03-01 11:26:28,334] {dagbag.py:507} INFO - Filling up the DagBag from /Users/giovannisabarreto/Desktop/repositorios/airflow_k/venv/lib/python3.10/site-packages/airflow/example_dags/example_bash_operator.py
[2023-03-01 11:26:28,341] {processor.py:651} INFO - DAG(s) dict_keys(['example_bash_operator']) retrieved from /Users/giovannisabarreto/Desktop/repositorios/airflow_k/venv/lib/python3.10/site-packages/airflow/example_dags/example_bash_operator.py
[2023-03-01 11:26:28,364] {logging_mixin.py:115} INFO - [2023-03-01 11:26:28,364] {dag.py:2379} INFO - Sync 1 DAGs
[2023-03-01 11:26:28,370] {logging_mixin.py:115} INFO - [2023-03-01 11:26:28,370] {dag.py:2927} INFO - Setting next_dagrun for example_bash_operator to 2023-02-28T00:00:00+00:00, run_after=2023-03-01T00:00:00+00:00
[2023-03-01 11:26:28,374] {processor.py:161} INFO - Processing /Users/giovannisabarreto/Desktop/repositorios/airflow_k/venv/lib/python3.10/site-packages/airflow/example_dags/example_bash_operator.py took 0.041 seconds
[2023-03-01 11:27:25,154] {processor.py:153} INFO - Started process (PID=31713) to work on /Users/giovannisabarreto/Desktop/repositorios/airflow_k/venv/lib/python3.10/site-packages/airflow/example_dags/example_bash_operator.py
[2023-03-01 11:27:25,155] {processor.py:641} INFO - Processing file /Users/giovannisabarreto/Desktop/repositorios/airflow_k/venv/lib/python3.10/site-packages/airflow/example_dags/example_bash_operator.py for tasks to queue
[2023-03-01 11:27:25,155] {logging_mixin.py:115} INFO - [2023-03-01 11:27:25,155] {dagbag.py:507} INFO - Filling up the DagBag from /Users/giovannisabarreto/Desktop/repositorios/airflow_k/venv/lib/python3.10/site-packages/airflow/example_dags/example_bash_operator.py
[2023-03-01 11:27:25,162] {processor.py:651} INFO - DAG(s) dict_keys(['example_bash_operator']) retrieved from /Users/giovannisabarreto/Desktop/repositorios/airflow_k/venv/lib/python3.10/site-packages/airflow/example_dags/example_bash_operator.py
[2023-03-01 11:27:25,184] {logging_mixin.py:115} INFO - [2023-03-01 11:27:25,184] {dag.py:2379} INFO - Sync 1 DAGs
[2023-03-01 11:27:25,190] {logging_mixin.py:115} INFO - [2023-03-01 11:27:25,190] {dag.py:2927} INFO - Setting next_dagrun for example_bash_operator to 2023-02-28T00:00:00+00:00, run_after=2023-03-01T00:00:00+00:00
[2023-03-01 11:27:25,194] {processor.py:161} INFO - Processing /Users/giovannisabarreto/Desktop/repositorios/airflow_k/venv/lib/python3.10/site-packages/airflow/example_dags/example_bash_operator.py took 0.040 seconds
[2023-03-01 11:28:11,435] {processor.py:153} INFO - Started process (PID=31822) to work on /Users/giovannisabarreto/Desktop/repositorios/airflow_k/venv/lib/python3.10/site-packages/airflow/example_dags/example_bash_operator.py
[2023-03-01 11:28:11,436] {processor.py:641} INFO - Processing file /Users/giovannisabarreto/Desktop/repositorios/airflow_k/venv/lib/python3.10/site-packages/airflow/example_dags/example_bash_operator.py for tasks to queue
[2023-03-01 11:28:11,436] {logging_mixin.py:115} INFO - [2023-03-01 11:28:11,436] {dagbag.py:507} INFO - Filling up the DagBag from /Users/giovannisabarreto/Desktop/repositorios/airflow_k/venv/lib/python3.10/site-packages/airflow/example_dags/example_bash_operator.py
[2023-03-01 11:28:11,442] {processor.py:651} INFO - DAG(s) dict_keys(['example_bash_operator']) retrieved from /Users/giovannisabarreto/Desktop/repositorios/airflow_k/venv/lib/python3.10/site-packages/airflow/example_dags/example_bash_operator.py
[2023-03-01 11:28:11,464] {logging_mixin.py:115} INFO - [2023-03-01 11:28:11,464] {dag.py:2379} INFO - Sync 1 DAGs
[2023-03-01 11:28:11,470] {logging_mixin.py:115} INFO - [2023-03-01 11:28:11,470] {dag.py:2927} INFO - Setting next_dagrun for example_bash_operator to 2023-02-28T00:00:00+00:00, run_after=2023-03-01T00:00:00+00:00
[2023-03-01 11:28:11,473] {processor.py:161} INFO - Processing /Users/giovannisabarreto/Desktop/repositorios/airflow_k/venv/lib/python3.10/site-packages/airflow/example_dags/example_bash_operator.py took 0.039 seconds
[2023-03-01 11:28:57,881] {processor.py:153} INFO - Started process (PID=31904) to work on /Users/giovannisabarreto/Desktop/repositorios/airflow_k/venv/lib/python3.10/site-packages/airflow/example_dags/example_bash_operator.py
[2023-03-01 11:28:57,881] {processor.py:641} INFO - Processing file /Users/giovannisabarreto/Desktop/repositorios/airflow_k/venv/lib/python3.10/site-packages/airflow/example_dags/example_bash_operator.py for tasks to queue
[2023-03-01 11:28:57,881] {logging_mixin.py:115} INFO - [2023-03-01 11:28:57,881] {dagbag.py:507} INFO - Filling up the DagBag from /Users/giovannisabarreto/Desktop/repositorios/airflow_k/venv/lib/python3.10/site-packages/airflow/example_dags/example_bash_operator.py
[2023-03-01 11:28:57,888] {processor.py:651} INFO - DAG(s) dict_keys(['example_bash_operator']) retrieved from /Users/giovannisabarreto/Desktop/repositorios/airflow_k/venv/lib/python3.10/site-packages/airflow/example_dags/example_bash_operator.py
[2023-03-01 11:28:57,910] {logging_mixin.py:115} INFO - [2023-03-01 11:28:57,910] {dag.py:2379} INFO - Sync 1 DAGs
[2023-03-01 11:28:57,916] {logging_mixin.py:115} INFO - [2023-03-01 11:28:57,916] {dag.py:2927} INFO - Setting next_dagrun for example_bash_operator to 2023-02-28T00:00:00+00:00, run_after=2023-03-01T00:00:00+00:00
[2023-03-01 11:28:57,919] {processor.py:161} INFO - Processing /Users/giovannisabarreto/Desktop/repositorios/airflow_k/venv/lib/python3.10/site-packages/airflow/example_dags/example_bash_operator.py took 0.038 seconds
[2023-03-01 11:29:53,679] {processor.py:153} INFO - Started process (PID=32029) to work on /Users/giovannisabarreto/Desktop/repositorios/airflow_k/venv/lib/python3.10/site-packages/airflow/example_dags/example_bash_operator.py
[2023-03-01 11:29:53,680] {processor.py:641} INFO - Processing file /Users/giovannisabarreto/Desktop/repositorios/airflow_k/venv/lib/python3.10/site-packages/airflow/example_dags/example_bash_operator.py for tasks to queue
[2023-03-01 11:29:53,680] {logging_mixin.py:115} INFO - [2023-03-01 11:29:53,680] {dagbag.py:507} INFO - Filling up the DagBag from /Users/giovannisabarreto/Desktop/repositorios/airflow_k/venv/lib/python3.10/site-packages/airflow/example_dags/example_bash_operator.py
[2023-03-01 11:29:53,687] {processor.py:651} INFO - DAG(s) dict_keys(['example_bash_operator']) retrieved from /Users/giovannisabarreto/Desktop/repositorios/airflow_k/venv/lib/python3.10/site-packages/airflow/example_dags/example_bash_operator.py
[2023-03-01 11:29:53,710] {logging_mixin.py:115} INFO - [2023-03-01 11:29:53,710] {dag.py:2379} INFO - Sync 1 DAGs
[2023-03-01 11:29:53,716] {logging_mixin.py:115} INFO - [2023-03-01 11:29:53,716] {dag.py:2927} INFO - Setting next_dagrun for example_bash_operator to 2023-02-28T00:00:00+00:00, run_after=2023-03-01T00:00:00+00:00
[2023-03-01 11:29:53,719] {processor.py:161} INFO - Processing /Users/giovannisabarreto/Desktop/repositorios/airflow_k/venv/lib/python3.10/site-packages/airflow/example_dags/example_bash_operator.py took 0.040 seconds
[2023-03-01 11:30:48,773] {processor.py:153} INFO - Started process (PID=32130) to work on /Users/giovannisabarreto/Desktop/repositorios/airflow_k/venv/lib/python3.10/site-packages/airflow/example_dags/example_bash_operator.py
[2023-03-01 11:30:48,773] {processor.py:641} INFO - Processing file /Users/giovannisabarreto/Desktop/repositorios/airflow_k/venv/lib/python3.10/site-packages/airflow/example_dags/example_bash_operator.py for tasks to queue
[2023-03-01 11:30:48,773] {logging_mixin.py:115} INFO - [2023-03-01 11:30:48,773] {dagbag.py:507} INFO - Filling up the DagBag from /Users/giovannisabarreto/Desktop/repositorios/airflow_k/venv/lib/python3.10/site-packages/airflow/example_dags/example_bash_operator.py
[2023-03-01 11:30:48,779] {processor.py:651} INFO - DAG(s) dict_keys(['example_bash_operator']) retrieved from /Users/giovannisabarreto/Desktop/repositorios/airflow_k/venv/lib/python3.10/site-packages/airflow/example_dags/example_bash_operator.py
[2023-03-01 11:30:48,801] {logging_mixin.py:115} INFO - [2023-03-01 11:30:48,800] {dag.py:2379} INFO - Sync 1 DAGs
[2023-03-01 11:30:48,806] {logging_mixin.py:115} INFO - [2023-03-01 11:30:48,806] {dag.py:2927} INFO - Setting next_dagrun for example_bash_operator to 2023-02-28T00:00:00+00:00, run_after=2023-03-01T00:00:00+00:00
[2023-03-01 11:30:48,810] {processor.py:161} INFO - Processing /Users/giovannisabarreto/Desktop/repositorios/airflow_k/venv/lib/python3.10/site-packages/airflow/example_dags/example_bash_operator.py took 0.038 seconds
[2023-03-01 11:31:34,491] {processor.py:153} INFO - Started process (PID=32218) to work on /Users/giovannisabarreto/Desktop/repositorios/airflow_k/venv/lib/python3.10/site-packages/airflow/example_dags/example_bash_operator.py
[2023-03-01 11:31:34,492] {processor.py:641} INFO - Processing file /Users/giovannisabarreto/Desktop/repositorios/airflow_k/venv/lib/python3.10/site-packages/airflow/example_dags/example_bash_operator.py for tasks to queue
[2023-03-01 11:31:34,492] {logging_mixin.py:115} INFO - [2023-03-01 11:31:34,492] {dagbag.py:507} INFO - Filling up the DagBag from /Users/giovannisabarreto/Desktop/repositorios/airflow_k/venv/lib/python3.10/site-packages/airflow/example_dags/example_bash_operator.py
[2023-03-01 11:31:34,500] {processor.py:651} INFO - DAG(s) dict_keys(['example_bash_operator']) retrieved from /Users/giovannisabarreto/Desktop/repositorios/airflow_k/venv/lib/python3.10/site-packages/airflow/example_dags/example_bash_operator.py
[2023-03-01 11:31:34,524] {logging_mixin.py:115} INFO - [2023-03-01 11:31:34,523] {dag.py:2379} INFO - Sync 1 DAGs
[2023-03-01 11:31:34,531] {logging_mixin.py:115} INFO - [2023-03-01 11:31:34,531] {dag.py:2927} INFO - Setting next_dagrun for example_bash_operator to 2023-02-28T00:00:00+00:00, run_after=2023-03-01T00:00:00+00:00
[2023-03-01 11:31:34,535] {processor.py:161} INFO - Processing /Users/giovannisabarreto/Desktop/repositorios/airflow_k/venv/lib/python3.10/site-packages/airflow/example_dags/example_bash_operator.py took 0.043 seconds
[2023-03-01 11:32:21,742] {processor.py:153} INFO - Started process (PID=32301) to work on /Users/giovannisabarreto/Desktop/repositorios/airflow_k/venv/lib/python3.10/site-packages/airflow/example_dags/example_bash_operator.py
[2023-03-01 11:32:21,742] {processor.py:641} INFO - Processing file /Users/giovannisabarreto/Desktop/repositorios/airflow_k/venv/lib/python3.10/site-packages/airflow/example_dags/example_bash_operator.py for tasks to queue
[2023-03-01 11:32:21,742] {logging_mixin.py:115} INFO - [2023-03-01 11:32:21,742] {dagbag.py:507} INFO - Filling up the DagBag from /Users/giovannisabarreto/Desktop/repositorios/airflow_k/venv/lib/python3.10/site-packages/airflow/example_dags/example_bash_operator.py
[2023-03-01 11:32:21,749] {processor.py:651} INFO - DAG(s) dict_keys(['example_bash_operator']) retrieved from /Users/giovannisabarreto/Desktop/repositorios/airflow_k/venv/lib/python3.10/site-packages/airflow/example_dags/example_bash_operator.py
[2023-03-01 11:32:21,772] {logging_mixin.py:115} INFO - [2023-03-01 11:32:21,772] {dag.py:2379} INFO - Sync 1 DAGs
[2023-03-01 11:32:21,778] {logging_mixin.py:115} INFO - [2023-03-01 11:32:21,778] {dag.py:2927} INFO - Setting next_dagrun for example_bash_operator to 2023-02-28T00:00:00+00:00, run_after=2023-03-01T00:00:00+00:00
[2023-03-01 11:32:21,782] {processor.py:161} INFO - Processing /Users/giovannisabarreto/Desktop/repositorios/airflow_k/venv/lib/python3.10/site-packages/airflow/example_dags/example_bash_operator.py took 0.041 seconds
[2023-03-01 11:33:06,459] {processor.py:153} INFO - Started process (PID=32388) to work on /Users/giovannisabarreto/Desktop/repositorios/airflow_k/venv/lib/python3.10/site-packages/airflow/example_dags/example_bash_operator.py
[2023-03-01 11:33:06,460] {processor.py:641} INFO - Processing file /Users/giovannisabarreto/Desktop/repositorios/airflow_k/venv/lib/python3.10/site-packages/airflow/example_dags/example_bash_operator.py for tasks to queue
[2023-03-01 11:33:06,460] {logging_mixin.py:115} INFO - [2023-03-01 11:33:06,460] {dagbag.py:507} INFO - Filling up the DagBag from /Users/giovannisabarreto/Desktop/repositorios/airflow_k/venv/lib/python3.10/site-packages/airflow/example_dags/example_bash_operator.py
[2023-03-01 11:33:06,467] {processor.py:651} INFO - DAG(s) dict_keys(['example_bash_operator']) retrieved from /Users/giovannisabarreto/Desktop/repositorios/airflow_k/venv/lib/python3.10/site-packages/airflow/example_dags/example_bash_operator.py
[2023-03-01 11:33:06,488] {logging_mixin.py:115} INFO - [2023-03-01 11:33:06,488] {dag.py:2379} INFO - Sync 1 DAGs
[2023-03-01 11:33:06,494] {logging_mixin.py:115} INFO - [2023-03-01 11:33:06,494] {dag.py:2927} INFO - Setting next_dagrun for example_bash_operator to 2023-02-28T00:00:00+00:00, run_after=2023-03-01T00:00:00+00:00
[2023-03-01 11:33:06,498] {processor.py:161} INFO - Processing /Users/giovannisabarreto/Desktop/repositorios/airflow_k/venv/lib/python3.10/site-packages/airflow/example_dags/example_bash_operator.py took 0.039 seconds
[2023-03-01 11:33:50,792] {processor.py:153} INFO - Started process (PID=32474) to work on /Users/giovannisabarreto/Desktop/repositorios/airflow_k/venv/lib/python3.10/site-packages/airflow/example_dags/example_bash_operator.py
[2023-03-01 11:33:50,792] {processor.py:641} INFO - Processing file /Users/giovannisabarreto/Desktop/repositorios/airflow_k/venv/lib/python3.10/site-packages/airflow/example_dags/example_bash_operator.py for tasks to queue
[2023-03-01 11:33:50,793] {logging_mixin.py:115} INFO - [2023-03-01 11:33:50,793] {dagbag.py:507} INFO - Filling up the DagBag from /Users/giovannisabarreto/Desktop/repositorios/airflow_k/venv/lib/python3.10/site-packages/airflow/example_dags/example_bash_operator.py
[2023-03-01 11:33:50,799] {processor.py:651} INFO - DAG(s) dict_keys(['example_bash_operator']) retrieved from /Users/giovannisabarreto/Desktop/repositorios/airflow_k/venv/lib/python3.10/site-packages/airflow/example_dags/example_bash_operator.py
[2023-03-01 11:33:50,821] {logging_mixin.py:115} INFO - [2023-03-01 11:33:50,821] {dag.py:2379} INFO - Sync 1 DAGs
[2023-03-01 11:33:50,827] {logging_mixin.py:115} INFO - [2023-03-01 11:33:50,827] {dag.py:2927} INFO - Setting next_dagrun for example_bash_operator to 2023-02-28T00:00:00+00:00, run_after=2023-03-01T00:00:00+00:00
[2023-03-01 11:33:50,830] {processor.py:161} INFO - Processing /Users/giovannisabarreto/Desktop/repositorios/airflow_k/venv/lib/python3.10/site-packages/airflow/example_dags/example_bash_operator.py took 0.039 seconds
[2023-03-01 11:34:39,300] {processor.py:153} INFO - Started process (PID=32572) to work on /Users/giovannisabarreto/Desktop/repositorios/airflow_k/venv/lib/python3.10/site-packages/airflow/example_dags/example_bash_operator.py
[2023-03-01 11:34:39,300] {processor.py:641} INFO - Processing file /Users/giovannisabarreto/Desktop/repositorios/airflow_k/venv/lib/python3.10/site-packages/airflow/example_dags/example_bash_operator.py for tasks to queue
[2023-03-01 11:34:39,301] {logging_mixin.py:115} INFO - [2023-03-01 11:34:39,301] {dagbag.py:507} INFO - Filling up the DagBag from /Users/giovannisabarreto/Desktop/repositorios/airflow_k/venv/lib/python3.10/site-packages/airflow/example_dags/example_bash_operator.py
[2023-03-01 11:34:39,307] {processor.py:651} INFO - DAG(s) dict_keys(['example_bash_operator']) retrieved from /Users/giovannisabarreto/Desktop/repositorios/airflow_k/venv/lib/python3.10/site-packages/airflow/example_dags/example_bash_operator.py
[2023-03-01 11:34:39,329] {logging_mixin.py:115} INFO - [2023-03-01 11:34:39,329] {dag.py:2379} INFO - Sync 1 DAGs
[2023-03-01 11:34:39,335] {logging_mixin.py:115} INFO - [2023-03-01 11:34:39,335] {dag.py:2927} INFO - Setting next_dagrun for example_bash_operator to 2023-02-28T00:00:00+00:00, run_after=2023-03-01T00:00:00+00:00
[2023-03-01 11:34:39,338] {processor.py:161} INFO - Processing /Users/giovannisabarreto/Desktop/repositorios/airflow_k/venv/lib/python3.10/site-packages/airflow/example_dags/example_bash_operator.py took 0.039 seconds
[2023-03-01 11:35:27,176] {processor.py:153} INFO - Started process (PID=32659) to work on /Users/giovannisabarreto/Desktop/repositorios/airflow_k/venv/lib/python3.10/site-packages/airflow/example_dags/example_bash_operator.py
[2023-03-01 11:35:27,177] {processor.py:641} INFO - Processing file /Users/giovannisabarreto/Desktop/repositorios/airflow_k/venv/lib/python3.10/site-packages/airflow/example_dags/example_bash_operator.py for tasks to queue
[2023-03-01 11:35:27,177] {logging_mixin.py:115} INFO - [2023-03-01 11:35:27,177] {dagbag.py:507} INFO - Filling up the DagBag from /Users/giovannisabarreto/Desktop/repositorios/airflow_k/venv/lib/python3.10/site-packages/airflow/example_dags/example_bash_operator.py
[2023-03-01 11:35:27,183] {processor.py:651} INFO - DAG(s) dict_keys(['example_bash_operator']) retrieved from /Users/giovannisabarreto/Desktop/repositorios/airflow_k/venv/lib/python3.10/site-packages/airflow/example_dags/example_bash_operator.py
[2023-03-01 11:35:27,205] {logging_mixin.py:115} INFO - [2023-03-01 11:35:27,205] {dag.py:2379} INFO - Sync 1 DAGs
[2023-03-01 11:35:27,211] {logging_mixin.py:115} INFO - [2023-03-01 11:35:27,211] {dag.py:2927} INFO - Setting next_dagrun for example_bash_operator to 2023-02-28T00:00:00+00:00, run_after=2023-03-01T00:00:00+00:00
[2023-03-01 11:35:27,214] {processor.py:161} INFO - Processing /Users/giovannisabarreto/Desktop/repositorios/airflow_k/venv/lib/python3.10/site-packages/airflow/example_dags/example_bash_operator.py took 0.039 seconds
[2023-03-01 11:36:15,790] {processor.py:153} INFO - Started process (PID=32741) to work on /Users/giovannisabarreto/Desktop/repositorios/airflow_k/venv/lib/python3.10/site-packages/airflow/example_dags/example_bash_operator.py
[2023-03-01 11:36:15,791] {processor.py:641} INFO - Processing file /Users/giovannisabarreto/Desktop/repositorios/airflow_k/venv/lib/python3.10/site-packages/airflow/example_dags/example_bash_operator.py for tasks to queue
[2023-03-01 11:36:15,791] {logging_mixin.py:115} INFO - [2023-03-01 11:36:15,791] {dagbag.py:507} INFO - Filling up the DagBag from /Users/giovannisabarreto/Desktop/repositorios/airflow_k/venv/lib/python3.10/site-packages/airflow/example_dags/example_bash_operator.py
[2023-03-01 11:36:15,798] {processor.py:651} INFO - DAG(s) dict_keys(['example_bash_operator']) retrieved from /Users/giovannisabarreto/Desktop/repositorios/airflow_k/venv/lib/python3.10/site-packages/airflow/example_dags/example_bash_operator.py
[2023-03-01 11:36:15,819] {logging_mixin.py:115} INFO - [2023-03-01 11:36:15,819] {dag.py:2379} INFO - Sync 1 DAGs
[2023-03-01 11:36:15,825] {logging_mixin.py:115} INFO - [2023-03-01 11:36:15,825] {dag.py:2927} INFO - Setting next_dagrun for example_bash_operator to 2023-02-28T00:00:00+00:00, run_after=2023-03-01T00:00:00+00:00
[2023-03-01 11:36:15,829] {processor.py:161} INFO - Processing /Users/giovannisabarreto/Desktop/repositorios/airflow_k/venv/lib/python3.10/site-packages/airflow/example_dags/example_bash_operator.py took 0.038 seconds
[2023-03-01 11:36:59,821] {processor.py:153} INFO - Started process (PID=32817) to work on /Users/giovannisabarreto/Desktop/repositorios/airflow_k/venv/lib/python3.10/site-packages/airflow/example_dags/example_bash_operator.py
[2023-03-01 11:36:59,821] {processor.py:641} INFO - Processing file /Users/giovannisabarreto/Desktop/repositorios/airflow_k/venv/lib/python3.10/site-packages/airflow/example_dags/example_bash_operator.py for tasks to queue
[2023-03-01 11:36:59,822] {logging_mixin.py:115} INFO - [2023-03-01 11:36:59,822] {dagbag.py:507} INFO - Filling up the DagBag from /Users/giovannisabarreto/Desktop/repositorios/airflow_k/venv/lib/python3.10/site-packages/airflow/example_dags/example_bash_operator.py
[2023-03-01 11:36:59,828] {processor.py:651} INFO - DAG(s) dict_keys(['example_bash_operator']) retrieved from /Users/giovannisabarreto/Desktop/repositorios/airflow_k/venv/lib/python3.10/site-packages/airflow/example_dags/example_bash_operator.py
[2023-03-01 11:36:59,850] {logging_mixin.py:115} INFO - [2023-03-01 11:36:59,850] {dag.py:2379} INFO - Sync 1 DAGs
[2023-03-01 11:36:59,856] {logging_mixin.py:115} INFO - [2023-03-01 11:36:59,856] {dag.py:2927} INFO - Setting next_dagrun for example_bash_operator to 2023-02-28T00:00:00+00:00, run_after=2023-03-01T00:00:00+00:00
[2023-03-01 11:36:59,859] {processor.py:161} INFO - Processing /Users/giovannisabarreto/Desktop/repositorios/airflow_k/venv/lib/python3.10/site-packages/airflow/example_dags/example_bash_operator.py took 0.039 seconds
[2023-03-01 13:36:51,956] {processor.py:153} INFO - Started process (PID=33076) to work on /Users/giovannisabarreto/Desktop/repositorios/airflow_k/venv/lib/python3.10/site-packages/airflow/example_dags/example_bash_operator.py
[2023-03-01 13:36:51,957] {processor.py:641} INFO - Processing file /Users/giovannisabarreto/Desktop/repositorios/airflow_k/venv/lib/python3.10/site-packages/airflow/example_dags/example_bash_operator.py for tasks to queue
[2023-03-01 13:36:51,957] {logging_mixin.py:115} INFO - [2023-03-01 13:36:51,957] {dagbag.py:507} INFO - Filling up the DagBag from /Users/giovannisabarreto/Desktop/repositorios/airflow_k/venv/lib/python3.10/site-packages/airflow/example_dags/example_bash_operator.py
[2023-03-01 13:36:51,963] {processor.py:651} INFO - DAG(s) dict_keys(['example_bash_operator']) retrieved from /Users/giovannisabarreto/Desktop/repositorios/airflow_k/venv/lib/python3.10/site-packages/airflow/example_dags/example_bash_operator.py
[2023-03-01 13:36:51,985] {logging_mixin.py:115} INFO - [2023-03-01 13:36:51,984] {dag.py:2379} INFO - Sync 1 DAGs
[2023-03-01 13:36:51,990] {logging_mixin.py:115} INFO - [2023-03-01 13:36:51,990] {dag.py:2927} INFO - Setting next_dagrun for example_bash_operator to 2023-02-28T00:00:00+00:00, run_after=2023-03-01T00:00:00+00:00
[2023-03-01 13:36:51,994] {processor.py:161} INFO - Processing /Users/giovannisabarreto/Desktop/repositorios/airflow_k/venv/lib/python3.10/site-packages/airflow/example_dags/example_bash_operator.py took 0.038 seconds
[2023-03-01 16:35:25,876] {processor.py:153} INFO - Started process (PID=33424) to work on /Users/giovannisabarreto/Desktop/repositorios/airflow_k/venv/lib/python3.10/site-packages/airflow/example_dags/example_bash_operator.py
[2023-03-01 16:35:25,876] {processor.py:641} INFO - Processing file /Users/giovannisabarreto/Desktop/repositorios/airflow_k/venv/lib/python3.10/site-packages/airflow/example_dags/example_bash_operator.py for tasks to queue
[2023-03-01 16:35:25,876] {logging_mixin.py:115} INFO - [2023-03-01 16:35:25,876] {dagbag.py:507} INFO - Filling up the DagBag from /Users/giovannisabarreto/Desktop/repositorios/airflow_k/venv/lib/python3.10/site-packages/airflow/example_dags/example_bash_operator.py
[2023-03-01 16:35:25,883] {processor.py:651} INFO - DAG(s) dict_keys(['example_bash_operator']) retrieved from /Users/giovannisabarreto/Desktop/repositorios/airflow_k/venv/lib/python3.10/site-packages/airflow/example_dags/example_bash_operator.py
[2023-03-01 16:35:25,905] {logging_mixin.py:115} INFO - [2023-03-01 16:35:25,905] {dag.py:2379} INFO - Sync 1 DAGs
[2023-03-01 16:35:25,911] {logging_mixin.py:115} INFO - [2023-03-01 16:35:25,911] {dag.py:2927} INFO - Setting next_dagrun for example_bash_operator to 2023-02-28T00:00:00+00:00, run_after=2023-03-01T00:00:00+00:00
[2023-03-01 16:35:25,914] {processor.py:161} INFO - Processing /Users/giovannisabarreto/Desktop/repositorios/airflow_k/venv/lib/python3.10/site-packages/airflow/example_dags/example_bash_operator.py took 0.039 seconds
[2023-03-01 19:40:22,588] {processor.py:153} INFO - Started process (PID=33733) to work on /Users/giovannisabarreto/Desktop/repositorios/airflow_k/venv/lib/python3.10/site-packages/airflow/example_dags/example_bash_operator.py
[2023-03-01 19:40:22,589] {processor.py:641} INFO - Processing file /Users/giovannisabarreto/Desktop/repositorios/airflow_k/venv/lib/python3.10/site-packages/airflow/example_dags/example_bash_operator.py for tasks to queue
[2023-03-01 19:40:22,589] {logging_mixin.py:115} INFO - [2023-03-01 19:40:22,589] {dagbag.py:507} INFO - Filling up the DagBag from /Users/giovannisabarreto/Desktop/repositorios/airflow_k/venv/lib/python3.10/site-packages/airflow/example_dags/example_bash_operator.py
[2023-03-01 19:40:22,596] {processor.py:651} INFO - DAG(s) dict_keys(['example_bash_operator']) retrieved from /Users/giovannisabarreto/Desktop/repositorios/airflow_k/venv/lib/python3.10/site-packages/airflow/example_dags/example_bash_operator.py
[2023-03-01 19:40:22,618] {logging_mixin.py:115} INFO - [2023-03-01 19:40:22,618] {dag.py:2379} INFO - Sync 1 DAGs
[2023-03-01 19:40:22,624] {logging_mixin.py:115} INFO - [2023-03-01 19:40:22,624] {dag.py:2927} INFO - Setting next_dagrun for example_bash_operator to 2023-02-28T00:00:00+00:00, run_after=2023-03-01T00:00:00+00:00
[2023-03-01 19:40:22,627] {processor.py:161} INFO - Processing /Users/giovannisabarreto/Desktop/repositorios/airflow_k/venv/lib/python3.10/site-packages/airflow/example_dags/example_bash_operator.py took 0.039 seconds
