[2023-03-01 10:45:32,340] {processor.py:153} INFO - Started process (PID=25659) to work on /Users/giovannisabarreto/Desktop/repositorios/airflow_k/venv/lib/python3.10/site-packages/airflow/example_dags/example_branch_labels.py
[2023-03-01 10:45:32,340] {processor.py:641} INFO - Processing file /Users/giovannisabarreto/Desktop/repositorios/airflow_k/venv/lib/python3.10/site-packages/airflow/example_dags/example_branch_labels.py for tasks to queue
[2023-03-01 10:45:32,340] {logging_mixin.py:115} INFO - [2023-03-01 10:45:32,340] {dagbag.py:507} INFO - Filling up the DagBag from /Users/giovannisabarreto/Desktop/repositorios/airflow_k/venv/lib/python3.10/site-packages/airflow/example_dags/example_branch_labels.py
[2023-03-01 10:45:32,345] {processor.py:651} INFO - DAG(s) dict_keys(['example_branch_labels']) retrieved from /Users/giovannisabarreto/Desktop/repositorios/airflow_k/venv/lib/python3.10/site-packages/airflow/example_dags/example_branch_labels.py
[2023-03-01 10:45:32,630] {logging_mixin.py:115} INFO - [2023-03-01 10:45:32,630] {manager.py:508} INFO - Created Permission View: can delete on DAG:example_branch_labels
[2023-03-01 10:45:32,633] {logging_mixin.py:115} INFO - [2023-03-01 10:45:32,633] {manager.py:508} INFO - Created Permission View: can edit on DAG:example_branch_labels
[2023-03-01 10:45:32,634] {logging_mixin.py:115} INFO - [2023-03-01 10:45:32,634] {manager.py:508} INFO - Created Permission View: can read on DAG:example_branch_labels
[2023-03-01 10:45:32,634] {logging_mixin.py:115} INFO - [2023-03-01 10:45:32,634] {dag.py:2379} INFO - Sync 1 DAGs
[2023-03-01 10:45:32,637] {logging_mixin.py:115} INFO - [2023-03-01 10:45:32,637] {dag.py:2398} INFO - Creating ORM DAG for example_branch_labels
[2023-03-01 10:45:32,641] {logging_mixin.py:115} INFO - [2023-03-01 10:45:32,641] {dag.py:2927} INFO - Setting next_dagrun for example_branch_labels to 2023-02-28T00:00:00+00:00, run_after=2023-03-01T00:00:00+00:00
[2023-03-01 10:45:32,644] {processor.py:161} INFO - Processing /Users/giovannisabarreto/Desktop/repositorios/airflow_k/venv/lib/python3.10/site-packages/airflow/example_dags/example_branch_labels.py took 0.305 seconds
[2023-03-01 10:46:24,088] {processor.py:153} INFO - Started process (PID=25748) to work on /Users/giovannisabarreto/Desktop/repositorios/airflow_k/venv/lib/python3.10/site-packages/airflow/example_dags/example_branch_labels.py
[2023-03-01 10:46:24,089] {processor.py:641} INFO - Processing file /Users/giovannisabarreto/Desktop/repositorios/airflow_k/venv/lib/python3.10/site-packages/airflow/example_dags/example_branch_labels.py for tasks to queue
[2023-03-01 10:46:24,089] {logging_mixin.py:115} INFO - [2023-03-01 10:46:24,089] {dagbag.py:507} INFO - Filling up the DagBag from /Users/giovannisabarreto/Desktop/repositorios/airflow_k/venv/lib/python3.10/site-packages/airflow/example_dags/example_branch_labels.py
[2023-03-01 10:46:24,094] {processor.py:651} INFO - DAG(s) dict_keys(['example_branch_labels']) retrieved from /Users/giovannisabarreto/Desktop/repositorios/airflow_k/venv/lib/python3.10/site-packages/airflow/example_dags/example_branch_labels.py
[2023-03-01 10:46:24,117] {logging_mixin.py:115} INFO - [2023-03-01 10:46:24,117] {dag.py:2379} INFO - Sync 1 DAGs
[2023-03-01 10:46:24,123] {logging_mixin.py:115} INFO - [2023-03-01 10:46:24,123] {dag.py:2927} INFO - Setting next_dagrun for example_branch_labels to 2023-02-28T00:00:00+00:00, run_after=2023-03-01T00:00:00+00:00
[2023-03-01 10:46:24,126] {processor.py:161} INFO - Processing /Users/giovannisabarreto/Desktop/repositorios/airflow_k/venv/lib/python3.10/site-packages/airflow/example_dags/example_branch_labels.py took 0.038 seconds
[2023-03-01 10:47:10,062] {processor.py:153} INFO - Started process (PID=25827) to work on /Users/giovannisabarreto/Desktop/repositorios/airflow_k/venv/lib/python3.10/site-packages/airflow/example_dags/example_branch_labels.py
[2023-03-01 10:47:10,062] {processor.py:641} INFO - Processing file /Users/giovannisabarreto/Desktop/repositorios/airflow_k/venv/lib/python3.10/site-packages/airflow/example_dags/example_branch_labels.py for tasks to queue
[2023-03-01 10:47:10,062] {logging_mixin.py:115} INFO - [2023-03-01 10:47:10,062] {dagbag.py:507} INFO - Filling up the DagBag from /Users/giovannisabarreto/Desktop/repositorios/airflow_k/venv/lib/python3.10/site-packages/airflow/example_dags/example_branch_labels.py
[2023-03-01 10:47:10,067] {processor.py:651} INFO - DAG(s) dict_keys(['example_branch_labels']) retrieved from /Users/giovannisabarreto/Desktop/repositorios/airflow_k/venv/lib/python3.10/site-packages/airflow/example_dags/example_branch_labels.py
[2023-03-01 10:47:10,089] {logging_mixin.py:115} INFO - [2023-03-01 10:47:10,089] {dag.py:2379} INFO - Sync 1 DAGs
[2023-03-01 10:47:10,095] {logging_mixin.py:115} INFO - [2023-03-01 10:47:10,095] {dag.py:2927} INFO - Setting next_dagrun for example_branch_labels to 2023-02-28T00:00:00+00:00, run_after=2023-03-01T00:00:00+00:00
[2023-03-01 10:47:10,098] {processor.py:161} INFO - Processing /Users/giovannisabarreto/Desktop/repositorios/airflow_k/venv/lib/python3.10/site-packages/airflow/example_dags/example_branch_labels.py took 0.037 seconds
[2023-03-01 10:47:54,233] {processor.py:153} INFO - Started process (PID=25908) to work on /Users/giovannisabarreto/Desktop/repositorios/airflow_k/venv/lib/python3.10/site-packages/airflow/example_dags/example_branch_labels.py
[2023-03-01 10:47:54,234] {processor.py:641} INFO - Processing file /Users/giovannisabarreto/Desktop/repositorios/airflow_k/venv/lib/python3.10/site-packages/airflow/example_dags/example_branch_labels.py for tasks to queue
[2023-03-01 10:47:54,234] {logging_mixin.py:115} INFO - [2023-03-01 10:47:54,234] {dagbag.py:507} INFO - Filling up the DagBag from /Users/giovannisabarreto/Desktop/repositorios/airflow_k/venv/lib/python3.10/site-packages/airflow/example_dags/example_branch_labels.py
[2023-03-01 10:47:54,239] {processor.py:651} INFO - DAG(s) dict_keys(['example_branch_labels']) retrieved from /Users/giovannisabarreto/Desktop/repositorios/airflow_k/venv/lib/python3.10/site-packages/airflow/example_dags/example_branch_labels.py
[2023-03-01 10:47:54,261] {logging_mixin.py:115} INFO - [2023-03-01 10:47:54,261] {dag.py:2379} INFO - Sync 1 DAGs
[2023-03-01 10:47:54,267] {logging_mixin.py:115} INFO - [2023-03-01 10:47:54,267] {dag.py:2927} INFO - Setting next_dagrun for example_branch_labels to 2023-02-28T00:00:00+00:00, run_after=2023-03-01T00:00:00+00:00
[2023-03-01 10:47:54,270] {processor.py:161} INFO - Processing /Users/giovannisabarreto/Desktop/repositorios/airflow_k/venv/lib/python3.10/site-packages/airflow/example_dags/example_branch_labels.py took 0.037 seconds
[2023-03-01 10:48:42,313] {processor.py:153} INFO - Started process (PID=25988) to work on /Users/giovannisabarreto/Desktop/repositorios/airflow_k/venv/lib/python3.10/site-packages/airflow/example_dags/example_branch_labels.py
[2023-03-01 10:48:42,313] {processor.py:641} INFO - Processing file /Users/giovannisabarreto/Desktop/repositorios/airflow_k/venv/lib/python3.10/site-packages/airflow/example_dags/example_branch_labels.py for tasks to queue
[2023-03-01 10:48:42,314] {logging_mixin.py:115} INFO - [2023-03-01 10:48:42,314] {dagbag.py:507} INFO - Filling up the DagBag from /Users/giovannisabarreto/Desktop/repositorios/airflow_k/venv/lib/python3.10/site-packages/airflow/example_dags/example_branch_labels.py
[2023-03-01 10:48:42,319] {processor.py:651} INFO - DAG(s) dict_keys(['example_branch_labels']) retrieved from /Users/giovannisabarreto/Desktop/repositorios/airflow_k/venv/lib/python3.10/site-packages/airflow/example_dags/example_branch_labels.py
[2023-03-01 10:48:42,341] {logging_mixin.py:115} INFO - [2023-03-01 10:48:42,341] {dag.py:2379} INFO - Sync 1 DAGs
[2023-03-01 10:48:42,347] {logging_mixin.py:115} INFO - [2023-03-01 10:48:42,347] {dag.py:2927} INFO - Setting next_dagrun for example_branch_labels to 2023-02-28T00:00:00+00:00, run_after=2023-03-01T00:00:00+00:00
[2023-03-01 10:48:42,350] {processor.py:161} INFO - Processing /Users/giovannisabarreto/Desktop/repositorios/airflow_k/venv/lib/python3.10/site-packages/airflow/example_dags/example_branch_labels.py took 0.037 seconds
[2023-03-01 10:49:29,152] {processor.py:153} INFO - Started process (PID=26087) to work on /Users/giovannisabarreto/Desktop/repositorios/airflow_k/venv/lib/python3.10/site-packages/airflow/example_dags/example_branch_labels.py
[2023-03-01 10:49:29,152] {processor.py:641} INFO - Processing file /Users/giovannisabarreto/Desktop/repositorios/airflow_k/venv/lib/python3.10/site-packages/airflow/example_dags/example_branch_labels.py for tasks to queue
[2023-03-01 10:49:29,152] {logging_mixin.py:115} INFO - [2023-03-01 10:49:29,152] {dagbag.py:507} INFO - Filling up the DagBag from /Users/giovannisabarreto/Desktop/repositorios/airflow_k/venv/lib/python3.10/site-packages/airflow/example_dags/example_branch_labels.py
[2023-03-01 10:49:29,158] {processor.py:651} INFO - DAG(s) dict_keys(['example_branch_labels']) retrieved from /Users/giovannisabarreto/Desktop/repositorios/airflow_k/venv/lib/python3.10/site-packages/airflow/example_dags/example_branch_labels.py
[2023-03-01 10:49:29,180] {logging_mixin.py:115} INFO - [2023-03-01 10:49:29,180] {dag.py:2379} INFO - Sync 1 DAGs
[2023-03-01 10:49:29,186] {logging_mixin.py:115} INFO - [2023-03-01 10:49:29,186] {dag.py:2927} INFO - Setting next_dagrun for example_branch_labels to 2023-02-28T00:00:00+00:00, run_after=2023-03-01T00:00:00+00:00
[2023-03-01 10:49:29,189] {processor.py:161} INFO - Processing /Users/giovannisabarreto/Desktop/repositorios/airflow_k/venv/lib/python3.10/site-packages/airflow/example_dags/example_branch_labels.py took 0.038 seconds
[2023-03-01 10:50:14,618] {processor.py:153} INFO - Started process (PID=26168) to work on /Users/giovannisabarreto/Desktop/repositorios/airflow_k/venv/lib/python3.10/site-packages/airflow/example_dags/example_branch_labels.py
[2023-03-01 10:50:14,619] {processor.py:641} INFO - Processing file /Users/giovannisabarreto/Desktop/repositorios/airflow_k/venv/lib/python3.10/site-packages/airflow/example_dags/example_branch_labels.py for tasks to queue
[2023-03-01 10:50:14,619] {logging_mixin.py:115} INFO - [2023-03-01 10:50:14,619] {dagbag.py:507} INFO - Filling up the DagBag from /Users/giovannisabarreto/Desktop/repositorios/airflow_k/venv/lib/python3.10/site-packages/airflow/example_dags/example_branch_labels.py
[2023-03-01 10:50:14,623] {processor.py:651} INFO - DAG(s) dict_keys(['example_branch_labels']) retrieved from /Users/giovannisabarreto/Desktop/repositorios/airflow_k/venv/lib/python3.10/site-packages/airflow/example_dags/example_branch_labels.py
[2023-03-01 10:50:14,645] {logging_mixin.py:115} INFO - [2023-03-01 10:50:14,645] {dag.py:2379} INFO - Sync 1 DAGs
[2023-03-01 10:50:14,651] {logging_mixin.py:115} INFO - [2023-03-01 10:50:14,651] {dag.py:2927} INFO - Setting next_dagrun for example_branch_labels to 2023-02-28T00:00:00+00:00, run_after=2023-03-01T00:00:00+00:00
[2023-03-01 10:50:14,654] {processor.py:161} INFO - Processing /Users/giovannisabarreto/Desktop/repositorios/airflow_k/venv/lib/python3.10/site-packages/airflow/example_dags/example_branch_labels.py took 0.036 seconds
[2023-03-01 10:51:02,655] {processor.py:153} INFO - Started process (PID=26249) to work on /Users/giovannisabarreto/Desktop/repositorios/airflow_k/venv/lib/python3.10/site-packages/airflow/example_dags/example_branch_labels.py
[2023-03-01 10:51:02,656] {processor.py:641} INFO - Processing file /Users/giovannisabarreto/Desktop/repositorios/airflow_k/venv/lib/python3.10/site-packages/airflow/example_dags/example_branch_labels.py for tasks to queue
[2023-03-01 10:51:02,656] {logging_mixin.py:115} INFO - [2023-03-01 10:51:02,656] {dagbag.py:507} INFO - Filling up the DagBag from /Users/giovannisabarreto/Desktop/repositorios/airflow_k/venv/lib/python3.10/site-packages/airflow/example_dags/example_branch_labels.py
[2023-03-01 10:51:02,661] {processor.py:651} INFO - DAG(s) dict_keys(['example_branch_labels']) retrieved from /Users/giovannisabarreto/Desktop/repositorios/airflow_k/venv/lib/python3.10/site-packages/airflow/example_dags/example_branch_labels.py
[2023-03-01 10:51:02,682] {logging_mixin.py:115} INFO - [2023-03-01 10:51:02,682] {dag.py:2379} INFO - Sync 1 DAGs
[2023-03-01 10:51:02,688] {logging_mixin.py:115} INFO - [2023-03-01 10:51:02,688] {dag.py:2927} INFO - Setting next_dagrun for example_branch_labels to 2023-02-28T00:00:00+00:00, run_after=2023-03-01T00:00:00+00:00
[2023-03-01 10:51:02,691] {processor.py:161} INFO - Processing /Users/giovannisabarreto/Desktop/repositorios/airflow_k/venv/lib/python3.10/site-packages/airflow/example_dags/example_branch_labels.py took 0.037 seconds
[2023-03-01 10:51:53,167] {processor.py:153} INFO - Started process (PID=26334) to work on /Users/giovannisabarreto/Desktop/repositorios/airflow_k/venv/lib/python3.10/site-packages/airflow/example_dags/example_branch_labels.py
[2023-03-01 10:51:53,168] {processor.py:641} INFO - Processing file /Users/giovannisabarreto/Desktop/repositorios/airflow_k/venv/lib/python3.10/site-packages/airflow/example_dags/example_branch_labels.py for tasks to queue
[2023-03-01 10:51:53,168] {logging_mixin.py:115} INFO - [2023-03-01 10:51:53,168] {dagbag.py:507} INFO - Filling up the DagBag from /Users/giovannisabarreto/Desktop/repositorios/airflow_k/venv/lib/python3.10/site-packages/airflow/example_dags/example_branch_labels.py
[2023-03-01 10:51:53,173] {processor.py:651} INFO - DAG(s) dict_keys(['example_branch_labels']) retrieved from /Users/giovannisabarreto/Desktop/repositorios/airflow_k/venv/lib/python3.10/site-packages/airflow/example_dags/example_branch_labels.py
[2023-03-01 10:51:53,195] {logging_mixin.py:115} INFO - [2023-03-01 10:51:53,195] {dag.py:2379} INFO - Sync 1 DAGs
[2023-03-01 10:51:53,201] {logging_mixin.py:115} INFO - [2023-03-01 10:51:53,201] {dag.py:2927} INFO - Setting next_dagrun for example_branch_labels to 2023-02-28T00:00:00+00:00, run_after=2023-03-01T00:00:00+00:00
[2023-03-01 10:51:53,204] {processor.py:161} INFO - Processing /Users/giovannisabarreto/Desktop/repositorios/airflow_k/venv/lib/python3.10/site-packages/airflow/example_dags/example_branch_labels.py took 0.037 seconds
[2023-03-01 10:52:43,251] {processor.py:153} INFO - Started process (PID=26419) to work on /Users/giovannisabarreto/Desktop/repositorios/airflow_k/venv/lib/python3.10/site-packages/airflow/example_dags/example_branch_labels.py
[2023-03-01 10:52:43,252] {processor.py:641} INFO - Processing file /Users/giovannisabarreto/Desktop/repositorios/airflow_k/venv/lib/python3.10/site-packages/airflow/example_dags/example_branch_labels.py for tasks to queue
[2023-03-01 10:52:43,252] {logging_mixin.py:115} INFO - [2023-03-01 10:52:43,252] {dagbag.py:507} INFO - Filling up the DagBag from /Users/giovannisabarreto/Desktop/repositorios/airflow_k/venv/lib/python3.10/site-packages/airflow/example_dags/example_branch_labels.py
[2023-03-01 10:52:43,257] {processor.py:651} INFO - DAG(s) dict_keys(['example_branch_labels']) retrieved from /Users/giovannisabarreto/Desktop/repositorios/airflow_k/venv/lib/python3.10/site-packages/airflow/example_dags/example_branch_labels.py
[2023-03-01 10:52:43,279] {logging_mixin.py:115} INFO - [2023-03-01 10:52:43,279] {dag.py:2379} INFO - Sync 1 DAGs
[2023-03-01 10:52:43,285] {logging_mixin.py:115} INFO - [2023-03-01 10:52:43,284] {dag.py:2927} INFO - Setting next_dagrun for example_branch_labels to 2023-02-28T00:00:00+00:00, run_after=2023-03-01T00:00:00+00:00
[2023-03-01 10:52:43,288] {processor.py:161} INFO - Processing /Users/giovannisabarreto/Desktop/repositorios/airflow_k/venv/lib/python3.10/site-packages/airflow/example_dags/example_branch_labels.py took 0.037 seconds
[2023-03-01 10:53:29,538] {processor.py:153} INFO - Started process (PID=26504) to work on /Users/giovannisabarreto/Desktop/repositorios/airflow_k/venv/lib/python3.10/site-packages/airflow/example_dags/example_branch_labels.py
[2023-03-01 10:53:29,539] {processor.py:641} INFO - Processing file /Users/giovannisabarreto/Desktop/repositorios/airflow_k/venv/lib/python3.10/site-packages/airflow/example_dags/example_branch_labels.py for tasks to queue
[2023-03-01 10:53:29,539] {logging_mixin.py:115} INFO - [2023-03-01 10:53:29,539] {dagbag.py:507} INFO - Filling up the DagBag from /Users/giovannisabarreto/Desktop/repositorios/airflow_k/venv/lib/python3.10/site-packages/airflow/example_dags/example_branch_labels.py
[2023-03-01 10:53:29,544] {processor.py:651} INFO - DAG(s) dict_keys(['example_branch_labels']) retrieved from /Users/giovannisabarreto/Desktop/repositorios/airflow_k/venv/lib/python3.10/site-packages/airflow/example_dags/example_branch_labels.py
[2023-03-01 10:53:29,566] {logging_mixin.py:115} INFO - [2023-03-01 10:53:29,566] {dag.py:2379} INFO - Sync 1 DAGs
[2023-03-01 10:53:29,572] {logging_mixin.py:115} INFO - [2023-03-01 10:53:29,572] {dag.py:2927} INFO - Setting next_dagrun for example_branch_labels to 2023-02-28T00:00:00+00:00, run_after=2023-03-01T00:00:00+00:00
[2023-03-01 10:53:29,575] {processor.py:161} INFO - Processing /Users/giovannisabarreto/Desktop/repositorios/airflow_k/venv/lib/python3.10/site-packages/airflow/example_dags/example_branch_labels.py took 0.037 seconds
[2023-03-01 10:54:17,271] {processor.py:153} INFO - Started process (PID=26599) to work on /Users/giovannisabarreto/Desktop/repositorios/airflow_k/venv/lib/python3.10/site-packages/airflow/example_dags/example_branch_labels.py
[2023-03-01 10:54:17,272] {processor.py:641} INFO - Processing file /Users/giovannisabarreto/Desktop/repositorios/airflow_k/venv/lib/python3.10/site-packages/airflow/example_dags/example_branch_labels.py for tasks to queue
[2023-03-01 10:54:17,272] {logging_mixin.py:115} INFO - [2023-03-01 10:54:17,272] {dagbag.py:507} INFO - Filling up the DagBag from /Users/giovannisabarreto/Desktop/repositorios/airflow_k/venv/lib/python3.10/site-packages/airflow/example_dags/example_branch_labels.py
[2023-03-01 10:54:17,277] {processor.py:651} INFO - DAG(s) dict_keys(['example_branch_labels']) retrieved from /Users/giovannisabarreto/Desktop/repositorios/airflow_k/venv/lib/python3.10/site-packages/airflow/example_dags/example_branch_labels.py
[2023-03-01 10:54:17,298] {logging_mixin.py:115} INFO - [2023-03-01 10:54:17,298] {dag.py:2379} INFO - Sync 1 DAGs
[2023-03-01 10:54:17,304] {logging_mixin.py:115} INFO - [2023-03-01 10:54:17,304] {dag.py:2927} INFO - Setting next_dagrun for example_branch_labels to 2023-02-28T00:00:00+00:00, run_after=2023-03-01T00:00:00+00:00
[2023-03-01 10:54:17,307] {processor.py:161} INFO - Processing /Users/giovannisabarreto/Desktop/repositorios/airflow_k/venv/lib/python3.10/site-packages/airflow/example_dags/example_branch_labels.py took 0.037 seconds
[2023-03-01 10:55:13,892] {processor.py:153} INFO - Started process (PID=26697) to work on /Users/giovannisabarreto/Desktop/repositorios/airflow_k/venv/lib/python3.10/site-packages/airflow/example_dags/example_branch_labels.py
[2023-03-01 10:55:13,893] {processor.py:641} INFO - Processing file /Users/giovannisabarreto/Desktop/repositorios/airflow_k/venv/lib/python3.10/site-packages/airflow/example_dags/example_branch_labels.py for tasks to queue
[2023-03-01 10:55:13,893] {logging_mixin.py:115} INFO - [2023-03-01 10:55:13,893] {dagbag.py:507} INFO - Filling up the DagBag from /Users/giovannisabarreto/Desktop/repositorios/airflow_k/venv/lib/python3.10/site-packages/airflow/example_dags/example_branch_labels.py
[2023-03-01 10:55:13,898] {processor.py:651} INFO - DAG(s) dict_keys(['example_branch_labels']) retrieved from /Users/giovannisabarreto/Desktop/repositorios/airflow_k/venv/lib/python3.10/site-packages/airflow/example_dags/example_branch_labels.py
[2023-03-01 10:55:13,920] {logging_mixin.py:115} INFO - [2023-03-01 10:55:13,920] {dag.py:2379} INFO - Sync 1 DAGs
[2023-03-01 10:55:13,926] {logging_mixin.py:115} INFO - [2023-03-01 10:55:13,925] {dag.py:2927} INFO - Setting next_dagrun for example_branch_labels to 2023-02-28T00:00:00+00:00, run_after=2023-03-01T00:00:00+00:00
[2023-03-01 10:55:13,929] {processor.py:161} INFO - Processing /Users/giovannisabarreto/Desktop/repositorios/airflow_k/venv/lib/python3.10/site-packages/airflow/example_dags/example_branch_labels.py took 0.037 seconds
[2023-03-01 10:56:00,190] {processor.py:153} INFO - Started process (PID=26777) to work on /Users/giovannisabarreto/Desktop/repositorios/airflow_k/venv/lib/python3.10/site-packages/airflow/example_dags/example_branch_labels.py
[2023-03-01 10:56:00,191] {processor.py:641} INFO - Processing file /Users/giovannisabarreto/Desktop/repositorios/airflow_k/venv/lib/python3.10/site-packages/airflow/example_dags/example_branch_labels.py for tasks to queue
[2023-03-01 10:56:00,191] {logging_mixin.py:115} INFO - [2023-03-01 10:56:00,191] {dagbag.py:507} INFO - Filling up the DagBag from /Users/giovannisabarreto/Desktop/repositorios/airflow_k/venv/lib/python3.10/site-packages/airflow/example_dags/example_branch_labels.py
[2023-03-01 10:56:00,196] {processor.py:651} INFO - DAG(s) dict_keys(['example_branch_labels']) retrieved from /Users/giovannisabarreto/Desktop/repositorios/airflow_k/venv/lib/python3.10/site-packages/airflow/example_dags/example_branch_labels.py
[2023-03-01 10:56:00,218] {logging_mixin.py:115} INFO - [2023-03-01 10:56:00,218] {dag.py:2379} INFO - Sync 1 DAGs
[2023-03-01 10:56:00,224] {logging_mixin.py:115} INFO - [2023-03-01 10:56:00,224] {dag.py:2927} INFO - Setting next_dagrun for example_branch_labels to 2023-02-28T00:00:00+00:00, run_after=2023-03-01T00:00:00+00:00
[2023-03-01 10:56:00,227] {processor.py:161} INFO - Processing /Users/giovannisabarreto/Desktop/repositorios/airflow_k/venv/lib/python3.10/site-packages/airflow/example_dags/example_branch_labels.py took 0.037 seconds
[2023-03-01 10:56:48,059] {processor.py:153} INFO - Started process (PID=26858) to work on /Users/giovannisabarreto/Desktop/repositorios/airflow_k/venv/lib/python3.10/site-packages/airflow/example_dags/example_branch_labels.py
[2023-03-01 10:56:48,060] {processor.py:641} INFO - Processing file /Users/giovannisabarreto/Desktop/repositorios/airflow_k/venv/lib/python3.10/site-packages/airflow/example_dags/example_branch_labels.py for tasks to queue
[2023-03-01 10:56:48,060] {logging_mixin.py:115} INFO - [2023-03-01 10:56:48,060] {dagbag.py:507} INFO - Filling up the DagBag from /Users/giovannisabarreto/Desktop/repositorios/airflow_k/venv/lib/python3.10/site-packages/airflow/example_dags/example_branch_labels.py
[2023-03-01 10:56:48,065] {processor.py:651} INFO - DAG(s) dict_keys(['example_branch_labels']) retrieved from /Users/giovannisabarreto/Desktop/repositorios/airflow_k/venv/lib/python3.10/site-packages/airflow/example_dags/example_branch_labels.py
[2023-03-01 10:56:48,087] {logging_mixin.py:115} INFO - [2023-03-01 10:56:48,087] {dag.py:2379} INFO - Sync 1 DAGs
[2023-03-01 10:56:48,093] {logging_mixin.py:115} INFO - [2023-03-01 10:56:48,092] {dag.py:2927} INFO - Setting next_dagrun for example_branch_labels to 2023-02-28T00:00:00+00:00, run_after=2023-03-01T00:00:00+00:00
[2023-03-01 10:56:48,096] {processor.py:161} INFO - Processing /Users/giovannisabarreto/Desktop/repositorios/airflow_k/venv/lib/python3.10/site-packages/airflow/example_dags/example_branch_labels.py took 0.036 seconds
[2023-03-01 10:57:32,938] {processor.py:153} INFO - Started process (PID=26936) to work on /Users/giovannisabarreto/Desktop/repositorios/airflow_k/venv/lib/python3.10/site-packages/airflow/example_dags/example_branch_labels.py
[2023-03-01 10:57:32,939] {processor.py:641} INFO - Processing file /Users/giovannisabarreto/Desktop/repositorios/airflow_k/venv/lib/python3.10/site-packages/airflow/example_dags/example_branch_labels.py for tasks to queue
[2023-03-01 10:57:32,939] {logging_mixin.py:115} INFO - [2023-03-01 10:57:32,939] {dagbag.py:507} INFO - Filling up the DagBag from /Users/giovannisabarreto/Desktop/repositorios/airflow_k/venv/lib/python3.10/site-packages/airflow/example_dags/example_branch_labels.py
[2023-03-01 10:57:32,944] {processor.py:651} INFO - DAG(s) dict_keys(['example_branch_labels']) retrieved from /Users/giovannisabarreto/Desktop/repositorios/airflow_k/venv/lib/python3.10/site-packages/airflow/example_dags/example_branch_labels.py
[2023-03-01 10:57:32,966] {logging_mixin.py:115} INFO - [2023-03-01 10:57:32,966] {dag.py:2379} INFO - Sync 1 DAGs
[2023-03-01 10:57:32,972] {logging_mixin.py:115} INFO - [2023-03-01 10:57:32,972] {dag.py:2927} INFO - Setting next_dagrun for example_branch_labels to 2023-02-28T00:00:00+00:00, run_after=2023-03-01T00:00:00+00:00
[2023-03-01 10:57:32,975] {processor.py:161} INFO - Processing /Users/giovannisabarreto/Desktop/repositorios/airflow_k/venv/lib/python3.10/site-packages/airflow/example_dags/example_branch_labels.py took 0.037 seconds
[2023-03-01 10:58:18,303] {processor.py:153} INFO - Started process (PID=27025) to work on /Users/giovannisabarreto/Desktop/repositorios/airflow_k/venv/lib/python3.10/site-packages/airflow/example_dags/example_branch_labels.py
[2023-03-01 10:58:18,304] {processor.py:641} INFO - Processing file /Users/giovannisabarreto/Desktop/repositorios/airflow_k/venv/lib/python3.10/site-packages/airflow/example_dags/example_branch_labels.py for tasks to queue
[2023-03-01 10:58:18,304] {logging_mixin.py:115} INFO - [2023-03-01 10:58:18,304] {dagbag.py:507} INFO - Filling up the DagBag from /Users/giovannisabarreto/Desktop/repositorios/airflow_k/venv/lib/python3.10/site-packages/airflow/example_dags/example_branch_labels.py
[2023-03-01 10:58:18,309] {processor.py:651} INFO - DAG(s) dict_keys(['example_branch_labels']) retrieved from /Users/giovannisabarreto/Desktop/repositorios/airflow_k/venv/lib/python3.10/site-packages/airflow/example_dags/example_branch_labels.py
[2023-03-01 10:58:18,331] {logging_mixin.py:115} INFO - [2023-03-01 10:58:18,331] {dag.py:2379} INFO - Sync 1 DAGs
[2023-03-01 10:58:18,337] {logging_mixin.py:115} INFO - [2023-03-01 10:58:18,337] {dag.py:2927} INFO - Setting next_dagrun for example_branch_labels to 2023-02-28T00:00:00+00:00, run_after=2023-03-01T00:00:00+00:00
[2023-03-01 10:58:18,340] {processor.py:161} INFO - Processing /Users/giovannisabarreto/Desktop/repositorios/airflow_k/venv/lib/python3.10/site-packages/airflow/example_dags/example_branch_labels.py took 0.037 seconds
[2023-03-01 10:59:03,312] {processor.py:153} INFO - Started process (PID=27110) to work on /Users/giovannisabarreto/Desktop/repositorios/airflow_k/venv/lib/python3.10/site-packages/airflow/example_dags/example_branch_labels.py
[2023-03-01 10:59:03,312] {processor.py:641} INFO - Processing file /Users/giovannisabarreto/Desktop/repositorios/airflow_k/venv/lib/python3.10/site-packages/airflow/example_dags/example_branch_labels.py for tasks to queue
[2023-03-01 10:59:03,313] {logging_mixin.py:115} INFO - [2023-03-01 10:59:03,313] {dagbag.py:507} INFO - Filling up the DagBag from /Users/giovannisabarreto/Desktop/repositorios/airflow_k/venv/lib/python3.10/site-packages/airflow/example_dags/example_branch_labels.py
[2023-03-01 10:59:03,318] {processor.py:651} INFO - DAG(s) dict_keys(['example_branch_labels']) retrieved from /Users/giovannisabarreto/Desktop/repositorios/airflow_k/venv/lib/python3.10/site-packages/airflow/example_dags/example_branch_labels.py
[2023-03-01 10:59:03,341] {logging_mixin.py:115} INFO - [2023-03-01 10:59:03,341] {dag.py:2379} INFO - Sync 1 DAGs
[2023-03-01 10:59:03,347] {logging_mixin.py:115} INFO - [2023-03-01 10:59:03,347] {dag.py:2927} INFO - Setting next_dagrun for example_branch_labels to 2023-02-28T00:00:00+00:00, run_after=2023-03-01T00:00:00+00:00
[2023-03-01 10:59:03,350] {processor.py:161} INFO - Processing /Users/giovannisabarreto/Desktop/repositorios/airflow_k/venv/lib/python3.10/site-packages/airflow/example_dags/example_branch_labels.py took 0.038 seconds
[2023-03-01 10:59:46,351] {processor.py:153} INFO - Started process (PID=27194) to work on /Users/giovannisabarreto/Desktop/repositorios/airflow_k/venv/lib/python3.10/site-packages/airflow/example_dags/example_branch_labels.py
[2023-03-01 10:59:46,352] {processor.py:641} INFO - Processing file /Users/giovannisabarreto/Desktop/repositorios/airflow_k/venv/lib/python3.10/site-packages/airflow/example_dags/example_branch_labels.py for tasks to queue
[2023-03-01 10:59:46,352] {logging_mixin.py:115} INFO - [2023-03-01 10:59:46,352] {dagbag.py:507} INFO - Filling up the DagBag from /Users/giovannisabarreto/Desktop/repositorios/airflow_k/venv/lib/python3.10/site-packages/airflow/example_dags/example_branch_labels.py
[2023-03-01 10:59:46,357] {processor.py:651} INFO - DAG(s) dict_keys(['example_branch_labels']) retrieved from /Users/giovannisabarreto/Desktop/repositorios/airflow_k/venv/lib/python3.10/site-packages/airflow/example_dags/example_branch_labels.py
[2023-03-01 10:59:46,379] {logging_mixin.py:115} INFO - [2023-03-01 10:59:46,379] {dag.py:2379} INFO - Sync 1 DAGs
[2023-03-01 10:59:46,385] {logging_mixin.py:115} INFO - [2023-03-01 10:59:46,385] {dag.py:2927} INFO - Setting next_dagrun for example_branch_labels to 2023-02-28T00:00:00+00:00, run_after=2023-03-01T00:00:00+00:00
[2023-03-01 10:59:46,388] {processor.py:161} INFO - Processing /Users/giovannisabarreto/Desktop/repositorios/airflow_k/venv/lib/python3.10/site-packages/airflow/example_dags/example_branch_labels.py took 0.037 seconds
[2023-03-01 11:06:02,514] {processor.py:153} INFO - Started process (PID=27356) to work on /Users/giovannisabarreto/Desktop/repositorios/airflow_k/venv/lib/python3.10/site-packages/airflow/example_dags/example_branch_labels.py
[2023-03-01 11:06:02,515] {processor.py:641} INFO - Processing file /Users/giovannisabarreto/Desktop/repositorios/airflow_k/venv/lib/python3.10/site-packages/airflow/example_dags/example_branch_labels.py for tasks to queue
[2023-03-01 11:06:02,515] {logging_mixin.py:115} INFO - [2023-03-01 11:06:02,515] {dagbag.py:507} INFO - Filling up the DagBag from /Users/giovannisabarreto/Desktop/repositorios/airflow_k/venv/lib/python3.10/site-packages/airflow/example_dags/example_branch_labels.py
[2023-03-01 11:06:02,520] {processor.py:651} INFO - DAG(s) dict_keys(['example_branch_labels']) retrieved from /Users/giovannisabarreto/Desktop/repositorios/airflow_k/venv/lib/python3.10/site-packages/airflow/example_dags/example_branch_labels.py
[2023-03-01 11:06:02,542] {logging_mixin.py:115} INFO - [2023-03-01 11:06:02,542] {dag.py:2379} INFO - Sync 1 DAGs
[2023-03-01 11:06:02,548] {logging_mixin.py:115} INFO - [2023-03-01 11:06:02,548] {dag.py:2927} INFO - Setting next_dagrun for example_branch_labels to 2023-02-28T00:00:00+00:00, run_after=2023-03-01T00:00:00+00:00
[2023-03-01 11:06:02,551] {processor.py:161} INFO - Processing /Users/giovannisabarreto/Desktop/repositorios/airflow_k/venv/lib/python3.10/site-packages/airflow/example_dags/example_branch_labels.py took 0.037 seconds
[2023-03-01 11:06:45,972] {processor.py:153} INFO - Started process (PID=27433) to work on /Users/giovannisabarreto/Desktop/repositorios/airflow_k/venv/lib/python3.10/site-packages/airflow/example_dags/example_branch_labels.py
[2023-03-01 11:06:45,972] {processor.py:641} INFO - Processing file /Users/giovannisabarreto/Desktop/repositorios/airflow_k/venv/lib/python3.10/site-packages/airflow/example_dags/example_branch_labels.py for tasks to queue
[2023-03-01 11:06:45,972] {logging_mixin.py:115} INFO - [2023-03-01 11:06:45,972] {dagbag.py:507} INFO - Filling up the DagBag from /Users/giovannisabarreto/Desktop/repositorios/airflow_k/venv/lib/python3.10/site-packages/airflow/example_dags/example_branch_labels.py
[2023-03-01 11:06:45,977] {processor.py:651} INFO - DAG(s) dict_keys(['example_branch_labels']) retrieved from /Users/giovannisabarreto/Desktop/repositorios/airflow_k/venv/lib/python3.10/site-packages/airflow/example_dags/example_branch_labels.py
[2023-03-01 11:06:45,998] {logging_mixin.py:115} INFO - [2023-03-01 11:06:45,998] {dag.py:2379} INFO - Sync 1 DAGs
[2023-03-01 11:06:46,004] {logging_mixin.py:115} INFO - [2023-03-01 11:06:46,004] {dag.py:2927} INFO - Setting next_dagrun for example_branch_labels to 2023-02-28T00:00:00+00:00, run_after=2023-03-01T00:00:00+00:00
[2023-03-01 11:06:46,008] {processor.py:161} INFO - Processing /Users/giovannisabarreto/Desktop/repositorios/airflow_k/venv/lib/python3.10/site-packages/airflow/example_dags/example_branch_labels.py took 0.036 seconds
[2023-03-01 11:07:30,585] {processor.py:153} INFO - Started process (PID=28244) to work on /Users/giovannisabarreto/Desktop/repositorios/airflow_k/venv/lib/python3.10/site-packages/airflow/example_dags/example_branch_labels.py
[2023-03-01 11:07:30,586] {processor.py:641} INFO - Processing file /Users/giovannisabarreto/Desktop/repositorios/airflow_k/venv/lib/python3.10/site-packages/airflow/example_dags/example_branch_labels.py for tasks to queue
[2023-03-01 11:07:30,586] {logging_mixin.py:115} INFO - [2023-03-01 11:07:30,586] {dagbag.py:507} INFO - Filling up the DagBag from /Users/giovannisabarreto/Desktop/repositorios/airflow_k/venv/lib/python3.10/site-packages/airflow/example_dags/example_branch_labels.py
[2023-03-01 11:07:30,592] {processor.py:651} INFO - DAG(s) dict_keys(['example_branch_labels']) retrieved from /Users/giovannisabarreto/Desktop/repositorios/airflow_k/venv/lib/python3.10/site-packages/airflow/example_dags/example_branch_labels.py
[2023-03-01 11:07:30,615] {logging_mixin.py:115} INFO - [2023-03-01 11:07:30,615] {dag.py:2379} INFO - Sync 1 DAGs
[2023-03-01 11:07:30,622] {logging_mixin.py:115} INFO - [2023-03-01 11:07:30,622] {dag.py:2927} INFO - Setting next_dagrun for example_branch_labels to 2023-02-28T00:00:00+00:00, run_after=2023-03-01T00:00:00+00:00
[2023-03-01 11:07:30,626] {processor.py:161} INFO - Processing /Users/giovannisabarreto/Desktop/repositorios/airflow_k/venv/lib/python3.10/site-packages/airflow/example_dags/example_branch_labels.py took 0.040 seconds
[2023-03-01 11:08:14,440] {processor.py:153} INFO - Started process (PID=29105) to work on /Users/giovannisabarreto/Desktop/repositorios/airflow_k/venv/lib/python3.10/site-packages/airflow/example_dags/example_branch_labels.py
[2023-03-01 11:08:14,440] {processor.py:641} INFO - Processing file /Users/giovannisabarreto/Desktop/repositorios/airflow_k/venv/lib/python3.10/site-packages/airflow/example_dags/example_branch_labels.py for tasks to queue
[2023-03-01 11:08:14,440] {logging_mixin.py:115} INFO - [2023-03-01 11:08:14,440] {dagbag.py:507} INFO - Filling up the DagBag from /Users/giovannisabarreto/Desktop/repositorios/airflow_k/venv/lib/python3.10/site-packages/airflow/example_dags/example_branch_labels.py
[2023-03-01 11:08:14,446] {processor.py:651} INFO - DAG(s) dict_keys(['example_branch_labels']) retrieved from /Users/giovannisabarreto/Desktop/repositorios/airflow_k/venv/lib/python3.10/site-packages/airflow/example_dags/example_branch_labels.py
[2023-03-01 11:08:14,468] {logging_mixin.py:115} INFO - [2023-03-01 11:08:14,468] {dag.py:2379} INFO - Sync 1 DAGs
[2023-03-01 11:08:14,475] {logging_mixin.py:115} INFO - [2023-03-01 11:08:14,475] {dag.py:2927} INFO - Setting next_dagrun for example_branch_labels to 2023-02-28T00:00:00+00:00, run_after=2023-03-01T00:00:00+00:00
[2023-03-01 11:08:14,482] {processor.py:161} INFO - Processing /Users/giovannisabarreto/Desktop/repositorios/airflow_k/venv/lib/python3.10/site-packages/airflow/example_dags/example_branch_labels.py took 0.042 seconds
[2023-03-01 11:08:59,176] {processor.py:153} INFO - Started process (PID=29258) to work on /Users/giovannisabarreto/Desktop/repositorios/airflow_k/venv/lib/python3.10/site-packages/airflow/example_dags/example_branch_labels.py
[2023-03-01 11:08:59,177] {processor.py:641} INFO - Processing file /Users/giovannisabarreto/Desktop/repositorios/airflow_k/venv/lib/python3.10/site-packages/airflow/example_dags/example_branch_labels.py for tasks to queue
[2023-03-01 11:08:59,178] {logging_mixin.py:115} INFO - [2023-03-01 11:08:59,178] {dagbag.py:507} INFO - Filling up the DagBag from /Users/giovannisabarreto/Desktop/repositorios/airflow_k/venv/lib/python3.10/site-packages/airflow/example_dags/example_branch_labels.py
[2023-03-01 11:08:59,183] {processor.py:651} INFO - DAG(s) dict_keys(['example_branch_labels']) retrieved from /Users/giovannisabarreto/Desktop/repositorios/airflow_k/venv/lib/python3.10/site-packages/airflow/example_dags/example_branch_labels.py
[2023-03-01 11:08:59,206] {logging_mixin.py:115} INFO - [2023-03-01 11:08:59,206] {dag.py:2379} INFO - Sync 1 DAGs
[2023-03-01 11:08:59,212] {logging_mixin.py:115} INFO - [2023-03-01 11:08:59,212] {dag.py:2927} INFO - Setting next_dagrun for example_branch_labels to 2023-02-28T00:00:00+00:00, run_after=2023-03-01T00:00:00+00:00
[2023-03-01 11:08:59,215] {processor.py:161} INFO - Processing /Users/giovannisabarreto/Desktop/repositorios/airflow_k/venv/lib/python3.10/site-packages/airflow/example_dags/example_branch_labels.py took 0.039 seconds
[2023-03-01 11:09:42,715] {processor.py:153} INFO - Started process (PID=29436) to work on /Users/giovannisabarreto/Desktop/repositorios/airflow_k/venv/lib/python3.10/site-packages/airflow/example_dags/example_branch_labels.py
[2023-03-01 11:09:42,716] {processor.py:641} INFO - Processing file /Users/giovannisabarreto/Desktop/repositorios/airflow_k/venv/lib/python3.10/site-packages/airflow/example_dags/example_branch_labels.py for tasks to queue
[2023-03-01 11:09:42,716] {logging_mixin.py:115} INFO - [2023-03-01 11:09:42,716] {dagbag.py:507} INFO - Filling up the DagBag from /Users/giovannisabarreto/Desktop/repositorios/airflow_k/venv/lib/python3.10/site-packages/airflow/example_dags/example_branch_labels.py
[2023-03-01 11:09:42,721] {processor.py:651} INFO - DAG(s) dict_keys(['example_branch_labels']) retrieved from /Users/giovannisabarreto/Desktop/repositorios/airflow_k/venv/lib/python3.10/site-packages/airflow/example_dags/example_branch_labels.py
[2023-03-01 11:09:42,743] {logging_mixin.py:115} INFO - [2023-03-01 11:09:42,743] {dag.py:2379} INFO - Sync 1 DAGs
[2023-03-01 11:09:42,749] {logging_mixin.py:115} INFO - [2023-03-01 11:09:42,749] {dag.py:2927} INFO - Setting next_dagrun for example_branch_labels to 2023-02-28T00:00:00+00:00, run_after=2023-03-01T00:00:00+00:00
[2023-03-01 11:09:42,752] {processor.py:161} INFO - Processing /Users/giovannisabarreto/Desktop/repositorios/airflow_k/venv/lib/python3.10/site-packages/airflow/example_dags/example_branch_labels.py took 0.037 seconds
[2023-03-01 11:10:39,066] {processor.py:153} INFO - Started process (PID=29633) to work on /Users/giovannisabarreto/Desktop/repositorios/airflow_k/venv/lib/python3.10/site-packages/airflow/example_dags/example_branch_labels.py
[2023-03-01 11:10:39,066] {processor.py:641} INFO - Processing file /Users/giovannisabarreto/Desktop/repositorios/airflow_k/venv/lib/python3.10/site-packages/airflow/example_dags/example_branch_labels.py for tasks to queue
[2023-03-01 11:10:39,067] {logging_mixin.py:115} INFO - [2023-03-01 11:10:39,067] {dagbag.py:507} INFO - Filling up the DagBag from /Users/giovannisabarreto/Desktop/repositorios/airflow_k/venv/lib/python3.10/site-packages/airflow/example_dags/example_branch_labels.py
[2023-03-01 11:10:39,072] {processor.py:651} INFO - DAG(s) dict_keys(['example_branch_labels']) retrieved from /Users/giovannisabarreto/Desktop/repositorios/airflow_k/venv/lib/python3.10/site-packages/airflow/example_dags/example_branch_labels.py
[2023-03-01 11:10:39,093] {logging_mixin.py:115} INFO - [2023-03-01 11:10:39,093] {dag.py:2379} INFO - Sync 1 DAGs
[2023-03-01 11:10:39,099] {logging_mixin.py:115} INFO - [2023-03-01 11:10:39,099] {dag.py:2927} INFO - Setting next_dagrun for example_branch_labels to 2023-02-28T00:00:00+00:00, run_after=2023-03-01T00:00:00+00:00
[2023-03-01 11:10:39,102] {processor.py:161} INFO - Processing /Users/giovannisabarreto/Desktop/repositorios/airflow_k/venv/lib/python3.10/site-packages/airflow/example_dags/example_branch_labels.py took 0.036 seconds
[2023-03-01 11:11:23,187] {processor.py:153} INFO - Started process (PID=29775) to work on /Users/giovannisabarreto/Desktop/repositorios/airflow_k/venv/lib/python3.10/site-packages/airflow/example_dags/example_branch_labels.py
[2023-03-01 11:11:23,188] {processor.py:641} INFO - Processing file /Users/giovannisabarreto/Desktop/repositorios/airflow_k/venv/lib/python3.10/site-packages/airflow/example_dags/example_branch_labels.py for tasks to queue
[2023-03-01 11:11:23,188] {logging_mixin.py:115} INFO - [2023-03-01 11:11:23,188] {dagbag.py:507} INFO - Filling up the DagBag from /Users/giovannisabarreto/Desktop/repositorios/airflow_k/venv/lib/python3.10/site-packages/airflow/example_dags/example_branch_labels.py
[2023-03-01 11:11:23,194] {processor.py:651} INFO - DAG(s) dict_keys(['example_branch_labels']) retrieved from /Users/giovannisabarreto/Desktop/repositorios/airflow_k/venv/lib/python3.10/site-packages/airflow/example_dags/example_branch_labels.py
[2023-03-01 11:11:23,217] {logging_mixin.py:115} INFO - [2023-03-01 11:11:23,217] {dag.py:2379} INFO - Sync 1 DAGs
[2023-03-01 11:11:23,223] {logging_mixin.py:115} INFO - [2023-03-01 11:11:23,223] {dag.py:2927} INFO - Setting next_dagrun for example_branch_labels to 2023-02-28T00:00:00+00:00, run_after=2023-03-01T00:00:00+00:00
[2023-03-01 11:11:23,227] {processor.py:161} INFO - Processing /Users/giovannisabarreto/Desktop/repositorios/airflow_k/venv/lib/python3.10/site-packages/airflow/example_dags/example_branch_labels.py took 0.040 seconds
[2023-03-01 11:12:10,809] {processor.py:153} INFO - Started process (PID=29895) to work on /Users/giovannisabarreto/Desktop/repositorios/airflow_k/venv/lib/python3.10/site-packages/airflow/example_dags/example_branch_labels.py
[2023-03-01 11:12:10,810] {processor.py:641} INFO - Processing file /Users/giovannisabarreto/Desktop/repositorios/airflow_k/venv/lib/python3.10/site-packages/airflow/example_dags/example_branch_labels.py for tasks to queue
[2023-03-01 11:12:10,810] {logging_mixin.py:115} INFO - [2023-03-01 11:12:10,810] {dagbag.py:507} INFO - Filling up the DagBag from /Users/giovannisabarreto/Desktop/repositorios/airflow_k/venv/lib/python3.10/site-packages/airflow/example_dags/example_branch_labels.py
[2023-03-01 11:12:10,815] {processor.py:651} INFO - DAG(s) dict_keys(['example_branch_labels']) retrieved from /Users/giovannisabarreto/Desktop/repositorios/airflow_k/venv/lib/python3.10/site-packages/airflow/example_dags/example_branch_labels.py
[2023-03-01 11:12:10,837] {logging_mixin.py:115} INFO - [2023-03-01 11:12:10,837] {dag.py:2379} INFO - Sync 1 DAGs
[2023-03-01 11:12:10,843] {logging_mixin.py:115} INFO - [2023-03-01 11:12:10,843] {dag.py:2927} INFO - Setting next_dagrun for example_branch_labels to 2023-02-28T00:00:00+00:00, run_after=2023-03-01T00:00:00+00:00
[2023-03-01 11:12:10,846] {processor.py:161} INFO - Processing /Users/giovannisabarreto/Desktop/repositorios/airflow_k/venv/lib/python3.10/site-packages/airflow/example_dags/example_branch_labels.py took 0.038 seconds
[2023-03-01 11:12:56,478] {processor.py:153} INFO - Started process (PID=29974) to work on /Users/giovannisabarreto/Desktop/repositorios/airflow_k/venv/lib/python3.10/site-packages/airflow/example_dags/example_branch_labels.py
[2023-03-01 11:12:56,479] {processor.py:641} INFO - Processing file /Users/giovannisabarreto/Desktop/repositorios/airflow_k/venv/lib/python3.10/site-packages/airflow/example_dags/example_branch_labels.py for tasks to queue
[2023-03-01 11:12:56,479] {logging_mixin.py:115} INFO - [2023-03-01 11:12:56,479] {dagbag.py:507} INFO - Filling up the DagBag from /Users/giovannisabarreto/Desktop/repositorios/airflow_k/venv/lib/python3.10/site-packages/airflow/example_dags/example_branch_labels.py
[2023-03-01 11:12:56,485] {processor.py:651} INFO - DAG(s) dict_keys(['example_branch_labels']) retrieved from /Users/giovannisabarreto/Desktop/repositorios/airflow_k/venv/lib/python3.10/site-packages/airflow/example_dags/example_branch_labels.py
[2023-03-01 11:12:56,507] {logging_mixin.py:115} INFO - [2023-03-01 11:12:56,507] {dag.py:2379} INFO - Sync 1 DAGs
[2023-03-01 11:12:56,513] {logging_mixin.py:115} INFO - [2023-03-01 11:12:56,513] {dag.py:2927} INFO - Setting next_dagrun for example_branch_labels to 2023-02-28T00:00:00+00:00, run_after=2023-03-01T00:00:00+00:00
[2023-03-01 11:12:56,516] {processor.py:161} INFO - Processing /Users/giovannisabarreto/Desktop/repositorios/airflow_k/venv/lib/python3.10/site-packages/airflow/example_dags/example_branch_labels.py took 0.039 seconds
[2023-03-01 11:13:55,208] {processor.py:153} INFO - Started process (PID=30076) to work on /Users/giovannisabarreto/Desktop/repositorios/airflow_k/venv/lib/python3.10/site-packages/airflow/example_dags/example_branch_labels.py
[2023-03-01 11:13:55,209] {processor.py:641} INFO - Processing file /Users/giovannisabarreto/Desktop/repositorios/airflow_k/venv/lib/python3.10/site-packages/airflow/example_dags/example_branch_labels.py for tasks to queue
[2023-03-01 11:13:55,209] {logging_mixin.py:115} INFO - [2023-03-01 11:13:55,209] {dagbag.py:507} INFO - Filling up the DagBag from /Users/giovannisabarreto/Desktop/repositorios/airflow_k/venv/lib/python3.10/site-packages/airflow/example_dags/example_branch_labels.py
[2023-03-01 11:13:55,215] {processor.py:651} INFO - DAG(s) dict_keys(['example_branch_labels']) retrieved from /Users/giovannisabarreto/Desktop/repositorios/airflow_k/venv/lib/python3.10/site-packages/airflow/example_dags/example_branch_labels.py
[2023-03-01 11:13:55,237] {logging_mixin.py:115} INFO - [2023-03-01 11:13:55,237] {dag.py:2379} INFO - Sync 1 DAGs
[2023-03-01 11:13:55,243] {logging_mixin.py:115} INFO - [2023-03-01 11:13:55,243] {dag.py:2927} INFO - Setting next_dagrun for example_branch_labels to 2023-02-28T00:00:00+00:00, run_after=2023-03-01T00:00:00+00:00
[2023-03-01 11:13:55,246] {processor.py:161} INFO - Processing /Users/giovannisabarreto/Desktop/repositorios/airflow_k/venv/lib/python3.10/site-packages/airflow/example_dags/example_branch_labels.py took 0.038 seconds
[2023-03-01 11:14:40,297] {processor.py:153} INFO - Started process (PID=30210) to work on /Users/giovannisabarreto/Desktop/repositorios/airflow_k/venv/lib/python3.10/site-packages/airflow/example_dags/example_branch_labels.py
[2023-03-01 11:14:40,297] {processor.py:641} INFO - Processing file /Users/giovannisabarreto/Desktop/repositorios/airflow_k/venv/lib/python3.10/site-packages/airflow/example_dags/example_branch_labels.py for tasks to queue
[2023-03-01 11:14:40,297] {logging_mixin.py:115} INFO - [2023-03-01 11:14:40,297] {dagbag.py:507} INFO - Filling up the DagBag from /Users/giovannisabarreto/Desktop/repositorios/airflow_k/venv/lib/python3.10/site-packages/airflow/example_dags/example_branch_labels.py
[2023-03-01 11:14:40,303] {processor.py:651} INFO - DAG(s) dict_keys(['example_branch_labels']) retrieved from /Users/giovannisabarreto/Desktop/repositorios/airflow_k/venv/lib/python3.10/site-packages/airflow/example_dags/example_branch_labels.py
[2023-03-01 11:14:40,327] {logging_mixin.py:115} INFO - [2023-03-01 11:14:40,326] {dag.py:2379} INFO - Sync 1 DAGs
[2023-03-01 11:14:40,333] {logging_mixin.py:115} INFO - [2023-03-01 11:14:40,333] {dag.py:2927} INFO - Setting next_dagrun for example_branch_labels to 2023-02-28T00:00:00+00:00, run_after=2023-03-01T00:00:00+00:00
[2023-03-01 11:14:40,337] {processor.py:161} INFO - Processing /Users/giovannisabarreto/Desktop/repositorios/airflow_k/venv/lib/python3.10/site-packages/airflow/example_dags/example_branch_labels.py took 0.040 seconds
[2023-03-01 11:15:23,585] {processor.py:153} INFO - Started process (PID=30328) to work on /Users/giovannisabarreto/Desktop/repositorios/airflow_k/venv/lib/python3.10/site-packages/airflow/example_dags/example_branch_labels.py
[2023-03-01 11:15:23,585] {processor.py:641} INFO - Processing file /Users/giovannisabarreto/Desktop/repositorios/airflow_k/venv/lib/python3.10/site-packages/airflow/example_dags/example_branch_labels.py for tasks to queue
[2023-03-01 11:15:23,585] {logging_mixin.py:115} INFO - [2023-03-01 11:15:23,585] {dagbag.py:507} INFO - Filling up the DagBag from /Users/giovannisabarreto/Desktop/repositorios/airflow_k/venv/lib/python3.10/site-packages/airflow/example_dags/example_branch_labels.py
[2023-03-01 11:15:23,590] {processor.py:651} INFO - DAG(s) dict_keys(['example_branch_labels']) retrieved from /Users/giovannisabarreto/Desktop/repositorios/airflow_k/venv/lib/python3.10/site-packages/airflow/example_dags/example_branch_labels.py
[2023-03-01 11:15:23,612] {logging_mixin.py:115} INFO - [2023-03-01 11:15:23,612] {dag.py:2379} INFO - Sync 1 DAGs
[2023-03-01 11:15:23,618] {logging_mixin.py:115} INFO - [2023-03-01 11:15:23,618] {dag.py:2927} INFO - Setting next_dagrun for example_branch_labels to 2023-02-28T00:00:00+00:00, run_after=2023-03-01T00:00:00+00:00
[2023-03-01 11:15:23,621] {processor.py:161} INFO - Processing /Users/giovannisabarreto/Desktop/repositorios/airflow_k/venv/lib/python3.10/site-packages/airflow/example_dags/example_branch_labels.py took 0.037 seconds
[2023-03-01 11:16:07,243] {processor.py:153} INFO - Started process (PID=30404) to work on /Users/giovannisabarreto/Desktop/repositorios/airflow_k/venv/lib/python3.10/site-packages/airflow/example_dags/example_branch_labels.py
[2023-03-01 11:16:07,243] {processor.py:641} INFO - Processing file /Users/giovannisabarreto/Desktop/repositorios/airflow_k/venv/lib/python3.10/site-packages/airflow/example_dags/example_branch_labels.py for tasks to queue
[2023-03-01 11:16:07,244] {logging_mixin.py:115} INFO - [2023-03-01 11:16:07,244] {dagbag.py:507} INFO - Filling up the DagBag from /Users/giovannisabarreto/Desktop/repositorios/airflow_k/venv/lib/python3.10/site-packages/airflow/example_dags/example_branch_labels.py
[2023-03-01 11:16:07,249] {processor.py:651} INFO - DAG(s) dict_keys(['example_branch_labels']) retrieved from /Users/giovannisabarreto/Desktop/repositorios/airflow_k/venv/lib/python3.10/site-packages/airflow/example_dags/example_branch_labels.py
[2023-03-01 11:16:07,271] {logging_mixin.py:115} INFO - [2023-03-01 11:16:07,271] {dag.py:2379} INFO - Sync 1 DAGs
[2023-03-01 11:16:07,276] {logging_mixin.py:115} INFO - [2023-03-01 11:16:07,276] {dag.py:2927} INFO - Setting next_dagrun for example_branch_labels to 2023-02-28T00:00:00+00:00, run_after=2023-03-01T00:00:00+00:00
[2023-03-01 11:16:07,280] {processor.py:161} INFO - Processing /Users/giovannisabarreto/Desktop/repositorios/airflow_k/venv/lib/python3.10/site-packages/airflow/example_dags/example_branch_labels.py took 0.037 seconds
[2023-03-01 11:16:54,008] {processor.py:153} INFO - Started process (PID=30497) to work on /Users/giovannisabarreto/Desktop/repositorios/airflow_k/venv/lib/python3.10/site-packages/airflow/example_dags/example_branch_labels.py
[2023-03-01 11:16:54,009] {processor.py:641} INFO - Processing file /Users/giovannisabarreto/Desktop/repositorios/airflow_k/venv/lib/python3.10/site-packages/airflow/example_dags/example_branch_labels.py for tasks to queue
[2023-03-01 11:16:54,009] {logging_mixin.py:115} INFO - [2023-03-01 11:16:54,009] {dagbag.py:507} INFO - Filling up the DagBag from /Users/giovannisabarreto/Desktop/repositorios/airflow_k/venv/lib/python3.10/site-packages/airflow/example_dags/example_branch_labels.py
[2023-03-01 11:16:54,014] {processor.py:651} INFO - DAG(s) dict_keys(['example_branch_labels']) retrieved from /Users/giovannisabarreto/Desktop/repositorios/airflow_k/venv/lib/python3.10/site-packages/airflow/example_dags/example_branch_labels.py
[2023-03-01 11:16:54,036] {logging_mixin.py:115} INFO - [2023-03-01 11:16:54,036] {dag.py:2379} INFO - Sync 1 DAGs
[2023-03-01 11:16:54,042] {logging_mixin.py:115} INFO - [2023-03-01 11:16:54,042] {dag.py:2927} INFO - Setting next_dagrun for example_branch_labels to 2023-02-28T00:00:00+00:00, run_after=2023-03-01T00:00:00+00:00
[2023-03-01 11:16:54,045] {processor.py:161} INFO - Processing /Users/giovannisabarreto/Desktop/repositorios/airflow_k/venv/lib/python3.10/site-packages/airflow/example_dags/example_branch_labels.py took 0.037 seconds
[2023-03-01 11:17:38,216] {processor.py:153} INFO - Started process (PID=30574) to work on /Users/giovannisabarreto/Desktop/repositorios/airflow_k/venv/lib/python3.10/site-packages/airflow/example_dags/example_branch_labels.py
[2023-03-01 11:17:38,216] {processor.py:641} INFO - Processing file /Users/giovannisabarreto/Desktop/repositorios/airflow_k/venv/lib/python3.10/site-packages/airflow/example_dags/example_branch_labels.py for tasks to queue
[2023-03-01 11:17:38,216] {logging_mixin.py:115} INFO - [2023-03-01 11:17:38,216] {dagbag.py:507} INFO - Filling up the DagBag from /Users/giovannisabarreto/Desktop/repositorios/airflow_k/venv/lib/python3.10/site-packages/airflow/example_dags/example_branch_labels.py
[2023-03-01 11:17:38,221] {processor.py:651} INFO - DAG(s) dict_keys(['example_branch_labels']) retrieved from /Users/giovannisabarreto/Desktop/repositorios/airflow_k/venv/lib/python3.10/site-packages/airflow/example_dags/example_branch_labels.py
[2023-03-01 11:17:38,243] {logging_mixin.py:115} INFO - [2023-03-01 11:17:38,243] {dag.py:2379} INFO - Sync 1 DAGs
[2023-03-01 11:17:38,249] {logging_mixin.py:115} INFO - [2023-03-01 11:17:38,249] {dag.py:2927} INFO - Setting next_dagrun for example_branch_labels to 2023-02-28T00:00:00+00:00, run_after=2023-03-01T00:00:00+00:00
[2023-03-01 11:17:38,252] {processor.py:161} INFO - Processing /Users/giovannisabarreto/Desktop/repositorios/airflow_k/venv/lib/python3.10/site-packages/airflow/example_dags/example_branch_labels.py took 0.037 seconds
[2023-03-01 11:18:25,605] {processor.py:153} INFO - Started process (PID=30665) to work on /Users/giovannisabarreto/Desktop/repositorios/airflow_k/venv/lib/python3.10/site-packages/airflow/example_dags/example_branch_labels.py
[2023-03-01 11:18:25,606] {processor.py:641} INFO - Processing file /Users/giovannisabarreto/Desktop/repositorios/airflow_k/venv/lib/python3.10/site-packages/airflow/example_dags/example_branch_labels.py for tasks to queue
[2023-03-01 11:18:25,606] {logging_mixin.py:115} INFO - [2023-03-01 11:18:25,606] {dagbag.py:507} INFO - Filling up the DagBag from /Users/giovannisabarreto/Desktop/repositorios/airflow_k/venv/lib/python3.10/site-packages/airflow/example_dags/example_branch_labels.py
[2023-03-01 11:18:25,611] {processor.py:651} INFO - DAG(s) dict_keys(['example_branch_labels']) retrieved from /Users/giovannisabarreto/Desktop/repositorios/airflow_k/venv/lib/python3.10/site-packages/airflow/example_dags/example_branch_labels.py
[2023-03-01 11:18:25,633] {logging_mixin.py:115} INFO - [2023-03-01 11:18:25,633] {dag.py:2379} INFO - Sync 1 DAGs
[2023-03-01 11:18:25,639] {logging_mixin.py:115} INFO - [2023-03-01 11:18:25,639] {dag.py:2927} INFO - Setting next_dagrun for example_branch_labels to 2023-02-28T00:00:00+00:00, run_after=2023-03-01T00:00:00+00:00
[2023-03-01 11:18:25,642] {processor.py:161} INFO - Processing /Users/giovannisabarreto/Desktop/repositorios/airflow_k/venv/lib/python3.10/site-packages/airflow/example_dags/example_branch_labels.py took 0.038 seconds
[2023-03-01 11:19:16,126] {processor.py:153} INFO - Started process (PID=30751) to work on /Users/giovannisabarreto/Desktop/repositorios/airflow_k/venv/lib/python3.10/site-packages/airflow/example_dags/example_branch_labels.py
[2023-03-01 11:19:16,127] {processor.py:641} INFO - Processing file /Users/giovannisabarreto/Desktop/repositorios/airflow_k/venv/lib/python3.10/site-packages/airflow/example_dags/example_branch_labels.py for tasks to queue
[2023-03-01 11:19:16,127] {logging_mixin.py:115} INFO - [2023-03-01 11:19:16,127] {dagbag.py:507} INFO - Filling up the DagBag from /Users/giovannisabarreto/Desktop/repositorios/airflow_k/venv/lib/python3.10/site-packages/airflow/example_dags/example_branch_labels.py
[2023-03-01 11:19:16,132] {processor.py:651} INFO - DAG(s) dict_keys(['example_branch_labels']) retrieved from /Users/giovannisabarreto/Desktop/repositorios/airflow_k/venv/lib/python3.10/site-packages/airflow/example_dags/example_branch_labels.py
[2023-03-01 11:19:16,154] {logging_mixin.py:115} INFO - [2023-03-01 11:19:16,154] {dag.py:2379} INFO - Sync 1 DAGs
[2023-03-01 11:19:16,160] {logging_mixin.py:115} INFO - [2023-03-01 11:19:16,160] {dag.py:2927} INFO - Setting next_dagrun for example_branch_labels to 2023-02-28T00:00:00+00:00, run_after=2023-03-01T00:00:00+00:00
[2023-03-01 11:19:16,163] {processor.py:161} INFO - Processing /Users/giovannisabarreto/Desktop/repositorios/airflow_k/venv/lib/python3.10/site-packages/airflow/example_dags/example_branch_labels.py took 0.037 seconds
[2023-03-01 11:20:03,390] {processor.py:153} INFO - Started process (PID=30847) to work on /Users/giovannisabarreto/Desktop/repositorios/airflow_k/venv/lib/python3.10/site-packages/airflow/example_dags/example_branch_labels.py
[2023-03-01 11:20:03,391] {processor.py:641} INFO - Processing file /Users/giovannisabarreto/Desktop/repositorios/airflow_k/venv/lib/python3.10/site-packages/airflow/example_dags/example_branch_labels.py for tasks to queue
[2023-03-01 11:20:03,391] {logging_mixin.py:115} INFO - [2023-03-01 11:20:03,391] {dagbag.py:507} INFO - Filling up the DagBag from /Users/giovannisabarreto/Desktop/repositorios/airflow_k/venv/lib/python3.10/site-packages/airflow/example_dags/example_branch_labels.py
[2023-03-01 11:20:03,396] {processor.py:651} INFO - DAG(s) dict_keys(['example_branch_labels']) retrieved from /Users/giovannisabarreto/Desktop/repositorios/airflow_k/venv/lib/python3.10/site-packages/airflow/example_dags/example_branch_labels.py
[2023-03-01 11:20:03,417] {logging_mixin.py:115} INFO - [2023-03-01 11:20:03,417] {dag.py:2379} INFO - Sync 1 DAGs
[2023-03-01 11:20:03,423] {logging_mixin.py:115} INFO - [2023-03-01 11:20:03,423] {dag.py:2927} INFO - Setting next_dagrun for example_branch_labels to 2023-02-28T00:00:00+00:00, run_after=2023-03-01T00:00:00+00:00
[2023-03-01 11:20:03,427] {processor.py:161} INFO - Processing /Users/giovannisabarreto/Desktop/repositorios/airflow_k/venv/lib/python3.10/site-packages/airflow/example_dags/example_branch_labels.py took 0.037 seconds
[2023-03-01 11:21:01,561] {processor.py:153} INFO - Started process (PID=30950) to work on /Users/giovannisabarreto/Desktop/repositorios/airflow_k/venv/lib/python3.10/site-packages/airflow/example_dags/example_branch_labels.py
[2023-03-01 11:21:01,562] {processor.py:641} INFO - Processing file /Users/giovannisabarreto/Desktop/repositorios/airflow_k/venv/lib/python3.10/site-packages/airflow/example_dags/example_branch_labels.py for tasks to queue
[2023-03-01 11:21:01,562] {logging_mixin.py:115} INFO - [2023-03-01 11:21:01,562] {dagbag.py:507} INFO - Filling up the DagBag from /Users/giovannisabarreto/Desktop/repositorios/airflow_k/venv/lib/python3.10/site-packages/airflow/example_dags/example_branch_labels.py
[2023-03-01 11:21:01,568] {processor.py:651} INFO - DAG(s) dict_keys(['example_branch_labels']) retrieved from /Users/giovannisabarreto/Desktop/repositorios/airflow_k/venv/lib/python3.10/site-packages/airflow/example_dags/example_branch_labels.py
[2023-03-01 11:21:01,589] {logging_mixin.py:115} INFO - [2023-03-01 11:21:01,589] {dag.py:2379} INFO - Sync 1 DAGs
[2023-03-01 11:21:01,596] {logging_mixin.py:115} INFO - [2023-03-01 11:21:01,595] {dag.py:2927} INFO - Setting next_dagrun for example_branch_labels to 2023-02-28T00:00:00+00:00, run_after=2023-03-01T00:00:00+00:00
[2023-03-01 11:21:01,599] {processor.py:161} INFO - Processing /Users/giovannisabarreto/Desktop/repositorios/airflow_k/venv/lib/python3.10/site-packages/airflow/example_dags/example_branch_labels.py took 0.038 seconds
[2023-03-01 11:21:57,753] {processor.py:153} INFO - Started process (PID=31078) to work on /Users/giovannisabarreto/Desktop/repositorios/airflow_k/venv/lib/python3.10/site-packages/airflow/example_dags/example_branch_labels.py
[2023-03-01 11:21:57,753] {processor.py:641} INFO - Processing file /Users/giovannisabarreto/Desktop/repositorios/airflow_k/venv/lib/python3.10/site-packages/airflow/example_dags/example_branch_labels.py for tasks to queue
[2023-03-01 11:21:57,754] {logging_mixin.py:115} INFO - [2023-03-01 11:21:57,754] {dagbag.py:507} INFO - Filling up the DagBag from /Users/giovannisabarreto/Desktop/repositorios/airflow_k/venv/lib/python3.10/site-packages/airflow/example_dags/example_branch_labels.py
[2023-03-01 11:21:57,759] {processor.py:651} INFO - DAG(s) dict_keys(['example_branch_labels']) retrieved from /Users/giovannisabarreto/Desktop/repositorios/airflow_k/venv/lib/python3.10/site-packages/airflow/example_dags/example_branch_labels.py
[2023-03-01 11:21:57,780] {logging_mixin.py:115} INFO - [2023-03-01 11:21:57,780] {dag.py:2379} INFO - Sync 1 DAGs
[2023-03-01 11:21:57,786] {logging_mixin.py:115} INFO - [2023-03-01 11:21:57,786] {dag.py:2927} INFO - Setting next_dagrun for example_branch_labels to 2023-02-28T00:00:00+00:00, run_after=2023-03-01T00:00:00+00:00
[2023-03-01 11:21:57,790] {processor.py:161} INFO - Processing /Users/giovannisabarreto/Desktop/repositorios/airflow_k/venv/lib/python3.10/site-packages/airflow/example_dags/example_branch_labels.py took 0.037 seconds
[2023-03-01 11:22:42,146] {processor.py:153} INFO - Started process (PID=31180) to work on /Users/giovannisabarreto/Desktop/repositorios/airflow_k/venv/lib/python3.10/site-packages/airflow/example_dags/example_branch_labels.py
[2023-03-01 11:22:42,147] {processor.py:641} INFO - Processing file /Users/giovannisabarreto/Desktop/repositorios/airflow_k/venv/lib/python3.10/site-packages/airflow/example_dags/example_branch_labels.py for tasks to queue
[2023-03-01 11:22:42,147] {logging_mixin.py:115} INFO - [2023-03-01 11:22:42,147] {dagbag.py:507} INFO - Filling up the DagBag from /Users/giovannisabarreto/Desktop/repositorios/airflow_k/venv/lib/python3.10/site-packages/airflow/example_dags/example_branch_labels.py
[2023-03-01 11:22:42,152] {processor.py:651} INFO - DAG(s) dict_keys(['example_branch_labels']) retrieved from /Users/giovannisabarreto/Desktop/repositorios/airflow_k/venv/lib/python3.10/site-packages/airflow/example_dags/example_branch_labels.py
[2023-03-01 11:22:42,174] {logging_mixin.py:115} INFO - [2023-03-01 11:22:42,174] {dag.py:2379} INFO - Sync 1 DAGs
[2023-03-01 11:22:42,180] {logging_mixin.py:115} INFO - [2023-03-01 11:22:42,180] {dag.py:2927} INFO - Setting next_dagrun for example_branch_labels to 2023-02-28T00:00:00+00:00, run_after=2023-03-01T00:00:00+00:00
[2023-03-01 11:22:42,183] {processor.py:161} INFO - Processing /Users/giovannisabarreto/Desktop/repositorios/airflow_k/venv/lib/python3.10/site-packages/airflow/example_dags/example_branch_labels.py took 0.037 seconds
[2023-03-01 11:23:29,200] {processor.py:153} INFO - Started process (PID=31260) to work on /Users/giovannisabarreto/Desktop/repositorios/airflow_k/venv/lib/python3.10/site-packages/airflow/example_dags/example_branch_labels.py
[2023-03-01 11:23:29,200] {processor.py:641} INFO - Processing file /Users/giovannisabarreto/Desktop/repositorios/airflow_k/venv/lib/python3.10/site-packages/airflow/example_dags/example_branch_labels.py for tasks to queue
[2023-03-01 11:23:29,200] {logging_mixin.py:115} INFO - [2023-03-01 11:23:29,200] {dagbag.py:507} INFO - Filling up the DagBag from /Users/giovannisabarreto/Desktop/repositorios/airflow_k/venv/lib/python3.10/site-packages/airflow/example_dags/example_branch_labels.py
[2023-03-01 11:23:29,205] {processor.py:651} INFO - DAG(s) dict_keys(['example_branch_labels']) retrieved from /Users/giovannisabarreto/Desktop/repositorios/airflow_k/venv/lib/python3.10/site-packages/airflow/example_dags/example_branch_labels.py
[2023-03-01 11:23:29,226] {logging_mixin.py:115} INFO - [2023-03-01 11:23:29,226] {dag.py:2379} INFO - Sync 1 DAGs
[2023-03-01 11:23:29,232] {logging_mixin.py:115} INFO - [2023-03-01 11:23:29,232] {dag.py:2927} INFO - Setting next_dagrun for example_branch_labels to 2023-02-28T00:00:00+00:00, run_after=2023-03-01T00:00:00+00:00
[2023-03-01 11:23:29,236] {processor.py:161} INFO - Processing /Users/giovannisabarreto/Desktop/repositorios/airflow_k/venv/lib/python3.10/site-packages/airflow/example_dags/example_branch_labels.py took 0.037 seconds
[2023-03-01 11:24:15,719] {processor.py:153} INFO - Started process (PID=31343) to work on /Users/giovannisabarreto/Desktop/repositorios/airflow_k/venv/lib/python3.10/site-packages/airflow/example_dags/example_branch_labels.py
[2023-03-01 11:24:15,720] {processor.py:641} INFO - Processing file /Users/giovannisabarreto/Desktop/repositorios/airflow_k/venv/lib/python3.10/site-packages/airflow/example_dags/example_branch_labels.py for tasks to queue
[2023-03-01 11:24:15,720] {logging_mixin.py:115} INFO - [2023-03-01 11:24:15,720] {dagbag.py:507} INFO - Filling up the DagBag from /Users/giovannisabarreto/Desktop/repositorios/airflow_k/venv/lib/python3.10/site-packages/airflow/example_dags/example_branch_labels.py
[2023-03-01 11:24:15,725] {processor.py:651} INFO - DAG(s) dict_keys(['example_branch_labels']) retrieved from /Users/giovannisabarreto/Desktop/repositorios/airflow_k/venv/lib/python3.10/site-packages/airflow/example_dags/example_branch_labels.py
[2023-03-01 11:24:15,747] {logging_mixin.py:115} INFO - [2023-03-01 11:24:15,747] {dag.py:2379} INFO - Sync 1 DAGs
[2023-03-01 11:24:15,753] {logging_mixin.py:115} INFO - [2023-03-01 11:24:15,753] {dag.py:2927} INFO - Setting next_dagrun for example_branch_labels to 2023-02-28T00:00:00+00:00, run_after=2023-03-01T00:00:00+00:00
[2023-03-01 11:24:15,756] {processor.py:161} INFO - Processing /Users/giovannisabarreto/Desktop/repositorios/airflow_k/venv/lib/python3.10/site-packages/airflow/example_dags/example_branch_labels.py took 0.037 seconds
[2023-03-01 11:25:02,408] {processor.py:153} INFO - Started process (PID=31446) to work on /Users/giovannisabarreto/Desktop/repositorios/airflow_k/venv/lib/python3.10/site-packages/airflow/example_dags/example_branch_labels.py
[2023-03-01 11:25:02,408] {processor.py:641} INFO - Processing file /Users/giovannisabarreto/Desktop/repositorios/airflow_k/venv/lib/python3.10/site-packages/airflow/example_dags/example_branch_labels.py for tasks to queue
[2023-03-01 11:25:02,408] {logging_mixin.py:115} INFO - [2023-03-01 11:25:02,408] {dagbag.py:507} INFO - Filling up the DagBag from /Users/giovannisabarreto/Desktop/repositorios/airflow_k/venv/lib/python3.10/site-packages/airflow/example_dags/example_branch_labels.py
[2023-03-01 11:25:02,413] {processor.py:651} INFO - DAG(s) dict_keys(['example_branch_labels']) retrieved from /Users/giovannisabarreto/Desktop/repositorios/airflow_k/venv/lib/python3.10/site-packages/airflow/example_dags/example_branch_labels.py
[2023-03-01 11:25:02,436] {logging_mixin.py:115} INFO - [2023-03-01 11:25:02,435] {dag.py:2379} INFO - Sync 1 DAGs
[2023-03-01 11:25:02,442] {logging_mixin.py:115} INFO - [2023-03-01 11:25:02,441] {dag.py:2927} INFO - Setting next_dagrun for example_branch_labels to 2023-02-28T00:00:00+00:00, run_after=2023-03-01T00:00:00+00:00
[2023-03-01 11:25:02,445] {processor.py:161} INFO - Processing /Users/giovannisabarreto/Desktop/repositorios/airflow_k/venv/lib/python3.10/site-packages/airflow/example_dags/example_branch_labels.py took 0.038 seconds
[2023-03-01 11:25:57,944] {processor.py:153} INFO - Started process (PID=31546) to work on /Users/giovannisabarreto/Desktop/repositorios/airflow_k/venv/lib/python3.10/site-packages/airflow/example_dags/example_branch_labels.py
[2023-03-01 11:25:57,945] {processor.py:641} INFO - Processing file /Users/giovannisabarreto/Desktop/repositorios/airflow_k/venv/lib/python3.10/site-packages/airflow/example_dags/example_branch_labels.py for tasks to queue
[2023-03-01 11:25:57,945] {logging_mixin.py:115} INFO - [2023-03-01 11:25:57,945] {dagbag.py:507} INFO - Filling up the DagBag from /Users/giovannisabarreto/Desktop/repositorios/airflow_k/venv/lib/python3.10/site-packages/airflow/example_dags/example_branch_labels.py
[2023-03-01 11:25:57,950] {processor.py:651} INFO - DAG(s) dict_keys(['example_branch_labels']) retrieved from /Users/giovannisabarreto/Desktop/repositorios/airflow_k/venv/lib/python3.10/site-packages/airflow/example_dags/example_branch_labels.py
[2023-03-01 11:25:57,972] {logging_mixin.py:115} INFO - [2023-03-01 11:25:57,972] {dag.py:2379} INFO - Sync 1 DAGs
[2023-03-01 11:25:57,978] {logging_mixin.py:115} INFO - [2023-03-01 11:25:57,978] {dag.py:2927} INFO - Setting next_dagrun for example_branch_labels to 2023-02-28T00:00:00+00:00, run_after=2023-03-01T00:00:00+00:00
[2023-03-01 11:25:57,981] {processor.py:161} INFO - Processing /Users/giovannisabarreto/Desktop/repositorios/airflow_k/venv/lib/python3.10/site-packages/airflow/example_dags/example_branch_labels.py took 0.037 seconds
[2023-03-01 11:26:42,288] {processor.py:153} INFO - Started process (PID=31624) to work on /Users/giovannisabarreto/Desktop/repositorios/airflow_k/venv/lib/python3.10/site-packages/airflow/example_dags/example_branch_labels.py
[2023-03-01 11:26:42,289] {processor.py:641} INFO - Processing file /Users/giovannisabarreto/Desktop/repositorios/airflow_k/venv/lib/python3.10/site-packages/airflow/example_dags/example_branch_labels.py for tasks to queue
[2023-03-01 11:26:42,289] {logging_mixin.py:115} INFO - [2023-03-01 11:26:42,289] {dagbag.py:507} INFO - Filling up the DagBag from /Users/giovannisabarreto/Desktop/repositorios/airflow_k/venv/lib/python3.10/site-packages/airflow/example_dags/example_branch_labels.py
[2023-03-01 11:26:42,296] {processor.py:651} INFO - DAG(s) dict_keys(['example_branch_labels']) retrieved from /Users/giovannisabarreto/Desktop/repositorios/airflow_k/venv/lib/python3.10/site-packages/airflow/example_dags/example_branch_labels.py
[2023-03-01 11:26:42,322] {logging_mixin.py:115} INFO - [2023-03-01 11:26:42,322] {dag.py:2379} INFO - Sync 1 DAGs
[2023-03-01 11:26:42,329] {logging_mixin.py:115} INFO - [2023-03-01 11:26:42,329] {dag.py:2927} INFO - Setting next_dagrun for example_branch_labels to 2023-02-28T00:00:00+00:00, run_after=2023-03-01T00:00:00+00:00
[2023-03-01 11:26:42,334] {processor.py:161} INFO - Processing /Users/giovannisabarreto/Desktop/repositorios/airflow_k/venv/lib/python3.10/site-packages/airflow/example_dags/example_branch_labels.py took 0.046 seconds
[2023-03-01 11:27:39,029] {processor.py:153} INFO - Started process (PID=31756) to work on /Users/giovannisabarreto/Desktop/repositorios/airflow_k/venv/lib/python3.10/site-packages/airflow/example_dags/example_branch_labels.py
[2023-03-01 11:27:39,030] {processor.py:641} INFO - Processing file /Users/giovannisabarreto/Desktop/repositorios/airflow_k/venv/lib/python3.10/site-packages/airflow/example_dags/example_branch_labels.py for tasks to queue
[2023-03-01 11:27:39,030] {logging_mixin.py:115} INFO - [2023-03-01 11:27:39,030] {dagbag.py:507} INFO - Filling up the DagBag from /Users/giovannisabarreto/Desktop/repositorios/airflow_k/venv/lib/python3.10/site-packages/airflow/example_dags/example_branch_labels.py
[2023-03-01 11:27:39,035] {processor.py:651} INFO - DAG(s) dict_keys(['example_branch_labels']) retrieved from /Users/giovannisabarreto/Desktop/repositorios/airflow_k/venv/lib/python3.10/site-packages/airflow/example_dags/example_branch_labels.py
[2023-03-01 11:27:39,057] {logging_mixin.py:115} INFO - [2023-03-01 11:27:39,057] {dag.py:2379} INFO - Sync 1 DAGs
[2023-03-01 11:27:39,063] {logging_mixin.py:115} INFO - [2023-03-01 11:27:39,063] {dag.py:2927} INFO - Setting next_dagrun for example_branch_labels to 2023-02-28T00:00:00+00:00, run_after=2023-03-01T00:00:00+00:00
[2023-03-01 11:27:39,067] {processor.py:161} INFO - Processing /Users/giovannisabarreto/Desktop/repositorios/airflow_k/venv/lib/python3.10/site-packages/airflow/example_dags/example_branch_labels.py took 0.038 seconds
[2023-03-01 11:28:26,472] {processor.py:153} INFO - Started process (PID=31847) to work on /Users/giovannisabarreto/Desktop/repositorios/airflow_k/venv/lib/python3.10/site-packages/airflow/example_dags/example_branch_labels.py
[2023-03-01 11:28:26,473] {processor.py:641} INFO - Processing file /Users/giovannisabarreto/Desktop/repositorios/airflow_k/venv/lib/python3.10/site-packages/airflow/example_dags/example_branch_labels.py for tasks to queue
[2023-03-01 11:28:26,473] {logging_mixin.py:115} INFO - [2023-03-01 11:28:26,473] {dagbag.py:507} INFO - Filling up the DagBag from /Users/giovannisabarreto/Desktop/repositorios/airflow_k/venv/lib/python3.10/site-packages/airflow/example_dags/example_branch_labels.py
[2023-03-01 11:28:26,479] {processor.py:651} INFO - DAG(s) dict_keys(['example_branch_labels']) retrieved from /Users/giovannisabarreto/Desktop/repositorios/airflow_k/venv/lib/python3.10/site-packages/airflow/example_dags/example_branch_labels.py
[2023-03-01 11:28:26,501] {logging_mixin.py:115} INFO - [2023-03-01 11:28:26,501] {dag.py:2379} INFO - Sync 1 DAGs
[2023-03-01 11:28:26,507] {logging_mixin.py:115} INFO - [2023-03-01 11:28:26,507] {dag.py:2927} INFO - Setting next_dagrun for example_branch_labels to 2023-02-28T00:00:00+00:00, run_after=2023-03-01T00:00:00+00:00
[2023-03-01 11:28:26,510] {processor.py:161} INFO - Processing /Users/giovannisabarreto/Desktop/repositorios/airflow_k/venv/lib/python3.10/site-packages/airflow/example_dags/example_branch_labels.py took 0.038 seconds
[2023-03-01 11:29:10,453] {processor.py:153} INFO - Started process (PID=31926) to work on /Users/giovannisabarreto/Desktop/repositorios/airflow_k/venv/lib/python3.10/site-packages/airflow/example_dags/example_branch_labels.py
[2023-03-01 11:29:10,454] {processor.py:641} INFO - Processing file /Users/giovannisabarreto/Desktop/repositorios/airflow_k/venv/lib/python3.10/site-packages/airflow/example_dags/example_branch_labels.py for tasks to queue
[2023-03-01 11:29:10,455] {logging_mixin.py:115} INFO - [2023-03-01 11:29:10,454] {dagbag.py:507} INFO - Filling up the DagBag from /Users/giovannisabarreto/Desktop/repositorios/airflow_k/venv/lib/python3.10/site-packages/airflow/example_dags/example_branch_labels.py
[2023-03-01 11:29:10,460] {processor.py:651} INFO - DAG(s) dict_keys(['example_branch_labels']) retrieved from /Users/giovannisabarreto/Desktop/repositorios/airflow_k/venv/lib/python3.10/site-packages/airflow/example_dags/example_branch_labels.py
[2023-03-01 11:29:10,481] {logging_mixin.py:115} INFO - [2023-03-01 11:29:10,481] {dag.py:2379} INFO - Sync 1 DAGs
[2023-03-01 11:29:10,487] {logging_mixin.py:115} INFO - [2023-03-01 11:29:10,487] {dag.py:2927} INFO - Setting next_dagrun for example_branch_labels to 2023-02-28T00:00:00+00:00, run_after=2023-03-01T00:00:00+00:00
[2023-03-01 11:29:10,490] {processor.py:161} INFO - Processing /Users/giovannisabarreto/Desktop/repositorios/airflow_k/venv/lib/python3.10/site-packages/airflow/example_dags/example_branch_labels.py took 0.037 seconds
[2023-03-01 11:30:06,202] {processor.py:153} INFO - Started process (PID=32058) to work on /Users/giovannisabarreto/Desktop/repositorios/airflow_k/venv/lib/python3.10/site-packages/airflow/example_dags/example_branch_labels.py
[2023-03-01 11:30:06,203] {processor.py:641} INFO - Processing file /Users/giovannisabarreto/Desktop/repositorios/airflow_k/venv/lib/python3.10/site-packages/airflow/example_dags/example_branch_labels.py for tasks to queue
[2023-03-01 11:30:06,203] {logging_mixin.py:115} INFO - [2023-03-01 11:30:06,203] {dagbag.py:507} INFO - Filling up the DagBag from /Users/giovannisabarreto/Desktop/repositorios/airflow_k/venv/lib/python3.10/site-packages/airflow/example_dags/example_branch_labels.py
[2023-03-01 11:30:06,208] {processor.py:651} INFO - DAG(s) dict_keys(['example_branch_labels']) retrieved from /Users/giovannisabarreto/Desktop/repositorios/airflow_k/venv/lib/python3.10/site-packages/airflow/example_dags/example_branch_labels.py
[2023-03-01 11:30:06,230] {logging_mixin.py:115} INFO - [2023-03-01 11:30:06,229] {dag.py:2379} INFO - Sync 1 DAGs
[2023-03-01 11:30:06,235] {logging_mixin.py:115} INFO - [2023-03-01 11:30:06,235] {dag.py:2927} INFO - Setting next_dagrun for example_branch_labels to 2023-02-28T00:00:00+00:00, run_after=2023-03-01T00:00:00+00:00
[2023-03-01 11:30:06,239] {processor.py:161} INFO - Processing /Users/giovannisabarreto/Desktop/repositorios/airflow_k/venv/lib/python3.10/site-packages/airflow/example_dags/example_branch_labels.py took 0.037 seconds
[2023-03-01 11:31:03,001] {processor.py:153} INFO - Started process (PID=32159) to work on /Users/giovannisabarreto/Desktop/repositorios/airflow_k/venv/lib/python3.10/site-packages/airflow/example_dags/example_branch_labels.py
[2023-03-01 11:31:03,001] {processor.py:641} INFO - Processing file /Users/giovannisabarreto/Desktop/repositorios/airflow_k/venv/lib/python3.10/site-packages/airflow/example_dags/example_branch_labels.py for tasks to queue
[2023-03-01 11:31:03,001] {logging_mixin.py:115} INFO - [2023-03-01 11:31:03,001] {dagbag.py:507} INFO - Filling up the DagBag from /Users/giovannisabarreto/Desktop/repositorios/airflow_k/venv/lib/python3.10/site-packages/airflow/example_dags/example_branch_labels.py
[2023-03-01 11:31:03,007] {processor.py:651} INFO - DAG(s) dict_keys(['example_branch_labels']) retrieved from /Users/giovannisabarreto/Desktop/repositorios/airflow_k/venv/lib/python3.10/site-packages/airflow/example_dags/example_branch_labels.py
[2023-03-01 11:31:03,031] {logging_mixin.py:115} INFO - [2023-03-01 11:31:03,031] {dag.py:2379} INFO - Sync 1 DAGs
[2023-03-01 11:31:03,038] {logging_mixin.py:115} INFO - [2023-03-01 11:31:03,038] {dag.py:2927} INFO - Setting next_dagrun for example_branch_labels to 2023-02-28T00:00:00+00:00, run_after=2023-03-01T00:00:00+00:00
[2023-03-01 11:31:03,042] {processor.py:161} INFO - Processing /Users/giovannisabarreto/Desktop/repositorios/airflow_k/venv/lib/python3.10/site-packages/airflow/example_dags/example_branch_labels.py took 0.041 seconds
[2023-03-01 11:31:49,935] {processor.py:153} INFO - Started process (PID=32247) to work on /Users/giovannisabarreto/Desktop/repositorios/airflow_k/venv/lib/python3.10/site-packages/airflow/example_dags/example_branch_labels.py
[2023-03-01 11:31:49,936] {processor.py:641} INFO - Processing file /Users/giovannisabarreto/Desktop/repositorios/airflow_k/venv/lib/python3.10/site-packages/airflow/example_dags/example_branch_labels.py for tasks to queue
[2023-03-01 11:31:49,936] {logging_mixin.py:115} INFO - [2023-03-01 11:31:49,936] {dagbag.py:507} INFO - Filling up the DagBag from /Users/giovannisabarreto/Desktop/repositorios/airflow_k/venv/lib/python3.10/site-packages/airflow/example_dags/example_branch_labels.py
[2023-03-01 11:31:49,941] {processor.py:651} INFO - DAG(s) dict_keys(['example_branch_labels']) retrieved from /Users/giovannisabarreto/Desktop/repositorios/airflow_k/venv/lib/python3.10/site-packages/airflow/example_dags/example_branch_labels.py
[2023-03-01 11:31:49,963] {logging_mixin.py:115} INFO - [2023-03-01 11:31:49,963] {dag.py:2379} INFO - Sync 1 DAGs
[2023-03-01 11:31:49,969] {logging_mixin.py:115} INFO - [2023-03-01 11:31:49,969] {dag.py:2927} INFO - Setting next_dagrun for example_branch_labels to 2023-02-28T00:00:00+00:00, run_after=2023-03-01T00:00:00+00:00
[2023-03-01 11:31:49,972] {processor.py:161} INFO - Processing /Users/giovannisabarreto/Desktop/repositorios/airflow_k/venv/lib/python3.10/site-packages/airflow/example_dags/example_branch_labels.py took 0.038 seconds
[2023-03-01 11:32:35,281] {processor.py:153} INFO - Started process (PID=32335) to work on /Users/giovannisabarreto/Desktop/repositorios/airflow_k/venv/lib/python3.10/site-packages/airflow/example_dags/example_branch_labels.py
[2023-03-01 11:32:35,282] {processor.py:641} INFO - Processing file /Users/giovannisabarreto/Desktop/repositorios/airflow_k/venv/lib/python3.10/site-packages/airflow/example_dags/example_branch_labels.py for tasks to queue
[2023-03-01 11:32:35,282] {logging_mixin.py:115} INFO - [2023-03-01 11:32:35,282] {dagbag.py:507} INFO - Filling up the DagBag from /Users/giovannisabarreto/Desktop/repositorios/airflow_k/venv/lib/python3.10/site-packages/airflow/example_dags/example_branch_labels.py
[2023-03-01 11:32:35,288] {processor.py:651} INFO - DAG(s) dict_keys(['example_branch_labels']) retrieved from /Users/giovannisabarreto/Desktop/repositorios/airflow_k/venv/lib/python3.10/site-packages/airflow/example_dags/example_branch_labels.py
[2023-03-01 11:32:35,310] {logging_mixin.py:115} INFO - [2023-03-01 11:32:35,310] {dag.py:2379} INFO - Sync 1 DAGs
[2023-03-01 11:32:35,317] {logging_mixin.py:115} INFO - [2023-03-01 11:32:35,317] {dag.py:2927} INFO - Setting next_dagrun for example_branch_labels to 2023-02-28T00:00:00+00:00, run_after=2023-03-01T00:00:00+00:00
[2023-03-01 11:32:35,320] {processor.py:161} INFO - Processing /Users/giovannisabarreto/Desktop/repositorios/airflow_k/venv/lib/python3.10/site-packages/airflow/example_dags/example_branch_labels.py took 0.039 seconds
[2023-03-01 11:33:20,909] {processor.py:153} INFO - Started process (PID=32419) to work on /Users/giovannisabarreto/Desktop/repositorios/airflow_k/venv/lib/python3.10/site-packages/airflow/example_dags/example_branch_labels.py
[2023-03-01 11:33:20,909] {processor.py:641} INFO - Processing file /Users/giovannisabarreto/Desktop/repositorios/airflow_k/venv/lib/python3.10/site-packages/airflow/example_dags/example_branch_labels.py for tasks to queue
[2023-03-01 11:33:20,909] {logging_mixin.py:115} INFO - [2023-03-01 11:33:20,909] {dagbag.py:507} INFO - Filling up the DagBag from /Users/giovannisabarreto/Desktop/repositorios/airflow_k/venv/lib/python3.10/site-packages/airflow/example_dags/example_branch_labels.py
[2023-03-01 11:33:20,914] {processor.py:651} INFO - DAG(s) dict_keys(['example_branch_labels']) retrieved from /Users/giovannisabarreto/Desktop/repositorios/airflow_k/venv/lib/python3.10/site-packages/airflow/example_dags/example_branch_labels.py
[2023-03-01 11:33:20,936] {logging_mixin.py:115} INFO - [2023-03-01 11:33:20,936] {dag.py:2379} INFO - Sync 1 DAGs
[2023-03-01 11:33:20,942] {logging_mixin.py:115} INFO - [2023-03-01 11:33:20,942] {dag.py:2927} INFO - Setting next_dagrun for example_branch_labels to 2023-02-28T00:00:00+00:00, run_after=2023-03-01T00:00:00+00:00
[2023-03-01 11:33:20,945] {processor.py:161} INFO - Processing /Users/giovannisabarreto/Desktop/repositorios/airflow_k/venv/lib/python3.10/site-packages/airflow/example_dags/example_branch_labels.py took 0.037 seconds
[2023-03-01 11:34:05,579] {processor.py:153} INFO - Started process (PID=32499) to work on /Users/giovannisabarreto/Desktop/repositorios/airflow_k/venv/lib/python3.10/site-packages/airflow/example_dags/example_branch_labels.py
[2023-03-01 11:34:05,579] {processor.py:641} INFO - Processing file /Users/giovannisabarreto/Desktop/repositorios/airflow_k/venv/lib/python3.10/site-packages/airflow/example_dags/example_branch_labels.py for tasks to queue
[2023-03-01 11:34:05,579] {logging_mixin.py:115} INFO - [2023-03-01 11:34:05,579] {dagbag.py:507} INFO - Filling up the DagBag from /Users/giovannisabarreto/Desktop/repositorios/airflow_k/venv/lib/python3.10/site-packages/airflow/example_dags/example_branch_labels.py
[2023-03-01 11:34:05,585] {processor.py:651} INFO - DAG(s) dict_keys(['example_branch_labels']) retrieved from /Users/giovannisabarreto/Desktop/repositorios/airflow_k/venv/lib/python3.10/site-packages/airflow/example_dags/example_branch_labels.py
[2023-03-01 11:34:05,607] {logging_mixin.py:115} INFO - [2023-03-01 11:34:05,607] {dag.py:2379} INFO - Sync 1 DAGs
[2023-03-01 11:34:05,613] {logging_mixin.py:115} INFO - [2023-03-01 11:34:05,613] {dag.py:2927} INFO - Setting next_dagrun for example_branch_labels to 2023-02-28T00:00:00+00:00, run_after=2023-03-01T00:00:00+00:00
[2023-03-01 11:34:05,616] {processor.py:161} INFO - Processing /Users/giovannisabarreto/Desktop/repositorios/airflow_k/venv/lib/python3.10/site-packages/airflow/example_dags/example_branch_labels.py took 0.037 seconds
[2023-03-01 11:34:53,320] {processor.py:153} INFO - Started process (PID=32601) to work on /Users/giovannisabarreto/Desktop/repositorios/airflow_k/venv/lib/python3.10/site-packages/airflow/example_dags/example_branch_labels.py
[2023-03-01 11:34:53,321] {processor.py:641} INFO - Processing file /Users/giovannisabarreto/Desktop/repositorios/airflow_k/venv/lib/python3.10/site-packages/airflow/example_dags/example_branch_labels.py for tasks to queue
[2023-03-01 11:34:53,321] {logging_mixin.py:115} INFO - [2023-03-01 11:34:53,321] {dagbag.py:507} INFO - Filling up the DagBag from /Users/giovannisabarreto/Desktop/repositorios/airflow_k/venv/lib/python3.10/site-packages/airflow/example_dags/example_branch_labels.py
[2023-03-01 11:34:53,326] {processor.py:651} INFO - DAG(s) dict_keys(['example_branch_labels']) retrieved from /Users/giovannisabarreto/Desktop/repositorios/airflow_k/venv/lib/python3.10/site-packages/airflow/example_dags/example_branch_labels.py
[2023-03-01 11:34:53,348] {logging_mixin.py:115} INFO - [2023-03-01 11:34:53,348] {dag.py:2379} INFO - Sync 1 DAGs
[2023-03-01 11:34:53,354] {logging_mixin.py:115} INFO - [2023-03-01 11:34:53,354] {dag.py:2927} INFO - Setting next_dagrun for example_branch_labels to 2023-02-28T00:00:00+00:00, run_after=2023-03-01T00:00:00+00:00
[2023-03-01 11:34:53,357] {processor.py:161} INFO - Processing /Users/giovannisabarreto/Desktop/repositorios/airflow_k/venv/lib/python3.10/site-packages/airflow/example_dags/example_branch_labels.py took 0.038 seconds
[2023-03-01 11:35:41,728] {processor.py:153} INFO - Started process (PID=32685) to work on /Users/giovannisabarreto/Desktop/repositorios/airflow_k/venv/lib/python3.10/site-packages/airflow/example_dags/example_branch_labels.py
[2023-03-01 11:35:41,729] {processor.py:641} INFO - Processing file /Users/giovannisabarreto/Desktop/repositorios/airflow_k/venv/lib/python3.10/site-packages/airflow/example_dags/example_branch_labels.py for tasks to queue
[2023-03-01 11:35:41,729] {logging_mixin.py:115} INFO - [2023-03-01 11:35:41,729] {dagbag.py:507} INFO - Filling up the DagBag from /Users/giovannisabarreto/Desktop/repositorios/airflow_k/venv/lib/python3.10/site-packages/airflow/example_dags/example_branch_labels.py
[2023-03-01 11:35:41,734] {processor.py:651} INFO - DAG(s) dict_keys(['example_branch_labels']) retrieved from /Users/giovannisabarreto/Desktop/repositorios/airflow_k/venv/lib/python3.10/site-packages/airflow/example_dags/example_branch_labels.py
[2023-03-01 11:35:41,756] {logging_mixin.py:115} INFO - [2023-03-01 11:35:41,756] {dag.py:2379} INFO - Sync 1 DAGs
[2023-03-01 11:35:41,761] {logging_mixin.py:115} INFO - [2023-03-01 11:35:41,761] {dag.py:2927} INFO - Setting next_dagrun for example_branch_labels to 2023-02-28T00:00:00+00:00, run_after=2023-03-01T00:00:00+00:00
[2023-03-01 11:35:41,765] {processor.py:161} INFO - Processing /Users/giovannisabarreto/Desktop/repositorios/airflow_k/venv/lib/python3.10/site-packages/airflow/example_dags/example_branch_labels.py took 0.037 seconds
[2023-03-01 11:36:30,242] {processor.py:153} INFO - Started process (PID=32766) to work on /Users/giovannisabarreto/Desktop/repositorios/airflow_k/venv/lib/python3.10/site-packages/airflow/example_dags/example_branch_labels.py
[2023-03-01 11:36:30,243] {processor.py:641} INFO - Processing file /Users/giovannisabarreto/Desktop/repositorios/airflow_k/venv/lib/python3.10/site-packages/airflow/example_dags/example_branch_labels.py for tasks to queue
[2023-03-01 11:36:30,243] {logging_mixin.py:115} INFO - [2023-03-01 11:36:30,243] {dagbag.py:507} INFO - Filling up the DagBag from /Users/giovannisabarreto/Desktop/repositorios/airflow_k/venv/lib/python3.10/site-packages/airflow/example_dags/example_branch_labels.py
[2023-03-01 11:36:30,248] {processor.py:651} INFO - DAG(s) dict_keys(['example_branch_labels']) retrieved from /Users/giovannisabarreto/Desktop/repositorios/airflow_k/venv/lib/python3.10/site-packages/airflow/example_dags/example_branch_labels.py
[2023-03-01 11:36:30,270] {logging_mixin.py:115} INFO - [2023-03-01 11:36:30,270] {dag.py:2379} INFO - Sync 1 DAGs
[2023-03-01 11:36:30,275] {logging_mixin.py:115} INFO - [2023-03-01 11:36:30,275] {dag.py:2927} INFO - Setting next_dagrun for example_branch_labels to 2023-02-28T00:00:00+00:00, run_after=2023-03-01T00:00:00+00:00
[2023-03-01 11:36:30,279] {processor.py:161} INFO - Processing /Users/giovannisabarreto/Desktop/repositorios/airflow_k/venv/lib/python3.10/site-packages/airflow/example_dags/example_branch_labels.py took 0.037 seconds
[2023-03-01 11:37:14,382] {processor.py:153} INFO - Started process (PID=32841) to work on /Users/giovannisabarreto/Desktop/repositorios/airflow_k/venv/lib/python3.10/site-packages/airflow/example_dags/example_branch_labels.py
[2023-03-01 11:37:14,382] {processor.py:641} INFO - Processing file /Users/giovannisabarreto/Desktop/repositorios/airflow_k/venv/lib/python3.10/site-packages/airflow/example_dags/example_branch_labels.py for tasks to queue
[2023-03-01 11:37:14,382] {logging_mixin.py:115} INFO - [2023-03-01 11:37:14,382] {dagbag.py:507} INFO - Filling up the DagBag from /Users/giovannisabarreto/Desktop/repositorios/airflow_k/venv/lib/python3.10/site-packages/airflow/example_dags/example_branch_labels.py
[2023-03-01 11:37:14,388] {processor.py:651} INFO - DAG(s) dict_keys(['example_branch_labels']) retrieved from /Users/giovannisabarreto/Desktop/repositorios/airflow_k/venv/lib/python3.10/site-packages/airflow/example_dags/example_branch_labels.py
[2023-03-01 11:37:14,410] {logging_mixin.py:115} INFO - [2023-03-01 11:37:14,410] {dag.py:2379} INFO - Sync 1 DAGs
[2023-03-01 11:37:14,417] {logging_mixin.py:115} INFO - [2023-03-01 11:37:14,416] {dag.py:2927} INFO - Setting next_dagrun for example_branch_labels to 2023-02-28T00:00:00+00:00, run_after=2023-03-01T00:00:00+00:00
[2023-03-01 11:37:14,420] {processor.py:161} INFO - Processing /Users/giovannisabarreto/Desktop/repositorios/airflow_k/venv/lib/python3.10/site-packages/airflow/example_dags/example_branch_labels.py took 0.039 seconds
[2023-03-01 13:36:49,861] {processor.py:153} INFO - Started process (PID=33072) to work on /Users/giovannisabarreto/Desktop/repositorios/airflow_k/venv/lib/python3.10/site-packages/airflow/example_dags/example_branch_labels.py
[2023-03-01 13:36:49,861] {processor.py:641} INFO - Processing file /Users/giovannisabarreto/Desktop/repositorios/airflow_k/venv/lib/python3.10/site-packages/airflow/example_dags/example_branch_labels.py for tasks to queue
[2023-03-01 13:36:49,862] {logging_mixin.py:115} INFO - [2023-03-01 13:36:49,861] {dagbag.py:507} INFO - Filling up the DagBag from /Users/giovannisabarreto/Desktop/repositorios/airflow_k/venv/lib/python3.10/site-packages/airflow/example_dags/example_branch_labels.py
[2023-03-01 13:36:49,866] {processor.py:651} INFO - DAG(s) dict_keys(['example_branch_labels']) retrieved from /Users/giovannisabarreto/Desktop/repositorios/airflow_k/venv/lib/python3.10/site-packages/airflow/example_dags/example_branch_labels.py
[2023-03-01 13:36:49,888] {logging_mixin.py:115} INFO - [2023-03-01 13:36:49,888] {dag.py:2379} INFO - Sync 1 DAGs
[2023-03-01 13:36:49,894] {logging_mixin.py:115} INFO - [2023-03-01 13:36:49,894] {dag.py:2927} INFO - Setting next_dagrun for example_branch_labels to 2023-02-28T00:00:00+00:00, run_after=2023-03-01T00:00:00+00:00
[2023-03-01 13:36:49,897] {processor.py:161} INFO - Processing /Users/giovannisabarreto/Desktop/repositorios/airflow_k/venv/lib/python3.10/site-packages/airflow/example_dags/example_branch_labels.py took 0.036 seconds
[2023-03-01 16:35:23,910] {processor.py:153} INFO - Started process (PID=33420) to work on /Users/giovannisabarreto/Desktop/repositorios/airflow_k/venv/lib/python3.10/site-packages/airflow/example_dags/example_branch_labels.py
[2023-03-01 16:35:23,911] {processor.py:641} INFO - Processing file /Users/giovannisabarreto/Desktop/repositorios/airflow_k/venv/lib/python3.10/site-packages/airflow/example_dags/example_branch_labels.py for tasks to queue
[2023-03-01 16:35:23,911] {logging_mixin.py:115} INFO - [2023-03-01 16:35:23,911] {dagbag.py:507} INFO - Filling up the DagBag from /Users/giovannisabarreto/Desktop/repositorios/airflow_k/venv/lib/python3.10/site-packages/airflow/example_dags/example_branch_labels.py
[2023-03-01 16:35:23,916] {processor.py:651} INFO - DAG(s) dict_keys(['example_branch_labels']) retrieved from /Users/giovannisabarreto/Desktop/repositorios/airflow_k/venv/lib/python3.10/site-packages/airflow/example_dags/example_branch_labels.py
[2023-03-01 16:35:23,937] {logging_mixin.py:115} INFO - [2023-03-01 16:35:23,937] {dag.py:2379} INFO - Sync 1 DAGs
[2023-03-01 16:35:23,943] {logging_mixin.py:115} INFO - [2023-03-01 16:35:23,943] {dag.py:2927} INFO - Setting next_dagrun for example_branch_labels to 2023-02-28T00:00:00+00:00, run_after=2023-03-01T00:00:00+00:00
[2023-03-01 16:35:23,947] {processor.py:161} INFO - Processing /Users/giovannisabarreto/Desktop/repositorios/airflow_k/venv/lib/python3.10/site-packages/airflow/example_dags/example_branch_labels.py took 0.037 seconds
[2023-03-01 19:40:19,640] {processor.py:153} INFO - Started process (PID=33728) to work on /Users/giovannisabarreto/Desktop/repositorios/airflow_k/venv/lib/python3.10/site-packages/airflow/example_dags/example_branch_labels.py
[2023-03-01 19:40:19,640] {processor.py:641} INFO - Processing file /Users/giovannisabarreto/Desktop/repositorios/airflow_k/venv/lib/python3.10/site-packages/airflow/example_dags/example_branch_labels.py for tasks to queue
[2023-03-01 19:40:19,641] {logging_mixin.py:115} INFO - [2023-03-01 19:40:19,641] {dagbag.py:507} INFO - Filling up the DagBag from /Users/giovannisabarreto/Desktop/repositorios/airflow_k/venv/lib/python3.10/site-packages/airflow/example_dags/example_branch_labels.py
[2023-03-01 19:40:19,648] {processor.py:651} INFO - DAG(s) dict_keys(['example_branch_labels']) retrieved from /Users/giovannisabarreto/Desktop/repositorios/airflow_k/venv/lib/python3.10/site-packages/airflow/example_dags/example_branch_labels.py
[2023-03-01 19:40:19,670] {logging_mixin.py:115} INFO - [2023-03-01 19:40:19,669] {dag.py:2379} INFO - Sync 1 DAGs
[2023-03-01 19:40:19,675] {logging_mixin.py:115} INFO - [2023-03-01 19:40:19,675] {dag.py:2927} INFO - Setting next_dagrun for example_branch_labels to 2023-02-28T00:00:00+00:00, run_after=2023-03-01T00:00:00+00:00
[2023-03-01 19:40:19,679] {processor.py:161} INFO - Processing /Users/giovannisabarreto/Desktop/repositorios/airflow_k/venv/lib/python3.10/site-packages/airflow/example_dags/example_branch_labels.py took 0.039 seconds
