[2023-03-01 10:45:33,495] {processor.py:153} INFO - Started process (PID=25661) to work on /Users/giovannisabarreto/Desktop/repositorios/airflow_k/venv/lib/python3.10/site-packages/airflow/example_dags/example_branch_day_of_week_operator.py
[2023-03-01 10:45:33,495] {processor.py:641} INFO - Processing file /Users/giovannisabarreto/Desktop/repositorios/airflow_k/venv/lib/python3.10/site-packages/airflow/example_dags/example_branch_day_of_week_operator.py for tasks to queue
[2023-03-01 10:45:33,495] {logging_mixin.py:115} INFO - [2023-03-01 10:45:33,495] {dagbag.py:507} INFO - Filling up the DagBag from /Users/giovannisabarreto/Desktop/repositorios/airflow_k/venv/lib/python3.10/site-packages/airflow/example_dags/example_branch_day_of_week_operator.py
[2023-03-01 10:45:33,501] {processor.py:651} INFO - DAG(s) dict_keys(['example_weekday_branch_operator']) retrieved from /Users/giovannisabarreto/Desktop/repositorios/airflow_k/venv/lib/python3.10/site-packages/airflow/example_dags/example_branch_day_of_week_operator.py
[2023-03-01 10:45:33,784] {logging_mixin.py:115} INFO - [2023-03-01 10:45:33,784] {manager.py:508} INFO - Created Permission View: can delete on DAG:example_weekday_branch_operator
[2023-03-01 10:45:33,787] {logging_mixin.py:115} INFO - [2023-03-01 10:45:33,787] {manager.py:508} INFO - Created Permission View: can read on DAG:example_weekday_branch_operator
[2023-03-01 10:45:33,789] {logging_mixin.py:115} INFO - [2023-03-01 10:45:33,789] {manager.py:508} INFO - Created Permission View: can edit on DAG:example_weekday_branch_operator
[2023-03-01 10:45:33,789] {logging_mixin.py:115} INFO - [2023-03-01 10:45:33,789] {dag.py:2379} INFO - Sync 1 DAGs
[2023-03-01 10:45:33,791] {logging_mixin.py:115} INFO - [2023-03-01 10:45:33,791] {dag.py:2398} INFO - Creating ORM DAG for example_weekday_branch_operator
[2023-03-01 10:45:33,795] {logging_mixin.py:115} INFO - [2023-03-01 10:45:33,795] {dag.py:2927} INFO - Setting next_dagrun for example_weekday_branch_operator to 2023-02-28T00:00:00+00:00, run_after=2023-03-01T00:00:00+00:00
[2023-03-01 10:45:33,799] {processor.py:161} INFO - Processing /Users/giovannisabarreto/Desktop/repositorios/airflow_k/venv/lib/python3.10/site-packages/airflow/example_dags/example_branch_day_of_week_operator.py took 0.305 seconds
[2023-03-01 10:46:25,531] {processor.py:153} INFO - Started process (PID=25750) to work on /Users/giovannisabarreto/Desktop/repositorios/airflow_k/venv/lib/python3.10/site-packages/airflow/example_dags/example_branch_day_of_week_operator.py
[2023-03-01 10:46:25,531] {processor.py:641} INFO - Processing file /Users/giovannisabarreto/Desktop/repositorios/airflow_k/venv/lib/python3.10/site-packages/airflow/example_dags/example_branch_day_of_week_operator.py for tasks to queue
[2023-03-01 10:46:25,531] {logging_mixin.py:115} INFO - [2023-03-01 10:46:25,531] {dagbag.py:507} INFO - Filling up the DagBag from /Users/giovannisabarreto/Desktop/repositorios/airflow_k/venv/lib/python3.10/site-packages/airflow/example_dags/example_branch_day_of_week_operator.py
[2023-03-01 10:46:25,537] {processor.py:651} INFO - DAG(s) dict_keys(['example_weekday_branch_operator']) retrieved from /Users/giovannisabarreto/Desktop/repositorios/airflow_k/venv/lib/python3.10/site-packages/airflow/example_dags/example_branch_day_of_week_operator.py
[2023-03-01 10:46:25,559] {logging_mixin.py:115} INFO - [2023-03-01 10:46:25,559] {dag.py:2379} INFO - Sync 1 DAGs
[2023-03-01 10:46:25,565] {logging_mixin.py:115} INFO - [2023-03-01 10:46:25,565] {dag.py:2927} INFO - Setting next_dagrun for example_weekday_branch_operator to 2023-02-28T00:00:00+00:00, run_after=2023-03-01T00:00:00+00:00
[2023-03-01 10:46:25,569] {processor.py:161} INFO - Processing /Users/giovannisabarreto/Desktop/repositorios/airflow_k/venv/lib/python3.10/site-packages/airflow/example_dags/example_branch_day_of_week_operator.py took 0.038 seconds
[2023-03-01 10:47:11,168] {processor.py:153} INFO - Started process (PID=25829) to work on /Users/giovannisabarreto/Desktop/repositorios/airflow_k/venv/lib/python3.10/site-packages/airflow/example_dags/example_branch_day_of_week_operator.py
[2023-03-01 10:47:11,168] {processor.py:641} INFO - Processing file /Users/giovannisabarreto/Desktop/repositorios/airflow_k/venv/lib/python3.10/site-packages/airflow/example_dags/example_branch_day_of_week_operator.py for tasks to queue
[2023-03-01 10:47:11,168] {logging_mixin.py:115} INFO - [2023-03-01 10:47:11,168] {dagbag.py:507} INFO - Filling up the DagBag from /Users/giovannisabarreto/Desktop/repositorios/airflow_k/venv/lib/python3.10/site-packages/airflow/example_dags/example_branch_day_of_week_operator.py
[2023-03-01 10:47:11,174] {processor.py:651} INFO - DAG(s) dict_keys(['example_weekday_branch_operator']) retrieved from /Users/giovannisabarreto/Desktop/repositorios/airflow_k/venv/lib/python3.10/site-packages/airflow/example_dags/example_branch_day_of_week_operator.py
[2023-03-01 10:47:11,196] {logging_mixin.py:115} INFO - [2023-03-01 10:47:11,196] {dag.py:2379} INFO - Sync 1 DAGs
[2023-03-01 10:47:11,202] {logging_mixin.py:115} INFO - [2023-03-01 10:47:11,202] {dag.py:2927} INFO - Setting next_dagrun for example_weekday_branch_operator to 2023-02-28T00:00:00+00:00, run_after=2023-03-01T00:00:00+00:00
[2023-03-01 10:47:11,206] {processor.py:161} INFO - Processing /Users/giovannisabarreto/Desktop/repositorios/airflow_k/venv/lib/python3.10/site-packages/airflow/example_dags/example_branch_day_of_week_operator.py took 0.038 seconds
[2023-03-01 10:47:55,691] {processor.py:153} INFO - Started process (PID=25910) to work on /Users/giovannisabarreto/Desktop/repositorios/airflow_k/venv/lib/python3.10/site-packages/airflow/example_dags/example_branch_day_of_week_operator.py
[2023-03-01 10:47:55,692] {processor.py:641} INFO - Processing file /Users/giovannisabarreto/Desktop/repositorios/airflow_k/venv/lib/python3.10/site-packages/airflow/example_dags/example_branch_day_of_week_operator.py for tasks to queue
[2023-03-01 10:47:55,692] {logging_mixin.py:115} INFO - [2023-03-01 10:47:55,692] {dagbag.py:507} INFO - Filling up the DagBag from /Users/giovannisabarreto/Desktop/repositorios/airflow_k/venv/lib/python3.10/site-packages/airflow/example_dags/example_branch_day_of_week_operator.py
[2023-03-01 10:47:55,698] {processor.py:651} INFO - DAG(s) dict_keys(['example_weekday_branch_operator']) retrieved from /Users/giovannisabarreto/Desktop/repositorios/airflow_k/venv/lib/python3.10/site-packages/airflow/example_dags/example_branch_day_of_week_operator.py
[2023-03-01 10:47:55,720] {logging_mixin.py:115} INFO - [2023-03-01 10:47:55,720] {dag.py:2379} INFO - Sync 1 DAGs
[2023-03-01 10:47:55,726] {logging_mixin.py:115} INFO - [2023-03-01 10:47:55,726] {dag.py:2927} INFO - Setting next_dagrun for example_weekday_branch_operator to 2023-02-28T00:00:00+00:00, run_after=2023-03-01T00:00:00+00:00
[2023-03-01 10:47:55,729] {processor.py:161} INFO - Processing /Users/giovannisabarreto/Desktop/repositorios/airflow_k/venv/lib/python3.10/site-packages/airflow/example_dags/example_branch_day_of_week_operator.py took 0.038 seconds
[2023-03-01 10:48:43,413] {processor.py:153} INFO - Started process (PID=25990) to work on /Users/giovannisabarreto/Desktop/repositorios/airflow_k/venv/lib/python3.10/site-packages/airflow/example_dags/example_branch_day_of_week_operator.py
[2023-03-01 10:48:43,414] {processor.py:641} INFO - Processing file /Users/giovannisabarreto/Desktop/repositorios/airflow_k/venv/lib/python3.10/site-packages/airflow/example_dags/example_branch_day_of_week_operator.py for tasks to queue
[2023-03-01 10:48:43,414] {logging_mixin.py:115} INFO - [2023-03-01 10:48:43,414] {dagbag.py:507} INFO - Filling up the DagBag from /Users/giovannisabarreto/Desktop/repositorios/airflow_k/venv/lib/python3.10/site-packages/airflow/example_dags/example_branch_day_of_week_operator.py
[2023-03-01 10:48:43,420] {processor.py:651} INFO - DAG(s) dict_keys(['example_weekday_branch_operator']) retrieved from /Users/giovannisabarreto/Desktop/repositorios/airflow_k/venv/lib/python3.10/site-packages/airflow/example_dags/example_branch_day_of_week_operator.py
[2023-03-01 10:48:43,442] {logging_mixin.py:115} INFO - [2023-03-01 10:48:43,442] {dag.py:2379} INFO - Sync 1 DAGs
[2023-03-01 10:48:43,448] {logging_mixin.py:115} INFO - [2023-03-01 10:48:43,448] {dag.py:2927} INFO - Setting next_dagrun for example_weekday_branch_operator to 2023-02-28T00:00:00+00:00, run_after=2023-03-01T00:00:00+00:00
[2023-03-01 10:48:43,451] {processor.py:161} INFO - Processing /Users/giovannisabarreto/Desktop/repositorios/airflow_k/venv/lib/python3.10/site-packages/airflow/example_dags/example_branch_day_of_week_operator.py took 0.038 seconds
[2023-03-01 10:49:30,595] {processor.py:153} INFO - Started process (PID=26089) to work on /Users/giovannisabarreto/Desktop/repositorios/airflow_k/venv/lib/python3.10/site-packages/airflow/example_dags/example_branch_day_of_week_operator.py
[2023-03-01 10:49:30,595] {processor.py:641} INFO - Processing file /Users/giovannisabarreto/Desktop/repositorios/airflow_k/venv/lib/python3.10/site-packages/airflow/example_dags/example_branch_day_of_week_operator.py for tasks to queue
[2023-03-01 10:49:30,595] {logging_mixin.py:115} INFO - [2023-03-01 10:49:30,595] {dagbag.py:507} INFO - Filling up the DagBag from /Users/giovannisabarreto/Desktop/repositorios/airflow_k/venv/lib/python3.10/site-packages/airflow/example_dags/example_branch_day_of_week_operator.py
[2023-03-01 10:49:30,601] {processor.py:651} INFO - DAG(s) dict_keys(['example_weekday_branch_operator']) retrieved from /Users/giovannisabarreto/Desktop/repositorios/airflow_k/venv/lib/python3.10/site-packages/airflow/example_dags/example_branch_day_of_week_operator.py
[2023-03-01 10:49:30,623] {logging_mixin.py:115} INFO - [2023-03-01 10:49:30,623] {dag.py:2379} INFO - Sync 1 DAGs
[2023-03-01 10:49:30,629] {logging_mixin.py:115} INFO - [2023-03-01 10:49:30,629] {dag.py:2927} INFO - Setting next_dagrun for example_weekday_branch_operator to 2023-02-28T00:00:00+00:00, run_after=2023-03-01T00:00:00+00:00
[2023-03-01 10:49:30,633] {processor.py:161} INFO - Processing /Users/giovannisabarreto/Desktop/repositorios/airflow_k/venv/lib/python3.10/site-packages/airflow/example_dags/example_branch_day_of_week_operator.py took 0.038 seconds
[2023-03-01 10:50:16,050] {processor.py:153} INFO - Started process (PID=26170) to work on /Users/giovannisabarreto/Desktop/repositorios/airflow_k/venv/lib/python3.10/site-packages/airflow/example_dags/example_branch_day_of_week_operator.py
[2023-03-01 10:50:16,051] {processor.py:641} INFO - Processing file /Users/giovannisabarreto/Desktop/repositorios/airflow_k/venv/lib/python3.10/site-packages/airflow/example_dags/example_branch_day_of_week_operator.py for tasks to queue
[2023-03-01 10:50:16,051] {logging_mixin.py:115} INFO - [2023-03-01 10:50:16,051] {dagbag.py:507} INFO - Filling up the DagBag from /Users/giovannisabarreto/Desktop/repositorios/airflow_k/venv/lib/python3.10/site-packages/airflow/example_dags/example_branch_day_of_week_operator.py
[2023-03-01 10:50:16,057] {processor.py:651} INFO - DAG(s) dict_keys(['example_weekday_branch_operator']) retrieved from /Users/giovannisabarreto/Desktop/repositorios/airflow_k/venv/lib/python3.10/site-packages/airflow/example_dags/example_branch_day_of_week_operator.py
[2023-03-01 10:50:16,078] {logging_mixin.py:115} INFO - [2023-03-01 10:50:16,078] {dag.py:2379} INFO - Sync 1 DAGs
[2023-03-01 10:50:16,084] {logging_mixin.py:115} INFO - [2023-03-01 10:50:16,084] {dag.py:2927} INFO - Setting next_dagrun for example_weekday_branch_operator to 2023-02-28T00:00:00+00:00, run_after=2023-03-01T00:00:00+00:00
[2023-03-01 10:50:16,088] {processor.py:161} INFO - Processing /Users/giovannisabarreto/Desktop/repositorios/airflow_k/venv/lib/python3.10/site-packages/airflow/example_dags/example_branch_day_of_week_operator.py took 0.038 seconds
[2023-03-01 10:51:04,102] {processor.py:153} INFO - Started process (PID=26251) to work on /Users/giovannisabarreto/Desktop/repositorios/airflow_k/venv/lib/python3.10/site-packages/airflow/example_dags/example_branch_day_of_week_operator.py
[2023-03-01 10:51:04,103] {processor.py:641} INFO - Processing file /Users/giovannisabarreto/Desktop/repositorios/airflow_k/venv/lib/python3.10/site-packages/airflow/example_dags/example_branch_day_of_week_operator.py for tasks to queue
[2023-03-01 10:51:04,103] {logging_mixin.py:115} INFO - [2023-03-01 10:51:04,103] {dagbag.py:507} INFO - Filling up the DagBag from /Users/giovannisabarreto/Desktop/repositorios/airflow_k/venv/lib/python3.10/site-packages/airflow/example_dags/example_branch_day_of_week_operator.py
[2023-03-01 10:51:04,109] {processor.py:651} INFO - DAG(s) dict_keys(['example_weekday_branch_operator']) retrieved from /Users/giovannisabarreto/Desktop/repositorios/airflow_k/venv/lib/python3.10/site-packages/airflow/example_dags/example_branch_day_of_week_operator.py
[2023-03-01 10:51:04,131] {logging_mixin.py:115} INFO - [2023-03-01 10:51:04,131] {dag.py:2379} INFO - Sync 1 DAGs
[2023-03-01 10:51:04,137] {logging_mixin.py:115} INFO - [2023-03-01 10:51:04,137] {dag.py:2927} INFO - Setting next_dagrun for example_weekday_branch_operator to 2023-02-28T00:00:00+00:00, run_after=2023-03-01T00:00:00+00:00
[2023-03-01 10:51:04,140] {processor.py:161} INFO - Processing /Users/giovannisabarreto/Desktop/repositorios/airflow_k/venv/lib/python3.10/site-packages/airflow/example_dags/example_branch_day_of_week_operator.py took 0.038 seconds
[2023-03-01 10:51:54,626] {processor.py:153} INFO - Started process (PID=26337) to work on /Users/giovannisabarreto/Desktop/repositorios/airflow_k/venv/lib/python3.10/site-packages/airflow/example_dags/example_branch_day_of_week_operator.py
[2023-03-01 10:51:54,627] {processor.py:641} INFO - Processing file /Users/giovannisabarreto/Desktop/repositorios/airflow_k/venv/lib/python3.10/site-packages/airflow/example_dags/example_branch_day_of_week_operator.py for tasks to queue
[2023-03-01 10:51:54,628] {logging_mixin.py:115} INFO - [2023-03-01 10:51:54,628] {dagbag.py:507} INFO - Filling up the DagBag from /Users/giovannisabarreto/Desktop/repositorios/airflow_k/venv/lib/python3.10/site-packages/airflow/example_dags/example_branch_day_of_week_operator.py
[2023-03-01 10:51:54,634] {processor.py:651} INFO - DAG(s) dict_keys(['example_weekday_branch_operator']) retrieved from /Users/giovannisabarreto/Desktop/repositorios/airflow_k/venv/lib/python3.10/site-packages/airflow/example_dags/example_branch_day_of_week_operator.py
[2023-03-01 10:51:54,655] {logging_mixin.py:115} INFO - [2023-03-01 10:51:54,655] {dag.py:2379} INFO - Sync 1 DAGs
[2023-03-01 10:51:54,661] {logging_mixin.py:115} INFO - [2023-03-01 10:51:54,661] {dag.py:2927} INFO - Setting next_dagrun for example_weekday_branch_operator to 2023-02-28T00:00:00+00:00, run_after=2023-03-01T00:00:00+00:00
[2023-03-01 10:51:54,665] {processor.py:161} INFO - Processing /Users/giovannisabarreto/Desktop/repositorios/airflow_k/venv/lib/python3.10/site-packages/airflow/example_dags/example_branch_day_of_week_operator.py took 0.038 seconds
[2023-03-01 10:52:44,162] {processor.py:153} INFO - Started process (PID=26421) to work on /Users/giovannisabarreto/Desktop/repositorios/airflow_k/venv/lib/python3.10/site-packages/airflow/example_dags/example_branch_day_of_week_operator.py
[2023-03-01 10:52:44,163] {processor.py:641} INFO - Processing file /Users/giovannisabarreto/Desktop/repositorios/airflow_k/venv/lib/python3.10/site-packages/airflow/example_dags/example_branch_day_of_week_operator.py for tasks to queue
[2023-03-01 10:52:44,164] {logging_mixin.py:115} INFO - [2023-03-01 10:52:44,164] {dagbag.py:507} INFO - Filling up the DagBag from /Users/giovannisabarreto/Desktop/repositorios/airflow_k/venv/lib/python3.10/site-packages/airflow/example_dags/example_branch_day_of_week_operator.py
[2023-03-01 10:52:44,170] {processor.py:651} INFO - DAG(s) dict_keys(['example_weekday_branch_operator']) retrieved from /Users/giovannisabarreto/Desktop/repositorios/airflow_k/venv/lib/python3.10/site-packages/airflow/example_dags/example_branch_day_of_week_operator.py
[2023-03-01 10:52:44,191] {logging_mixin.py:115} INFO - [2023-03-01 10:52:44,191] {dag.py:2379} INFO - Sync 1 DAGs
[2023-03-01 10:52:44,197] {logging_mixin.py:115} INFO - [2023-03-01 10:52:44,197] {dag.py:2927} INFO - Setting next_dagrun for example_weekday_branch_operator to 2023-02-28T00:00:00+00:00, run_after=2023-03-01T00:00:00+00:00
[2023-03-01 10:52:44,201] {processor.py:161} INFO - Processing /Users/giovannisabarreto/Desktop/repositorios/airflow_k/venv/lib/python3.10/site-packages/airflow/example_dags/example_branch_day_of_week_operator.py took 0.038 seconds
[2023-03-01 10:53:31,014] {processor.py:153} INFO - Started process (PID=26506) to work on /Users/giovannisabarreto/Desktop/repositorios/airflow_k/venv/lib/python3.10/site-packages/airflow/example_dags/example_branch_day_of_week_operator.py
[2023-03-01 10:53:31,015] {processor.py:641} INFO - Processing file /Users/giovannisabarreto/Desktop/repositorios/airflow_k/venv/lib/python3.10/site-packages/airflow/example_dags/example_branch_day_of_week_operator.py for tasks to queue
[2023-03-01 10:53:31,015] {logging_mixin.py:115} INFO - [2023-03-01 10:53:31,015] {dagbag.py:507} INFO - Filling up the DagBag from /Users/giovannisabarreto/Desktop/repositorios/airflow_k/venv/lib/python3.10/site-packages/airflow/example_dags/example_branch_day_of_week_operator.py
[2023-03-01 10:53:31,021] {processor.py:651} INFO - DAG(s) dict_keys(['example_weekday_branch_operator']) retrieved from /Users/giovannisabarreto/Desktop/repositorios/airflow_k/venv/lib/python3.10/site-packages/airflow/example_dags/example_branch_day_of_week_operator.py
[2023-03-01 10:53:31,042] {logging_mixin.py:115} INFO - [2023-03-01 10:53:31,042] {dag.py:2379} INFO - Sync 1 DAGs
[2023-03-01 10:53:31,048] {logging_mixin.py:115} INFO - [2023-03-01 10:53:31,048] {dag.py:2927} INFO - Setting next_dagrun for example_weekday_branch_operator to 2023-02-28T00:00:00+00:00, run_after=2023-03-01T00:00:00+00:00
[2023-03-01 10:53:31,052] {processor.py:161} INFO - Processing /Users/giovannisabarreto/Desktop/repositorios/airflow_k/venv/lib/python3.10/site-packages/airflow/example_dags/example_branch_day_of_week_operator.py took 0.038 seconds
[2023-03-01 10:54:17,702] {processor.py:153} INFO - Started process (PID=26600) to work on /Users/giovannisabarreto/Desktop/repositorios/airflow_k/venv/lib/python3.10/site-packages/airflow/example_dags/example_branch_day_of_week_operator.py
[2023-03-01 10:54:17,702] {processor.py:641} INFO - Processing file /Users/giovannisabarreto/Desktop/repositorios/airflow_k/venv/lib/python3.10/site-packages/airflow/example_dags/example_branch_day_of_week_operator.py for tasks to queue
[2023-03-01 10:54:17,702] {logging_mixin.py:115} INFO - [2023-03-01 10:54:17,702] {dagbag.py:507} INFO - Filling up the DagBag from /Users/giovannisabarreto/Desktop/repositorios/airflow_k/venv/lib/python3.10/site-packages/airflow/example_dags/example_branch_day_of_week_operator.py
[2023-03-01 10:54:17,708] {processor.py:651} INFO - DAG(s) dict_keys(['example_weekday_branch_operator']) retrieved from /Users/giovannisabarreto/Desktop/repositorios/airflow_k/venv/lib/python3.10/site-packages/airflow/example_dags/example_branch_day_of_week_operator.py
[2023-03-01 10:54:17,729] {logging_mixin.py:115} INFO - [2023-03-01 10:54:17,729] {dag.py:2379} INFO - Sync 1 DAGs
[2023-03-01 10:54:17,735] {logging_mixin.py:115} INFO - [2023-03-01 10:54:17,735] {dag.py:2927} INFO - Setting next_dagrun for example_weekday_branch_operator to 2023-02-28T00:00:00+00:00, run_after=2023-03-01T00:00:00+00:00
[2023-03-01 10:54:17,739] {processor.py:161} INFO - Processing /Users/giovannisabarreto/Desktop/repositorios/airflow_k/venv/lib/python3.10/site-packages/airflow/example_dags/example_branch_day_of_week_operator.py took 0.037 seconds
[2023-03-01 10:55:15,366] {processor.py:153} INFO - Started process (PID=26700) to work on /Users/giovannisabarreto/Desktop/repositorios/airflow_k/venv/lib/python3.10/site-packages/airflow/example_dags/example_branch_day_of_week_operator.py
[2023-03-01 10:55:15,367] {processor.py:641} INFO - Processing file /Users/giovannisabarreto/Desktop/repositorios/airflow_k/venv/lib/python3.10/site-packages/airflow/example_dags/example_branch_day_of_week_operator.py for tasks to queue
[2023-03-01 10:55:15,367] {logging_mixin.py:115} INFO - [2023-03-01 10:55:15,367] {dagbag.py:507} INFO - Filling up the DagBag from /Users/giovannisabarreto/Desktop/repositorios/airflow_k/venv/lib/python3.10/site-packages/airflow/example_dags/example_branch_day_of_week_operator.py
[2023-03-01 10:55:15,373] {processor.py:651} INFO - DAG(s) dict_keys(['example_weekday_branch_operator']) retrieved from /Users/giovannisabarreto/Desktop/repositorios/airflow_k/venv/lib/python3.10/site-packages/airflow/example_dags/example_branch_day_of_week_operator.py
[2023-03-01 10:55:15,394] {logging_mixin.py:115} INFO - [2023-03-01 10:55:15,394] {dag.py:2379} INFO - Sync 1 DAGs
[2023-03-01 10:55:15,400] {logging_mixin.py:115} INFO - [2023-03-01 10:55:15,400] {dag.py:2927} INFO - Setting next_dagrun for example_weekday_branch_operator to 2023-02-28T00:00:00+00:00, run_after=2023-03-01T00:00:00+00:00
[2023-03-01 10:55:15,404] {processor.py:161} INFO - Processing /Users/giovannisabarreto/Desktop/repositorios/airflow_k/venv/lib/python3.10/site-packages/airflow/example_dags/example_branch_day_of_week_operator.py took 0.038 seconds
[2023-03-01 10:56:01,243] {processor.py:153} INFO - Started process (PID=26779) to work on /Users/giovannisabarreto/Desktop/repositorios/airflow_k/venv/lib/python3.10/site-packages/airflow/example_dags/example_branch_day_of_week_operator.py
[2023-03-01 10:56:01,244] {processor.py:641} INFO - Processing file /Users/giovannisabarreto/Desktop/repositorios/airflow_k/venv/lib/python3.10/site-packages/airflow/example_dags/example_branch_day_of_week_operator.py for tasks to queue
[2023-03-01 10:56:01,244] {logging_mixin.py:115} INFO - [2023-03-01 10:56:01,244] {dagbag.py:507} INFO - Filling up the DagBag from /Users/giovannisabarreto/Desktop/repositorios/airflow_k/venv/lib/python3.10/site-packages/airflow/example_dags/example_branch_day_of_week_operator.py
[2023-03-01 10:56:01,250] {processor.py:651} INFO - DAG(s) dict_keys(['example_weekday_branch_operator']) retrieved from /Users/giovannisabarreto/Desktop/repositorios/airflow_k/venv/lib/python3.10/site-packages/airflow/example_dags/example_branch_day_of_week_operator.py
[2023-03-01 10:56:01,272] {logging_mixin.py:115} INFO - [2023-03-01 10:56:01,271] {dag.py:2379} INFO - Sync 1 DAGs
[2023-03-01 10:56:01,277] {logging_mixin.py:115} INFO - [2023-03-01 10:56:01,277] {dag.py:2927} INFO - Setting next_dagrun for example_weekday_branch_operator to 2023-02-28T00:00:00+00:00, run_after=2023-03-01T00:00:00+00:00
[2023-03-01 10:56:01,281] {processor.py:161} INFO - Processing /Users/giovannisabarreto/Desktop/repositorios/airflow_k/venv/lib/python3.10/site-packages/airflow/example_dags/example_branch_day_of_week_operator.py took 0.038 seconds
[2023-03-01 10:56:48,508] {processor.py:153} INFO - Started process (PID=26860) to work on /Users/giovannisabarreto/Desktop/repositorios/airflow_k/venv/lib/python3.10/site-packages/airflow/example_dags/example_branch_day_of_week_operator.py
[2023-03-01 10:56:48,509] {processor.py:641} INFO - Processing file /Users/giovannisabarreto/Desktop/repositorios/airflow_k/venv/lib/python3.10/site-packages/airflow/example_dags/example_branch_day_of_week_operator.py for tasks to queue
[2023-03-01 10:56:48,509] {logging_mixin.py:115} INFO - [2023-03-01 10:56:48,509] {dagbag.py:507} INFO - Filling up the DagBag from /Users/giovannisabarreto/Desktop/repositorios/airflow_k/venv/lib/python3.10/site-packages/airflow/example_dags/example_branch_day_of_week_operator.py
[2023-03-01 10:56:48,515] {processor.py:651} INFO - DAG(s) dict_keys(['example_weekday_branch_operator']) retrieved from /Users/giovannisabarreto/Desktop/repositorios/airflow_k/venv/lib/python3.10/site-packages/airflow/example_dags/example_branch_day_of_week_operator.py
[2023-03-01 10:56:48,537] {logging_mixin.py:115} INFO - [2023-03-01 10:56:48,537] {dag.py:2379} INFO - Sync 1 DAGs
[2023-03-01 10:56:48,543] {logging_mixin.py:115} INFO - [2023-03-01 10:56:48,543] {dag.py:2927} INFO - Setting next_dagrun for example_weekday_branch_operator to 2023-02-28T00:00:00+00:00, run_after=2023-03-01T00:00:00+00:00
[2023-03-01 10:56:48,546] {processor.py:161} INFO - Processing /Users/giovannisabarreto/Desktop/repositorios/airflow_k/venv/lib/python3.10/site-packages/airflow/example_dags/example_branch_day_of_week_operator.py took 0.039 seconds
[2023-03-01 10:57:33,994] {processor.py:153} INFO - Started process (PID=26938) to work on /Users/giovannisabarreto/Desktop/repositorios/airflow_k/venv/lib/python3.10/site-packages/airflow/example_dags/example_branch_day_of_week_operator.py
[2023-03-01 10:57:33,994] {processor.py:641} INFO - Processing file /Users/giovannisabarreto/Desktop/repositorios/airflow_k/venv/lib/python3.10/site-packages/airflow/example_dags/example_branch_day_of_week_operator.py for tasks to queue
[2023-03-01 10:57:33,995] {logging_mixin.py:115} INFO - [2023-03-01 10:57:33,995] {dagbag.py:507} INFO - Filling up the DagBag from /Users/giovannisabarreto/Desktop/repositorios/airflow_k/venv/lib/python3.10/site-packages/airflow/example_dags/example_branch_day_of_week_operator.py
[2023-03-01 10:57:34,001] {processor.py:651} INFO - DAG(s) dict_keys(['example_weekday_branch_operator']) retrieved from /Users/giovannisabarreto/Desktop/repositorios/airflow_k/venv/lib/python3.10/site-packages/airflow/example_dags/example_branch_day_of_week_operator.py
[2023-03-01 10:57:34,022] {logging_mixin.py:115} INFO - [2023-03-01 10:57:34,022] {dag.py:2379} INFO - Sync 1 DAGs
[2023-03-01 10:57:34,028] {logging_mixin.py:115} INFO - [2023-03-01 10:57:34,028] {dag.py:2927} INFO - Setting next_dagrun for example_weekday_branch_operator to 2023-02-28T00:00:00+00:00, run_after=2023-03-01T00:00:00+00:00
[2023-03-01 10:57:34,031] {processor.py:161} INFO - Processing /Users/giovannisabarreto/Desktop/repositorios/airflow_k/venv/lib/python3.10/site-packages/airflow/example_dags/example_branch_day_of_week_operator.py took 0.037 seconds
[2023-03-01 10:58:19,795] {processor.py:153} INFO - Started process (PID=27030) to work on /Users/giovannisabarreto/Desktop/repositorios/airflow_k/venv/lib/python3.10/site-packages/airflow/example_dags/example_branch_day_of_week_operator.py
[2023-03-01 10:58:19,796] {processor.py:641} INFO - Processing file /Users/giovannisabarreto/Desktop/repositorios/airflow_k/venv/lib/python3.10/site-packages/airflow/example_dags/example_branch_day_of_week_operator.py for tasks to queue
[2023-03-01 10:58:19,796] {logging_mixin.py:115} INFO - [2023-03-01 10:58:19,796] {dagbag.py:507} INFO - Filling up the DagBag from /Users/giovannisabarreto/Desktop/repositorios/airflow_k/venv/lib/python3.10/site-packages/airflow/example_dags/example_branch_day_of_week_operator.py
[2023-03-01 10:58:19,803] {processor.py:651} INFO - DAG(s) dict_keys(['example_weekday_branch_operator']) retrieved from /Users/giovannisabarreto/Desktop/repositorios/airflow_k/venv/lib/python3.10/site-packages/airflow/example_dags/example_branch_day_of_week_operator.py
[2023-03-01 10:58:19,824] {logging_mixin.py:115} INFO - [2023-03-01 10:58:19,824] {dag.py:2379} INFO - Sync 1 DAGs
[2023-03-01 10:58:19,830] {logging_mixin.py:115} INFO - [2023-03-01 10:58:19,830] {dag.py:2927} INFO - Setting next_dagrun for example_weekday_branch_operator to 2023-02-28T00:00:00+00:00, run_after=2023-03-01T00:00:00+00:00
[2023-03-01 10:58:19,834] {processor.py:161} INFO - Processing /Users/giovannisabarreto/Desktop/repositorios/airflow_k/venv/lib/python3.10/site-packages/airflow/example_dags/example_branch_day_of_week_operator.py took 0.039 seconds
[2023-03-01 10:59:04,748] {processor.py:153} INFO - Started process (PID=27118) to work on /Users/giovannisabarreto/Desktop/repositorios/airflow_k/venv/lib/python3.10/site-packages/airflow/example_dags/example_branch_day_of_week_operator.py
[2023-03-01 10:59:04,748] {processor.py:641} INFO - Processing file /Users/giovannisabarreto/Desktop/repositorios/airflow_k/venv/lib/python3.10/site-packages/airflow/example_dags/example_branch_day_of_week_operator.py for tasks to queue
[2023-03-01 10:59:04,748] {logging_mixin.py:115} INFO - [2023-03-01 10:59:04,748] {dagbag.py:507} INFO - Filling up the DagBag from /Users/giovannisabarreto/Desktop/repositorios/airflow_k/venv/lib/python3.10/site-packages/airflow/example_dags/example_branch_day_of_week_operator.py
[2023-03-01 10:59:04,754] {processor.py:651} INFO - DAG(s) dict_keys(['example_weekday_branch_operator']) retrieved from /Users/giovannisabarreto/Desktop/repositorios/airflow_k/venv/lib/python3.10/site-packages/airflow/example_dags/example_branch_day_of_week_operator.py
[2023-03-01 10:59:04,776] {logging_mixin.py:115} INFO - [2023-03-01 10:59:04,776] {dag.py:2379} INFO - Sync 1 DAGs
[2023-03-01 10:59:04,782] {logging_mixin.py:115} INFO - [2023-03-01 10:59:04,782] {dag.py:2927} INFO - Setting next_dagrun for example_weekday_branch_operator to 2023-02-28T00:00:00+00:00, run_after=2023-03-01T00:00:00+00:00
[2023-03-01 10:59:04,785] {processor.py:161} INFO - Processing /Users/giovannisabarreto/Desktop/repositorios/airflow_k/venv/lib/python3.10/site-packages/airflow/example_dags/example_branch_day_of_week_operator.py took 0.038 seconds
[2023-03-01 11:00:00,962] {processor.py:153} INFO - Started process (PID=27222) to work on /Users/giovannisabarreto/Desktop/repositorios/airflow_k/venv/lib/python3.10/site-packages/airflow/example_dags/example_branch_day_of_week_operator.py
[2023-03-01 11:00:00,963] {processor.py:641} INFO - Processing file /Users/giovannisabarreto/Desktop/repositorios/airflow_k/venv/lib/python3.10/site-packages/airflow/example_dags/example_branch_day_of_week_operator.py for tasks to queue
[2023-03-01 11:00:00,963] {logging_mixin.py:115} INFO - [2023-03-01 11:00:00,963] {dagbag.py:507} INFO - Filling up the DagBag from /Users/giovannisabarreto/Desktop/repositorios/airflow_k/venv/lib/python3.10/site-packages/airflow/example_dags/example_branch_day_of_week_operator.py
[2023-03-01 11:00:00,970] {processor.py:651} INFO - DAG(s) dict_keys(['example_weekday_branch_operator']) retrieved from /Users/giovannisabarreto/Desktop/repositorios/airflow_k/venv/lib/python3.10/site-packages/airflow/example_dags/example_branch_day_of_week_operator.py
[2023-03-01 11:00:00,991] {logging_mixin.py:115} INFO - [2023-03-01 11:00:00,991] {dag.py:2379} INFO - Sync 1 DAGs
[2023-03-01 11:00:00,997] {logging_mixin.py:115} INFO - [2023-03-01 11:00:00,997] {dag.py:2927} INFO - Setting next_dagrun for example_weekday_branch_operator to 2023-02-28T00:00:00+00:00, run_after=2023-03-01T00:00:00+00:00
[2023-03-01 11:00:01,000] {processor.py:161} INFO - Processing /Users/giovannisabarreto/Desktop/repositorios/airflow_k/venv/lib/python3.10/site-packages/airflow/example_dags/example_branch_day_of_week_operator.py took 0.039 seconds
[2023-03-01 11:06:03,967] {processor.py:153} INFO - Started process (PID=27358) to work on /Users/giovannisabarreto/Desktop/repositorios/airflow_k/venv/lib/python3.10/site-packages/airflow/example_dags/example_branch_day_of_week_operator.py
[2023-03-01 11:06:03,967] {processor.py:641} INFO - Processing file /Users/giovannisabarreto/Desktop/repositorios/airflow_k/venv/lib/python3.10/site-packages/airflow/example_dags/example_branch_day_of_week_operator.py for tasks to queue
[2023-03-01 11:06:03,968] {logging_mixin.py:115} INFO - [2023-03-01 11:06:03,968] {dagbag.py:507} INFO - Filling up the DagBag from /Users/giovannisabarreto/Desktop/repositorios/airflow_k/venv/lib/python3.10/site-packages/airflow/example_dags/example_branch_day_of_week_operator.py
[2023-03-01 11:06:03,973] {processor.py:651} INFO - DAG(s) dict_keys(['example_weekday_branch_operator']) retrieved from /Users/giovannisabarreto/Desktop/repositorios/airflow_k/venv/lib/python3.10/site-packages/airflow/example_dags/example_branch_day_of_week_operator.py
[2023-03-01 11:06:03,995] {logging_mixin.py:115} INFO - [2023-03-01 11:06:03,995] {dag.py:2379} INFO - Sync 1 DAGs
[2023-03-01 11:06:04,001] {logging_mixin.py:115} INFO - [2023-03-01 11:06:04,001] {dag.py:2927} INFO - Setting next_dagrun for example_weekday_branch_operator to 2023-02-28T00:00:00+00:00, run_after=2023-03-01T00:00:00+00:00
[2023-03-01 11:06:04,004] {processor.py:161} INFO - Processing /Users/giovannisabarreto/Desktop/repositorios/airflow_k/venv/lib/python3.10/site-packages/airflow/example_dags/example_branch_day_of_week_operator.py took 0.038 seconds
[2023-03-01 11:06:47,424] {processor.py:153} INFO - Started process (PID=27436) to work on /Users/giovannisabarreto/Desktop/repositorios/airflow_k/venv/lib/python3.10/site-packages/airflow/example_dags/example_branch_day_of_week_operator.py
[2023-03-01 11:06:47,424] {processor.py:641} INFO - Processing file /Users/giovannisabarreto/Desktop/repositorios/airflow_k/venv/lib/python3.10/site-packages/airflow/example_dags/example_branch_day_of_week_operator.py for tasks to queue
[2023-03-01 11:06:47,424] {logging_mixin.py:115} INFO - [2023-03-01 11:06:47,424] {dagbag.py:507} INFO - Filling up the DagBag from /Users/giovannisabarreto/Desktop/repositorios/airflow_k/venv/lib/python3.10/site-packages/airflow/example_dags/example_branch_day_of_week_operator.py
[2023-03-01 11:06:47,430] {processor.py:651} INFO - DAG(s) dict_keys(['example_weekday_branch_operator']) retrieved from /Users/giovannisabarreto/Desktop/repositorios/airflow_k/venv/lib/python3.10/site-packages/airflow/example_dags/example_branch_day_of_week_operator.py
[2023-03-01 11:06:47,453] {logging_mixin.py:115} INFO - [2023-03-01 11:06:47,452] {dag.py:2379} INFO - Sync 1 DAGs
[2023-03-01 11:06:47,459] {logging_mixin.py:115} INFO - [2023-03-01 11:06:47,459] {dag.py:2927} INFO - Setting next_dagrun for example_weekday_branch_operator to 2023-02-28T00:00:00+00:00, run_after=2023-03-01T00:00:00+00:00
[2023-03-01 11:06:47,462] {processor.py:161} INFO - Processing /Users/giovannisabarreto/Desktop/repositorios/airflow_k/venv/lib/python3.10/site-packages/airflow/example_dags/example_branch_day_of_week_operator.py took 0.038 seconds
[2023-03-01 11:07:32,043] {processor.py:153} INFO - Started process (PID=28248) to work on /Users/giovannisabarreto/Desktop/repositorios/airflow_k/venv/lib/python3.10/site-packages/airflow/example_dags/example_branch_day_of_week_operator.py
[2023-03-01 11:07:32,043] {processor.py:641} INFO - Processing file /Users/giovannisabarreto/Desktop/repositorios/airflow_k/venv/lib/python3.10/site-packages/airflow/example_dags/example_branch_day_of_week_operator.py for tasks to queue
[2023-03-01 11:07:32,043] {logging_mixin.py:115} INFO - [2023-03-01 11:07:32,043] {dagbag.py:507} INFO - Filling up the DagBag from /Users/giovannisabarreto/Desktop/repositorios/airflow_k/venv/lib/python3.10/site-packages/airflow/example_dags/example_branch_day_of_week_operator.py
[2023-03-01 11:07:32,052] {processor.py:651} INFO - DAG(s) dict_keys(['example_weekday_branch_operator']) retrieved from /Users/giovannisabarreto/Desktop/repositorios/airflow_k/venv/lib/python3.10/site-packages/airflow/example_dags/example_branch_day_of_week_operator.py
[2023-03-01 11:07:32,077] {logging_mixin.py:115} INFO - [2023-03-01 11:07:32,077] {dag.py:2379} INFO - Sync 1 DAGs
[2023-03-01 11:07:32,083] {logging_mixin.py:115} INFO - [2023-03-01 11:07:32,083] {dag.py:2927} INFO - Setting next_dagrun for example_weekday_branch_operator to 2023-02-28T00:00:00+00:00, run_after=2023-03-01T00:00:00+00:00
[2023-03-01 11:07:32,087] {processor.py:161} INFO - Processing /Users/giovannisabarreto/Desktop/repositorios/airflow_k/venv/lib/python3.10/site-packages/airflow/example_dags/example_branch_day_of_week_operator.py took 0.045 seconds
[2023-03-01 11:08:15,904] {processor.py:153} INFO - Started process (PID=29107) to work on /Users/giovannisabarreto/Desktop/repositorios/airflow_k/venv/lib/python3.10/site-packages/airflow/example_dags/example_branch_day_of_week_operator.py
[2023-03-01 11:08:15,905] {processor.py:641} INFO - Processing file /Users/giovannisabarreto/Desktop/repositorios/airflow_k/venv/lib/python3.10/site-packages/airflow/example_dags/example_branch_day_of_week_operator.py for tasks to queue
[2023-03-01 11:08:15,905] {logging_mixin.py:115} INFO - [2023-03-01 11:08:15,905] {dagbag.py:507} INFO - Filling up the DagBag from /Users/giovannisabarreto/Desktop/repositorios/airflow_k/venv/lib/python3.10/site-packages/airflow/example_dags/example_branch_day_of_week_operator.py
[2023-03-01 11:08:15,912] {processor.py:651} INFO - DAG(s) dict_keys(['example_weekday_branch_operator']) retrieved from /Users/giovannisabarreto/Desktop/repositorios/airflow_k/venv/lib/python3.10/site-packages/airflow/example_dags/example_branch_day_of_week_operator.py
[2023-03-01 11:08:15,935] {logging_mixin.py:115} INFO - [2023-03-01 11:08:15,935] {dag.py:2379} INFO - Sync 1 DAGs
[2023-03-01 11:08:15,941] {logging_mixin.py:115} INFO - [2023-03-01 11:08:15,941] {dag.py:2927} INFO - Setting next_dagrun for example_weekday_branch_operator to 2023-02-28T00:00:00+00:00, run_after=2023-03-01T00:00:00+00:00
[2023-03-01 11:08:15,945] {processor.py:161} INFO - Processing /Users/giovannisabarreto/Desktop/repositorios/airflow_k/venv/lib/python3.10/site-packages/airflow/example_dags/example_branch_day_of_week_operator.py took 0.041 seconds
[2023-03-01 11:09:15,167] {processor.py:153} INFO - Started process (PID=29293) to work on /Users/giovannisabarreto/Desktop/repositorios/airflow_k/venv/lib/python3.10/site-packages/airflow/example_dags/example_branch_day_of_week_operator.py
[2023-03-01 11:09:15,168] {processor.py:641} INFO - Processing file /Users/giovannisabarreto/Desktop/repositorios/airflow_k/venv/lib/python3.10/site-packages/airflow/example_dags/example_branch_day_of_week_operator.py for tasks to queue
[2023-03-01 11:09:15,169] {logging_mixin.py:115} INFO - [2023-03-01 11:09:15,169] {dagbag.py:507} INFO - Filling up the DagBag from /Users/giovannisabarreto/Desktop/repositorios/airflow_k/venv/lib/python3.10/site-packages/airflow/example_dags/example_branch_day_of_week_operator.py
[2023-03-01 11:09:15,175] {processor.py:651} INFO - DAG(s) dict_keys(['example_weekday_branch_operator']) retrieved from /Users/giovannisabarreto/Desktop/repositorios/airflow_k/venv/lib/python3.10/site-packages/airflow/example_dags/example_branch_day_of_week_operator.py
[2023-03-01 11:09:15,196] {logging_mixin.py:115} INFO - [2023-03-01 11:09:15,196] {dag.py:2379} INFO - Sync 1 DAGs
[2023-03-01 11:09:15,202] {logging_mixin.py:115} INFO - [2023-03-01 11:09:15,202] {dag.py:2927} INFO - Setting next_dagrun for example_weekday_branch_operator to 2023-02-28T00:00:00+00:00, run_after=2023-03-01T00:00:00+00:00
[2023-03-01 11:09:15,206] {processor.py:161} INFO - Processing /Users/giovannisabarreto/Desktop/repositorios/airflow_k/venv/lib/python3.10/site-packages/airflow/example_dags/example_branch_day_of_week_operator.py took 0.038 seconds
[2023-03-01 11:10:10,583] {processor.py:153} INFO - Started process (PID=29552) to work on /Users/giovannisabarreto/Desktop/repositorios/airflow_k/venv/lib/python3.10/site-packages/airflow/example_dags/example_branch_day_of_week_operator.py
[2023-03-01 11:10:10,583] {processor.py:641} INFO - Processing file /Users/giovannisabarreto/Desktop/repositorios/airflow_k/venv/lib/python3.10/site-packages/airflow/example_dags/example_branch_day_of_week_operator.py for tasks to queue
[2023-03-01 11:10:10,583] {logging_mixin.py:115} INFO - [2023-03-01 11:10:10,583] {dagbag.py:507} INFO - Filling up the DagBag from /Users/giovannisabarreto/Desktop/repositorios/airflow_k/venv/lib/python3.10/site-packages/airflow/example_dags/example_branch_day_of_week_operator.py
[2023-03-01 11:10:10,590] {processor.py:651} INFO - DAG(s) dict_keys(['example_weekday_branch_operator']) retrieved from /Users/giovannisabarreto/Desktop/repositorios/airflow_k/venv/lib/python3.10/site-packages/airflow/example_dags/example_branch_day_of_week_operator.py
[2023-03-01 11:10:10,611] {logging_mixin.py:115} INFO - [2023-03-01 11:10:10,611] {dag.py:2379} INFO - Sync 1 DAGs
[2023-03-01 11:10:10,617] {logging_mixin.py:115} INFO - [2023-03-01 11:10:10,617] {dag.py:2927} INFO - Setting next_dagrun for example_weekday_branch_operator to 2023-02-28T00:00:00+00:00, run_after=2023-03-01T00:00:00+00:00
[2023-03-01 11:10:10,621] {processor.py:161} INFO - Processing /Users/giovannisabarreto/Desktop/repositorios/airflow_k/venv/lib/python3.10/site-packages/airflow/example_dags/example_branch_day_of_week_operator.py took 0.038 seconds
[2023-03-01 11:11:08,605] {processor.py:153} INFO - Started process (PID=29688) to work on /Users/giovannisabarreto/Desktop/repositorios/airflow_k/venv/lib/python3.10/site-packages/airflow/example_dags/example_branch_day_of_week_operator.py
[2023-03-01 11:11:08,606] {processor.py:641} INFO - Processing file /Users/giovannisabarreto/Desktop/repositorios/airflow_k/venv/lib/python3.10/site-packages/airflow/example_dags/example_branch_day_of_week_operator.py for tasks to queue
[2023-03-01 11:11:08,606] {logging_mixin.py:115} INFO - [2023-03-01 11:11:08,606] {dagbag.py:507} INFO - Filling up the DagBag from /Users/giovannisabarreto/Desktop/repositorios/airflow_k/venv/lib/python3.10/site-packages/airflow/example_dags/example_branch_day_of_week_operator.py
[2023-03-01 11:11:08,612] {processor.py:651} INFO - DAG(s) dict_keys(['example_weekday_branch_operator']) retrieved from /Users/giovannisabarreto/Desktop/repositorios/airflow_k/venv/lib/python3.10/site-packages/airflow/example_dags/example_branch_day_of_week_operator.py
[2023-03-01 11:11:08,636] {logging_mixin.py:115} INFO - [2023-03-01 11:11:08,636] {dag.py:2379} INFO - Sync 1 DAGs
[2023-03-01 11:11:08,643] {logging_mixin.py:115} INFO - [2023-03-01 11:11:08,643] {dag.py:2927} INFO - Setting next_dagrun for example_weekday_branch_operator to 2023-02-28T00:00:00+00:00, run_after=2023-03-01T00:00:00+00:00
[2023-03-01 11:11:08,647] {processor.py:161} INFO - Processing /Users/giovannisabarreto/Desktop/repositorios/airflow_k/venv/lib/python3.10/site-packages/airflow/example_dags/example_branch_day_of_week_operator.py took 0.042 seconds
[2023-03-01 11:11:55,943] {processor.py:153} INFO - Started process (PID=29870) to work on /Users/giovannisabarreto/Desktop/repositorios/airflow_k/venv/lib/python3.10/site-packages/airflow/example_dags/example_branch_day_of_week_operator.py
[2023-03-01 11:11:55,943] {processor.py:641} INFO - Processing file /Users/giovannisabarreto/Desktop/repositorios/airflow_k/venv/lib/python3.10/site-packages/airflow/example_dags/example_branch_day_of_week_operator.py for tasks to queue
[2023-03-01 11:11:55,944] {logging_mixin.py:115} INFO - [2023-03-01 11:11:55,944] {dagbag.py:507} INFO - Filling up the DagBag from /Users/giovannisabarreto/Desktop/repositorios/airflow_k/venv/lib/python3.10/site-packages/airflow/example_dags/example_branch_day_of_week_operator.py
[2023-03-01 11:11:55,950] {processor.py:651} INFO - DAG(s) dict_keys(['example_weekday_branch_operator']) retrieved from /Users/giovannisabarreto/Desktop/repositorios/airflow_k/venv/lib/python3.10/site-packages/airflow/example_dags/example_branch_day_of_week_operator.py
[2023-03-01 11:11:55,972] {logging_mixin.py:115} INFO - [2023-03-01 11:11:55,972] {dag.py:2379} INFO - Sync 1 DAGs
[2023-03-01 11:11:55,978] {logging_mixin.py:115} INFO - [2023-03-01 11:11:55,978] {dag.py:2927} INFO - Setting next_dagrun for example_weekday_branch_operator to 2023-02-28T00:00:00+00:00, run_after=2023-03-01T00:00:00+00:00
[2023-03-01 11:11:55,982] {processor.py:161} INFO - Processing /Users/giovannisabarreto/Desktop/repositorios/airflow_k/venv/lib/python3.10/site-packages/airflow/example_dags/example_branch_day_of_week_operator.py took 0.039 seconds
[2023-03-01 11:12:42,687] {processor.py:153} INFO - Started process (PID=29950) to work on /Users/giovannisabarreto/Desktop/repositorios/airflow_k/venv/lib/python3.10/site-packages/airflow/example_dags/example_branch_day_of_week_operator.py
[2023-03-01 11:12:42,688] {processor.py:641} INFO - Processing file /Users/giovannisabarreto/Desktop/repositorios/airflow_k/venv/lib/python3.10/site-packages/airflow/example_dags/example_branch_day_of_week_operator.py for tasks to queue
[2023-03-01 11:12:42,688] {logging_mixin.py:115} INFO - [2023-03-01 11:12:42,688] {dagbag.py:507} INFO - Filling up the DagBag from /Users/giovannisabarreto/Desktop/repositorios/airflow_k/venv/lib/python3.10/site-packages/airflow/example_dags/example_branch_day_of_week_operator.py
[2023-03-01 11:12:42,696] {processor.py:651} INFO - DAG(s) dict_keys(['example_weekday_branch_operator']) retrieved from /Users/giovannisabarreto/Desktop/repositorios/airflow_k/venv/lib/python3.10/site-packages/airflow/example_dags/example_branch_day_of_week_operator.py
[2023-03-01 11:12:42,717] {logging_mixin.py:115} INFO - [2023-03-01 11:12:42,717] {dag.py:2379} INFO - Sync 1 DAGs
[2023-03-01 11:12:42,723] {logging_mixin.py:115} INFO - [2023-03-01 11:12:42,723] {dag.py:2927} INFO - Setting next_dagrun for example_weekday_branch_operator to 2023-02-28T00:00:00+00:00, run_after=2023-03-01T00:00:00+00:00
[2023-03-01 11:12:42,726] {processor.py:161} INFO - Processing /Users/giovannisabarreto/Desktop/repositorios/airflow_k/venv/lib/python3.10/site-packages/airflow/example_dags/example_branch_day_of_week_operator.py took 0.040 seconds
[2023-03-01 11:13:40,670] {processor.py:153} INFO - Started process (PID=30052) to work on /Users/giovannisabarreto/Desktop/repositorios/airflow_k/venv/lib/python3.10/site-packages/airflow/example_dags/example_branch_day_of_week_operator.py
[2023-03-01 11:13:40,670] {processor.py:641} INFO - Processing file /Users/giovannisabarreto/Desktop/repositorios/airflow_k/venv/lib/python3.10/site-packages/airflow/example_dags/example_branch_day_of_week_operator.py for tasks to queue
[2023-03-01 11:13:40,671] {logging_mixin.py:115} INFO - [2023-03-01 11:13:40,670] {dagbag.py:507} INFO - Filling up the DagBag from /Users/giovannisabarreto/Desktop/repositorios/airflow_k/venv/lib/python3.10/site-packages/airflow/example_dags/example_branch_day_of_week_operator.py
[2023-03-01 11:13:40,677] {processor.py:651} INFO - DAG(s) dict_keys(['example_weekday_branch_operator']) retrieved from /Users/giovannisabarreto/Desktop/repositorios/airflow_k/venv/lib/python3.10/site-packages/airflow/example_dags/example_branch_day_of_week_operator.py
[2023-03-01 11:13:40,698] {logging_mixin.py:115} INFO - [2023-03-01 11:13:40,698] {dag.py:2379} INFO - Sync 1 DAGs
[2023-03-01 11:13:40,704] {logging_mixin.py:115} INFO - [2023-03-01 11:13:40,704] {dag.py:2927} INFO - Setting next_dagrun for example_weekday_branch_operator to 2023-02-28T00:00:00+00:00, run_after=2023-03-01T00:00:00+00:00
[2023-03-01 11:13:40,708] {processor.py:161} INFO - Processing /Users/giovannisabarreto/Desktop/repositorios/airflow_k/venv/lib/python3.10/site-packages/airflow/example_dags/example_branch_day_of_week_operator.py took 0.038 seconds
[2023-03-01 11:14:28,060] {processor.py:153} INFO - Started process (PID=30167) to work on /Users/giovannisabarreto/Desktop/repositorios/airflow_k/venv/lib/python3.10/site-packages/airflow/example_dags/example_branch_day_of_week_operator.py
[2023-03-01 11:14:28,061] {processor.py:641} INFO - Processing file /Users/giovannisabarreto/Desktop/repositorios/airflow_k/venv/lib/python3.10/site-packages/airflow/example_dags/example_branch_day_of_week_operator.py for tasks to queue
[2023-03-01 11:14:28,061] {logging_mixin.py:115} INFO - [2023-03-01 11:14:28,061] {dagbag.py:507} INFO - Filling up the DagBag from /Users/giovannisabarreto/Desktop/repositorios/airflow_k/venv/lib/python3.10/site-packages/airflow/example_dags/example_branch_day_of_week_operator.py
[2023-03-01 11:14:28,067] {processor.py:651} INFO - DAG(s) dict_keys(['example_weekday_branch_operator']) retrieved from /Users/giovannisabarreto/Desktop/repositorios/airflow_k/venv/lib/python3.10/site-packages/airflow/example_dags/example_branch_day_of_week_operator.py
[2023-03-01 11:14:28,089] {logging_mixin.py:115} INFO - [2023-03-01 11:14:28,089] {dag.py:2379} INFO - Sync 1 DAGs
[2023-03-01 11:14:28,095] {logging_mixin.py:115} INFO - [2023-03-01 11:14:28,095] {dag.py:2927} INFO - Setting next_dagrun for example_weekday_branch_operator to 2023-02-28T00:00:00+00:00, run_after=2023-03-01T00:00:00+00:00
[2023-03-01 11:14:28,098] {processor.py:161} INFO - Processing /Users/giovannisabarreto/Desktop/repositorios/airflow_k/venv/lib/python3.10/site-packages/airflow/example_dags/example_branch_day_of_week_operator.py took 0.038 seconds
[2023-03-01 11:15:11,707] {processor.py:153} INFO - Started process (PID=30306) to work on /Users/giovannisabarreto/Desktop/repositorios/airflow_k/venv/lib/python3.10/site-packages/airflow/example_dags/example_branch_day_of_week_operator.py
[2023-03-01 11:15:11,708] {processor.py:641} INFO - Processing file /Users/giovannisabarreto/Desktop/repositorios/airflow_k/venv/lib/python3.10/site-packages/airflow/example_dags/example_branch_day_of_week_operator.py for tasks to queue
[2023-03-01 11:15:11,708] {logging_mixin.py:115} INFO - [2023-03-01 11:15:11,708] {dagbag.py:507} INFO - Filling up the DagBag from /Users/giovannisabarreto/Desktop/repositorios/airflow_k/venv/lib/python3.10/site-packages/airflow/example_dags/example_branch_day_of_week_operator.py
[2023-03-01 11:15:11,714] {processor.py:651} INFO - DAG(s) dict_keys(['example_weekday_branch_operator']) retrieved from /Users/giovannisabarreto/Desktop/repositorios/airflow_k/venv/lib/python3.10/site-packages/airflow/example_dags/example_branch_day_of_week_operator.py
[2023-03-01 11:15:11,736] {logging_mixin.py:115} INFO - [2023-03-01 11:15:11,736] {dag.py:2379} INFO - Sync 1 DAGs
[2023-03-01 11:15:11,742] {logging_mixin.py:115} INFO - [2023-03-01 11:15:11,742] {dag.py:2927} INFO - Setting next_dagrun for example_weekday_branch_operator to 2023-02-28T00:00:00+00:00, run_after=2023-03-01T00:00:00+00:00
[2023-03-01 11:15:11,745] {processor.py:161} INFO - Processing /Users/giovannisabarreto/Desktop/repositorios/airflow_k/venv/lib/python3.10/site-packages/airflow/example_dags/example_branch_day_of_week_operator.py took 0.039 seconds
[2023-03-01 11:16:08,686] {processor.py:153} INFO - Started process (PID=30406) to work on /Users/giovannisabarreto/Desktop/repositorios/airflow_k/venv/lib/python3.10/site-packages/airflow/example_dags/example_branch_day_of_week_operator.py
[2023-03-01 11:16:08,686] {processor.py:641} INFO - Processing file /Users/giovannisabarreto/Desktop/repositorios/airflow_k/venv/lib/python3.10/site-packages/airflow/example_dags/example_branch_day_of_week_operator.py for tasks to queue
[2023-03-01 11:16:08,687] {logging_mixin.py:115} INFO - [2023-03-01 11:16:08,687] {dagbag.py:507} INFO - Filling up the DagBag from /Users/giovannisabarreto/Desktop/repositorios/airflow_k/venv/lib/python3.10/site-packages/airflow/example_dags/example_branch_day_of_week_operator.py
[2023-03-01 11:16:08,693] {processor.py:651} INFO - DAG(s) dict_keys(['example_weekday_branch_operator']) retrieved from /Users/giovannisabarreto/Desktop/repositorios/airflow_k/venv/lib/python3.10/site-packages/airflow/example_dags/example_branch_day_of_week_operator.py
[2023-03-01 11:16:08,715] {logging_mixin.py:115} INFO - [2023-03-01 11:16:08,715] {dag.py:2379} INFO - Sync 1 DAGs
[2023-03-01 11:16:08,721] {logging_mixin.py:115} INFO - [2023-03-01 11:16:08,721] {dag.py:2927} INFO - Setting next_dagrun for example_weekday_branch_operator to 2023-02-28T00:00:00+00:00, run_after=2023-03-01T00:00:00+00:00
[2023-03-01 11:16:08,725] {processor.py:161} INFO - Processing /Users/giovannisabarreto/Desktop/repositorios/airflow_k/venv/lib/python3.10/site-packages/airflow/example_dags/example_branch_day_of_week_operator.py took 0.039 seconds
[2023-03-01 11:16:55,460] {processor.py:153} INFO - Started process (PID=30499) to work on /Users/giovannisabarreto/Desktop/repositorios/airflow_k/venv/lib/python3.10/site-packages/airflow/example_dags/example_branch_day_of_week_operator.py
[2023-03-01 11:16:55,461] {processor.py:641} INFO - Processing file /Users/giovannisabarreto/Desktop/repositorios/airflow_k/venv/lib/python3.10/site-packages/airflow/example_dags/example_branch_day_of_week_operator.py for tasks to queue
[2023-03-01 11:16:55,461] {logging_mixin.py:115} INFO - [2023-03-01 11:16:55,461] {dagbag.py:507} INFO - Filling up the DagBag from /Users/giovannisabarreto/Desktop/repositorios/airflow_k/venv/lib/python3.10/site-packages/airflow/example_dags/example_branch_day_of_week_operator.py
[2023-03-01 11:16:55,467] {processor.py:651} INFO - DAG(s) dict_keys(['example_weekday_branch_operator']) retrieved from /Users/giovannisabarreto/Desktop/repositorios/airflow_k/venv/lib/python3.10/site-packages/airflow/example_dags/example_branch_day_of_week_operator.py
[2023-03-01 11:16:55,488] {logging_mixin.py:115} INFO - [2023-03-01 11:16:55,488] {dag.py:2379} INFO - Sync 1 DAGs
[2023-03-01 11:16:55,494] {logging_mixin.py:115} INFO - [2023-03-01 11:16:55,494] {dag.py:2927} INFO - Setting next_dagrun for example_weekday_branch_operator to 2023-02-28T00:00:00+00:00, run_after=2023-03-01T00:00:00+00:00
[2023-03-01 11:16:55,498] {processor.py:161} INFO - Processing /Users/giovannisabarreto/Desktop/repositorios/airflow_k/venv/lib/python3.10/site-packages/airflow/example_dags/example_branch_day_of_week_operator.py took 0.038 seconds
[2023-03-01 11:17:53,361] {processor.py:153} INFO - Started process (PID=30602) to work on /Users/giovannisabarreto/Desktop/repositorios/airflow_k/venv/lib/python3.10/site-packages/airflow/example_dags/example_branch_day_of_week_operator.py
[2023-03-01 11:17:53,362] {processor.py:641} INFO - Processing file /Users/giovannisabarreto/Desktop/repositorios/airflow_k/venv/lib/python3.10/site-packages/airflow/example_dags/example_branch_day_of_week_operator.py for tasks to queue
[2023-03-01 11:17:53,362] {logging_mixin.py:115} INFO - [2023-03-01 11:17:53,362] {dagbag.py:507} INFO - Filling up the DagBag from /Users/giovannisabarreto/Desktop/repositorios/airflow_k/venv/lib/python3.10/site-packages/airflow/example_dags/example_branch_day_of_week_operator.py
[2023-03-01 11:17:53,368] {processor.py:651} INFO - DAG(s) dict_keys(['example_weekday_branch_operator']) retrieved from /Users/giovannisabarreto/Desktop/repositorios/airflow_k/venv/lib/python3.10/site-packages/airflow/example_dags/example_branch_day_of_week_operator.py
[2023-03-01 11:17:53,389] {logging_mixin.py:115} INFO - [2023-03-01 11:17:53,389] {dag.py:2379} INFO - Sync 1 DAGs
[2023-03-01 11:17:53,395] {logging_mixin.py:115} INFO - [2023-03-01 11:17:53,395] {dag.py:2927} INFO - Setting next_dagrun for example_weekday_branch_operator to 2023-02-28T00:00:00+00:00, run_after=2023-03-01T00:00:00+00:00
[2023-03-01 11:17:53,399] {processor.py:161} INFO - Processing /Users/giovannisabarreto/Desktop/repositorios/airflow_k/venv/lib/python3.10/site-packages/airflow/example_dags/example_branch_day_of_week_operator.py took 0.038 seconds
[2023-03-01 11:18:42,772] {processor.py:153} INFO - Started process (PID=30694) to work on /Users/giovannisabarreto/Desktop/repositorios/airflow_k/venv/lib/python3.10/site-packages/airflow/example_dags/example_branch_day_of_week_operator.py
[2023-03-01 11:18:42,772] {processor.py:641} INFO - Processing file /Users/giovannisabarreto/Desktop/repositorios/airflow_k/venv/lib/python3.10/site-packages/airflow/example_dags/example_branch_day_of_week_operator.py for tasks to queue
[2023-03-01 11:18:42,773] {logging_mixin.py:115} INFO - [2023-03-01 11:18:42,773] {dagbag.py:507} INFO - Filling up the DagBag from /Users/giovannisabarreto/Desktop/repositorios/airflow_k/venv/lib/python3.10/site-packages/airflow/example_dags/example_branch_day_of_week_operator.py
[2023-03-01 11:18:42,778] {processor.py:651} INFO - DAG(s) dict_keys(['example_weekday_branch_operator']) retrieved from /Users/giovannisabarreto/Desktop/repositorios/airflow_k/venv/lib/python3.10/site-packages/airflow/example_dags/example_branch_day_of_week_operator.py
[2023-03-01 11:18:42,800] {logging_mixin.py:115} INFO - [2023-03-01 11:18:42,800] {dag.py:2379} INFO - Sync 1 DAGs
[2023-03-01 11:18:42,806] {logging_mixin.py:115} INFO - [2023-03-01 11:18:42,806] {dag.py:2927} INFO - Setting next_dagrun for example_weekday_branch_operator to 2023-02-28T00:00:00+00:00, run_after=2023-03-01T00:00:00+00:00
[2023-03-01 11:18:42,809] {processor.py:161} INFO - Processing /Users/giovannisabarreto/Desktop/repositorios/airflow_k/venv/lib/python3.10/site-packages/airflow/example_dags/example_branch_day_of_week_operator.py took 0.038 seconds
[2023-03-01 11:19:31,553] {processor.py:153} INFO - Started process (PID=30791) to work on /Users/giovannisabarreto/Desktop/repositorios/airflow_k/venv/lib/python3.10/site-packages/airflow/example_dags/example_branch_day_of_week_operator.py
[2023-03-01 11:19:31,553] {processor.py:641} INFO - Processing file /Users/giovannisabarreto/Desktop/repositorios/airflow_k/venv/lib/python3.10/site-packages/airflow/example_dags/example_branch_day_of_week_operator.py for tasks to queue
[2023-03-01 11:19:31,553] {logging_mixin.py:115} INFO - [2023-03-01 11:19:31,553] {dagbag.py:507} INFO - Filling up the DagBag from /Users/giovannisabarreto/Desktop/repositorios/airflow_k/venv/lib/python3.10/site-packages/airflow/example_dags/example_branch_day_of_week_operator.py
[2023-03-01 11:19:31,559] {processor.py:651} INFO - DAG(s) dict_keys(['example_weekday_branch_operator']) retrieved from /Users/giovannisabarreto/Desktop/repositorios/airflow_k/venv/lib/python3.10/site-packages/airflow/example_dags/example_branch_day_of_week_operator.py
[2023-03-01 11:19:31,581] {logging_mixin.py:115} INFO - [2023-03-01 11:19:31,581] {dag.py:2379} INFO - Sync 1 DAGs
[2023-03-01 11:19:31,587] {logging_mixin.py:115} INFO - [2023-03-01 11:19:31,587] {dag.py:2927} INFO - Setting next_dagrun for example_weekday_branch_operator to 2023-02-28T00:00:00+00:00, run_after=2023-03-01T00:00:00+00:00
[2023-03-01 11:19:31,590] {processor.py:161} INFO - Processing /Users/giovannisabarreto/Desktop/repositorios/airflow_k/venv/lib/python3.10/site-packages/airflow/example_dags/example_branch_day_of_week_operator.py took 0.038 seconds
[2023-03-01 11:20:18,656] {processor.py:153} INFO - Started process (PID=30875) to work on /Users/giovannisabarreto/Desktop/repositorios/airflow_k/venv/lib/python3.10/site-packages/airflow/example_dags/example_branch_day_of_week_operator.py
[2023-03-01 11:20:18,657] {processor.py:641} INFO - Processing file /Users/giovannisabarreto/Desktop/repositorios/airflow_k/venv/lib/python3.10/site-packages/airflow/example_dags/example_branch_day_of_week_operator.py for tasks to queue
[2023-03-01 11:20:18,657] {logging_mixin.py:115} INFO - [2023-03-01 11:20:18,657] {dagbag.py:507} INFO - Filling up the DagBag from /Users/giovannisabarreto/Desktop/repositorios/airflow_k/venv/lib/python3.10/site-packages/airflow/example_dags/example_branch_day_of_week_operator.py
[2023-03-01 11:20:18,663] {processor.py:651} INFO - DAG(s) dict_keys(['example_weekday_branch_operator']) retrieved from /Users/giovannisabarreto/Desktop/repositorios/airflow_k/venv/lib/python3.10/site-packages/airflow/example_dags/example_branch_day_of_week_operator.py
[2023-03-01 11:20:18,684] {logging_mixin.py:115} INFO - [2023-03-01 11:20:18,684] {dag.py:2379} INFO - Sync 1 DAGs
[2023-03-01 11:20:18,690] {logging_mixin.py:115} INFO - [2023-03-01 11:20:18,690] {dag.py:2927} INFO - Setting next_dagrun for example_weekday_branch_operator to 2023-02-28T00:00:00+00:00, run_after=2023-03-01T00:00:00+00:00
[2023-03-01 11:20:18,694] {processor.py:161} INFO - Processing /Users/giovannisabarreto/Desktop/repositorios/airflow_k/venv/lib/python3.10/site-packages/airflow/example_dags/example_branch_day_of_week_operator.py took 0.038 seconds
[2023-03-01 11:21:14,654] {processor.py:153} INFO - Started process (PID=30973) to work on /Users/giovannisabarreto/Desktop/repositorios/airflow_k/venv/lib/python3.10/site-packages/airflow/example_dags/example_branch_day_of_week_operator.py
[2023-03-01 11:21:14,655] {processor.py:641} INFO - Processing file /Users/giovannisabarreto/Desktop/repositorios/airflow_k/venv/lib/python3.10/site-packages/airflow/example_dags/example_branch_day_of_week_operator.py for tasks to queue
[2023-03-01 11:21:14,655] {logging_mixin.py:115} INFO - [2023-03-01 11:21:14,655] {dagbag.py:507} INFO - Filling up the DagBag from /Users/giovannisabarreto/Desktop/repositorios/airflow_k/venv/lib/python3.10/site-packages/airflow/example_dags/example_branch_day_of_week_operator.py
[2023-03-01 11:21:14,661] {processor.py:651} INFO - DAG(s) dict_keys(['example_weekday_branch_operator']) retrieved from /Users/giovannisabarreto/Desktop/repositorios/airflow_k/venv/lib/python3.10/site-packages/airflow/example_dags/example_branch_day_of_week_operator.py
[2023-03-01 11:21:14,683] {logging_mixin.py:115} INFO - [2023-03-01 11:21:14,683] {dag.py:2379} INFO - Sync 1 DAGs
[2023-03-01 11:21:14,689] {logging_mixin.py:115} INFO - [2023-03-01 11:21:14,689] {dag.py:2927} INFO - Setting next_dagrun for example_weekday_branch_operator to 2023-02-28T00:00:00+00:00, run_after=2023-03-01T00:00:00+00:00
[2023-03-01 11:21:14,693] {processor.py:161} INFO - Processing /Users/giovannisabarreto/Desktop/repositorios/airflow_k/venv/lib/python3.10/site-packages/airflow/example_dags/example_branch_day_of_week_operator.py took 0.039 seconds
[2023-03-01 11:21:58,857] {processor.py:153} INFO - Started process (PID=31081) to work on /Users/giovannisabarreto/Desktop/repositorios/airflow_k/venv/lib/python3.10/site-packages/airflow/example_dags/example_branch_day_of_week_operator.py
[2023-03-01 11:21:58,857] {processor.py:641} INFO - Processing file /Users/giovannisabarreto/Desktop/repositorios/airflow_k/venv/lib/python3.10/site-packages/airflow/example_dags/example_branch_day_of_week_operator.py for tasks to queue
[2023-03-01 11:21:58,858] {logging_mixin.py:115} INFO - [2023-03-01 11:21:58,858] {dagbag.py:507} INFO - Filling up the DagBag from /Users/giovannisabarreto/Desktop/repositorios/airflow_k/venv/lib/python3.10/site-packages/airflow/example_dags/example_branch_day_of_week_operator.py
[2023-03-01 11:21:58,864] {processor.py:651} INFO - DAG(s) dict_keys(['example_weekday_branch_operator']) retrieved from /Users/giovannisabarreto/Desktop/repositorios/airflow_k/venv/lib/python3.10/site-packages/airflow/example_dags/example_branch_day_of_week_operator.py
[2023-03-01 11:21:58,885] {logging_mixin.py:115} INFO - [2023-03-01 11:21:58,885] {dag.py:2379} INFO - Sync 1 DAGs
[2023-03-01 11:21:58,891] {logging_mixin.py:115} INFO - [2023-03-01 11:21:58,891] {dag.py:2927} INFO - Setting next_dagrun for example_weekday_branch_operator to 2023-02-28T00:00:00+00:00, run_after=2023-03-01T00:00:00+00:00
[2023-03-01 11:21:58,895] {processor.py:161} INFO - Processing /Users/giovannisabarreto/Desktop/repositorios/airflow_k/venv/lib/python3.10/site-packages/airflow/example_dags/example_branch_day_of_week_operator.py took 0.038 seconds
[2023-03-01 11:22:56,722] {processor.py:153} INFO - Started process (PID=31205) to work on /Users/giovannisabarreto/Desktop/repositorios/airflow_k/venv/lib/python3.10/site-packages/airflow/example_dags/example_branch_day_of_week_operator.py
[2023-03-01 11:22:56,723] {processor.py:641} INFO - Processing file /Users/giovannisabarreto/Desktop/repositorios/airflow_k/venv/lib/python3.10/site-packages/airflow/example_dags/example_branch_day_of_week_operator.py for tasks to queue
[2023-03-01 11:22:56,723] {logging_mixin.py:115} INFO - [2023-03-01 11:22:56,723] {dagbag.py:507} INFO - Filling up the DagBag from /Users/giovannisabarreto/Desktop/repositorios/airflow_k/venv/lib/python3.10/site-packages/airflow/example_dags/example_branch_day_of_week_operator.py
[2023-03-01 11:22:56,729] {processor.py:651} INFO - DAG(s) dict_keys(['example_weekday_branch_operator']) retrieved from /Users/giovannisabarreto/Desktop/repositorios/airflow_k/venv/lib/python3.10/site-packages/airflow/example_dags/example_branch_day_of_week_operator.py
[2023-03-01 11:22:56,751] {logging_mixin.py:115} INFO - [2023-03-01 11:22:56,750] {dag.py:2379} INFO - Sync 1 DAGs
[2023-03-01 11:22:56,756] {logging_mixin.py:115} INFO - [2023-03-01 11:22:56,756] {dag.py:2927} INFO - Setting next_dagrun for example_weekday_branch_operator to 2023-02-28T00:00:00+00:00, run_after=2023-03-01T00:00:00+00:00
[2023-03-01 11:22:56,760] {processor.py:161} INFO - Processing /Users/giovannisabarreto/Desktop/repositorios/airflow_k/venv/lib/python3.10/site-packages/airflow/example_dags/example_branch_day_of_week_operator.py took 0.038 seconds
[2023-03-01 11:23:43,997] {processor.py:153} INFO - Started process (PID=31289) to work on /Users/giovannisabarreto/Desktop/repositorios/airflow_k/venv/lib/python3.10/site-packages/airflow/example_dags/example_branch_day_of_week_operator.py
[2023-03-01 11:23:43,997] {processor.py:641} INFO - Processing file /Users/giovannisabarreto/Desktop/repositorios/airflow_k/venv/lib/python3.10/site-packages/airflow/example_dags/example_branch_day_of_week_operator.py for tasks to queue
[2023-03-01 11:23:43,997] {logging_mixin.py:115} INFO - [2023-03-01 11:23:43,997] {dagbag.py:507} INFO - Filling up the DagBag from /Users/giovannisabarreto/Desktop/repositorios/airflow_k/venv/lib/python3.10/site-packages/airflow/example_dags/example_branch_day_of_week_operator.py
[2023-03-01 11:23:44,003] {processor.py:651} INFO - DAG(s) dict_keys(['example_weekday_branch_operator']) retrieved from /Users/giovannisabarreto/Desktop/repositorios/airflow_k/venv/lib/python3.10/site-packages/airflow/example_dags/example_branch_day_of_week_operator.py
[2023-03-01 11:23:44,025] {logging_mixin.py:115} INFO - [2023-03-01 11:23:44,025] {dag.py:2379} INFO - Sync 1 DAGs
[2023-03-01 11:23:44,031] {logging_mixin.py:115} INFO - [2023-03-01 11:23:44,031] {dag.py:2927} INFO - Setting next_dagrun for example_weekday_branch_operator to 2023-02-28T00:00:00+00:00, run_after=2023-03-01T00:00:00+00:00
[2023-03-01 11:23:44,034] {processor.py:161} INFO - Processing /Users/giovannisabarreto/Desktop/repositorios/airflow_k/venv/lib/python3.10/site-packages/airflow/example_dags/example_branch_day_of_week_operator.py took 0.038 seconds
[2023-03-01 11:24:30,414] {processor.py:153} INFO - Started process (PID=31384) to work on /Users/giovannisabarreto/Desktop/repositorios/airflow_k/venv/lib/python3.10/site-packages/airflow/example_dags/example_branch_day_of_week_operator.py
[2023-03-01 11:24:30,414] {processor.py:641} INFO - Processing file /Users/giovannisabarreto/Desktop/repositorios/airflow_k/venv/lib/python3.10/site-packages/airflow/example_dags/example_branch_day_of_week_operator.py for tasks to queue
[2023-03-01 11:24:30,415] {logging_mixin.py:115} INFO - [2023-03-01 11:24:30,414] {dagbag.py:507} INFO - Filling up the DagBag from /Users/giovannisabarreto/Desktop/repositorios/airflow_k/venv/lib/python3.10/site-packages/airflow/example_dags/example_branch_day_of_week_operator.py
[2023-03-01 11:24:30,421] {processor.py:651} INFO - DAG(s) dict_keys(['example_weekday_branch_operator']) retrieved from /Users/giovannisabarreto/Desktop/repositorios/airflow_k/venv/lib/python3.10/site-packages/airflow/example_dags/example_branch_day_of_week_operator.py
[2023-03-01 11:24:30,444] {logging_mixin.py:115} INFO - [2023-03-01 11:24:30,444] {dag.py:2379} INFO - Sync 1 DAGs
[2023-03-01 11:24:30,450] {logging_mixin.py:115} INFO - [2023-03-01 11:24:30,450] {dag.py:2927} INFO - Setting next_dagrun for example_weekday_branch_operator to 2023-02-28T00:00:00+00:00, run_after=2023-03-01T00:00:00+00:00
[2023-03-01 11:24:30,454] {processor.py:161} INFO - Processing /Users/giovannisabarreto/Desktop/repositorios/airflow_k/venv/lib/python3.10/site-packages/airflow/example_dags/example_branch_day_of_week_operator.py took 0.040 seconds
[2023-03-01 11:25:14,685] {processor.py:153} INFO - Started process (PID=31471) to work on /Users/giovannisabarreto/Desktop/repositorios/airflow_k/venv/lib/python3.10/site-packages/airflow/example_dags/example_branch_day_of_week_operator.py
[2023-03-01 11:25:14,685] {processor.py:641} INFO - Processing file /Users/giovannisabarreto/Desktop/repositorios/airflow_k/venv/lib/python3.10/site-packages/airflow/example_dags/example_branch_day_of_week_operator.py for tasks to queue
[2023-03-01 11:25:14,685] {logging_mixin.py:115} INFO - [2023-03-01 11:25:14,685] {dagbag.py:507} INFO - Filling up the DagBag from /Users/giovannisabarreto/Desktop/repositorios/airflow_k/venv/lib/python3.10/site-packages/airflow/example_dags/example_branch_day_of_week_operator.py
[2023-03-01 11:25:14,692] {processor.py:651} INFO - DAG(s) dict_keys(['example_weekday_branch_operator']) retrieved from /Users/giovannisabarreto/Desktop/repositorios/airflow_k/venv/lib/python3.10/site-packages/airflow/example_dags/example_branch_day_of_week_operator.py
[2023-03-01 11:25:14,714] {logging_mixin.py:115} INFO - [2023-03-01 11:25:14,714] {dag.py:2379} INFO - Sync 1 DAGs
[2023-03-01 11:25:14,720] {logging_mixin.py:115} INFO - [2023-03-01 11:25:14,720] {dag.py:2927} INFO - Setting next_dagrun for example_weekday_branch_operator to 2023-02-28T00:00:00+00:00, run_after=2023-03-01T00:00:00+00:00
[2023-03-01 11:25:14,723] {processor.py:161} INFO - Processing /Users/giovannisabarreto/Desktop/repositorios/airflow_k/venv/lib/python3.10/site-packages/airflow/example_dags/example_branch_day_of_week_operator.py took 0.038 seconds
[2023-03-01 11:26:11,530] {processor.py:153} INFO - Started process (PID=31569) to work on /Users/giovannisabarreto/Desktop/repositorios/airflow_k/venv/lib/python3.10/site-packages/airflow/example_dags/example_branch_day_of_week_operator.py
[2023-03-01 11:26:11,531] {processor.py:641} INFO - Processing file /Users/giovannisabarreto/Desktop/repositorios/airflow_k/venv/lib/python3.10/site-packages/airflow/example_dags/example_branch_day_of_week_operator.py for tasks to queue
[2023-03-01 11:26:11,531] {logging_mixin.py:115} INFO - [2023-03-01 11:26:11,531] {dagbag.py:507} INFO - Filling up the DagBag from /Users/giovannisabarreto/Desktop/repositorios/airflow_k/venv/lib/python3.10/site-packages/airflow/example_dags/example_branch_day_of_week_operator.py
[2023-03-01 11:26:11,537] {processor.py:651} INFO - DAG(s) dict_keys(['example_weekday_branch_operator']) retrieved from /Users/giovannisabarreto/Desktop/repositorios/airflow_k/venv/lib/python3.10/site-packages/airflow/example_dags/example_branch_day_of_week_operator.py
[2023-03-01 11:26:11,559] {logging_mixin.py:115} INFO - [2023-03-01 11:26:11,559] {dag.py:2379} INFO - Sync 1 DAGs
[2023-03-01 11:26:11,565] {logging_mixin.py:115} INFO - [2023-03-01 11:26:11,565] {dag.py:2927} INFO - Setting next_dagrun for example_weekday_branch_operator to 2023-02-28T00:00:00+00:00, run_after=2023-03-01T00:00:00+00:00
[2023-03-01 11:26:11,569] {processor.py:161} INFO - Processing /Users/giovannisabarreto/Desktop/repositorios/airflow_k/venv/lib/python3.10/site-packages/airflow/example_dags/example_branch_day_of_week_operator.py took 0.039 seconds
[2023-03-01 11:26:55,264] {processor.py:153} INFO - Started process (PID=31647) to work on /Users/giovannisabarreto/Desktop/repositorios/airflow_k/venv/lib/python3.10/site-packages/airflow/example_dags/example_branch_day_of_week_operator.py
[2023-03-01 11:26:55,265] {processor.py:641} INFO - Processing file /Users/giovannisabarreto/Desktop/repositorios/airflow_k/venv/lib/python3.10/site-packages/airflow/example_dags/example_branch_day_of_week_operator.py for tasks to queue
[2023-03-01 11:26:55,265] {logging_mixin.py:115} INFO - [2023-03-01 11:26:55,265] {dagbag.py:507} INFO - Filling up the DagBag from /Users/giovannisabarreto/Desktop/repositorios/airflow_k/venv/lib/python3.10/site-packages/airflow/example_dags/example_branch_day_of_week_operator.py
[2023-03-01 11:26:55,271] {processor.py:651} INFO - DAG(s) dict_keys(['example_weekday_branch_operator']) retrieved from /Users/giovannisabarreto/Desktop/repositorios/airflow_k/venv/lib/python3.10/site-packages/airflow/example_dags/example_branch_day_of_week_operator.py
[2023-03-01 11:26:55,293] {logging_mixin.py:115} INFO - [2023-03-01 11:26:55,293] {dag.py:2379} INFO - Sync 1 DAGs
[2023-03-01 11:26:55,299] {logging_mixin.py:115} INFO - [2023-03-01 11:26:55,299] {dag.py:2927} INFO - Setting next_dagrun for example_weekday_branch_operator to 2023-02-28T00:00:00+00:00, run_after=2023-03-01T00:00:00+00:00
[2023-03-01 11:26:55,303] {processor.py:161} INFO - Processing /Users/giovannisabarreto/Desktop/repositorios/airflow_k/venv/lib/python3.10/site-packages/airflow/example_dags/example_branch_day_of_week_operator.py took 0.039 seconds
[2023-03-01 11:27:40,060] {processor.py:153} INFO - Started process (PID=31758) to work on /Users/giovannisabarreto/Desktop/repositorios/airflow_k/venv/lib/python3.10/site-packages/airflow/example_dags/example_branch_day_of_week_operator.py
[2023-03-01 11:27:40,061] {processor.py:641} INFO - Processing file /Users/giovannisabarreto/Desktop/repositorios/airflow_k/venv/lib/python3.10/site-packages/airflow/example_dags/example_branch_day_of_week_operator.py for tasks to queue
[2023-03-01 11:27:40,061] {logging_mixin.py:115} INFO - [2023-03-01 11:27:40,061] {dagbag.py:507} INFO - Filling up the DagBag from /Users/giovannisabarreto/Desktop/repositorios/airflow_k/venv/lib/python3.10/site-packages/airflow/example_dags/example_branch_day_of_week_operator.py
[2023-03-01 11:27:40,067] {processor.py:651} INFO - DAG(s) dict_keys(['example_weekday_branch_operator']) retrieved from /Users/giovannisabarreto/Desktop/repositorios/airflow_k/venv/lib/python3.10/site-packages/airflow/example_dags/example_branch_day_of_week_operator.py
[2023-03-01 11:27:40,090] {logging_mixin.py:115} INFO - [2023-03-01 11:27:40,090] {dag.py:2379} INFO - Sync 1 DAGs
[2023-03-01 11:27:40,096] {logging_mixin.py:115} INFO - [2023-03-01 11:27:40,096] {dag.py:2927} INFO - Setting next_dagrun for example_weekday_branch_operator to 2023-02-28T00:00:00+00:00, run_after=2023-03-01T00:00:00+00:00
[2023-03-01 11:27:40,099] {processor.py:161} INFO - Processing /Users/giovannisabarreto/Desktop/repositorios/airflow_k/venv/lib/python3.10/site-packages/airflow/example_dags/example_branch_day_of_week_operator.py took 0.039 seconds
[2023-03-01 11:28:27,916] {processor.py:153} INFO - Started process (PID=31849) to work on /Users/giovannisabarreto/Desktop/repositorios/airflow_k/venv/lib/python3.10/site-packages/airflow/example_dags/example_branch_day_of_week_operator.py
[2023-03-01 11:28:27,917] {processor.py:641} INFO - Processing file /Users/giovannisabarreto/Desktop/repositorios/airflow_k/venv/lib/python3.10/site-packages/airflow/example_dags/example_branch_day_of_week_operator.py for tasks to queue
[2023-03-01 11:28:27,917] {logging_mixin.py:115} INFO - [2023-03-01 11:28:27,917] {dagbag.py:507} INFO - Filling up the DagBag from /Users/giovannisabarreto/Desktop/repositorios/airflow_k/venv/lib/python3.10/site-packages/airflow/example_dags/example_branch_day_of_week_operator.py
[2023-03-01 11:28:27,923] {processor.py:651} INFO - DAG(s) dict_keys(['example_weekday_branch_operator']) retrieved from /Users/giovannisabarreto/Desktop/repositorios/airflow_k/venv/lib/python3.10/site-packages/airflow/example_dags/example_branch_day_of_week_operator.py
[2023-03-01 11:28:27,945] {logging_mixin.py:115} INFO - [2023-03-01 11:28:27,945] {dag.py:2379} INFO - Sync 1 DAGs
[2023-03-01 11:28:27,951] {logging_mixin.py:115} INFO - [2023-03-01 11:28:27,951] {dag.py:2927} INFO - Setting next_dagrun for example_weekday_branch_operator to 2023-02-28T00:00:00+00:00, run_after=2023-03-01T00:00:00+00:00
[2023-03-01 11:28:27,954] {processor.py:161} INFO - Processing /Users/giovannisabarreto/Desktop/repositorios/airflow_k/venv/lib/python3.10/site-packages/airflow/example_dags/example_branch_day_of_week_operator.py took 0.038 seconds
[2023-03-01 11:29:11,104] {processor.py:153} INFO - Started process (PID=31927) to work on /Users/giovannisabarreto/Desktop/repositorios/airflow_k/venv/lib/python3.10/site-packages/airflow/example_dags/example_branch_day_of_week_operator.py
[2023-03-01 11:29:11,104] {processor.py:641} INFO - Processing file /Users/giovannisabarreto/Desktop/repositorios/airflow_k/venv/lib/python3.10/site-packages/airflow/example_dags/example_branch_day_of_week_operator.py for tasks to queue
[2023-03-01 11:29:11,104] {logging_mixin.py:115} INFO - [2023-03-01 11:29:11,104] {dagbag.py:507} INFO - Filling up the DagBag from /Users/giovannisabarreto/Desktop/repositorios/airflow_k/venv/lib/python3.10/site-packages/airflow/example_dags/example_branch_day_of_week_operator.py
[2023-03-01 11:29:11,111] {processor.py:651} INFO - DAG(s) dict_keys(['example_weekday_branch_operator']) retrieved from /Users/giovannisabarreto/Desktop/repositorios/airflow_k/venv/lib/python3.10/site-packages/airflow/example_dags/example_branch_day_of_week_operator.py
[2023-03-01 11:29:11,133] {logging_mixin.py:115} INFO - [2023-03-01 11:29:11,133] {dag.py:2379} INFO - Sync 1 DAGs
[2023-03-01 11:29:11,139] {logging_mixin.py:115} INFO - [2023-03-01 11:29:11,138] {dag.py:2927} INFO - Setting next_dagrun for example_weekday_branch_operator to 2023-02-28T00:00:00+00:00, run_after=2023-03-01T00:00:00+00:00
[2023-03-01 11:29:11,142] {processor.py:161} INFO - Processing /Users/giovannisabarreto/Desktop/repositorios/airflow_k/venv/lib/python3.10/site-packages/airflow/example_dags/example_branch_day_of_week_operator.py took 0.038 seconds
[2023-03-01 11:30:07,625] {processor.py:153} INFO - Started process (PID=32060) to work on /Users/giovannisabarreto/Desktop/repositorios/airflow_k/venv/lib/python3.10/site-packages/airflow/example_dags/example_branch_day_of_week_operator.py
[2023-03-01 11:30:07,625] {processor.py:641} INFO - Processing file /Users/giovannisabarreto/Desktop/repositorios/airflow_k/venv/lib/python3.10/site-packages/airflow/example_dags/example_branch_day_of_week_operator.py for tasks to queue
[2023-03-01 11:30:07,626] {logging_mixin.py:115} INFO - [2023-03-01 11:30:07,626] {dagbag.py:507} INFO - Filling up the DagBag from /Users/giovannisabarreto/Desktop/repositorios/airflow_k/venv/lib/python3.10/site-packages/airflow/example_dags/example_branch_day_of_week_operator.py
[2023-03-01 11:30:07,632] {processor.py:651} INFO - DAG(s) dict_keys(['example_weekday_branch_operator']) retrieved from /Users/giovannisabarreto/Desktop/repositorios/airflow_k/venv/lib/python3.10/site-packages/airflow/example_dags/example_branch_day_of_week_operator.py
[2023-03-01 11:30:07,653] {logging_mixin.py:115} INFO - [2023-03-01 11:30:07,653] {dag.py:2379} INFO - Sync 1 DAGs
[2023-03-01 11:30:07,659] {logging_mixin.py:115} INFO - [2023-03-01 11:30:07,659] {dag.py:2927} INFO - Setting next_dagrun for example_weekday_branch_operator to 2023-02-28T00:00:00+00:00, run_after=2023-03-01T00:00:00+00:00
[2023-03-01 11:30:07,662] {processor.py:161} INFO - Processing /Users/giovannisabarreto/Desktop/repositorios/airflow_k/venv/lib/python3.10/site-packages/airflow/example_dags/example_branch_day_of_week_operator.py took 0.038 seconds
[2023-03-01 11:31:04,234] {processor.py:153} INFO - Started process (PID=32161) to work on /Users/giovannisabarreto/Desktop/repositorios/airflow_k/venv/lib/python3.10/site-packages/airflow/example_dags/example_branch_day_of_week_operator.py
[2023-03-01 11:31:04,234] {processor.py:641} INFO - Processing file /Users/giovannisabarreto/Desktop/repositorios/airflow_k/venv/lib/python3.10/site-packages/airflow/example_dags/example_branch_day_of_week_operator.py for tasks to queue
[2023-03-01 11:31:04,234] {logging_mixin.py:115} INFO - [2023-03-01 11:31:04,234] {dagbag.py:507} INFO - Filling up the DagBag from /Users/giovannisabarreto/Desktop/repositorios/airflow_k/venv/lib/python3.10/site-packages/airflow/example_dags/example_branch_day_of_week_operator.py
[2023-03-01 11:31:04,241] {processor.py:651} INFO - DAG(s) dict_keys(['example_weekday_branch_operator']) retrieved from /Users/giovannisabarreto/Desktop/repositorios/airflow_k/venv/lib/python3.10/site-packages/airflow/example_dags/example_branch_day_of_week_operator.py
[2023-03-01 11:31:04,265] {logging_mixin.py:115} INFO - [2023-03-01 11:31:04,265] {dag.py:2379} INFO - Sync 1 DAGs
[2023-03-01 11:31:04,273] {logging_mixin.py:115} INFO - [2023-03-01 11:31:04,273] {dag.py:2927} INFO - Setting next_dagrun for example_weekday_branch_operator to 2023-02-28T00:00:00+00:00, run_after=2023-03-01T00:00:00+00:00
[2023-03-01 11:31:04,277] {processor.py:161} INFO - Processing /Users/giovannisabarreto/Desktop/repositorios/airflow_k/venv/lib/python3.10/site-packages/airflow/example_dags/example_branch_day_of_week_operator.py took 0.043 seconds
[2023-03-01 11:31:51,385] {processor.py:153} INFO - Started process (PID=32249) to work on /Users/giovannisabarreto/Desktop/repositorios/airflow_k/venv/lib/python3.10/site-packages/airflow/example_dags/example_branch_day_of_week_operator.py
[2023-03-01 11:31:51,387] {processor.py:641} INFO - Processing file /Users/giovannisabarreto/Desktop/repositorios/airflow_k/venv/lib/python3.10/site-packages/airflow/example_dags/example_branch_day_of_week_operator.py for tasks to queue
[2023-03-01 11:31:51,387] {logging_mixin.py:115} INFO - [2023-03-01 11:31:51,387] {dagbag.py:507} INFO - Filling up the DagBag from /Users/giovannisabarreto/Desktop/repositorios/airflow_k/venv/lib/python3.10/site-packages/airflow/example_dags/example_branch_day_of_week_operator.py
[2023-03-01 11:31:51,393] {processor.py:651} INFO - DAG(s) dict_keys(['example_weekday_branch_operator']) retrieved from /Users/giovannisabarreto/Desktop/repositorios/airflow_k/venv/lib/python3.10/site-packages/airflow/example_dags/example_branch_day_of_week_operator.py
[2023-03-01 11:31:51,414] {logging_mixin.py:115} INFO - [2023-03-01 11:31:51,414] {dag.py:2379} INFO - Sync 1 DAGs
[2023-03-01 11:31:51,420] {logging_mixin.py:115} INFO - [2023-03-01 11:31:51,420] {dag.py:2927} INFO - Setting next_dagrun for example_weekday_branch_operator to 2023-02-28T00:00:00+00:00, run_after=2023-03-01T00:00:00+00:00
[2023-03-01 11:31:51,424] {processor.py:161} INFO - Processing /Users/giovannisabarreto/Desktop/repositorios/airflow_k/venv/lib/python3.10/site-packages/airflow/example_dags/example_branch_day_of_week_operator.py took 0.038 seconds
[2023-03-01 11:32:35,811] {processor.py:153} INFO - Started process (PID=32337) to work on /Users/giovannisabarreto/Desktop/repositorios/airflow_k/venv/lib/python3.10/site-packages/airflow/example_dags/example_branch_day_of_week_operator.py
[2023-03-01 11:32:35,811] {processor.py:641} INFO - Processing file /Users/giovannisabarreto/Desktop/repositorios/airflow_k/venv/lib/python3.10/site-packages/airflow/example_dags/example_branch_day_of_week_operator.py for tasks to queue
[2023-03-01 11:32:35,812] {logging_mixin.py:115} INFO - [2023-03-01 11:32:35,812] {dagbag.py:507} INFO - Filling up the DagBag from /Users/giovannisabarreto/Desktop/repositorios/airflow_k/venv/lib/python3.10/site-packages/airflow/example_dags/example_branch_day_of_week_operator.py
[2023-03-01 11:32:35,818] {processor.py:651} INFO - DAG(s) dict_keys(['example_weekday_branch_operator']) retrieved from /Users/giovannisabarreto/Desktop/repositorios/airflow_k/venv/lib/python3.10/site-packages/airflow/example_dags/example_branch_day_of_week_operator.py
[2023-03-01 11:32:35,840] {logging_mixin.py:115} INFO - [2023-03-01 11:32:35,840] {dag.py:2379} INFO - Sync 1 DAGs
[2023-03-01 11:32:35,846] {logging_mixin.py:115} INFO - [2023-03-01 11:32:35,846] {dag.py:2927} INFO - Setting next_dagrun for example_weekday_branch_operator to 2023-02-28T00:00:00+00:00, run_after=2023-03-01T00:00:00+00:00
[2023-03-01 11:32:35,850] {processor.py:161} INFO - Processing /Users/giovannisabarreto/Desktop/repositorios/airflow_k/venv/lib/python3.10/site-packages/airflow/example_dags/example_branch_day_of_week_operator.py took 0.039 seconds
[2023-03-01 11:33:21,309] {processor.py:153} INFO - Started process (PID=32420) to work on /Users/giovannisabarreto/Desktop/repositorios/airflow_k/venv/lib/python3.10/site-packages/airflow/example_dags/example_branch_day_of_week_operator.py
[2023-03-01 11:33:21,310] {processor.py:641} INFO - Processing file /Users/giovannisabarreto/Desktop/repositorios/airflow_k/venv/lib/python3.10/site-packages/airflow/example_dags/example_branch_day_of_week_operator.py for tasks to queue
[2023-03-01 11:33:21,310] {logging_mixin.py:115} INFO - [2023-03-01 11:33:21,310] {dagbag.py:507} INFO - Filling up the DagBag from /Users/giovannisabarreto/Desktop/repositorios/airflow_k/venv/lib/python3.10/site-packages/airflow/example_dags/example_branch_day_of_week_operator.py
[2023-03-01 11:33:21,316] {processor.py:651} INFO - DAG(s) dict_keys(['example_weekday_branch_operator']) retrieved from /Users/giovannisabarreto/Desktop/repositorios/airflow_k/venv/lib/python3.10/site-packages/airflow/example_dags/example_branch_day_of_week_operator.py
[2023-03-01 11:33:21,337] {logging_mixin.py:115} INFO - [2023-03-01 11:33:21,337] {dag.py:2379} INFO - Sync 1 DAGs
[2023-03-01 11:33:21,343] {logging_mixin.py:115} INFO - [2023-03-01 11:33:21,343] {dag.py:2927} INFO - Setting next_dagrun for example_weekday_branch_operator to 2023-02-28T00:00:00+00:00, run_after=2023-03-01T00:00:00+00:00
[2023-03-01 11:33:21,347] {processor.py:161} INFO - Processing /Users/giovannisabarreto/Desktop/repositorios/airflow_k/venv/lib/python3.10/site-packages/airflow/example_dags/example_branch_day_of_week_operator.py took 0.037 seconds
[2023-03-01 11:34:07,020] {processor.py:153} INFO - Started process (PID=32502) to work on /Users/giovannisabarreto/Desktop/repositorios/airflow_k/venv/lib/python3.10/site-packages/airflow/example_dags/example_branch_day_of_week_operator.py
[2023-03-01 11:34:07,021] {processor.py:641} INFO - Processing file /Users/giovannisabarreto/Desktop/repositorios/airflow_k/venv/lib/python3.10/site-packages/airflow/example_dags/example_branch_day_of_week_operator.py for tasks to queue
[2023-03-01 11:34:07,021] {logging_mixin.py:115} INFO - [2023-03-01 11:34:07,021] {dagbag.py:507} INFO - Filling up the DagBag from /Users/giovannisabarreto/Desktop/repositorios/airflow_k/venv/lib/python3.10/site-packages/airflow/example_dags/example_branch_day_of_week_operator.py
[2023-03-01 11:34:07,027] {processor.py:651} INFO - DAG(s) dict_keys(['example_weekday_branch_operator']) retrieved from /Users/giovannisabarreto/Desktop/repositorios/airflow_k/venv/lib/python3.10/site-packages/airflow/example_dags/example_branch_day_of_week_operator.py
[2023-03-01 11:34:07,049] {logging_mixin.py:115} INFO - [2023-03-01 11:34:07,049] {dag.py:2379} INFO - Sync 1 DAGs
[2023-03-01 11:34:07,055] {logging_mixin.py:115} INFO - [2023-03-01 11:34:07,055] {dag.py:2927} INFO - Setting next_dagrun for example_weekday_branch_operator to 2023-02-28T00:00:00+00:00, run_after=2023-03-01T00:00:00+00:00
[2023-03-01 11:34:07,059] {processor.py:161} INFO - Processing /Users/giovannisabarreto/Desktop/repositorios/airflow_k/venv/lib/python3.10/site-packages/airflow/example_dags/example_branch_day_of_week_operator.py took 0.039 seconds
[2023-03-01 11:34:54,323] {processor.py:153} INFO - Started process (PID=32603) to work on /Users/giovannisabarreto/Desktop/repositorios/airflow_k/venv/lib/python3.10/site-packages/airflow/example_dags/example_branch_day_of_week_operator.py
[2023-03-01 11:34:54,323] {processor.py:641} INFO - Processing file /Users/giovannisabarreto/Desktop/repositorios/airflow_k/venv/lib/python3.10/site-packages/airflow/example_dags/example_branch_day_of_week_operator.py for tasks to queue
[2023-03-01 11:34:54,323] {logging_mixin.py:115} INFO - [2023-03-01 11:34:54,323] {dagbag.py:507} INFO - Filling up the DagBag from /Users/giovannisabarreto/Desktop/repositorios/airflow_k/venv/lib/python3.10/site-packages/airflow/example_dags/example_branch_day_of_week_operator.py
[2023-03-01 11:34:54,330] {processor.py:651} INFO - DAG(s) dict_keys(['example_weekday_branch_operator']) retrieved from /Users/giovannisabarreto/Desktop/repositorios/airflow_k/venv/lib/python3.10/site-packages/airflow/example_dags/example_branch_day_of_week_operator.py
[2023-03-01 11:34:54,352] {logging_mixin.py:115} INFO - [2023-03-01 11:34:54,352] {dag.py:2379} INFO - Sync 1 DAGs
[2023-03-01 11:34:54,358] {logging_mixin.py:115} INFO - [2023-03-01 11:34:54,358] {dag.py:2927} INFO - Setting next_dagrun for example_weekday_branch_operator to 2023-02-28T00:00:00+00:00, run_after=2023-03-01T00:00:00+00:00
[2023-03-01 11:34:54,361] {processor.py:161} INFO - Processing /Users/giovannisabarreto/Desktop/repositorios/airflow_k/venv/lib/python3.10/site-packages/airflow/example_dags/example_branch_day_of_week_operator.py took 0.039 seconds
[2023-03-01 11:35:43,175] {processor.py:153} INFO - Started process (PID=32687) to work on /Users/giovannisabarreto/Desktop/repositorios/airflow_k/venv/lib/python3.10/site-packages/airflow/example_dags/example_branch_day_of_week_operator.py
[2023-03-01 11:35:43,176] {processor.py:641} INFO - Processing file /Users/giovannisabarreto/Desktop/repositorios/airflow_k/venv/lib/python3.10/site-packages/airflow/example_dags/example_branch_day_of_week_operator.py for tasks to queue
[2023-03-01 11:35:43,177] {logging_mixin.py:115} INFO - [2023-03-01 11:35:43,177] {dagbag.py:507} INFO - Filling up the DagBag from /Users/giovannisabarreto/Desktop/repositorios/airflow_k/venv/lib/python3.10/site-packages/airflow/example_dags/example_branch_day_of_week_operator.py
[2023-03-01 11:35:43,183] {processor.py:651} INFO - DAG(s) dict_keys(['example_weekday_branch_operator']) retrieved from /Users/giovannisabarreto/Desktop/repositorios/airflow_k/venv/lib/python3.10/site-packages/airflow/example_dags/example_branch_day_of_week_operator.py
[2023-03-01 11:35:43,204] {logging_mixin.py:115} INFO - [2023-03-01 11:35:43,204] {dag.py:2379} INFO - Sync 1 DAGs
[2023-03-01 11:35:43,210] {logging_mixin.py:115} INFO - [2023-03-01 11:35:43,210] {dag.py:2927} INFO - Setting next_dagrun for example_weekday_branch_operator to 2023-02-28T00:00:00+00:00, run_after=2023-03-01T00:00:00+00:00
[2023-03-01 11:35:43,213] {processor.py:161} INFO - Processing /Users/giovannisabarreto/Desktop/repositorios/airflow_k/venv/lib/python3.10/site-packages/airflow/example_dags/example_branch_day_of_week_operator.py took 0.038 seconds
[2023-03-01 11:36:30,647] {processor.py:153} INFO - Started process (PID=32767) to work on /Users/giovannisabarreto/Desktop/repositorios/airflow_k/venv/lib/python3.10/site-packages/airflow/example_dags/example_branch_day_of_week_operator.py
[2023-03-01 11:36:30,648] {processor.py:641} INFO - Processing file /Users/giovannisabarreto/Desktop/repositorios/airflow_k/venv/lib/python3.10/site-packages/airflow/example_dags/example_branch_day_of_week_operator.py for tasks to queue
[2023-03-01 11:36:30,648] {logging_mixin.py:115} INFO - [2023-03-01 11:36:30,648] {dagbag.py:507} INFO - Filling up the DagBag from /Users/giovannisabarreto/Desktop/repositorios/airflow_k/venv/lib/python3.10/site-packages/airflow/example_dags/example_branch_day_of_week_operator.py
[2023-03-01 11:36:30,654] {processor.py:651} INFO - DAG(s) dict_keys(['example_weekday_branch_operator']) retrieved from /Users/giovannisabarreto/Desktop/repositorios/airflow_k/venv/lib/python3.10/site-packages/airflow/example_dags/example_branch_day_of_week_operator.py
[2023-03-01 11:36:30,675] {logging_mixin.py:115} INFO - [2023-03-01 11:36:30,675] {dag.py:2379} INFO - Sync 1 DAGs
[2023-03-01 11:36:30,681] {logging_mixin.py:115} INFO - [2023-03-01 11:36:30,681] {dag.py:2927} INFO - Setting next_dagrun for example_weekday_branch_operator to 2023-02-28T00:00:00+00:00, run_after=2023-03-01T00:00:00+00:00
[2023-03-01 11:36:30,685] {processor.py:161} INFO - Processing /Users/giovannisabarreto/Desktop/repositorios/airflow_k/venv/lib/python3.10/site-packages/airflow/example_dags/example_branch_day_of_week_operator.py took 0.038 seconds
[2023-03-01 11:37:15,830] {processor.py:153} INFO - Started process (PID=32844) to work on /Users/giovannisabarreto/Desktop/repositorios/airflow_k/venv/lib/python3.10/site-packages/airflow/example_dags/example_branch_day_of_week_operator.py
[2023-03-01 11:37:15,830] {processor.py:641} INFO - Processing file /Users/giovannisabarreto/Desktop/repositorios/airflow_k/venv/lib/python3.10/site-packages/airflow/example_dags/example_branch_day_of_week_operator.py for tasks to queue
[2023-03-01 11:37:15,830] {logging_mixin.py:115} INFO - [2023-03-01 11:37:15,830] {dagbag.py:507} INFO - Filling up the DagBag from /Users/giovannisabarreto/Desktop/repositorios/airflow_k/venv/lib/python3.10/site-packages/airflow/example_dags/example_branch_day_of_week_operator.py
[2023-03-01 11:37:15,836] {processor.py:651} INFO - DAG(s) dict_keys(['example_weekday_branch_operator']) retrieved from /Users/giovannisabarreto/Desktop/repositorios/airflow_k/venv/lib/python3.10/site-packages/airflow/example_dags/example_branch_day_of_week_operator.py
[2023-03-01 11:37:15,858] {logging_mixin.py:115} INFO - [2023-03-01 11:37:15,858] {dag.py:2379} INFO - Sync 1 DAGs
[2023-03-01 11:37:15,864] {logging_mixin.py:115} INFO - [2023-03-01 11:37:15,864] {dag.py:2927} INFO - Setting next_dagrun for example_weekday_branch_operator to 2023-02-28T00:00:00+00:00, run_after=2023-03-01T00:00:00+00:00
[2023-03-01 11:37:15,867] {processor.py:161} INFO - Processing /Users/giovannisabarreto/Desktop/repositorios/airflow_k/venv/lib/python3.10/site-packages/airflow/example_dags/example_branch_day_of_week_operator.py took 0.038 seconds
[2023-03-01 13:36:50,486] {processor.py:153} INFO - Started process (PID=33074) to work on /Users/giovannisabarreto/Desktop/repositorios/airflow_k/venv/lib/python3.10/site-packages/airflow/example_dags/example_branch_day_of_week_operator.py
[2023-03-01 13:36:50,487] {processor.py:641} INFO - Processing file /Users/giovannisabarreto/Desktop/repositorios/airflow_k/venv/lib/python3.10/site-packages/airflow/example_dags/example_branch_day_of_week_operator.py for tasks to queue
[2023-03-01 13:36:50,487] {logging_mixin.py:115} INFO - [2023-03-01 13:36:50,487] {dagbag.py:507} INFO - Filling up the DagBag from /Users/giovannisabarreto/Desktop/repositorios/airflow_k/venv/lib/python3.10/site-packages/airflow/example_dags/example_branch_day_of_week_operator.py
[2023-03-01 13:36:50,492] {processor.py:651} INFO - DAG(s) dict_keys(['example_weekday_branch_operator']) retrieved from /Users/giovannisabarreto/Desktop/repositorios/airflow_k/venv/lib/python3.10/site-packages/airflow/example_dags/example_branch_day_of_week_operator.py
[2023-03-01 13:36:50,514] {logging_mixin.py:115} INFO - [2023-03-01 13:36:50,514] {dag.py:2379} INFO - Sync 1 DAGs
[2023-03-01 13:36:50,519] {logging_mixin.py:115} INFO - [2023-03-01 13:36:50,519] {dag.py:2927} INFO - Setting next_dagrun for example_weekday_branch_operator to 2023-02-28T00:00:00+00:00, run_after=2023-03-01T00:00:00+00:00
[2023-03-01 13:36:50,523] {processor.py:161} INFO - Processing /Users/giovannisabarreto/Desktop/repositorios/airflow_k/venv/lib/python3.10/site-packages/airflow/example_dags/example_branch_day_of_week_operator.py took 0.037 seconds
[2023-03-01 16:35:24,445] {processor.py:153} INFO - Started process (PID=33421) to work on /Users/giovannisabarreto/Desktop/repositorios/airflow_k/venv/lib/python3.10/site-packages/airflow/example_dags/example_branch_day_of_week_operator.py
[2023-03-01 16:35:24,446] {processor.py:641} INFO - Processing file /Users/giovannisabarreto/Desktop/repositorios/airflow_k/venv/lib/python3.10/site-packages/airflow/example_dags/example_branch_day_of_week_operator.py for tasks to queue
[2023-03-01 16:35:24,446] {logging_mixin.py:115} INFO - [2023-03-01 16:35:24,446] {dagbag.py:507} INFO - Filling up the DagBag from /Users/giovannisabarreto/Desktop/repositorios/airflow_k/venv/lib/python3.10/site-packages/airflow/example_dags/example_branch_day_of_week_operator.py
[2023-03-01 16:35:24,452] {processor.py:651} INFO - DAG(s) dict_keys(['example_weekday_branch_operator']) retrieved from /Users/giovannisabarreto/Desktop/repositorios/airflow_k/venv/lib/python3.10/site-packages/airflow/example_dags/example_branch_day_of_week_operator.py
[2023-03-01 16:35:24,474] {logging_mixin.py:115} INFO - [2023-03-01 16:35:24,474] {dag.py:2379} INFO - Sync 1 DAGs
[2023-03-01 16:35:24,480] {logging_mixin.py:115} INFO - [2023-03-01 16:35:24,480] {dag.py:2927} INFO - Setting next_dagrun for example_weekday_branch_operator to 2023-02-28T00:00:00+00:00, run_after=2023-03-01T00:00:00+00:00
[2023-03-01 16:35:24,484] {processor.py:161} INFO - Processing /Users/giovannisabarreto/Desktop/repositorios/airflow_k/venv/lib/python3.10/site-packages/airflow/example_dags/example_branch_day_of_week_operator.py took 0.039 seconds
[2023-03-01 19:40:21,115] {processor.py:153} INFO - Started process (PID=33730) to work on /Users/giovannisabarreto/Desktop/repositorios/airflow_k/venv/lib/python3.10/site-packages/airflow/example_dags/example_branch_day_of_week_operator.py
[2023-03-01 19:40:21,116] {processor.py:641} INFO - Processing file /Users/giovannisabarreto/Desktop/repositorios/airflow_k/venv/lib/python3.10/site-packages/airflow/example_dags/example_branch_day_of_week_operator.py for tasks to queue
[2023-03-01 19:40:21,116] {logging_mixin.py:115} INFO - [2023-03-01 19:40:21,116] {dagbag.py:507} INFO - Filling up the DagBag from /Users/giovannisabarreto/Desktop/repositorios/airflow_k/venv/lib/python3.10/site-packages/airflow/example_dags/example_branch_day_of_week_operator.py
[2023-03-01 19:40:21,121] {processor.py:651} INFO - DAG(s) dict_keys(['example_weekday_branch_operator']) retrieved from /Users/giovannisabarreto/Desktop/repositorios/airflow_k/venv/lib/python3.10/site-packages/airflow/example_dags/example_branch_day_of_week_operator.py
[2023-03-01 19:40:21,142] {logging_mixin.py:115} INFO - [2023-03-01 19:40:21,142] {dag.py:2379} INFO - Sync 1 DAGs
[2023-03-01 19:40:21,148] {logging_mixin.py:115} INFO - [2023-03-01 19:40:21,148] {dag.py:2927} INFO - Setting next_dagrun for example_weekday_branch_operator to 2023-02-28T00:00:00+00:00, run_after=2023-03-01T00:00:00+00:00
[2023-03-01 19:40:21,153] {processor.py:161} INFO - Processing /Users/giovannisabarreto/Desktop/repositorios/airflow_k/venv/lib/python3.10/site-packages/airflow/example_dags/example_branch_day_of_week_operator.py took 0.038 seconds
