[2023-03-01 10:45:26,218] {processor.py:153} INFO - Started process (PID=25649) to work on /Users/giovannisabarreto/Desktop/repositorios/airflow_k/venv/lib/python3.10/site-packages/airflow/example_dags/example_complex.py
[2023-03-01 10:45:26,218] {processor.py:641} INFO - Processing file /Users/giovannisabarreto/Desktop/repositorios/airflow_k/venv/lib/python3.10/site-packages/airflow/example_dags/example_complex.py for tasks to queue
[2023-03-01 10:45:26,218] {logging_mixin.py:115} INFO - [2023-03-01 10:45:26,218] {dagbag.py:507} INFO - Filling up the DagBag from /Users/giovannisabarreto/Desktop/repositorios/airflow_k/venv/lib/python3.10/site-packages/airflow/example_dags/example_complex.py
[2023-03-01 10:45:26,226] {processor.py:651} INFO - DAG(s) dict_keys(['example_complex']) retrieved from /Users/giovannisabarreto/Desktop/repositorios/airflow_k/venv/lib/python3.10/site-packages/airflow/example_dags/example_complex.py
[2023-03-01 10:45:26,520] {logging_mixin.py:115} INFO - [2023-03-01 10:45:26,520] {manager.py:508} INFO - Created Permission View: can read on DAG:example_complex
[2023-03-01 10:45:26,523] {logging_mixin.py:115} INFO - [2023-03-01 10:45:26,523] {manager.py:508} INFO - Created Permission View: can edit on DAG:example_complex
[2023-03-01 10:45:26,525] {logging_mixin.py:115} INFO - [2023-03-01 10:45:26,525] {manager.py:508} INFO - Created Permission View: can delete on DAG:example_complex
[2023-03-01 10:45:26,525] {logging_mixin.py:115} INFO - [2023-03-01 10:45:26,525] {dag.py:2379} INFO - Sync 1 DAGs
[2023-03-01 10:45:26,528] {logging_mixin.py:115} INFO - [2023-03-01 10:45:26,528] {dag.py:2398} INFO - Creating ORM DAG for example_complex
[2023-03-01 10:45:26,531] {logging_mixin.py:115} INFO - [2023-03-01 10:45:26,531] {dag.py:2927} INFO - Setting next_dagrun for example_complex to None, run_after=None
[2023-03-01 10:45:26,536] {processor.py:161} INFO - Processing /Users/giovannisabarreto/Desktop/repositorios/airflow_k/venv/lib/python3.10/site-packages/airflow/example_dags/example_complex.py took 0.318 seconds
[2023-03-01 10:46:12,944] {processor.py:153} INFO - Started process (PID=25728) to work on /Users/giovannisabarreto/Desktop/repositorios/airflow_k/venv/lib/python3.10/site-packages/airflow/example_dags/example_complex.py
[2023-03-01 10:46:12,944] {processor.py:641} INFO - Processing file /Users/giovannisabarreto/Desktop/repositorios/airflow_k/venv/lib/python3.10/site-packages/airflow/example_dags/example_complex.py for tasks to queue
[2023-03-01 10:46:12,944] {logging_mixin.py:115} INFO - [2023-03-01 10:46:12,944] {dagbag.py:507} INFO - Filling up the DagBag from /Users/giovannisabarreto/Desktop/repositorios/airflow_k/venv/lib/python3.10/site-packages/airflow/example_dags/example_complex.py
[2023-03-01 10:46:12,951] {processor.py:651} INFO - DAG(s) dict_keys(['example_complex']) retrieved from /Users/giovannisabarreto/Desktop/repositorios/airflow_k/venv/lib/python3.10/site-packages/airflow/example_dags/example_complex.py
[2023-03-01 10:46:12,976] {logging_mixin.py:115} INFO - [2023-03-01 10:46:12,976] {dag.py:2379} INFO - Sync 1 DAGs
[2023-03-01 10:46:12,982] {logging_mixin.py:115} INFO - [2023-03-01 10:46:12,982] {dag.py:2927} INFO - Setting next_dagrun for example_complex to None, run_after=None
[2023-03-01 10:46:12,985] {processor.py:161} INFO - Processing /Users/giovannisabarreto/Desktop/repositorios/airflow_k/venv/lib/python3.10/site-packages/airflow/example_dags/example_complex.py took 0.042 seconds
[2023-03-01 10:46:59,440] {processor.py:153} INFO - Started process (PID=25809) to work on /Users/giovannisabarreto/Desktop/repositorios/airflow_k/venv/lib/python3.10/site-packages/airflow/example_dags/example_complex.py
[2023-03-01 10:46:59,441] {processor.py:641} INFO - Processing file /Users/giovannisabarreto/Desktop/repositorios/airflow_k/venv/lib/python3.10/site-packages/airflow/example_dags/example_complex.py for tasks to queue
[2023-03-01 10:46:59,441] {logging_mixin.py:115} INFO - [2023-03-01 10:46:59,441] {dagbag.py:507} INFO - Filling up the DagBag from /Users/giovannisabarreto/Desktop/repositorios/airflow_k/venv/lib/python3.10/site-packages/airflow/example_dags/example_complex.py
[2023-03-01 10:46:59,449] {processor.py:651} INFO - DAG(s) dict_keys(['example_complex']) retrieved from /Users/giovannisabarreto/Desktop/repositorios/airflow_k/venv/lib/python3.10/site-packages/airflow/example_dags/example_complex.py
[2023-03-01 10:46:59,472] {logging_mixin.py:115} INFO - [2023-03-01 10:46:59,472] {dag.py:2379} INFO - Sync 1 DAGs
[2023-03-01 10:46:59,478] {logging_mixin.py:115} INFO - [2023-03-01 10:46:59,478] {dag.py:2927} INFO - Setting next_dagrun for example_complex to None, run_after=None
[2023-03-01 10:46:59,482] {processor.py:161} INFO - Processing /Users/giovannisabarreto/Desktop/repositorios/airflow_k/venv/lib/python3.10/site-packages/airflow/example_dags/example_complex.py took 0.042 seconds
[2023-03-01 10:47:43,786] {processor.py:153} INFO - Started process (PID=25890) to work on /Users/giovannisabarreto/Desktop/repositorios/airflow_k/venv/lib/python3.10/site-packages/airflow/example_dags/example_complex.py
[2023-03-01 10:47:43,787] {processor.py:641} INFO - Processing file /Users/giovannisabarreto/Desktop/repositorios/airflow_k/venv/lib/python3.10/site-packages/airflow/example_dags/example_complex.py for tasks to queue
[2023-03-01 10:47:43,787] {logging_mixin.py:115} INFO - [2023-03-01 10:47:43,787] {dagbag.py:507} INFO - Filling up the DagBag from /Users/giovannisabarreto/Desktop/repositorios/airflow_k/venv/lib/python3.10/site-packages/airflow/example_dags/example_complex.py
[2023-03-01 10:47:43,794] {processor.py:651} INFO - DAG(s) dict_keys(['example_complex']) retrieved from /Users/giovannisabarreto/Desktop/repositorios/airflow_k/venv/lib/python3.10/site-packages/airflow/example_dags/example_complex.py
[2023-03-01 10:47:43,817] {logging_mixin.py:115} INFO - [2023-03-01 10:47:43,817] {dag.py:2379} INFO - Sync 1 DAGs
[2023-03-01 10:47:43,823] {logging_mixin.py:115} INFO - [2023-03-01 10:47:43,823] {dag.py:2927} INFO - Setting next_dagrun for example_complex to None, run_after=None
[2023-03-01 10:47:43,826] {processor.py:161} INFO - Processing /Users/giovannisabarreto/Desktop/repositorios/airflow_k/venv/lib/python3.10/site-packages/airflow/example_dags/example_complex.py took 0.041 seconds
[2023-03-01 10:48:29,960] {processor.py:153} INFO - Started process (PID=25968) to work on /Users/giovannisabarreto/Desktop/repositorios/airflow_k/venv/lib/python3.10/site-packages/airflow/example_dags/example_complex.py
[2023-03-01 10:48:29,960] {processor.py:641} INFO - Processing file /Users/giovannisabarreto/Desktop/repositorios/airflow_k/venv/lib/python3.10/site-packages/airflow/example_dags/example_complex.py for tasks to queue
[2023-03-01 10:48:29,960] {logging_mixin.py:115} INFO - [2023-03-01 10:48:29,960] {dagbag.py:507} INFO - Filling up the DagBag from /Users/giovannisabarreto/Desktop/repositorios/airflow_k/venv/lib/python3.10/site-packages/airflow/example_dags/example_complex.py
[2023-03-01 10:48:29,967] {processor.py:651} INFO - DAG(s) dict_keys(['example_complex']) retrieved from /Users/giovannisabarreto/Desktop/repositorios/airflow_k/venv/lib/python3.10/site-packages/airflow/example_dags/example_complex.py
[2023-03-01 10:48:29,991] {logging_mixin.py:115} INFO - [2023-03-01 10:48:29,991] {dag.py:2379} INFO - Sync 1 DAGs
[2023-03-01 10:48:29,996] {logging_mixin.py:115} INFO - [2023-03-01 10:48:29,996] {dag.py:2927} INFO - Setting next_dagrun for example_complex to None, run_after=None
[2023-03-01 10:48:30,000] {processor.py:161} INFO - Processing /Users/giovannisabarreto/Desktop/repositorios/airflow_k/venv/lib/python3.10/site-packages/airflow/example_dags/example_complex.py took 0.040 seconds
[2023-03-01 10:49:18,313] {processor.py:153} INFO - Started process (PID=26065) to work on /Users/giovannisabarreto/Desktop/repositorios/airflow_k/venv/lib/python3.10/site-packages/airflow/example_dags/example_complex.py
[2023-03-01 10:49:18,314] {processor.py:641} INFO - Processing file /Users/giovannisabarreto/Desktop/repositorios/airflow_k/venv/lib/python3.10/site-packages/airflow/example_dags/example_complex.py for tasks to queue
[2023-03-01 10:49:18,314] {logging_mixin.py:115} INFO - [2023-03-01 10:49:18,314] {dagbag.py:507} INFO - Filling up the DagBag from /Users/giovannisabarreto/Desktop/repositorios/airflow_k/venv/lib/python3.10/site-packages/airflow/example_dags/example_complex.py
[2023-03-01 10:49:18,321] {processor.py:651} INFO - DAG(s) dict_keys(['example_complex']) retrieved from /Users/giovannisabarreto/Desktop/repositorios/airflow_k/venv/lib/python3.10/site-packages/airflow/example_dags/example_complex.py
[2023-03-01 10:49:18,345] {logging_mixin.py:115} INFO - [2023-03-01 10:49:18,345] {dag.py:2379} INFO - Sync 1 DAGs
[2023-03-01 10:49:18,351] {logging_mixin.py:115} INFO - [2023-03-01 10:49:18,351] {dag.py:2927} INFO - Setting next_dagrun for example_complex to None, run_after=None
[2023-03-01 10:49:18,354] {processor.py:161} INFO - Processing /Users/giovannisabarreto/Desktop/repositorios/airflow_k/venv/lib/python3.10/site-packages/airflow/example_dags/example_complex.py took 0.041 seconds
[2023-03-01 10:50:09,107] {processor.py:153} INFO - Started process (PID=26159) to work on /Users/giovannisabarreto/Desktop/repositorios/airflow_k/venv/lib/python3.10/site-packages/airflow/example_dags/example_complex.py
[2023-03-01 10:50:09,108] {processor.py:641} INFO - Processing file /Users/giovannisabarreto/Desktop/repositorios/airflow_k/venv/lib/python3.10/site-packages/airflow/example_dags/example_complex.py for tasks to queue
[2023-03-01 10:50:09,108] {logging_mixin.py:115} INFO - [2023-03-01 10:50:09,108] {dagbag.py:507} INFO - Filling up the DagBag from /Users/giovannisabarreto/Desktop/repositorios/airflow_k/venv/lib/python3.10/site-packages/airflow/example_dags/example_complex.py
[2023-03-01 10:50:09,115] {processor.py:651} INFO - DAG(s) dict_keys(['example_complex']) retrieved from /Users/giovannisabarreto/Desktop/repositorios/airflow_k/venv/lib/python3.10/site-packages/airflow/example_dags/example_complex.py
[2023-03-01 10:50:09,139] {logging_mixin.py:115} INFO - [2023-03-01 10:50:09,139] {dag.py:2379} INFO - Sync 1 DAGs
[2023-03-01 10:50:09,144] {logging_mixin.py:115} INFO - [2023-03-01 10:50:09,144] {dag.py:2927} INFO - Setting next_dagrun for example_complex to None, run_after=None
[2023-03-01 10:50:09,147] {processor.py:161} INFO - Processing /Users/giovannisabarreto/Desktop/repositorios/airflow_k/venv/lib/python3.10/site-packages/airflow/example_dags/example_complex.py took 0.040 seconds
[2023-03-01 10:50:57,200] {processor.py:153} INFO - Started process (PID=26240) to work on /Users/giovannisabarreto/Desktop/repositorios/airflow_k/venv/lib/python3.10/site-packages/airflow/example_dags/example_complex.py
[2023-03-01 10:50:57,201] {processor.py:641} INFO - Processing file /Users/giovannisabarreto/Desktop/repositorios/airflow_k/venv/lib/python3.10/site-packages/airflow/example_dags/example_complex.py for tasks to queue
[2023-03-01 10:50:57,201] {logging_mixin.py:115} INFO - [2023-03-01 10:50:57,201] {dagbag.py:507} INFO - Filling up the DagBag from /Users/giovannisabarreto/Desktop/repositorios/airflow_k/venv/lib/python3.10/site-packages/airflow/example_dags/example_complex.py
[2023-03-01 10:50:57,208] {processor.py:651} INFO - DAG(s) dict_keys(['example_complex']) retrieved from /Users/giovannisabarreto/Desktop/repositorios/airflow_k/venv/lib/python3.10/site-packages/airflow/example_dags/example_complex.py
[2023-03-01 10:50:57,232] {logging_mixin.py:115} INFO - [2023-03-01 10:50:57,232] {dag.py:2379} INFO - Sync 1 DAGs
[2023-03-01 10:50:57,237] {logging_mixin.py:115} INFO - [2023-03-01 10:50:57,237] {dag.py:2927} INFO - Setting next_dagrun for example_complex to None, run_after=None
[2023-03-01 10:50:57,241] {processor.py:161} INFO - Processing /Users/giovannisabarreto/Desktop/repositorios/airflow_k/venv/lib/python3.10/site-packages/airflow/example_dags/example_complex.py took 0.040 seconds
[2023-03-01 10:51:47,711] {processor.py:153} INFO - Started process (PID=26325) to work on /Users/giovannisabarreto/Desktop/repositorios/airflow_k/venv/lib/python3.10/site-packages/airflow/example_dags/example_complex.py
[2023-03-01 10:51:47,711] {processor.py:641} INFO - Processing file /Users/giovannisabarreto/Desktop/repositorios/airflow_k/venv/lib/python3.10/site-packages/airflow/example_dags/example_complex.py for tasks to queue
[2023-03-01 10:51:47,711] {logging_mixin.py:115} INFO - [2023-03-01 10:51:47,711] {dagbag.py:507} INFO - Filling up the DagBag from /Users/giovannisabarreto/Desktop/repositorios/airflow_k/venv/lib/python3.10/site-packages/airflow/example_dags/example_complex.py
[2023-03-01 10:51:47,718] {processor.py:651} INFO - DAG(s) dict_keys(['example_complex']) retrieved from /Users/giovannisabarreto/Desktop/repositorios/airflow_k/venv/lib/python3.10/site-packages/airflow/example_dags/example_complex.py
[2023-03-01 10:51:47,742] {logging_mixin.py:115} INFO - [2023-03-01 10:51:47,742] {dag.py:2379} INFO - Sync 1 DAGs
[2023-03-01 10:51:47,747] {logging_mixin.py:115} INFO - [2023-03-01 10:51:47,747] {dag.py:2927} INFO - Setting next_dagrun for example_complex to None, run_after=None
[2023-03-01 10:51:47,751] {processor.py:161} INFO - Processing /Users/giovannisabarreto/Desktop/repositorios/airflow_k/venv/lib/python3.10/site-packages/airflow/example_dags/example_complex.py took 0.040 seconds
[2023-03-01 10:52:38,288] {processor.py:153} INFO - Started process (PID=26410) to work on /Users/giovannisabarreto/Desktop/repositorios/airflow_k/venv/lib/python3.10/site-packages/airflow/example_dags/example_complex.py
[2023-03-01 10:52:38,288] {processor.py:641} INFO - Processing file /Users/giovannisabarreto/Desktop/repositorios/airflow_k/venv/lib/python3.10/site-packages/airflow/example_dags/example_complex.py for tasks to queue
[2023-03-01 10:52:38,289] {logging_mixin.py:115} INFO - [2023-03-01 10:52:38,289] {dagbag.py:507} INFO - Filling up the DagBag from /Users/giovannisabarreto/Desktop/repositorios/airflow_k/venv/lib/python3.10/site-packages/airflow/example_dags/example_complex.py
[2023-03-01 10:52:38,296] {processor.py:651} INFO - DAG(s) dict_keys(['example_complex']) retrieved from /Users/giovannisabarreto/Desktop/repositorios/airflow_k/venv/lib/python3.10/site-packages/airflow/example_dags/example_complex.py
[2023-03-01 10:52:38,320] {logging_mixin.py:115} INFO - [2023-03-01 10:52:38,320] {dag.py:2379} INFO - Sync 1 DAGs
[2023-03-01 10:52:38,325] {logging_mixin.py:115} INFO - [2023-03-01 10:52:38,325] {dag.py:2927} INFO - Setting next_dagrun for example_complex to None, run_after=None
[2023-03-01 10:52:38,329] {processor.py:161} INFO - Processing /Users/giovannisabarreto/Desktop/repositorios/airflow_k/venv/lib/python3.10/site-packages/airflow/example_dags/example_complex.py took 0.041 seconds
[2023-03-01 10:53:24,176] {processor.py:153} INFO - Started process (PID=26495) to work on /Users/giovannisabarreto/Desktop/repositorios/airflow_k/venv/lib/python3.10/site-packages/airflow/example_dags/example_complex.py
[2023-03-01 10:53:24,177] {processor.py:641} INFO - Processing file /Users/giovannisabarreto/Desktop/repositorios/airflow_k/venv/lib/python3.10/site-packages/airflow/example_dags/example_complex.py for tasks to queue
[2023-03-01 10:53:24,177] {logging_mixin.py:115} INFO - [2023-03-01 10:53:24,177] {dagbag.py:507} INFO - Filling up the DagBag from /Users/giovannisabarreto/Desktop/repositorios/airflow_k/venv/lib/python3.10/site-packages/airflow/example_dags/example_complex.py
[2023-03-01 10:53:24,184] {processor.py:651} INFO - DAG(s) dict_keys(['example_complex']) retrieved from /Users/giovannisabarreto/Desktop/repositorios/airflow_k/venv/lib/python3.10/site-packages/airflow/example_dags/example_complex.py
[2023-03-01 10:53:24,208] {logging_mixin.py:115} INFO - [2023-03-01 10:53:24,208] {dag.py:2379} INFO - Sync 1 DAGs
[2023-03-01 10:53:24,213] {logging_mixin.py:115} INFO - [2023-03-01 10:53:24,213] {dag.py:2927} INFO - Setting next_dagrun for example_complex to None, run_after=None
[2023-03-01 10:53:24,216] {processor.py:161} INFO - Processing /Users/giovannisabarreto/Desktop/repositorios/airflow_k/venv/lib/python3.10/site-packages/airflow/example_dags/example_complex.py took 0.041 seconds
[2023-03-01 10:54:12,269] {processor.py:153} INFO - Started process (PID=26590) to work on /Users/giovannisabarreto/Desktop/repositorios/airflow_k/venv/lib/python3.10/site-packages/airflow/example_dags/example_complex.py
[2023-03-01 10:54:12,269] {processor.py:641} INFO - Processing file /Users/giovannisabarreto/Desktop/repositorios/airflow_k/venv/lib/python3.10/site-packages/airflow/example_dags/example_complex.py for tasks to queue
[2023-03-01 10:54:12,269] {logging_mixin.py:115} INFO - [2023-03-01 10:54:12,269] {dagbag.py:507} INFO - Filling up the DagBag from /Users/giovannisabarreto/Desktop/repositorios/airflow_k/venv/lib/python3.10/site-packages/airflow/example_dags/example_complex.py
[2023-03-01 10:54:12,276] {processor.py:651} INFO - DAG(s) dict_keys(['example_complex']) retrieved from /Users/giovannisabarreto/Desktop/repositorios/airflow_k/venv/lib/python3.10/site-packages/airflow/example_dags/example_complex.py
[2023-03-01 10:54:12,300] {logging_mixin.py:115} INFO - [2023-03-01 10:54:12,300] {dag.py:2379} INFO - Sync 1 DAGs
[2023-03-01 10:54:12,305] {logging_mixin.py:115} INFO - [2023-03-01 10:54:12,305] {dag.py:2927} INFO - Setting next_dagrun for example_complex to None, run_after=None
[2023-03-01 10:54:12,309] {processor.py:161} INFO - Processing /Users/giovannisabarreto/Desktop/repositorios/airflow_k/venv/lib/python3.10/site-packages/airflow/example_dags/example_complex.py took 0.040 seconds
[2023-03-01 10:54:57,544] {processor.py:153} INFO - Started process (PID=26669) to work on /Users/giovannisabarreto/Desktop/repositorios/airflow_k/venv/lib/python3.10/site-packages/airflow/example_dags/example_complex.py
[2023-03-01 10:54:57,545] {processor.py:641} INFO - Processing file /Users/giovannisabarreto/Desktop/repositorios/airflow_k/venv/lib/python3.10/site-packages/airflow/example_dags/example_complex.py for tasks to queue
[2023-03-01 10:54:57,545] {logging_mixin.py:115} INFO - [2023-03-01 10:54:57,545] {dagbag.py:507} INFO - Filling up the DagBag from /Users/giovannisabarreto/Desktop/repositorios/airflow_k/venv/lib/python3.10/site-packages/airflow/example_dags/example_complex.py
[2023-03-01 10:54:57,551] {processor.py:651} INFO - DAG(s) dict_keys(['example_complex']) retrieved from /Users/giovannisabarreto/Desktop/repositorios/airflow_k/venv/lib/python3.10/site-packages/airflow/example_dags/example_complex.py
[2023-03-01 10:54:57,575] {logging_mixin.py:115} INFO - [2023-03-01 10:54:57,575] {dag.py:2379} INFO - Sync 1 DAGs
[2023-03-01 10:54:57,580] {logging_mixin.py:115} INFO - [2023-03-01 10:54:57,580] {dag.py:2927} INFO - Setting next_dagrun for example_complex to None, run_after=None
[2023-03-01 10:54:57,584] {processor.py:161} INFO - Processing /Users/giovannisabarreto/Desktop/repositorios/airflow_k/venv/lib/python3.10/site-packages/airflow/example_dags/example_complex.py took 0.040 seconds
[2023-03-01 10:55:43,891] {processor.py:153} INFO - Started process (PID=26750) to work on /Users/giovannisabarreto/Desktop/repositorios/airflow_k/venv/lib/python3.10/site-packages/airflow/example_dags/example_complex.py
[2023-03-01 10:55:43,891] {processor.py:641} INFO - Processing file /Users/giovannisabarreto/Desktop/repositorios/airflow_k/venv/lib/python3.10/site-packages/airflow/example_dags/example_complex.py for tasks to queue
[2023-03-01 10:55:43,891] {logging_mixin.py:115} INFO - [2023-03-01 10:55:43,891] {dagbag.py:507} INFO - Filling up the DagBag from /Users/giovannisabarreto/Desktop/repositorios/airflow_k/venv/lib/python3.10/site-packages/airflow/example_dags/example_complex.py
[2023-03-01 10:55:43,899] {processor.py:651} INFO - DAG(s) dict_keys(['example_complex']) retrieved from /Users/giovannisabarreto/Desktop/repositorios/airflow_k/venv/lib/python3.10/site-packages/airflow/example_dags/example_complex.py
[2023-03-01 10:55:43,923] {logging_mixin.py:115} INFO - [2023-03-01 10:55:43,923] {dag.py:2379} INFO - Sync 1 DAGs
[2023-03-01 10:55:43,928] {logging_mixin.py:115} INFO - [2023-03-01 10:55:43,928] {dag.py:2927} INFO - Setting next_dagrun for example_complex to None, run_after=None
[2023-03-01 10:55:43,932] {processor.py:161} INFO - Processing /Users/giovannisabarreto/Desktop/repositorios/airflow_k/venv/lib/python3.10/site-packages/airflow/example_dags/example_complex.py took 0.041 seconds
[2023-03-01 10:56:33,072] {processor.py:153} INFO - Started process (PID=26833) to work on /Users/giovannisabarreto/Desktop/repositorios/airflow_k/venv/lib/python3.10/site-packages/airflow/example_dags/example_complex.py
[2023-03-01 10:56:33,073] {processor.py:641} INFO - Processing file /Users/giovannisabarreto/Desktop/repositorios/airflow_k/venv/lib/python3.10/site-packages/airflow/example_dags/example_complex.py for tasks to queue
[2023-03-01 10:56:33,073] {logging_mixin.py:115} INFO - [2023-03-01 10:56:33,073] {dagbag.py:507} INFO - Filling up the DagBag from /Users/giovannisabarreto/Desktop/repositorios/airflow_k/venv/lib/python3.10/site-packages/airflow/example_dags/example_complex.py
[2023-03-01 10:56:33,080] {processor.py:651} INFO - DAG(s) dict_keys(['example_complex']) retrieved from /Users/giovannisabarreto/Desktop/repositorios/airflow_k/venv/lib/python3.10/site-packages/airflow/example_dags/example_complex.py
[2023-03-01 10:56:33,104] {logging_mixin.py:115} INFO - [2023-03-01 10:56:33,104] {dag.py:2379} INFO - Sync 1 DAGs
[2023-03-01 10:56:33,109] {logging_mixin.py:115} INFO - [2023-03-01 10:56:33,109] {dag.py:2927} INFO - Setting next_dagrun for example_complex to None, run_after=None
[2023-03-01 10:56:33,113] {processor.py:161} INFO - Processing /Users/giovannisabarreto/Desktop/repositorios/airflow_k/venv/lib/python3.10/site-packages/airflow/example_dags/example_complex.py took 0.041 seconds
[2023-03-01 10:57:17,371] {processor.py:153} INFO - Started process (PID=26909) to work on /Users/giovannisabarreto/Desktop/repositorios/airflow_k/venv/lib/python3.10/site-packages/airflow/example_dags/example_complex.py
[2023-03-01 10:57:17,372] {processor.py:641} INFO - Processing file /Users/giovannisabarreto/Desktop/repositorios/airflow_k/venv/lib/python3.10/site-packages/airflow/example_dags/example_complex.py for tasks to queue
[2023-03-01 10:57:17,372] {logging_mixin.py:115} INFO - [2023-03-01 10:57:17,372] {dagbag.py:507} INFO - Filling up the DagBag from /Users/giovannisabarreto/Desktop/repositorios/airflow_k/venv/lib/python3.10/site-packages/airflow/example_dags/example_complex.py
[2023-03-01 10:57:17,379] {processor.py:651} INFO - DAG(s) dict_keys(['example_complex']) retrieved from /Users/giovannisabarreto/Desktop/repositorios/airflow_k/venv/lib/python3.10/site-packages/airflow/example_dags/example_complex.py
[2023-03-01 10:57:17,402] {logging_mixin.py:115} INFO - [2023-03-01 10:57:17,402] {dag.py:2379} INFO - Sync 1 DAGs
[2023-03-01 10:57:17,408] {logging_mixin.py:115} INFO - [2023-03-01 10:57:17,407] {dag.py:2927} INFO - Setting next_dagrun for example_complex to None, run_after=None
[2023-03-01 10:57:17,411] {processor.py:161} INFO - Processing /Users/giovannisabarreto/Desktop/repositorios/airflow_k/venv/lib/python3.10/site-packages/airflow/example_dags/example_complex.py took 0.040 seconds
[2023-03-01 10:58:03,175] {processor.py:153} INFO - Started process (PID=26990) to work on /Users/giovannisabarreto/Desktop/repositorios/airflow_k/venv/lib/python3.10/site-packages/airflow/example_dags/example_complex.py
[2023-03-01 10:58:03,175] {processor.py:641} INFO - Processing file /Users/giovannisabarreto/Desktop/repositorios/airflow_k/venv/lib/python3.10/site-packages/airflow/example_dags/example_complex.py for tasks to queue
[2023-03-01 10:58:03,175] {logging_mixin.py:115} INFO - [2023-03-01 10:58:03,175] {dagbag.py:507} INFO - Filling up the DagBag from /Users/giovannisabarreto/Desktop/repositorios/airflow_k/venv/lib/python3.10/site-packages/airflow/example_dags/example_complex.py
[2023-03-01 10:58:03,183] {processor.py:651} INFO - DAG(s) dict_keys(['example_complex']) retrieved from /Users/giovannisabarreto/Desktop/repositorios/airflow_k/venv/lib/python3.10/site-packages/airflow/example_dags/example_complex.py
[2023-03-01 10:58:03,207] {logging_mixin.py:115} INFO - [2023-03-01 10:58:03,207] {dag.py:2379} INFO - Sync 1 DAGs
[2023-03-01 10:58:03,213] {logging_mixin.py:115} INFO - [2023-03-01 10:58:03,213] {dag.py:2927} INFO - Setting next_dagrun for example_complex to None, run_after=None
[2023-03-01 10:58:03,216] {processor.py:161} INFO - Processing /Users/giovannisabarreto/Desktop/repositorios/airflow_k/venv/lib/python3.10/site-packages/airflow/example_dags/example_complex.py took 0.042 seconds
[2023-03-01 10:58:48,489] {processor.py:153} INFO - Started process (PID=27078) to work on /Users/giovannisabarreto/Desktop/repositorios/airflow_k/venv/lib/python3.10/site-packages/airflow/example_dags/example_complex.py
[2023-03-01 10:58:48,490] {processor.py:641} INFO - Processing file /Users/giovannisabarreto/Desktop/repositorios/airflow_k/venv/lib/python3.10/site-packages/airflow/example_dags/example_complex.py for tasks to queue
[2023-03-01 10:58:48,490] {logging_mixin.py:115} INFO - [2023-03-01 10:58:48,490] {dagbag.py:507} INFO - Filling up the DagBag from /Users/giovannisabarreto/Desktop/repositorios/airflow_k/venv/lib/python3.10/site-packages/airflow/example_dags/example_complex.py
[2023-03-01 10:58:48,497] {processor.py:651} INFO - DAG(s) dict_keys(['example_complex']) retrieved from /Users/giovannisabarreto/Desktop/repositorios/airflow_k/venv/lib/python3.10/site-packages/airflow/example_dags/example_complex.py
[2023-03-01 10:58:48,520] {logging_mixin.py:115} INFO - [2023-03-01 10:58:48,520] {dag.py:2379} INFO - Sync 1 DAGs
[2023-03-01 10:58:48,525] {logging_mixin.py:115} INFO - [2023-03-01 10:58:48,525] {dag.py:2927} INFO - Setting next_dagrun for example_complex to None, run_after=None
[2023-03-01 10:58:48,529] {processor.py:161} INFO - Processing /Users/giovannisabarreto/Desktop/repositorios/airflow_k/venv/lib/python3.10/site-packages/airflow/example_dags/example_complex.py took 0.040 seconds
[2023-03-01 10:59:31,801] {processor.py:153} INFO - Started process (PID=27167) to work on /Users/giovannisabarreto/Desktop/repositorios/airflow_k/venv/lib/python3.10/site-packages/airflow/example_dags/example_complex.py
[2023-03-01 10:59:31,801] {processor.py:641} INFO - Processing file /Users/giovannisabarreto/Desktop/repositorios/airflow_k/venv/lib/python3.10/site-packages/airflow/example_dags/example_complex.py for tasks to queue
[2023-03-01 10:59:31,801] {logging_mixin.py:115} INFO - [2023-03-01 10:59:31,801] {dagbag.py:507} INFO - Filling up the DagBag from /Users/giovannisabarreto/Desktop/repositorios/airflow_k/venv/lib/python3.10/site-packages/airflow/example_dags/example_complex.py
[2023-03-01 10:59:31,809] {processor.py:651} INFO - DAG(s) dict_keys(['example_complex']) retrieved from /Users/giovannisabarreto/Desktop/repositorios/airflow_k/venv/lib/python3.10/site-packages/airflow/example_dags/example_complex.py
[2023-03-01 10:59:31,834] {logging_mixin.py:115} INFO - [2023-03-01 10:59:31,834] {dag.py:2379} INFO - Sync 1 DAGs
[2023-03-01 10:59:31,839] {logging_mixin.py:115} INFO - [2023-03-01 10:59:31,839] {dag.py:2927} INFO - Setting next_dagrun for example_complex to None, run_after=None
[2023-03-01 10:59:31,843] {processor.py:161} INFO - Processing /Users/giovannisabarreto/Desktop/repositorios/airflow_k/venv/lib/python3.10/site-packages/airflow/example_dags/example_complex.py took 0.043 seconds
[2023-03-01 11:05:57,065] {processor.py:153} INFO - Started process (PID=27347) to work on /Users/giovannisabarreto/Desktop/repositorios/airflow_k/venv/lib/python3.10/site-packages/airflow/example_dags/example_complex.py
[2023-03-01 11:05:57,066] {processor.py:641} INFO - Processing file /Users/giovannisabarreto/Desktop/repositorios/airflow_k/venv/lib/python3.10/site-packages/airflow/example_dags/example_complex.py for tasks to queue
[2023-03-01 11:05:57,066] {logging_mixin.py:115} INFO - [2023-03-01 11:05:57,066] {dagbag.py:507} INFO - Filling up the DagBag from /Users/giovannisabarreto/Desktop/repositorios/airflow_k/venv/lib/python3.10/site-packages/airflow/example_dags/example_complex.py
[2023-03-01 11:05:57,073] {processor.py:651} INFO - DAG(s) dict_keys(['example_complex']) retrieved from /Users/giovannisabarreto/Desktop/repositorios/airflow_k/venv/lib/python3.10/site-packages/airflow/example_dags/example_complex.py
[2023-03-01 11:05:57,097] {logging_mixin.py:115} INFO - [2023-03-01 11:05:57,097] {dag.py:2379} INFO - Sync 1 DAGs
[2023-03-01 11:05:57,102] {logging_mixin.py:115} INFO - [2023-03-01 11:05:57,102] {dag.py:2927} INFO - Setting next_dagrun for example_complex to None, run_after=None
[2023-03-01 11:05:57,106] {processor.py:161} INFO - Processing /Users/giovannisabarreto/Desktop/repositorios/airflow_k/venv/lib/python3.10/site-packages/airflow/example_dags/example_complex.py took 0.040 seconds
[2023-03-01 11:06:40,523] {processor.py:153} INFO - Started process (PID=27424) to work on /Users/giovannisabarreto/Desktop/repositorios/airflow_k/venv/lib/python3.10/site-packages/airflow/example_dags/example_complex.py
[2023-03-01 11:06:40,523] {processor.py:641} INFO - Processing file /Users/giovannisabarreto/Desktop/repositorios/airflow_k/venv/lib/python3.10/site-packages/airflow/example_dags/example_complex.py for tasks to queue
[2023-03-01 11:06:40,523] {logging_mixin.py:115} INFO - [2023-03-01 11:06:40,523] {dagbag.py:507} INFO - Filling up the DagBag from /Users/giovannisabarreto/Desktop/repositorios/airflow_k/venv/lib/python3.10/site-packages/airflow/example_dags/example_complex.py
[2023-03-01 11:06:40,530] {processor.py:651} INFO - DAG(s) dict_keys(['example_complex']) retrieved from /Users/giovannisabarreto/Desktop/repositorios/airflow_k/venv/lib/python3.10/site-packages/airflow/example_dags/example_complex.py
[2023-03-01 11:06:40,555] {logging_mixin.py:115} INFO - [2023-03-01 11:06:40,554] {dag.py:2379} INFO - Sync 1 DAGs
[2023-03-01 11:06:40,560] {logging_mixin.py:115} INFO - [2023-03-01 11:06:40,560] {dag.py:2927} INFO - Setting next_dagrun for example_complex to None, run_after=None
[2023-03-01 11:06:40,564] {processor.py:161} INFO - Processing /Users/giovannisabarreto/Desktop/repositorios/airflow_k/venv/lib/python3.10/site-packages/airflow/example_dags/example_complex.py took 0.041 seconds
[2023-03-01 11:07:25,854] {processor.py:153} INFO - Started process (PID=28219) to work on /Users/giovannisabarreto/Desktop/repositorios/airflow_k/venv/lib/python3.10/site-packages/airflow/example_dags/example_complex.py
[2023-03-01 11:07:25,854] {processor.py:641} INFO - Processing file /Users/giovannisabarreto/Desktop/repositorios/airflow_k/venv/lib/python3.10/site-packages/airflow/example_dags/example_complex.py for tasks to queue
[2023-03-01 11:07:25,854] {logging_mixin.py:115} INFO - [2023-03-01 11:07:25,854] {dagbag.py:507} INFO - Filling up the DagBag from /Users/giovannisabarreto/Desktop/repositorios/airflow_k/venv/lib/python3.10/site-packages/airflow/example_dags/example_complex.py
[2023-03-01 11:07:25,862] {processor.py:651} INFO - DAG(s) dict_keys(['example_complex']) retrieved from /Users/giovannisabarreto/Desktop/repositorios/airflow_k/venv/lib/python3.10/site-packages/airflow/example_dags/example_complex.py
[2023-03-01 11:07:25,886] {logging_mixin.py:115} INFO - [2023-03-01 11:07:25,886] {dag.py:2379} INFO - Sync 1 DAGs
[2023-03-01 11:07:25,891] {logging_mixin.py:115} INFO - [2023-03-01 11:07:25,891] {dag.py:2927} INFO - Setting next_dagrun for example_complex to None, run_after=None
[2023-03-01 11:07:25,895] {processor.py:161} INFO - Processing /Users/giovannisabarreto/Desktop/repositorios/airflow_k/venv/lib/python3.10/site-packages/airflow/example_dags/example_complex.py took 0.041 seconds
[2023-03-01 11:08:10,738] {processor.py:153} INFO - Started process (PID=29080) to work on /Users/giovannisabarreto/Desktop/repositorios/airflow_k/venv/lib/python3.10/site-packages/airflow/example_dags/example_complex.py
[2023-03-01 11:08:10,739] {processor.py:641} INFO - Processing file /Users/giovannisabarreto/Desktop/repositorios/airflow_k/venv/lib/python3.10/site-packages/airflow/example_dags/example_complex.py for tasks to queue
[2023-03-01 11:08:10,739] {logging_mixin.py:115} INFO - [2023-03-01 11:08:10,739] {dagbag.py:507} INFO - Filling up the DagBag from /Users/giovannisabarreto/Desktop/repositorios/airflow_k/venv/lib/python3.10/site-packages/airflow/example_dags/example_complex.py
[2023-03-01 11:08:10,746] {processor.py:651} INFO - DAG(s) dict_keys(['example_complex']) retrieved from /Users/giovannisabarreto/Desktop/repositorios/airflow_k/venv/lib/python3.10/site-packages/airflow/example_dags/example_complex.py
[2023-03-01 11:08:10,771] {logging_mixin.py:115} INFO - [2023-03-01 11:08:10,771] {dag.py:2379} INFO - Sync 1 DAGs
[2023-03-01 11:08:10,776] {logging_mixin.py:115} INFO - [2023-03-01 11:08:10,776] {dag.py:2927} INFO - Setting next_dagrun for example_complex to None, run_after=None
[2023-03-01 11:08:10,780] {processor.py:161} INFO - Processing /Users/giovannisabarreto/Desktop/repositorios/airflow_k/venv/lib/python3.10/site-packages/airflow/example_dags/example_complex.py took 0.042 seconds
[2023-03-01 11:08:54,020] {processor.py:153} INFO - Started process (PID=29239) to work on /Users/giovannisabarreto/Desktop/repositorios/airflow_k/venv/lib/python3.10/site-packages/airflow/example_dags/example_complex.py
[2023-03-01 11:08:54,020] {processor.py:641} INFO - Processing file /Users/giovannisabarreto/Desktop/repositorios/airflow_k/venv/lib/python3.10/site-packages/airflow/example_dags/example_complex.py for tasks to queue
[2023-03-01 11:08:54,020] {logging_mixin.py:115} INFO - [2023-03-01 11:08:54,020] {dagbag.py:507} INFO - Filling up the DagBag from /Users/giovannisabarreto/Desktop/repositorios/airflow_k/venv/lib/python3.10/site-packages/airflow/example_dags/example_complex.py
[2023-03-01 11:08:54,028] {processor.py:651} INFO - DAG(s) dict_keys(['example_complex']) retrieved from /Users/giovannisabarreto/Desktop/repositorios/airflow_k/venv/lib/python3.10/site-packages/airflow/example_dags/example_complex.py
[2023-03-01 11:08:54,052] {logging_mixin.py:115} INFO - [2023-03-01 11:08:54,052] {dag.py:2379} INFO - Sync 1 DAGs
[2023-03-01 11:08:54,058] {logging_mixin.py:115} INFO - [2023-03-01 11:08:54,058] {dag.py:2927} INFO - Setting next_dagrun for example_complex to None, run_after=None
[2023-03-01 11:08:54,062] {processor.py:161} INFO - Processing /Users/giovannisabarreto/Desktop/repositorios/airflow_k/venv/lib/python3.10/site-packages/airflow/example_dags/example_complex.py took 0.042 seconds
[2023-03-01 11:09:37,535] {processor.py:153} INFO - Started process (PID=29427) to work on /Users/giovannisabarreto/Desktop/repositorios/airflow_k/venv/lib/python3.10/site-packages/airflow/example_dags/example_complex.py
[2023-03-01 11:09:37,535] {processor.py:641} INFO - Processing file /Users/giovannisabarreto/Desktop/repositorios/airflow_k/venv/lib/python3.10/site-packages/airflow/example_dags/example_complex.py for tasks to queue
[2023-03-01 11:09:37,536] {logging_mixin.py:115} INFO - [2023-03-01 11:09:37,536] {dagbag.py:507} INFO - Filling up the DagBag from /Users/giovannisabarreto/Desktop/repositorios/airflow_k/venv/lib/python3.10/site-packages/airflow/example_dags/example_complex.py
[2023-03-01 11:09:37,545] {processor.py:651} INFO - DAG(s) dict_keys(['example_complex']) retrieved from /Users/giovannisabarreto/Desktop/repositorios/airflow_k/venv/lib/python3.10/site-packages/airflow/example_dags/example_complex.py
[2023-03-01 11:09:37,570] {logging_mixin.py:115} INFO - [2023-03-01 11:09:37,570] {dag.py:2379} INFO - Sync 1 DAGs
[2023-03-01 11:09:37,575] {logging_mixin.py:115} INFO - [2023-03-01 11:09:37,575] {dag.py:2927} INFO - Setting next_dagrun for example_complex to None, run_after=None
[2023-03-01 11:09:37,579] {processor.py:161} INFO - Processing /Users/giovannisabarreto/Desktop/repositorios/airflow_k/venv/lib/python3.10/site-packages/airflow/example_dags/example_complex.py took 0.044 seconds
[2023-03-01 11:10:19,611] {processor.py:153} INFO - Started process (PID=29578) to work on /Users/giovannisabarreto/Desktop/repositorios/airflow_k/venv/lib/python3.10/site-packages/airflow/example_dags/example_complex.py
[2023-03-01 11:10:19,611] {processor.py:641} INFO - Processing file /Users/giovannisabarreto/Desktop/repositorios/airflow_k/venv/lib/python3.10/site-packages/airflow/example_dags/example_complex.py for tasks to queue
[2023-03-01 11:10:19,611] {logging_mixin.py:115} INFO - [2023-03-01 11:10:19,611] {dagbag.py:507} INFO - Filling up the DagBag from /Users/giovannisabarreto/Desktop/repositorios/airflow_k/venv/lib/python3.10/site-packages/airflow/example_dags/example_complex.py
[2023-03-01 11:10:19,618] {processor.py:651} INFO - DAG(s) dict_keys(['example_complex']) retrieved from /Users/giovannisabarreto/Desktop/repositorios/airflow_k/venv/lib/python3.10/site-packages/airflow/example_dags/example_complex.py
[2023-03-01 11:10:19,642] {logging_mixin.py:115} INFO - [2023-03-01 11:10:19,642] {dag.py:2379} INFO - Sync 1 DAGs
[2023-03-01 11:10:19,647] {logging_mixin.py:115} INFO - [2023-03-01 11:10:19,647] {dag.py:2927} INFO - Setting next_dagrun for example_complex to None, run_after=None
[2023-03-01 11:10:19,651] {processor.py:161} INFO - Processing /Users/giovannisabarreto/Desktop/repositorios/airflow_k/venv/lib/python3.10/site-packages/airflow/example_dags/example_complex.py took 0.040 seconds
[2023-03-01 11:11:03,127] {processor.py:153} INFO - Started process (PID=29677) to work on /Users/giovannisabarreto/Desktop/repositorios/airflow_k/venv/lib/python3.10/site-packages/airflow/example_dags/example_complex.py
[2023-03-01 11:11:03,128] {processor.py:641} INFO - Processing file /Users/giovannisabarreto/Desktop/repositorios/airflow_k/venv/lib/python3.10/site-packages/airflow/example_dags/example_complex.py for tasks to queue
[2023-03-01 11:11:03,128] {logging_mixin.py:115} INFO - [2023-03-01 11:11:03,128] {dagbag.py:507} INFO - Filling up the DagBag from /Users/giovannisabarreto/Desktop/repositorios/airflow_k/venv/lib/python3.10/site-packages/airflow/example_dags/example_complex.py
[2023-03-01 11:11:03,135] {processor.py:651} INFO - DAG(s) dict_keys(['example_complex']) retrieved from /Users/giovannisabarreto/Desktop/repositorios/airflow_k/venv/lib/python3.10/site-packages/airflow/example_dags/example_complex.py
[2023-03-01 11:11:03,158] {logging_mixin.py:115} INFO - [2023-03-01 11:11:03,158] {dag.py:2379} INFO - Sync 1 DAGs
[2023-03-01 11:11:03,164] {logging_mixin.py:115} INFO - [2023-03-01 11:11:03,164] {dag.py:2927} INFO - Setting next_dagrun for example_complex to None, run_after=None
[2023-03-01 11:11:03,167] {processor.py:161} INFO - Processing /Users/giovannisabarreto/Desktop/repositorios/airflow_k/venv/lib/python3.10/site-packages/airflow/example_dags/example_complex.py took 0.040 seconds
[2023-03-01 11:11:50,798] {processor.py:153} INFO - Started process (PID=29862) to work on /Users/giovannisabarreto/Desktop/repositorios/airflow_k/venv/lib/python3.10/site-packages/airflow/example_dags/example_complex.py
[2023-03-01 11:11:50,799] {processor.py:641} INFO - Processing file /Users/giovannisabarreto/Desktop/repositorios/airflow_k/venv/lib/python3.10/site-packages/airflow/example_dags/example_complex.py for tasks to queue
[2023-03-01 11:11:50,799] {logging_mixin.py:115} INFO - [2023-03-01 11:11:50,799] {dagbag.py:507} INFO - Filling up the DagBag from /Users/giovannisabarreto/Desktop/repositorios/airflow_k/venv/lib/python3.10/site-packages/airflow/example_dags/example_complex.py
[2023-03-01 11:11:50,806] {processor.py:651} INFO - DAG(s) dict_keys(['example_complex']) retrieved from /Users/giovannisabarreto/Desktop/repositorios/airflow_k/venv/lib/python3.10/site-packages/airflow/example_dags/example_complex.py
[2023-03-01 11:11:50,830] {logging_mixin.py:115} INFO - [2023-03-01 11:11:50,830] {dag.py:2379} INFO - Sync 1 DAGs
[2023-03-01 11:11:50,835] {logging_mixin.py:115} INFO - [2023-03-01 11:11:50,835] {dag.py:2927} INFO - Setting next_dagrun for example_complex to None, run_after=None
[2023-03-01 11:11:50,839] {processor.py:161} INFO - Processing /Users/giovannisabarreto/Desktop/repositorios/airflow_k/venv/lib/python3.10/site-packages/airflow/example_dags/example_complex.py took 0.041 seconds
[2023-03-01 11:12:37,066] {processor.py:153} INFO - Started process (PID=29941) to work on /Users/giovannisabarreto/Desktop/repositorios/airflow_k/venv/lib/python3.10/site-packages/airflow/example_dags/example_complex.py
[2023-03-01 11:12:37,066] {processor.py:641} INFO - Processing file /Users/giovannisabarreto/Desktop/repositorios/airflow_k/venv/lib/python3.10/site-packages/airflow/example_dags/example_complex.py for tasks to queue
[2023-03-01 11:12:37,066] {logging_mixin.py:115} INFO - [2023-03-01 11:12:37,066] {dagbag.py:507} INFO - Filling up the DagBag from /Users/giovannisabarreto/Desktop/repositorios/airflow_k/venv/lib/python3.10/site-packages/airflow/example_dags/example_complex.py
[2023-03-01 11:12:37,073] {processor.py:651} INFO - DAG(s) dict_keys(['example_complex']) retrieved from /Users/giovannisabarreto/Desktop/repositorios/airflow_k/venv/lib/python3.10/site-packages/airflow/example_dags/example_complex.py
[2023-03-01 11:12:37,097] {logging_mixin.py:115} INFO - [2023-03-01 11:12:37,097] {dag.py:2379} INFO - Sync 1 DAGs
[2023-03-01 11:12:37,102] {logging_mixin.py:115} INFO - [2023-03-01 11:12:37,102] {dag.py:2927} INFO - Setting next_dagrun for example_complex to None, run_after=None
[2023-03-01 11:12:37,106] {processor.py:161} INFO - Processing /Users/giovannisabarreto/Desktop/repositorios/airflow_k/venv/lib/python3.10/site-packages/airflow/example_dags/example_complex.py took 0.040 seconds
[2023-03-01 11:13:21,699] {processor.py:153} INFO - Started process (PID=30019) to work on /Users/giovannisabarreto/Desktop/repositorios/airflow_k/venv/lib/python3.10/site-packages/airflow/example_dags/example_complex.py
[2023-03-01 11:13:21,700] {processor.py:641} INFO - Processing file /Users/giovannisabarreto/Desktop/repositorios/airflow_k/venv/lib/python3.10/site-packages/airflow/example_dags/example_complex.py for tasks to queue
[2023-03-01 11:13:21,700] {logging_mixin.py:115} INFO - [2023-03-01 11:13:21,700] {dagbag.py:507} INFO - Filling up the DagBag from /Users/giovannisabarreto/Desktop/repositorios/airflow_k/venv/lib/python3.10/site-packages/airflow/example_dags/example_complex.py
[2023-03-01 11:13:21,707] {processor.py:651} INFO - DAG(s) dict_keys(['example_complex']) retrieved from /Users/giovannisabarreto/Desktop/repositorios/airflow_k/venv/lib/python3.10/site-packages/airflow/example_dags/example_complex.py
[2023-03-01 11:13:21,732] {logging_mixin.py:115} INFO - [2023-03-01 11:13:21,732] {dag.py:2379} INFO - Sync 1 DAGs
[2023-03-01 11:13:21,737] {logging_mixin.py:115} INFO - [2023-03-01 11:13:21,737] {dag.py:2927} INFO - Setting next_dagrun for example_complex to None, run_after=None
[2023-03-01 11:13:21,741] {processor.py:161} INFO - Processing /Users/giovannisabarreto/Desktop/repositorios/airflow_k/venv/lib/python3.10/site-packages/airflow/example_dags/example_complex.py took 0.042 seconds
[2023-03-01 11:14:09,855] {processor.py:153} INFO - Started process (PID=30101) to work on /Users/giovannisabarreto/Desktop/repositorios/airflow_k/venv/lib/python3.10/site-packages/airflow/example_dags/example_complex.py
[2023-03-01 11:14:09,855] {processor.py:641} INFO - Processing file /Users/giovannisabarreto/Desktop/repositorios/airflow_k/venv/lib/python3.10/site-packages/airflow/example_dags/example_complex.py for tasks to queue
[2023-03-01 11:14:09,856] {logging_mixin.py:115} INFO - [2023-03-01 11:14:09,856] {dagbag.py:507} INFO - Filling up the DagBag from /Users/giovannisabarreto/Desktop/repositorios/airflow_k/venv/lib/python3.10/site-packages/airflow/example_dags/example_complex.py
[2023-03-01 11:14:09,863] {processor.py:651} INFO - DAG(s) dict_keys(['example_complex']) retrieved from /Users/giovannisabarreto/Desktop/repositorios/airflow_k/venv/lib/python3.10/site-packages/airflow/example_dags/example_complex.py
[2023-03-01 11:14:09,887] {logging_mixin.py:115} INFO - [2023-03-01 11:14:09,887] {dag.py:2379} INFO - Sync 1 DAGs
[2023-03-01 11:14:09,893] {logging_mixin.py:115} INFO - [2023-03-01 11:14:09,893] {dag.py:2927} INFO - Setting next_dagrun for example_complex to None, run_after=None
[2023-03-01 11:14:09,896] {processor.py:161} INFO - Processing /Users/giovannisabarreto/Desktop/repositorios/airflow_k/venv/lib/python3.10/site-packages/airflow/example_dags/example_complex.py took 0.042 seconds
[2023-03-01 11:14:54,211] {processor.py:153} INFO - Started process (PID=30248) to work on /Users/giovannisabarreto/Desktop/repositorios/airflow_k/venv/lib/python3.10/site-packages/airflow/example_dags/example_complex.py
[2023-03-01 11:14:54,212] {processor.py:641} INFO - Processing file /Users/giovannisabarreto/Desktop/repositorios/airflow_k/venv/lib/python3.10/site-packages/airflow/example_dags/example_complex.py for tasks to queue
[2023-03-01 11:14:54,212] {logging_mixin.py:115} INFO - [2023-03-01 11:14:54,212] {dagbag.py:507} INFO - Filling up the DagBag from /Users/giovannisabarreto/Desktop/repositorios/airflow_k/venv/lib/python3.10/site-packages/airflow/example_dags/example_complex.py
[2023-03-01 11:14:54,219] {processor.py:651} INFO - DAG(s) dict_keys(['example_complex']) retrieved from /Users/giovannisabarreto/Desktop/repositorios/airflow_k/venv/lib/python3.10/site-packages/airflow/example_dags/example_complex.py
[2023-03-01 11:14:54,243] {logging_mixin.py:115} INFO - [2023-03-01 11:14:54,243] {dag.py:2379} INFO - Sync 1 DAGs
[2023-03-01 11:14:54,248] {logging_mixin.py:115} INFO - [2023-03-01 11:14:54,248] {dag.py:2927} INFO - Setting next_dagrun for example_complex to None, run_after=None
[2023-03-01 11:14:54,252] {processor.py:161} INFO - Processing /Users/giovannisabarreto/Desktop/repositorios/airflow_k/venv/lib/python3.10/site-packages/airflow/example_dags/example_complex.py took 0.041 seconds
[2023-03-01 11:15:37,978] {processor.py:153} INFO - Started process (PID=30354) to work on /Users/giovannisabarreto/Desktop/repositorios/airflow_k/venv/lib/python3.10/site-packages/airflow/example_dags/example_complex.py
[2023-03-01 11:15:37,979] {processor.py:641} INFO - Processing file /Users/giovannisabarreto/Desktop/repositorios/airflow_k/venv/lib/python3.10/site-packages/airflow/example_dags/example_complex.py for tasks to queue
[2023-03-01 11:15:37,979] {logging_mixin.py:115} INFO - [2023-03-01 11:15:37,979] {dagbag.py:507} INFO - Filling up the DagBag from /Users/giovannisabarreto/Desktop/repositorios/airflow_k/venv/lib/python3.10/site-packages/airflow/example_dags/example_complex.py
[2023-03-01 11:15:37,986] {processor.py:651} INFO - DAG(s) dict_keys(['example_complex']) retrieved from /Users/giovannisabarreto/Desktop/repositorios/airflow_k/venv/lib/python3.10/site-packages/airflow/example_dags/example_complex.py
[2023-03-01 11:15:38,010] {logging_mixin.py:115} INFO - [2023-03-01 11:15:38,010] {dag.py:2379} INFO - Sync 1 DAGs
[2023-03-01 11:15:38,015] {logging_mixin.py:115} INFO - [2023-03-01 11:15:38,015] {dag.py:2927} INFO - Setting next_dagrun for example_complex to None, run_after=None
[2023-03-01 11:15:38,018] {processor.py:161} INFO - Processing /Users/giovannisabarreto/Desktop/repositorios/airflow_k/venv/lib/python3.10/site-packages/airflow/example_dags/example_complex.py took 0.040 seconds
[2023-03-01 11:16:21,144] {processor.py:153} INFO - Started process (PID=30427) to work on /Users/giovannisabarreto/Desktop/repositorios/airflow_k/venv/lib/python3.10/site-packages/airflow/example_dags/example_complex.py
[2023-03-01 11:16:21,145] {processor.py:641} INFO - Processing file /Users/giovannisabarreto/Desktop/repositorios/airflow_k/venv/lib/python3.10/site-packages/airflow/example_dags/example_complex.py for tasks to queue
[2023-03-01 11:16:21,145] {logging_mixin.py:115} INFO - [2023-03-01 11:16:21,145] {dagbag.py:507} INFO - Filling up the DagBag from /Users/giovannisabarreto/Desktop/repositorios/airflow_k/venv/lib/python3.10/site-packages/airflow/example_dags/example_complex.py
[2023-03-01 11:16:21,152] {processor.py:651} INFO - DAG(s) dict_keys(['example_complex']) retrieved from /Users/giovannisabarreto/Desktop/repositorios/airflow_k/venv/lib/python3.10/site-packages/airflow/example_dags/example_complex.py
[2023-03-01 11:16:21,176] {logging_mixin.py:115} INFO - [2023-03-01 11:16:21,176] {dag.py:2379} INFO - Sync 1 DAGs
[2023-03-01 11:16:21,181] {logging_mixin.py:115} INFO - [2023-03-01 11:16:21,181] {dag.py:2927} INFO - Setting next_dagrun for example_complex to None, run_after=None
[2023-03-01 11:16:21,185] {processor.py:161} INFO - Processing /Users/giovannisabarreto/Desktop/repositorios/airflow_k/venv/lib/python3.10/site-packages/airflow/example_dags/example_complex.py took 0.041 seconds
[2023-03-01 11:17:06,533] {processor.py:153} INFO - Started process (PID=30518) to work on /Users/giovannisabarreto/Desktop/repositorios/airflow_k/venv/lib/python3.10/site-packages/airflow/example_dags/example_complex.py
[2023-03-01 11:17:06,533] {processor.py:641} INFO - Processing file /Users/giovannisabarreto/Desktop/repositorios/airflow_k/venv/lib/python3.10/site-packages/airflow/example_dags/example_complex.py for tasks to queue
[2023-03-01 11:17:06,534] {logging_mixin.py:115} INFO - [2023-03-01 11:17:06,533] {dagbag.py:507} INFO - Filling up the DagBag from /Users/giovannisabarreto/Desktop/repositorios/airflow_k/venv/lib/python3.10/site-packages/airflow/example_dags/example_complex.py
[2023-03-01 11:17:06,540] {processor.py:651} INFO - DAG(s) dict_keys(['example_complex']) retrieved from /Users/giovannisabarreto/Desktop/repositorios/airflow_k/venv/lib/python3.10/site-packages/airflow/example_dags/example_complex.py
[2023-03-01 11:17:06,564] {logging_mixin.py:115} INFO - [2023-03-01 11:17:06,564] {dag.py:2379} INFO - Sync 1 DAGs
[2023-03-01 11:17:06,569] {logging_mixin.py:115} INFO - [2023-03-01 11:17:06,569] {dag.py:2927} INFO - Setting next_dagrun for example_complex to None, run_after=None
[2023-03-01 11:17:06,573] {processor.py:161} INFO - Processing /Users/giovannisabarreto/Desktop/repositorios/airflow_k/venv/lib/python3.10/site-packages/airflow/example_dags/example_complex.py took 0.040 seconds
[2023-03-01 11:17:50,477] {processor.py:153} INFO - Started process (PID=30597) to work on /Users/giovannisabarreto/Desktop/repositorios/airflow_k/venv/lib/python3.10/site-packages/airflow/example_dags/example_complex.py
[2023-03-01 11:17:50,477] {processor.py:641} INFO - Processing file /Users/giovannisabarreto/Desktop/repositorios/airflow_k/venv/lib/python3.10/site-packages/airflow/example_dags/example_complex.py for tasks to queue
[2023-03-01 11:17:50,477] {logging_mixin.py:115} INFO - [2023-03-01 11:17:50,477] {dagbag.py:507} INFO - Filling up the DagBag from /Users/giovannisabarreto/Desktop/repositorios/airflow_k/venv/lib/python3.10/site-packages/airflow/example_dags/example_complex.py
[2023-03-01 11:17:50,485] {processor.py:651} INFO - DAG(s) dict_keys(['example_complex']) retrieved from /Users/giovannisabarreto/Desktop/repositorios/airflow_k/venv/lib/python3.10/site-packages/airflow/example_dags/example_complex.py
[2023-03-01 11:17:50,509] {logging_mixin.py:115} INFO - [2023-03-01 11:17:50,509] {dag.py:2379} INFO - Sync 1 DAGs
[2023-03-01 11:17:50,515] {logging_mixin.py:115} INFO - [2023-03-01 11:17:50,515] {dag.py:2927} INFO - Setting next_dagrun for example_complex to None, run_after=None
[2023-03-01 11:17:50,519] {processor.py:161} INFO - Processing /Users/giovannisabarreto/Desktop/repositorios/airflow_k/venv/lib/python3.10/site-packages/airflow/example_dags/example_complex.py took 0.042 seconds
[2023-03-01 11:18:39,870] {processor.py:153} INFO - Started process (PID=30689) to work on /Users/giovannisabarreto/Desktop/repositorios/airflow_k/venv/lib/python3.10/site-packages/airflow/example_dags/example_complex.py
[2023-03-01 11:18:39,871] {processor.py:641} INFO - Processing file /Users/giovannisabarreto/Desktop/repositorios/airflow_k/venv/lib/python3.10/site-packages/airflow/example_dags/example_complex.py for tasks to queue
[2023-03-01 11:18:39,871] {logging_mixin.py:115} INFO - [2023-03-01 11:18:39,871] {dagbag.py:507} INFO - Filling up the DagBag from /Users/giovannisabarreto/Desktop/repositorios/airflow_k/venv/lib/python3.10/site-packages/airflow/example_dags/example_complex.py
[2023-03-01 11:18:39,878] {processor.py:651} INFO - DAG(s) dict_keys(['example_complex']) retrieved from /Users/giovannisabarreto/Desktop/repositorios/airflow_k/venv/lib/python3.10/site-packages/airflow/example_dags/example_complex.py
[2023-03-01 11:18:39,903] {logging_mixin.py:115} INFO - [2023-03-01 11:18:39,903] {dag.py:2379} INFO - Sync 1 DAGs
[2023-03-01 11:18:39,908] {logging_mixin.py:115} INFO - [2023-03-01 11:18:39,908] {dag.py:2927} INFO - Setting next_dagrun for example_complex to None, run_after=None
[2023-03-01 11:18:39,912] {processor.py:161} INFO - Processing /Users/giovannisabarreto/Desktop/repositorios/airflow_k/venv/lib/python3.10/site-packages/airflow/example_dags/example_complex.py took 0.042 seconds
[2023-03-01 11:19:28,662] {processor.py:153} INFO - Started process (PID=30786) to work on /Users/giovannisabarreto/Desktop/repositorios/airflow_k/venv/lib/python3.10/site-packages/airflow/example_dags/example_complex.py
[2023-03-01 11:19:28,662] {processor.py:641} INFO - Processing file /Users/giovannisabarreto/Desktop/repositorios/airflow_k/venv/lib/python3.10/site-packages/airflow/example_dags/example_complex.py for tasks to queue
[2023-03-01 11:19:28,662] {logging_mixin.py:115} INFO - [2023-03-01 11:19:28,662] {dagbag.py:507} INFO - Filling up the DagBag from /Users/giovannisabarreto/Desktop/repositorios/airflow_k/venv/lib/python3.10/site-packages/airflow/example_dags/example_complex.py
[2023-03-01 11:19:28,669] {processor.py:651} INFO - DAG(s) dict_keys(['example_complex']) retrieved from /Users/giovannisabarreto/Desktop/repositorios/airflow_k/venv/lib/python3.10/site-packages/airflow/example_dags/example_complex.py
[2023-03-01 11:19:28,693] {logging_mixin.py:115} INFO - [2023-03-01 11:19:28,693] {dag.py:2379} INFO - Sync 1 DAGs
[2023-03-01 11:19:28,698] {logging_mixin.py:115} INFO - [2023-03-01 11:19:28,698] {dag.py:2927} INFO - Setting next_dagrun for example_complex to None, run_after=None
[2023-03-01 11:19:28,702] {processor.py:161} INFO - Processing /Users/giovannisabarreto/Desktop/repositorios/airflow_k/venv/lib/python3.10/site-packages/airflow/example_dags/example_complex.py took 0.041 seconds
[2023-03-01 11:20:15,727] {processor.py:153} INFO - Started process (PID=30870) to work on /Users/giovannisabarreto/Desktop/repositorios/airflow_k/venv/lib/python3.10/site-packages/airflow/example_dags/example_complex.py
[2023-03-01 11:20:15,728] {processor.py:641} INFO - Processing file /Users/giovannisabarreto/Desktop/repositorios/airflow_k/venv/lib/python3.10/site-packages/airflow/example_dags/example_complex.py for tasks to queue
[2023-03-01 11:20:15,729] {logging_mixin.py:115} INFO - [2023-03-01 11:20:15,729] {dagbag.py:507} INFO - Filling up the DagBag from /Users/giovannisabarreto/Desktop/repositorios/airflow_k/venv/lib/python3.10/site-packages/airflow/example_dags/example_complex.py
[2023-03-01 11:20:15,736] {processor.py:651} INFO - DAG(s) dict_keys(['example_complex']) retrieved from /Users/giovannisabarreto/Desktop/repositorios/airflow_k/venv/lib/python3.10/site-packages/airflow/example_dags/example_complex.py
[2023-03-01 11:20:15,760] {logging_mixin.py:115} INFO - [2023-03-01 11:20:15,760] {dag.py:2379} INFO - Sync 1 DAGs
[2023-03-01 11:20:15,766] {logging_mixin.py:115} INFO - [2023-03-01 11:20:15,766] {dag.py:2927} INFO - Setting next_dagrun for example_complex to None, run_after=None
[2023-03-01 11:20:15,769] {processor.py:161} INFO - Processing /Users/giovannisabarreto/Desktop/repositorios/airflow_k/venv/lib/python3.10/site-packages/airflow/example_dags/example_complex.py took 0.042 seconds
[2023-03-01 11:20:59,140] {processor.py:153} INFO - Started process (PID=30945) to work on /Users/giovannisabarreto/Desktop/repositorios/airflow_k/venv/lib/python3.10/site-packages/airflow/example_dags/example_complex.py
[2023-03-01 11:20:59,141] {processor.py:641} INFO - Processing file /Users/giovannisabarreto/Desktop/repositorios/airflow_k/venv/lib/python3.10/site-packages/airflow/example_dags/example_complex.py for tasks to queue
[2023-03-01 11:20:59,141] {logging_mixin.py:115} INFO - [2023-03-01 11:20:59,141] {dagbag.py:507} INFO - Filling up the DagBag from /Users/giovannisabarreto/Desktop/repositorios/airflow_k/venv/lib/python3.10/site-packages/airflow/example_dags/example_complex.py
[2023-03-01 11:20:59,148] {processor.py:651} INFO - DAG(s) dict_keys(['example_complex']) retrieved from /Users/giovannisabarreto/Desktop/repositorios/airflow_k/venv/lib/python3.10/site-packages/airflow/example_dags/example_complex.py
[2023-03-01 11:20:59,173] {logging_mixin.py:115} INFO - [2023-03-01 11:20:59,173] {dag.py:2379} INFO - Sync 1 DAGs
[2023-03-01 11:20:59,178] {logging_mixin.py:115} INFO - [2023-03-01 11:20:59,178] {dag.py:2927} INFO - Setting next_dagrun for example_complex to None, run_after=None
[2023-03-01 11:20:59,182] {processor.py:161} INFO - Processing /Users/giovannisabarreto/Desktop/repositorios/airflow_k/venv/lib/python3.10/site-packages/airflow/example_dags/example_complex.py took 0.042 seconds
[2023-03-01 11:21:42,397] {processor.py:153} INFO - Started process (PID=31041) to work on /Users/giovannisabarreto/Desktop/repositorios/airflow_k/venv/lib/python3.10/site-packages/airflow/example_dags/example_complex.py
[2023-03-01 11:21:42,398] {processor.py:641} INFO - Processing file /Users/giovannisabarreto/Desktop/repositorios/airflow_k/venv/lib/python3.10/site-packages/airflow/example_dags/example_complex.py for tasks to queue
[2023-03-01 11:21:42,398] {logging_mixin.py:115} INFO - [2023-03-01 11:21:42,398] {dagbag.py:507} INFO - Filling up the DagBag from /Users/giovannisabarreto/Desktop/repositorios/airflow_k/venv/lib/python3.10/site-packages/airflow/example_dags/example_complex.py
[2023-03-01 11:21:42,405] {processor.py:651} INFO - DAG(s) dict_keys(['example_complex']) retrieved from /Users/giovannisabarreto/Desktop/repositorios/airflow_k/venv/lib/python3.10/site-packages/airflow/example_dags/example_complex.py
[2023-03-01 11:21:42,429] {logging_mixin.py:115} INFO - [2023-03-01 11:21:42,429] {dag.py:2379} INFO - Sync 1 DAGs
[2023-03-01 11:21:42,434] {logging_mixin.py:115} INFO - [2023-03-01 11:21:42,434] {dag.py:2927} INFO - Setting next_dagrun for example_complex to None, run_after=None
[2023-03-01 11:21:42,437] {processor.py:161} INFO - Processing /Users/giovannisabarreto/Desktop/repositorios/airflow_k/venv/lib/python3.10/site-packages/airflow/example_dags/example_complex.py took 0.040 seconds
[2023-03-01 11:22:25,535] {processor.py:153} INFO - Started process (PID=31152) to work on /Users/giovannisabarreto/Desktop/repositorios/airflow_k/venv/lib/python3.10/site-packages/airflow/example_dags/example_complex.py
[2023-03-01 11:22:25,536] {processor.py:641} INFO - Processing file /Users/giovannisabarreto/Desktop/repositorios/airflow_k/venv/lib/python3.10/site-packages/airflow/example_dags/example_complex.py for tasks to queue
[2023-03-01 11:22:25,536] {logging_mixin.py:115} INFO - [2023-03-01 11:22:25,536] {dagbag.py:507} INFO - Filling up the DagBag from /Users/giovannisabarreto/Desktop/repositorios/airflow_k/venv/lib/python3.10/site-packages/airflow/example_dags/example_complex.py
[2023-03-01 11:22:25,544] {processor.py:651} INFO - DAG(s) dict_keys(['example_complex']) retrieved from /Users/giovannisabarreto/Desktop/repositorios/airflow_k/venv/lib/python3.10/site-packages/airflow/example_dags/example_complex.py
[2023-03-01 11:22:25,570] {logging_mixin.py:115} INFO - [2023-03-01 11:22:25,570] {dag.py:2379} INFO - Sync 1 DAGs
[2023-03-01 11:22:25,576] {logging_mixin.py:115} INFO - [2023-03-01 11:22:25,576] {dag.py:2927} INFO - Setting next_dagrun for example_complex to None, run_after=None
[2023-03-01 11:22:25,580] {processor.py:161} INFO - Processing /Users/giovannisabarreto/Desktop/repositorios/airflow_k/venv/lib/python3.10/site-packages/airflow/example_dags/example_complex.py took 0.045 seconds
[2023-03-01 11:23:12,120] {processor.py:153} INFO - Started process (PID=31232) to work on /Users/giovannisabarreto/Desktop/repositorios/airflow_k/venv/lib/python3.10/site-packages/airflow/example_dags/example_complex.py
[2023-03-01 11:23:12,120] {processor.py:641} INFO - Processing file /Users/giovannisabarreto/Desktop/repositorios/airflow_k/venv/lib/python3.10/site-packages/airflow/example_dags/example_complex.py for tasks to queue
[2023-03-01 11:23:12,120] {logging_mixin.py:115} INFO - [2023-03-01 11:23:12,120] {dagbag.py:507} INFO - Filling up the DagBag from /Users/giovannisabarreto/Desktop/repositorios/airflow_k/venv/lib/python3.10/site-packages/airflow/example_dags/example_complex.py
[2023-03-01 11:23:12,127] {processor.py:651} INFO - DAG(s) dict_keys(['example_complex']) retrieved from /Users/giovannisabarreto/Desktop/repositorios/airflow_k/venv/lib/python3.10/site-packages/airflow/example_dags/example_complex.py
[2023-03-01 11:23:12,151] {logging_mixin.py:115} INFO - [2023-03-01 11:23:12,151] {dag.py:2379} INFO - Sync 1 DAGs
[2023-03-01 11:23:12,156] {logging_mixin.py:115} INFO - [2023-03-01 11:23:12,156] {dag.py:2927} INFO - Setting next_dagrun for example_complex to None, run_after=None
[2023-03-01 11:23:12,160] {processor.py:161} INFO - Processing /Users/giovannisabarreto/Desktop/repositorios/airflow_k/venv/lib/python3.10/site-packages/airflow/example_dags/example_complex.py took 0.040 seconds
[2023-03-01 11:23:59,141] {processor.py:153} INFO - Started process (PID=31315) to work on /Users/giovannisabarreto/Desktop/repositorios/airflow_k/venv/lib/python3.10/site-packages/airflow/example_dags/example_complex.py
[2023-03-01 11:23:59,142] {processor.py:641} INFO - Processing file /Users/giovannisabarreto/Desktop/repositorios/airflow_k/venv/lib/python3.10/site-packages/airflow/example_dags/example_complex.py for tasks to queue
[2023-03-01 11:23:59,142] {logging_mixin.py:115} INFO - [2023-03-01 11:23:59,142] {dagbag.py:507} INFO - Filling up the DagBag from /Users/giovannisabarreto/Desktop/repositorios/airflow_k/venv/lib/python3.10/site-packages/airflow/example_dags/example_complex.py
[2023-03-01 11:23:59,149] {processor.py:651} INFO - DAG(s) dict_keys(['example_complex']) retrieved from /Users/giovannisabarreto/Desktop/repositorios/airflow_k/venv/lib/python3.10/site-packages/airflow/example_dags/example_complex.py
[2023-03-01 11:23:59,173] {logging_mixin.py:115} INFO - [2023-03-01 11:23:59,173] {dag.py:2379} INFO - Sync 1 DAGs
[2023-03-01 11:23:59,179] {logging_mixin.py:115} INFO - [2023-03-01 11:23:59,179] {dag.py:2927} INFO - Setting next_dagrun for example_complex to None, run_after=None
[2023-03-01 11:23:59,182] {processor.py:161} INFO - Processing /Users/giovannisabarreto/Desktop/repositorios/airflow_k/venv/lib/python3.10/site-packages/airflow/example_dags/example_complex.py took 0.041 seconds
[2023-03-01 11:24:46,322] {processor.py:153} INFO - Started process (PID=31417) to work on /Users/giovannisabarreto/Desktop/repositorios/airflow_k/venv/lib/python3.10/site-packages/airflow/example_dags/example_complex.py
[2023-03-01 11:24:46,323] {processor.py:641} INFO - Processing file /Users/giovannisabarreto/Desktop/repositorios/airflow_k/venv/lib/python3.10/site-packages/airflow/example_dags/example_complex.py for tasks to queue
[2023-03-01 11:24:46,323] {logging_mixin.py:115} INFO - [2023-03-01 11:24:46,323] {dagbag.py:507} INFO - Filling up the DagBag from /Users/giovannisabarreto/Desktop/repositorios/airflow_k/venv/lib/python3.10/site-packages/airflow/example_dags/example_complex.py
[2023-03-01 11:24:46,331] {processor.py:651} INFO - DAG(s) dict_keys(['example_complex']) retrieved from /Users/giovannisabarreto/Desktop/repositorios/airflow_k/venv/lib/python3.10/site-packages/airflow/example_dags/example_complex.py
[2023-03-01 11:24:46,356] {logging_mixin.py:115} INFO - [2023-03-01 11:24:46,356] {dag.py:2379} INFO - Sync 1 DAGs
[2023-03-01 11:24:46,362] {logging_mixin.py:115} INFO - [2023-03-01 11:24:46,362] {dag.py:2927} INFO - Setting next_dagrun for example_complex to None, run_after=None
[2023-03-01 11:24:46,366] {processor.py:161} INFO - Processing /Users/giovannisabarreto/Desktop/repositorios/airflow_k/venv/lib/python3.10/site-packages/airflow/example_dags/example_complex.py took 0.044 seconds
[2023-03-01 11:25:29,364] {processor.py:153} INFO - Started process (PID=31496) to work on /Users/giovannisabarreto/Desktop/repositorios/airflow_k/venv/lib/python3.10/site-packages/airflow/example_dags/example_complex.py
[2023-03-01 11:25:29,364] {processor.py:641} INFO - Processing file /Users/giovannisabarreto/Desktop/repositorios/airflow_k/venv/lib/python3.10/site-packages/airflow/example_dags/example_complex.py for tasks to queue
[2023-03-01 11:25:29,364] {logging_mixin.py:115} INFO - [2023-03-01 11:25:29,364] {dagbag.py:507} INFO - Filling up the DagBag from /Users/giovannisabarreto/Desktop/repositorios/airflow_k/venv/lib/python3.10/site-packages/airflow/example_dags/example_complex.py
[2023-03-01 11:25:29,372] {processor.py:651} INFO - DAG(s) dict_keys(['example_complex']) retrieved from /Users/giovannisabarreto/Desktop/repositorios/airflow_k/venv/lib/python3.10/site-packages/airflow/example_dags/example_complex.py
[2023-03-01 11:25:29,396] {logging_mixin.py:115} INFO - [2023-03-01 11:25:29,396] {dag.py:2379} INFO - Sync 1 DAGs
[2023-03-01 11:25:29,402] {logging_mixin.py:115} INFO - [2023-03-01 11:25:29,402] {dag.py:2927} INFO - Setting next_dagrun for example_complex to None, run_after=None
[2023-03-01 11:25:29,405] {processor.py:161} INFO - Processing /Users/giovannisabarreto/Desktop/repositorios/airflow_k/venv/lib/python3.10/site-packages/airflow/example_dags/example_complex.py took 0.041 seconds
[2023-03-01 11:26:25,423] {processor.py:153} INFO - Started process (PID=31591) to work on /Users/giovannisabarreto/Desktop/repositorios/airflow_k/venv/lib/python3.10/site-packages/airflow/example_dags/example_complex.py
[2023-03-01 11:26:25,424] {processor.py:641} INFO - Processing file /Users/giovannisabarreto/Desktop/repositorios/airflow_k/venv/lib/python3.10/site-packages/airflow/example_dags/example_complex.py for tasks to queue
[2023-03-01 11:26:25,424] {logging_mixin.py:115} INFO - [2023-03-01 11:26:25,424] {dagbag.py:507} INFO - Filling up the DagBag from /Users/giovannisabarreto/Desktop/repositorios/airflow_k/venv/lib/python3.10/site-packages/airflow/example_dags/example_complex.py
[2023-03-01 11:26:25,431] {processor.py:651} INFO - DAG(s) dict_keys(['example_complex']) retrieved from /Users/giovannisabarreto/Desktop/repositorios/airflow_k/venv/lib/python3.10/site-packages/airflow/example_dags/example_complex.py
[2023-03-01 11:26:25,455] {logging_mixin.py:115} INFO - [2023-03-01 11:26:25,455] {dag.py:2379} INFO - Sync 1 DAGs
[2023-03-01 11:26:25,460] {logging_mixin.py:115} INFO - [2023-03-01 11:26:25,460] {dag.py:2927} INFO - Setting next_dagrun for example_complex to None, run_after=None
[2023-03-01 11:26:25,464] {processor.py:161} INFO - Processing /Users/giovannisabarreto/Desktop/repositorios/airflow_k/venv/lib/python3.10/site-packages/airflow/example_dags/example_complex.py took 0.041 seconds
[2023-03-01 11:27:08,591] {processor.py:153} INFO - Started process (PID=31684) to work on /Users/giovannisabarreto/Desktop/repositorios/airflow_k/venv/lib/python3.10/site-packages/airflow/example_dags/example_complex.py
[2023-03-01 11:27:08,592] {processor.py:641} INFO - Processing file /Users/giovannisabarreto/Desktop/repositorios/airflow_k/venv/lib/python3.10/site-packages/airflow/example_dags/example_complex.py for tasks to queue
[2023-03-01 11:27:08,592] {logging_mixin.py:115} INFO - [2023-03-01 11:27:08,592] {dagbag.py:507} INFO - Filling up the DagBag from /Users/giovannisabarreto/Desktop/repositorios/airflow_k/venv/lib/python3.10/site-packages/airflow/example_dags/example_complex.py
[2023-03-01 11:27:08,599] {processor.py:651} INFO - DAG(s) dict_keys(['example_complex']) retrieved from /Users/giovannisabarreto/Desktop/repositorios/airflow_k/venv/lib/python3.10/site-packages/airflow/example_dags/example_complex.py
[2023-03-01 11:27:08,624] {logging_mixin.py:115} INFO - [2023-03-01 11:27:08,624] {dag.py:2379} INFO - Sync 1 DAGs
[2023-03-01 11:27:08,630] {logging_mixin.py:115} INFO - [2023-03-01 11:27:08,630] {dag.py:2927} INFO - Setting next_dagrun for example_complex to None, run_after=None
[2023-03-01 11:27:08,633] {processor.py:161} INFO - Processing /Users/giovannisabarreto/Desktop/repositorios/airflow_k/venv/lib/python3.10/site-packages/airflow/example_dags/example_complex.py took 0.043 seconds
[2023-03-01 11:27:52,479] {processor.py:153} INFO - Started process (PID=31788) to work on /Users/giovannisabarreto/Desktop/repositorios/airflow_k/venv/lib/python3.10/site-packages/airflow/example_dags/example_complex.py
[2023-03-01 11:27:52,480] {processor.py:641} INFO - Processing file /Users/giovannisabarreto/Desktop/repositorios/airflow_k/venv/lib/python3.10/site-packages/airflow/example_dags/example_complex.py for tasks to queue
[2023-03-01 11:27:52,480] {logging_mixin.py:115} INFO - [2023-03-01 11:27:52,480] {dagbag.py:507} INFO - Filling up the DagBag from /Users/giovannisabarreto/Desktop/repositorios/airflow_k/venv/lib/python3.10/site-packages/airflow/example_dags/example_complex.py
[2023-03-01 11:27:52,488] {processor.py:651} INFO - DAG(s) dict_keys(['example_complex']) retrieved from /Users/giovannisabarreto/Desktop/repositorios/airflow_k/venv/lib/python3.10/site-packages/airflow/example_dags/example_complex.py
[2023-03-01 11:27:52,512] {logging_mixin.py:115} INFO - [2023-03-01 11:27:52,511] {dag.py:2379} INFO - Sync 1 DAGs
[2023-03-01 11:27:52,517] {logging_mixin.py:115} INFO - [2023-03-01 11:27:52,517] {dag.py:2927} INFO - Setting next_dagrun for example_complex to None, run_after=None
[2023-03-01 11:27:52,520] {processor.py:161} INFO - Processing /Users/giovannisabarreto/Desktop/repositorios/airflow_k/venv/lib/python3.10/site-packages/airflow/example_dags/example_complex.py took 0.041 seconds
[2023-03-01 11:28:41,336] {processor.py:153} INFO - Started process (PID=31873) to work on /Users/giovannisabarreto/Desktop/repositorios/airflow_k/venv/lib/python3.10/site-packages/airflow/example_dags/example_complex.py
[2023-03-01 11:28:41,337] {processor.py:641} INFO - Processing file /Users/giovannisabarreto/Desktop/repositorios/airflow_k/venv/lib/python3.10/site-packages/airflow/example_dags/example_complex.py for tasks to queue
[2023-03-01 11:28:41,337] {logging_mixin.py:115} INFO - [2023-03-01 11:28:41,337] {dagbag.py:507} INFO - Filling up the DagBag from /Users/giovannisabarreto/Desktop/repositorios/airflow_k/venv/lib/python3.10/site-packages/airflow/example_dags/example_complex.py
[2023-03-01 11:28:41,344] {processor.py:651} INFO - DAG(s) dict_keys(['example_complex']) retrieved from /Users/giovannisabarreto/Desktop/repositorios/airflow_k/venv/lib/python3.10/site-packages/airflow/example_dags/example_complex.py
[2023-03-01 11:28:41,368] {logging_mixin.py:115} INFO - [2023-03-01 11:28:41,368] {dag.py:2379} INFO - Sync 1 DAGs
[2023-03-01 11:28:41,373] {logging_mixin.py:115} INFO - [2023-03-01 11:28:41,373] {dag.py:2927} INFO - Setting next_dagrun for example_complex to None, run_after=None
[2023-03-01 11:28:41,376] {processor.py:161} INFO - Processing /Users/giovannisabarreto/Desktop/repositorios/airflow_k/venv/lib/python3.10/site-packages/airflow/example_dags/example_complex.py took 0.041 seconds
[2023-03-01 11:29:23,660] {processor.py:153} INFO - Started process (PID=31963) to work on /Users/giovannisabarreto/Desktop/repositorios/airflow_k/venv/lib/python3.10/site-packages/airflow/example_dags/example_complex.py
[2023-03-01 11:29:23,661] {processor.py:641} INFO - Processing file /Users/giovannisabarreto/Desktop/repositorios/airflow_k/venv/lib/python3.10/site-packages/airflow/example_dags/example_complex.py for tasks to queue
[2023-03-01 11:29:23,661] {logging_mixin.py:115} INFO - [2023-03-01 11:29:23,661] {dagbag.py:507} INFO - Filling up the DagBag from /Users/giovannisabarreto/Desktop/repositorios/airflow_k/venv/lib/python3.10/site-packages/airflow/example_dags/example_complex.py
[2023-03-01 11:29:23,669] {processor.py:651} INFO - DAG(s) dict_keys(['example_complex']) retrieved from /Users/giovannisabarreto/Desktop/repositorios/airflow_k/venv/lib/python3.10/site-packages/airflow/example_dags/example_complex.py
[2023-03-01 11:29:23,692] {logging_mixin.py:115} INFO - [2023-03-01 11:29:23,692] {dag.py:2379} INFO - Sync 1 DAGs
[2023-03-01 11:29:23,698] {logging_mixin.py:115} INFO - [2023-03-01 11:29:23,698] {dag.py:2927} INFO - Setting next_dagrun for example_complex to None, run_after=None
[2023-03-01 11:29:23,701] {processor.py:161} INFO - Processing /Users/giovannisabarreto/Desktop/repositorios/airflow_k/venv/lib/python3.10/site-packages/airflow/example_dags/example_complex.py took 0.041 seconds
[2023-03-01 11:30:05,733] {processor.py:153} INFO - Started process (PID=32055) to work on /Users/giovannisabarreto/Desktop/repositorios/airflow_k/venv/lib/python3.10/site-packages/airflow/example_dags/example_complex.py
[2023-03-01 11:30:05,734] {processor.py:641} INFO - Processing file /Users/giovannisabarreto/Desktop/repositorios/airflow_k/venv/lib/python3.10/site-packages/airflow/example_dags/example_complex.py for tasks to queue
[2023-03-01 11:30:05,734] {logging_mixin.py:115} INFO - [2023-03-01 11:30:05,734] {dagbag.py:507} INFO - Filling up the DagBag from /Users/giovannisabarreto/Desktop/repositorios/airflow_k/venv/lib/python3.10/site-packages/airflow/example_dags/example_complex.py
[2023-03-01 11:30:05,741] {processor.py:651} INFO - DAG(s) dict_keys(['example_complex']) retrieved from /Users/giovannisabarreto/Desktop/repositorios/airflow_k/venv/lib/python3.10/site-packages/airflow/example_dags/example_complex.py
[2023-03-01 11:30:05,764] {logging_mixin.py:115} INFO - [2023-03-01 11:30:05,764] {dag.py:2379} INFO - Sync 1 DAGs
[2023-03-01 11:30:05,769] {logging_mixin.py:115} INFO - [2023-03-01 11:30:05,769] {dag.py:2927} INFO - Setting next_dagrun for example_complex to None, run_after=None
[2023-03-01 11:30:05,773] {processor.py:161} INFO - Processing /Users/giovannisabarreto/Desktop/repositorios/airflow_k/venv/lib/python3.10/site-packages/airflow/example_dags/example_complex.py took 0.040 seconds
[2023-03-01 11:31:01,540] {processor.py:153} INFO - Started process (PID=32156) to work on /Users/giovannisabarreto/Desktop/repositorios/airflow_k/venv/lib/python3.10/site-packages/airflow/example_dags/example_complex.py
[2023-03-01 11:31:01,540] {processor.py:641} INFO - Processing file /Users/giovannisabarreto/Desktop/repositorios/airflow_k/venv/lib/python3.10/site-packages/airflow/example_dags/example_complex.py for tasks to queue
[2023-03-01 11:31:01,541] {logging_mixin.py:115} INFO - [2023-03-01 11:31:01,541] {dagbag.py:507} INFO - Filling up the DagBag from /Users/giovannisabarreto/Desktop/repositorios/airflow_k/venv/lib/python3.10/site-packages/airflow/example_dags/example_complex.py
[2023-03-01 11:31:01,549] {processor.py:651} INFO - DAG(s) dict_keys(['example_complex']) retrieved from /Users/giovannisabarreto/Desktop/repositorios/airflow_k/venv/lib/python3.10/site-packages/airflow/example_dags/example_complex.py
[2023-03-01 11:31:01,577] {logging_mixin.py:115} INFO - [2023-03-01 11:31:01,577] {dag.py:2379} INFO - Sync 1 DAGs
[2023-03-01 11:31:01,583] {logging_mixin.py:115} INFO - [2023-03-01 11:31:01,583] {dag.py:2927} INFO - Setting next_dagrun for example_complex to None, run_after=None
[2023-03-01 11:31:01,587] {processor.py:161} INFO - Processing /Users/giovannisabarreto/Desktop/repositorios/airflow_k/venv/lib/python3.10/site-packages/airflow/example_dags/example_complex.py took 0.048 seconds
[2023-03-01 11:31:48,936] {processor.py:153} INFO - Started process (PID=32245) to work on /Users/giovannisabarreto/Desktop/repositorios/airflow_k/venv/lib/python3.10/site-packages/airflow/example_dags/example_complex.py
[2023-03-01 11:31:48,937] {processor.py:641} INFO - Processing file /Users/giovannisabarreto/Desktop/repositorios/airflow_k/venv/lib/python3.10/site-packages/airflow/example_dags/example_complex.py for tasks to queue
[2023-03-01 11:31:48,937] {logging_mixin.py:115} INFO - [2023-03-01 11:31:48,937] {dagbag.py:507} INFO - Filling up the DagBag from /Users/giovannisabarreto/Desktop/repositorios/airflow_k/venv/lib/python3.10/site-packages/airflow/example_dags/example_complex.py
[2023-03-01 11:31:48,945] {processor.py:651} INFO - DAG(s) dict_keys(['example_complex']) retrieved from /Users/giovannisabarreto/Desktop/repositorios/airflow_k/venv/lib/python3.10/site-packages/airflow/example_dags/example_complex.py
[2023-03-01 11:31:48,973] {logging_mixin.py:115} INFO - [2023-03-01 11:31:48,973] {dag.py:2379} INFO - Sync 1 DAGs
[2023-03-01 11:31:48,979] {logging_mixin.py:115} INFO - [2023-03-01 11:31:48,979] {dag.py:2927} INFO - Setting next_dagrun for example_complex to None, run_after=None
[2023-03-01 11:31:48,984] {processor.py:161} INFO - Processing /Users/giovannisabarreto/Desktop/repositorios/airflow_k/venv/lib/python3.10/site-packages/airflow/example_dags/example_complex.py took 0.048 seconds
[2023-03-01 11:32:33,847] {processor.py:153} INFO - Started process (PID=32325) to work on /Users/giovannisabarreto/Desktop/repositorios/airflow_k/venv/lib/python3.10/site-packages/airflow/example_dags/example_complex.py
[2023-03-01 11:32:33,847] {processor.py:641} INFO - Processing file /Users/giovannisabarreto/Desktop/repositorios/airflow_k/venv/lib/python3.10/site-packages/airflow/example_dags/example_complex.py for tasks to queue
[2023-03-01 11:32:33,848] {logging_mixin.py:115} INFO - [2023-03-01 11:32:33,848] {dagbag.py:507} INFO - Filling up the DagBag from /Users/giovannisabarreto/Desktop/repositorios/airflow_k/venv/lib/python3.10/site-packages/airflow/example_dags/example_complex.py
[2023-03-01 11:32:33,857] {processor.py:651} INFO - DAG(s) dict_keys(['example_complex']) retrieved from /Users/giovannisabarreto/Desktop/repositorios/airflow_k/venv/lib/python3.10/site-packages/airflow/example_dags/example_complex.py
[2023-03-01 11:32:33,882] {logging_mixin.py:115} INFO - [2023-03-01 11:32:33,882] {dag.py:2379} INFO - Sync 1 DAGs
[2023-03-01 11:32:33,887] {logging_mixin.py:115} INFO - [2023-03-01 11:32:33,887] {dag.py:2927} INFO - Setting next_dagrun for example_complex to None, run_after=None
[2023-03-01 11:32:33,891] {processor.py:161} INFO - Processing /Users/giovannisabarreto/Desktop/repositorios/airflow_k/venv/lib/python3.10/site-packages/airflow/example_dags/example_complex.py took 0.044 seconds
[2023-03-01 11:33:20,264] {processor.py:153} INFO - Started process (PID=32417) to work on /Users/giovannisabarreto/Desktop/repositorios/airflow_k/venv/lib/python3.10/site-packages/airflow/example_dags/example_complex.py
[2023-03-01 11:33:20,265] {processor.py:641} INFO - Processing file /Users/giovannisabarreto/Desktop/repositorios/airflow_k/venv/lib/python3.10/site-packages/airflow/example_dags/example_complex.py for tasks to queue
[2023-03-01 11:33:20,265] {logging_mixin.py:115} INFO - [2023-03-01 11:33:20,265] {dagbag.py:507} INFO - Filling up the DagBag from /Users/giovannisabarreto/Desktop/repositorios/airflow_k/venv/lib/python3.10/site-packages/airflow/example_dags/example_complex.py
[2023-03-01 11:33:20,272] {processor.py:651} INFO - DAG(s) dict_keys(['example_complex']) retrieved from /Users/giovannisabarreto/Desktop/repositorios/airflow_k/venv/lib/python3.10/site-packages/airflow/example_dags/example_complex.py
[2023-03-01 11:33:20,296] {logging_mixin.py:115} INFO - [2023-03-01 11:33:20,296] {dag.py:2379} INFO - Sync 1 DAGs
[2023-03-01 11:33:20,301] {logging_mixin.py:115} INFO - [2023-03-01 11:33:20,301] {dag.py:2927} INFO - Setting next_dagrun for example_complex to None, run_after=None
[2023-03-01 11:33:20,304] {processor.py:161} INFO - Processing /Users/giovannisabarreto/Desktop/repositorios/airflow_k/venv/lib/python3.10/site-packages/airflow/example_dags/example_complex.py took 0.041 seconds
[2023-03-01 11:34:04,123] {processor.py:153} INFO - Started process (PID=32497) to work on /Users/giovannisabarreto/Desktop/repositorios/airflow_k/venv/lib/python3.10/site-packages/airflow/example_dags/example_complex.py
[2023-03-01 11:34:04,123] {processor.py:641} INFO - Processing file /Users/giovannisabarreto/Desktop/repositorios/airflow_k/venv/lib/python3.10/site-packages/airflow/example_dags/example_complex.py for tasks to queue
[2023-03-01 11:34:04,123] {logging_mixin.py:115} INFO - [2023-03-01 11:34:04,123] {dagbag.py:507} INFO - Filling up the DagBag from /Users/giovannisabarreto/Desktop/repositorios/airflow_k/venv/lib/python3.10/site-packages/airflow/example_dags/example_complex.py
[2023-03-01 11:34:04,130] {processor.py:651} INFO - DAG(s) dict_keys(['example_complex']) retrieved from /Users/giovannisabarreto/Desktop/repositorios/airflow_k/venv/lib/python3.10/site-packages/airflow/example_dags/example_complex.py
[2023-03-01 11:34:04,154] {logging_mixin.py:115} INFO - [2023-03-01 11:34:04,154] {dag.py:2379} INFO - Sync 1 DAGs
[2023-03-01 11:34:04,159] {logging_mixin.py:115} INFO - [2023-03-01 11:34:04,159] {dag.py:2927} INFO - Setting next_dagrun for example_complex to None, run_after=None
[2023-03-01 11:34:04,162] {processor.py:161} INFO - Processing /Users/giovannisabarreto/Desktop/repositorios/airflow_k/venv/lib/python3.10/site-packages/airflow/example_dags/example_complex.py took 0.040 seconds
[2023-03-01 11:34:52,218] {processor.py:153} INFO - Started process (PID=32599) to work on /Users/giovannisabarreto/Desktop/repositorios/airflow_k/venv/lib/python3.10/site-packages/airflow/example_dags/example_complex.py
[2023-03-01 11:34:52,219] {processor.py:641} INFO - Processing file /Users/giovannisabarreto/Desktop/repositorios/airflow_k/venv/lib/python3.10/site-packages/airflow/example_dags/example_complex.py for tasks to queue
[2023-03-01 11:34:52,219] {logging_mixin.py:115} INFO - [2023-03-01 11:34:52,219] {dagbag.py:507} INFO - Filling up the DagBag from /Users/giovannisabarreto/Desktop/repositorios/airflow_k/venv/lib/python3.10/site-packages/airflow/example_dags/example_complex.py
[2023-03-01 11:34:52,226] {processor.py:651} INFO - DAG(s) dict_keys(['example_complex']) retrieved from /Users/giovannisabarreto/Desktop/repositorios/airflow_k/venv/lib/python3.10/site-packages/airflow/example_dags/example_complex.py
[2023-03-01 11:34:52,250] {logging_mixin.py:115} INFO - [2023-03-01 11:34:52,250] {dag.py:2379} INFO - Sync 1 DAGs
[2023-03-01 11:34:52,255] {logging_mixin.py:115} INFO - [2023-03-01 11:34:52,255] {dag.py:2927} INFO - Setting next_dagrun for example_complex to None, run_after=None
[2023-03-01 11:34:52,258] {processor.py:161} INFO - Processing /Users/giovannisabarreto/Desktop/repositorios/airflow_k/venv/lib/python3.10/site-packages/airflow/example_dags/example_complex.py took 0.041 seconds
[2023-03-01 11:35:40,276] {processor.py:153} INFO - Started process (PID=32682) to work on /Users/giovannisabarreto/Desktop/repositorios/airflow_k/venv/lib/python3.10/site-packages/airflow/example_dags/example_complex.py
[2023-03-01 11:35:40,277] {processor.py:641} INFO - Processing file /Users/giovannisabarreto/Desktop/repositorios/airflow_k/venv/lib/python3.10/site-packages/airflow/example_dags/example_complex.py for tasks to queue
[2023-03-01 11:35:40,277] {logging_mixin.py:115} INFO - [2023-03-01 11:35:40,277] {dagbag.py:507} INFO - Filling up the DagBag from /Users/giovannisabarreto/Desktop/repositorios/airflow_k/venv/lib/python3.10/site-packages/airflow/example_dags/example_complex.py
[2023-03-01 11:35:40,284] {processor.py:651} INFO - DAG(s) dict_keys(['example_complex']) retrieved from /Users/giovannisabarreto/Desktop/repositorios/airflow_k/venv/lib/python3.10/site-packages/airflow/example_dags/example_complex.py
[2023-03-01 11:35:40,308] {logging_mixin.py:115} INFO - [2023-03-01 11:35:40,308] {dag.py:2379} INFO - Sync 1 DAGs
[2023-03-01 11:35:40,313] {logging_mixin.py:115} INFO - [2023-03-01 11:35:40,313] {dag.py:2927} INFO - Setting next_dagrun for example_complex to None, run_after=None
[2023-03-01 11:35:40,316] {processor.py:161} INFO - Processing /Users/giovannisabarreto/Desktop/repositorios/airflow_k/venv/lib/python3.10/site-packages/airflow/example_dags/example_complex.py took 0.041 seconds
[2023-03-01 11:36:28,795] {processor.py:153} INFO - Started process (PID=32763) to work on /Users/giovannisabarreto/Desktop/repositorios/airflow_k/venv/lib/python3.10/site-packages/airflow/example_dags/example_complex.py
[2023-03-01 11:36:28,796] {processor.py:641} INFO - Processing file /Users/giovannisabarreto/Desktop/repositorios/airflow_k/venv/lib/python3.10/site-packages/airflow/example_dags/example_complex.py for tasks to queue
[2023-03-01 11:36:28,796] {logging_mixin.py:115} INFO - [2023-03-01 11:36:28,796] {dagbag.py:507} INFO - Filling up the DagBag from /Users/giovannisabarreto/Desktop/repositorios/airflow_k/venv/lib/python3.10/site-packages/airflow/example_dags/example_complex.py
[2023-03-01 11:36:28,803] {processor.py:651} INFO - DAG(s) dict_keys(['example_complex']) retrieved from /Users/giovannisabarreto/Desktop/repositorios/airflow_k/venv/lib/python3.10/site-packages/airflow/example_dags/example_complex.py
[2023-03-01 11:36:28,827] {logging_mixin.py:115} INFO - [2023-03-01 11:36:28,827] {dag.py:2379} INFO - Sync 1 DAGs
[2023-03-01 11:36:28,832] {logging_mixin.py:115} INFO - [2023-03-01 11:36:28,832] {dag.py:2927} INFO - Setting next_dagrun for example_complex to None, run_after=None
[2023-03-01 11:36:28,835] {processor.py:161} INFO - Processing /Users/giovannisabarreto/Desktop/repositorios/airflow_k/venv/lib/python3.10/site-packages/airflow/example_dags/example_complex.py took 0.040 seconds
[2023-03-01 11:37:12,928] {processor.py:153} INFO - Started process (PID=32839) to work on /Users/giovannisabarreto/Desktop/repositorios/airflow_k/venv/lib/python3.10/site-packages/airflow/example_dags/example_complex.py
[2023-03-01 11:37:12,929] {processor.py:641} INFO - Processing file /Users/giovannisabarreto/Desktop/repositorios/airflow_k/venv/lib/python3.10/site-packages/airflow/example_dags/example_complex.py for tasks to queue
[2023-03-01 11:37:12,929] {logging_mixin.py:115} INFO - [2023-03-01 11:37:12,929] {dagbag.py:507} INFO - Filling up the DagBag from /Users/giovannisabarreto/Desktop/repositorios/airflow_k/venv/lib/python3.10/site-packages/airflow/example_dags/example_complex.py
[2023-03-01 11:37:12,936] {processor.py:651} INFO - DAG(s) dict_keys(['example_complex']) retrieved from /Users/giovannisabarreto/Desktop/repositorios/airflow_k/venv/lib/python3.10/site-packages/airflow/example_dags/example_complex.py
[2023-03-01 11:37:12,961] {logging_mixin.py:115} INFO - [2023-03-01 11:37:12,961] {dag.py:2379} INFO - Sync 1 DAGs
[2023-03-01 11:37:12,966] {logging_mixin.py:115} INFO - [2023-03-01 11:37:12,966] {dag.py:2927} INFO - Setting next_dagrun for example_complex to None, run_after=None
[2023-03-01 11:37:12,970] {processor.py:161} INFO - Processing /Users/giovannisabarreto/Desktop/repositorios/airflow_k/venv/lib/python3.10/site-packages/airflow/example_dags/example_complex.py took 0.042 seconds
[2023-03-01 13:19:38,103] {processor.py:153} INFO - Started process (PID=33046) to work on /Users/giovannisabarreto/Desktop/repositorios/airflow_k/venv/lib/python3.10/site-packages/airflow/example_dags/example_complex.py
[2023-03-01 13:19:38,103] {processor.py:641} INFO - Processing file /Users/giovannisabarreto/Desktop/repositorios/airflow_k/venv/lib/python3.10/site-packages/airflow/example_dags/example_complex.py for tasks to queue
[2023-03-01 13:19:38,103] {logging_mixin.py:115} INFO - [2023-03-01 13:19:38,103] {dagbag.py:507} INFO - Filling up the DagBag from /Users/giovannisabarreto/Desktop/repositorios/airflow_k/venv/lib/python3.10/site-packages/airflow/example_dags/example_complex.py
[2023-03-01 13:19:38,111] {processor.py:651} INFO - DAG(s) dict_keys(['example_complex']) retrieved from /Users/giovannisabarreto/Desktop/repositorios/airflow_k/venv/lib/python3.10/site-packages/airflow/example_dags/example_complex.py
[2023-03-01 13:19:38,135] {logging_mixin.py:115} INFO - [2023-03-01 13:19:38,135] {dag.py:2379} INFO - Sync 1 DAGs
[2023-03-01 13:19:38,140] {logging_mixin.py:115} INFO - [2023-03-01 13:19:38,140] {dag.py:2927} INFO - Setting next_dagrun for example_complex to None, run_after=None
[2023-03-01 13:19:38,143] {processor.py:161} INFO - Processing /Users/giovannisabarreto/Desktop/repositorios/airflow_k/venv/lib/python3.10/site-packages/airflow/example_dags/example_complex.py took 0.041 seconds
[2023-03-01 14:54:47,366] {processor.py:153} INFO - Started process (PID=33213) to work on /Users/giovannisabarreto/Desktop/repositorios/airflow_k/venv/lib/python3.10/site-packages/airflow/example_dags/example_complex.py
[2023-03-01 14:54:47,367] {processor.py:641} INFO - Processing file /Users/giovannisabarreto/Desktop/repositorios/airflow_k/venv/lib/python3.10/site-packages/airflow/example_dags/example_complex.py for tasks to queue
[2023-03-01 14:54:47,367] {logging_mixin.py:115} INFO - [2023-03-01 14:54:47,367] {dagbag.py:507} INFO - Filling up the DagBag from /Users/giovannisabarreto/Desktop/repositorios/airflow_k/venv/lib/python3.10/site-packages/airflow/example_dags/example_complex.py
[2023-03-01 14:54:47,375] {processor.py:651} INFO - DAG(s) dict_keys(['example_complex']) retrieved from /Users/giovannisabarreto/Desktop/repositorios/airflow_k/venv/lib/python3.10/site-packages/airflow/example_dags/example_complex.py
[2023-03-01 14:54:47,622] {logging_mixin.py:115} INFO - [2023-03-01 14:54:47,622] {dag.py:2379} INFO - Sync 1 DAGs
[2023-03-01 14:54:47,658] {logging_mixin.py:115} INFO - [2023-03-01 14:54:47,658] {dag.py:2927} INFO - Setting next_dagrun for example_complex to None, run_after=None
[2023-03-01 14:54:47,675] {processor.py:161} INFO - Processing /Users/giovannisabarreto/Desktop/repositorios/airflow_k/venv/lib/python3.10/site-packages/airflow/example_dags/example_complex.py took 0.310 seconds
[2023-03-01 18:14:07,500] {processor.py:153} INFO - Started process (PID=33559) to work on /Users/giovannisabarreto/Desktop/repositorios/airflow_k/venv/lib/python3.10/site-packages/airflow/example_dags/example_complex.py
[2023-03-01 18:14:07,500] {processor.py:641} INFO - Processing file /Users/giovannisabarreto/Desktop/repositorios/airflow_k/venv/lib/python3.10/site-packages/airflow/example_dags/example_complex.py for tasks to queue
[2023-03-01 18:14:07,501] {logging_mixin.py:115} INFO - [2023-03-01 18:14:07,501] {dagbag.py:507} INFO - Filling up the DagBag from /Users/giovannisabarreto/Desktop/repositorios/airflow_k/venv/lib/python3.10/site-packages/airflow/example_dags/example_complex.py
[2023-03-01 18:14:07,507] {processor.py:651} INFO - DAG(s) dict_keys(['example_complex']) retrieved from /Users/giovannisabarreto/Desktop/repositorios/airflow_k/venv/lib/python3.10/site-packages/airflow/example_dags/example_complex.py
[2023-03-01 18:14:07,531] {logging_mixin.py:115} INFO - [2023-03-01 18:14:07,531] {dag.py:2379} INFO - Sync 1 DAGs
[2023-03-01 18:14:07,536] {logging_mixin.py:115} INFO - [2023-03-01 18:14:07,536] {dag.py:2927} INFO - Setting next_dagrun for example_complex to None, run_after=None
[2023-03-01 18:14:07,540] {processor.py:161} INFO - Processing /Users/giovannisabarreto/Desktop/repositorios/airflow_k/venv/lib/python3.10/site-packages/airflow/example_dags/example_complex.py took 0.040 seconds
