[2023-03-01 10:45:22,233] {processor.py:153} INFO - Started process (PID=25642) to work on /Users/giovannisabarreto/Desktop/repositorios/airflow_k/venv/lib/python3.10/site-packages/airflow/example_dags/example_kubernetes_executor.py
[2023-03-01 10:45:22,234] {processor.py:641} INFO - Processing file /Users/giovannisabarreto/Desktop/repositorios/airflow_k/venv/lib/python3.10/site-packages/airflow/example_dags/example_kubernetes_executor.py for tasks to queue
[2023-03-01 10:45:22,234] {logging_mixin.py:115} INFO - [2023-03-01 10:45:22,234] {dagbag.py:507} INFO - Filling up the DagBag from /Users/giovannisabarreto/Desktop/repositorios/airflow_k/venv/lib/python3.10/site-packages/airflow/example_dags/example_kubernetes_executor.py
[2023-03-01 10:45:22,243] {logging_mixin.py:115} INFO - [2023-03-01 10:45:22,243] {example_kubernetes_executor.py:39} WARNING - The example_kubernetes_executor example DAG requires the kubernetes provider. Please install it with: pip install apache-airflow[cncf.kubernetes]
[2023-03-01 10:45:22,243] {processor.py:653} WARNING - No viable dags retrieved from /Users/giovannisabarreto/Desktop/repositorios/airflow_k/venv/lib/python3.10/site-packages/airflow/example_dags/example_kubernetes_executor.py
[2023-03-01 10:45:22,257] {processor.py:161} INFO - Processing /Users/giovannisabarreto/Desktop/repositorios/airflow_k/venv/lib/python3.10/site-packages/airflow/example_dags/example_kubernetes_executor.py took 0.024 seconds
[2023-03-01 10:46:09,119] {processor.py:153} INFO - Started process (PID=25721) to work on /Users/giovannisabarreto/Desktop/repositorios/airflow_k/venv/lib/python3.10/site-packages/airflow/example_dags/example_kubernetes_executor.py
[2023-03-01 10:46:09,119] {processor.py:641} INFO - Processing file /Users/giovannisabarreto/Desktop/repositorios/airflow_k/venv/lib/python3.10/site-packages/airflow/example_dags/example_kubernetes_executor.py for tasks to queue
[2023-03-01 10:46:09,119] {logging_mixin.py:115} INFO - [2023-03-01 10:46:09,119] {dagbag.py:507} INFO - Filling up the DagBag from /Users/giovannisabarreto/Desktop/repositorios/airflow_k/venv/lib/python3.10/site-packages/airflow/example_dags/example_kubernetes_executor.py
[2023-03-01 10:46:09,129] {logging_mixin.py:115} INFO - [2023-03-01 10:46:09,129] {example_kubernetes_executor.py:39} WARNING - The example_kubernetes_executor example DAG requires the kubernetes provider. Please install it with: pip install apache-airflow[cncf.kubernetes]
[2023-03-01 10:46:09,129] {processor.py:653} WARNING - No viable dags retrieved from /Users/giovannisabarreto/Desktop/repositorios/airflow_k/venv/lib/python3.10/site-packages/airflow/example_dags/example_kubernetes_executor.py
[2023-03-01 10:46:09,143] {processor.py:161} INFO - Processing /Users/giovannisabarreto/Desktop/repositorios/airflow_k/venv/lib/python3.10/site-packages/airflow/example_dags/example_kubernetes_executor.py took 0.024 seconds
[2023-03-01 10:46:54,864] {processor.py:153} INFO - Started process (PID=25801) to work on /Users/giovannisabarreto/Desktop/repositorios/airflow_k/venv/lib/python3.10/site-packages/airflow/example_dags/example_kubernetes_executor.py
[2023-03-01 10:46:54,865] {processor.py:641} INFO - Processing file /Users/giovannisabarreto/Desktop/repositorios/airflow_k/venv/lib/python3.10/site-packages/airflow/example_dags/example_kubernetes_executor.py for tasks to queue
[2023-03-01 10:46:54,865] {logging_mixin.py:115} INFO - [2023-03-01 10:46:54,865] {dagbag.py:507} INFO - Filling up the DagBag from /Users/giovannisabarreto/Desktop/repositorios/airflow_k/venv/lib/python3.10/site-packages/airflow/example_dags/example_kubernetes_executor.py
[2023-03-01 10:46:54,875] {logging_mixin.py:115} INFO - [2023-03-01 10:46:54,874] {example_kubernetes_executor.py:39} WARNING - The example_kubernetes_executor example DAG requires the kubernetes provider. Please install it with: pip install apache-airflow[cncf.kubernetes]
[2023-03-01 10:46:54,875] {processor.py:653} WARNING - No viable dags retrieved from /Users/giovannisabarreto/Desktop/repositorios/airflow_k/venv/lib/python3.10/site-packages/airflow/example_dags/example_kubernetes_executor.py
[2023-03-01 10:46:54,889] {processor.py:161} INFO - Processing /Users/giovannisabarreto/Desktop/repositorios/airflow_k/venv/lib/python3.10/site-packages/airflow/example_dags/example_kubernetes_executor.py took 0.025 seconds
[2023-03-01 10:47:39,787] {processor.py:153} INFO - Started process (PID=25883) to work on /Users/giovannisabarreto/Desktop/repositorios/airflow_k/venv/lib/python3.10/site-packages/airflow/example_dags/example_kubernetes_executor.py
[2023-03-01 10:47:39,787] {processor.py:641} INFO - Processing file /Users/giovannisabarreto/Desktop/repositorios/airflow_k/venv/lib/python3.10/site-packages/airflow/example_dags/example_kubernetes_executor.py for tasks to queue
[2023-03-01 10:47:39,788] {logging_mixin.py:115} INFO - [2023-03-01 10:47:39,788] {dagbag.py:507} INFO - Filling up the DagBag from /Users/giovannisabarreto/Desktop/repositorios/airflow_k/venv/lib/python3.10/site-packages/airflow/example_dags/example_kubernetes_executor.py
[2023-03-01 10:47:39,797] {logging_mixin.py:115} INFO - [2023-03-01 10:47:39,797] {example_kubernetes_executor.py:39} WARNING - The example_kubernetes_executor example DAG requires the kubernetes provider. Please install it with: pip install apache-airflow[cncf.kubernetes]
[2023-03-01 10:47:39,797] {processor.py:653} WARNING - No viable dags retrieved from /Users/giovannisabarreto/Desktop/repositorios/airflow_k/venv/lib/python3.10/site-packages/airflow/example_dags/example_kubernetes_executor.py
[2023-03-01 10:47:39,811] {processor.py:161} INFO - Processing /Users/giovannisabarreto/Desktop/repositorios/airflow_k/venv/lib/python3.10/site-packages/airflow/example_dags/example_kubernetes_executor.py took 0.025 seconds
[2023-03-01 10:48:25,387] {processor.py:153} INFO - Started process (PID=25961) to work on /Users/giovannisabarreto/Desktop/repositorios/airflow_k/venv/lib/python3.10/site-packages/airflow/example_dags/example_kubernetes_executor.py
[2023-03-01 10:48:25,387] {processor.py:641} INFO - Processing file /Users/giovannisabarreto/Desktop/repositorios/airflow_k/venv/lib/python3.10/site-packages/airflow/example_dags/example_kubernetes_executor.py for tasks to queue
[2023-03-01 10:48:25,387] {logging_mixin.py:115} INFO - [2023-03-01 10:48:25,387] {dagbag.py:507} INFO - Filling up the DagBag from /Users/giovannisabarreto/Desktop/repositorios/airflow_k/venv/lib/python3.10/site-packages/airflow/example_dags/example_kubernetes_executor.py
[2023-03-01 10:48:25,397] {logging_mixin.py:115} INFO - [2023-03-01 10:48:25,397] {example_kubernetes_executor.py:39} WARNING - The example_kubernetes_executor example DAG requires the kubernetes provider. Please install it with: pip install apache-airflow[cncf.kubernetes]
[2023-03-01 10:48:25,397] {processor.py:653} WARNING - No viable dags retrieved from /Users/giovannisabarreto/Desktop/repositorios/airflow_k/venv/lib/python3.10/site-packages/airflow/example_dags/example_kubernetes_executor.py
[2023-03-01 10:48:25,411] {processor.py:161} INFO - Processing /Users/giovannisabarreto/Desktop/repositorios/airflow_k/venv/lib/python3.10/site-packages/airflow/example_dags/example_kubernetes_executor.py took 0.025 seconds
[2023-03-01 10:49:14,032] {processor.py:153} INFO - Started process (PID=26057) to work on /Users/giovannisabarreto/Desktop/repositorios/airflow_k/venv/lib/python3.10/site-packages/airflow/example_dags/example_kubernetes_executor.py
[2023-03-01 10:49:14,033] {processor.py:641} INFO - Processing file /Users/giovannisabarreto/Desktop/repositorios/airflow_k/venv/lib/python3.10/site-packages/airflow/example_dags/example_kubernetes_executor.py for tasks to queue
[2023-03-01 10:49:14,033] {logging_mixin.py:115} INFO - [2023-03-01 10:49:14,033] {dagbag.py:507} INFO - Filling up the DagBag from /Users/giovannisabarreto/Desktop/repositorios/airflow_k/venv/lib/python3.10/site-packages/airflow/example_dags/example_kubernetes_executor.py
[2023-03-01 10:49:14,042] {logging_mixin.py:115} INFO - [2023-03-01 10:49:14,042] {example_kubernetes_executor.py:39} WARNING - The example_kubernetes_executor example DAG requires the kubernetes provider. Please install it with: pip install apache-airflow[cncf.kubernetes]
[2023-03-01 10:49:14,042] {processor.py:653} WARNING - No viable dags retrieved from /Users/giovannisabarreto/Desktop/repositorios/airflow_k/venv/lib/python3.10/site-packages/airflow/example_dags/example_kubernetes_executor.py
[2023-03-01 10:49:14,057] {processor.py:161} INFO - Processing /Users/giovannisabarreto/Desktop/repositorios/airflow_k/venv/lib/python3.10/site-packages/airflow/example_dags/example_kubernetes_executor.py took 0.025 seconds
[2023-03-01 10:49:58,648] {processor.py:153} INFO - Started process (PID=26141) to work on /Users/giovannisabarreto/Desktop/repositorios/airflow_k/venv/lib/python3.10/site-packages/airflow/example_dags/example_kubernetes_executor.py
[2023-03-01 10:49:58,649] {processor.py:641} INFO - Processing file /Users/giovannisabarreto/Desktop/repositorios/airflow_k/venv/lib/python3.10/site-packages/airflow/example_dags/example_kubernetes_executor.py for tasks to queue
[2023-03-01 10:49:58,649] {logging_mixin.py:115} INFO - [2023-03-01 10:49:58,649] {dagbag.py:507} INFO - Filling up the DagBag from /Users/giovannisabarreto/Desktop/repositorios/airflow_k/venv/lib/python3.10/site-packages/airflow/example_dags/example_kubernetes_executor.py
[2023-03-01 10:49:58,658] {logging_mixin.py:115} INFO - [2023-03-01 10:49:58,658] {example_kubernetes_executor.py:39} WARNING - The example_kubernetes_executor example DAG requires the kubernetes provider. Please install it with: pip install apache-airflow[cncf.kubernetes]
[2023-03-01 10:49:58,658] {processor.py:653} WARNING - No viable dags retrieved from /Users/giovannisabarreto/Desktop/repositorios/airflow_k/venv/lib/python3.10/site-packages/airflow/example_dags/example_kubernetes_executor.py
[2023-03-01 10:49:58,672] {processor.py:161} INFO - Processing /Users/giovannisabarreto/Desktop/repositorios/airflow_k/venv/lib/python3.10/site-packages/airflow/example_dags/example_kubernetes_executor.py took 0.024 seconds
[2023-03-01 10:50:44,380] {processor.py:153} INFO - Started process (PID=26219) to work on /Users/giovannisabarreto/Desktop/repositorios/airflow_k/venv/lib/python3.10/site-packages/airflow/example_dags/example_kubernetes_executor.py
[2023-03-01 10:50:44,380] {processor.py:641} INFO - Processing file /Users/giovannisabarreto/Desktop/repositorios/airflow_k/venv/lib/python3.10/site-packages/airflow/example_dags/example_kubernetes_executor.py for tasks to queue
[2023-03-01 10:50:44,381] {logging_mixin.py:115} INFO - [2023-03-01 10:50:44,381] {dagbag.py:507} INFO - Filling up the DagBag from /Users/giovannisabarreto/Desktop/repositorios/airflow_k/venv/lib/python3.10/site-packages/airflow/example_dags/example_kubernetes_executor.py
[2023-03-01 10:50:44,390] {logging_mixin.py:115} INFO - [2023-03-01 10:50:44,390] {example_kubernetes_executor.py:39} WARNING - The example_kubernetes_executor example DAG requires the kubernetes provider. Please install it with: pip install apache-airflow[cncf.kubernetes]
[2023-03-01 10:50:44,390] {processor.py:653} WARNING - No viable dags retrieved from /Users/giovannisabarreto/Desktop/repositorios/airflow_k/venv/lib/python3.10/site-packages/airflow/example_dags/example_kubernetes_executor.py
[2023-03-01 10:50:44,404] {processor.py:161} INFO - Processing /Users/giovannisabarreto/Desktop/repositorios/airflow_k/venv/lib/python3.10/site-packages/airflow/example_dags/example_kubernetes_executor.py took 0.024 seconds
[2023-03-01 10:51:35,385] {processor.py:153} INFO - Started process (PID=26304) to work on /Users/giovannisabarreto/Desktop/repositorios/airflow_k/venv/lib/python3.10/site-packages/airflow/example_dags/example_kubernetes_executor.py
[2023-03-01 10:51:35,386] {processor.py:641} INFO - Processing file /Users/giovannisabarreto/Desktop/repositorios/airflow_k/venv/lib/python3.10/site-packages/airflow/example_dags/example_kubernetes_executor.py for tasks to queue
[2023-03-01 10:51:35,386] {logging_mixin.py:115} INFO - [2023-03-01 10:51:35,386] {dagbag.py:507} INFO - Filling up the DagBag from /Users/giovannisabarreto/Desktop/repositorios/airflow_k/venv/lib/python3.10/site-packages/airflow/example_dags/example_kubernetes_executor.py
[2023-03-01 10:51:35,395] {logging_mixin.py:115} INFO - [2023-03-01 10:51:35,395] {example_kubernetes_executor.py:39} WARNING - The example_kubernetes_executor example DAG requires the kubernetes provider. Please install it with: pip install apache-airflow[cncf.kubernetes]
[2023-03-01 10:51:35,395] {processor.py:653} WARNING - No viable dags retrieved from /Users/giovannisabarreto/Desktop/repositorios/airflow_k/venv/lib/python3.10/site-packages/airflow/example_dags/example_kubernetes_executor.py
[2023-03-01 10:51:35,410] {processor.py:161} INFO - Processing /Users/giovannisabarreto/Desktop/repositorios/airflow_k/venv/lib/python3.10/site-packages/airflow/example_dags/example_kubernetes_executor.py took 0.025 seconds
[2023-03-01 10:52:24,961] {processor.py:153} INFO - Started process (PID=26389) to work on /Users/giovannisabarreto/Desktop/repositorios/airflow_k/venv/lib/python3.10/site-packages/airflow/example_dags/example_kubernetes_executor.py
[2023-03-01 10:52:24,962] {processor.py:641} INFO - Processing file /Users/giovannisabarreto/Desktop/repositorios/airflow_k/venv/lib/python3.10/site-packages/airflow/example_dags/example_kubernetes_executor.py for tasks to queue
[2023-03-01 10:52:24,962] {logging_mixin.py:115} INFO - [2023-03-01 10:52:24,962] {dagbag.py:507} INFO - Filling up the DagBag from /Users/giovannisabarreto/Desktop/repositorios/airflow_k/venv/lib/python3.10/site-packages/airflow/example_dags/example_kubernetes_executor.py
[2023-03-01 10:52:24,972] {logging_mixin.py:115} INFO - [2023-03-01 10:52:24,972] {example_kubernetes_executor.py:39} WARNING - The example_kubernetes_executor example DAG requires the kubernetes provider. Please install it with: pip install apache-airflow[cncf.kubernetes]
[2023-03-01 10:52:24,972] {processor.py:653} WARNING - No viable dags retrieved from /Users/giovannisabarreto/Desktop/repositorios/airflow_k/venv/lib/python3.10/site-packages/airflow/example_dags/example_kubernetes_executor.py
[2023-03-01 10:52:24,986] {processor.py:161} INFO - Processing /Users/giovannisabarreto/Desktop/repositorios/airflow_k/venv/lib/python3.10/site-packages/airflow/example_dags/example_kubernetes_executor.py took 0.025 seconds
[2023-03-01 10:53:12,006] {processor.py:153} INFO - Started process (PID=26473) to work on /Users/giovannisabarreto/Desktop/repositorios/airflow_k/venv/lib/python3.10/site-packages/airflow/example_dags/example_kubernetes_executor.py
[2023-03-01 10:53:12,007] {processor.py:641} INFO - Processing file /Users/giovannisabarreto/Desktop/repositorios/airflow_k/venv/lib/python3.10/site-packages/airflow/example_dags/example_kubernetes_executor.py for tasks to queue
[2023-03-01 10:53:12,007] {logging_mixin.py:115} INFO - [2023-03-01 10:53:12,007] {dagbag.py:507} INFO - Filling up the DagBag from /Users/giovannisabarreto/Desktop/repositorios/airflow_k/venv/lib/python3.10/site-packages/airflow/example_dags/example_kubernetes_executor.py
[2023-03-01 10:53:12,017] {logging_mixin.py:115} INFO - [2023-03-01 10:53:12,017] {example_kubernetes_executor.py:39} WARNING - The example_kubernetes_executor example DAG requires the kubernetes provider. Please install it with: pip install apache-airflow[cncf.kubernetes]
[2023-03-01 10:53:12,017] {processor.py:653} WARNING - No viable dags retrieved from /Users/giovannisabarreto/Desktop/repositorios/airflow_k/venv/lib/python3.10/site-packages/airflow/example_dags/example_kubernetes_executor.py
[2023-03-01 10:53:12,031] {processor.py:161} INFO - Processing /Users/giovannisabarreto/Desktop/repositorios/airflow_k/venv/lib/python3.10/site-packages/airflow/example_dags/example_kubernetes_executor.py took 0.025 seconds
[2023-03-01 10:54:00,451] {processor.py:153} INFO - Started process (PID=26556) to work on /Users/giovannisabarreto/Desktop/repositorios/airflow_k/venv/lib/python3.10/site-packages/airflow/example_dags/example_kubernetes_executor.py
[2023-03-01 10:54:00,452] {processor.py:641} INFO - Processing file /Users/giovannisabarreto/Desktop/repositorios/airflow_k/venv/lib/python3.10/site-packages/airflow/example_dags/example_kubernetes_executor.py for tasks to queue
[2023-03-01 10:54:00,452] {logging_mixin.py:115} INFO - [2023-03-01 10:54:00,452] {dagbag.py:507} INFO - Filling up the DagBag from /Users/giovannisabarreto/Desktop/repositorios/airflow_k/venv/lib/python3.10/site-packages/airflow/example_dags/example_kubernetes_executor.py
[2023-03-01 10:54:00,462] {logging_mixin.py:115} INFO - [2023-03-01 10:54:00,462] {example_kubernetes_executor.py:39} WARNING - The example_kubernetes_executor example DAG requires the kubernetes provider. Please install it with: pip install apache-airflow[cncf.kubernetes]
[2023-03-01 10:54:00,462] {processor.py:653} WARNING - No viable dags retrieved from /Users/giovannisabarreto/Desktop/repositorios/airflow_k/venv/lib/python3.10/site-packages/airflow/example_dags/example_kubernetes_executor.py
[2023-03-01 10:54:00,476] {processor.py:161} INFO - Processing /Users/giovannisabarreto/Desktop/repositorios/airflow_k/venv/lib/python3.10/site-packages/airflow/example_dags/example_kubernetes_executor.py took 0.025 seconds
[2023-03-01 10:54:45,134] {processor.py:153} INFO - Started process (PID=26647) to work on /Users/giovannisabarreto/Desktop/repositorios/airflow_k/venv/lib/python3.10/site-packages/airflow/example_dags/example_kubernetes_executor.py
[2023-03-01 10:54:45,134] {processor.py:641} INFO - Processing file /Users/giovannisabarreto/Desktop/repositorios/airflow_k/venv/lib/python3.10/site-packages/airflow/example_dags/example_kubernetes_executor.py for tasks to queue
[2023-03-01 10:54:45,134] {logging_mixin.py:115} INFO - [2023-03-01 10:54:45,134] {dagbag.py:507} INFO - Filling up the DagBag from /Users/giovannisabarreto/Desktop/repositorios/airflow_k/venv/lib/python3.10/site-packages/airflow/example_dags/example_kubernetes_executor.py
[2023-03-01 10:54:45,144] {logging_mixin.py:115} INFO - [2023-03-01 10:54:45,144] {example_kubernetes_executor.py:39} WARNING - The example_kubernetes_executor example DAG requires the kubernetes provider. Please install it with: pip install apache-airflow[cncf.kubernetes]
[2023-03-01 10:54:45,144] {processor.py:653} WARNING - No viable dags retrieved from /Users/giovannisabarreto/Desktop/repositorios/airflow_k/venv/lib/python3.10/site-packages/airflow/example_dags/example_kubernetes_executor.py
[2023-03-01 10:54:45,158] {processor.py:161} INFO - Processing /Users/giovannisabarreto/Desktop/repositorios/airflow_k/venv/lib/python3.10/site-packages/airflow/example_dags/example_kubernetes_executor.py took 0.024 seconds
[2023-03-01 10:55:31,420] {processor.py:153} INFO - Started process (PID=26728) to work on /Users/giovannisabarreto/Desktop/repositorios/airflow_k/venv/lib/python3.10/site-packages/airflow/example_dags/example_kubernetes_executor.py
[2023-03-01 10:55:31,420] {processor.py:641} INFO - Processing file /Users/giovannisabarreto/Desktop/repositorios/airflow_k/venv/lib/python3.10/site-packages/airflow/example_dags/example_kubernetes_executor.py for tasks to queue
[2023-03-01 10:55:31,420] {logging_mixin.py:115} INFO - [2023-03-01 10:55:31,420] {dagbag.py:507} INFO - Filling up the DagBag from /Users/giovannisabarreto/Desktop/repositorios/airflow_k/venv/lib/python3.10/site-packages/airflow/example_dags/example_kubernetes_executor.py
[2023-03-01 10:55:31,430] {logging_mixin.py:115} INFO - [2023-03-01 10:55:31,430] {example_kubernetes_executor.py:39} WARNING - The example_kubernetes_executor example DAG requires the kubernetes provider. Please install it with: pip install apache-airflow[cncf.kubernetes]
[2023-03-01 10:55:31,430] {processor.py:653} WARNING - No viable dags retrieved from /Users/giovannisabarreto/Desktop/repositorios/airflow_k/venv/lib/python3.10/site-packages/airflow/example_dags/example_kubernetes_executor.py
[2023-03-01 10:55:31,444] {processor.py:161} INFO - Processing /Users/giovannisabarreto/Desktop/repositorios/airflow_k/venv/lib/python3.10/site-packages/airflow/example_dags/example_kubernetes_executor.py took 0.024 seconds
[2023-03-01 10:56:19,076] {processor.py:153} INFO - Started process (PID=26809) to work on /Users/giovannisabarreto/Desktop/repositorios/airflow_k/venv/lib/python3.10/site-packages/airflow/example_dags/example_kubernetes_executor.py
[2023-03-01 10:56:19,077] {processor.py:641} INFO - Processing file /Users/giovannisabarreto/Desktop/repositorios/airflow_k/venv/lib/python3.10/site-packages/airflow/example_dags/example_kubernetes_executor.py for tasks to queue
[2023-03-01 10:56:19,077] {logging_mixin.py:115} INFO - [2023-03-01 10:56:19,077] {dagbag.py:507} INFO - Filling up the DagBag from /Users/giovannisabarreto/Desktop/repositorios/airflow_k/venv/lib/python3.10/site-packages/airflow/example_dags/example_kubernetes_executor.py
[2023-03-01 10:56:19,086] {logging_mixin.py:115} INFO - [2023-03-01 10:56:19,086] {example_kubernetes_executor.py:39} WARNING - The example_kubernetes_executor example DAG requires the kubernetes provider. Please install it with: pip install apache-airflow[cncf.kubernetes]
[2023-03-01 10:56:19,086] {processor.py:653} WARNING - No viable dags retrieved from /Users/giovannisabarreto/Desktop/repositorios/airflow_k/venv/lib/python3.10/site-packages/airflow/example_dags/example_kubernetes_executor.py
[2023-03-01 10:56:19,100] {processor.py:161} INFO - Processing /Users/giovannisabarreto/Desktop/repositorios/airflow_k/venv/lib/python3.10/site-packages/airflow/example_dags/example_kubernetes_executor.py took 0.025 seconds
[2023-03-01 10:57:03,002] {processor.py:153} INFO - Started process (PID=26885) to work on /Users/giovannisabarreto/Desktop/repositorios/airflow_k/venv/lib/python3.10/site-packages/airflow/example_dags/example_kubernetes_executor.py
[2023-03-01 10:57:03,003] {processor.py:641} INFO - Processing file /Users/giovannisabarreto/Desktop/repositorios/airflow_k/venv/lib/python3.10/site-packages/airflow/example_dags/example_kubernetes_executor.py for tasks to queue
[2023-03-01 10:57:03,003] {logging_mixin.py:115} INFO - [2023-03-01 10:57:03,003] {dagbag.py:507} INFO - Filling up the DagBag from /Users/giovannisabarreto/Desktop/repositorios/airflow_k/venv/lib/python3.10/site-packages/airflow/example_dags/example_kubernetes_executor.py
[2023-03-01 10:57:03,012] {logging_mixin.py:115} INFO - [2023-03-01 10:57:03,012] {example_kubernetes_executor.py:39} WARNING - The example_kubernetes_executor example DAG requires the kubernetes provider. Please install it with: pip install apache-airflow[cncf.kubernetes]
[2023-03-01 10:57:03,013] {processor.py:653} WARNING - No viable dags retrieved from /Users/giovannisabarreto/Desktop/repositorios/airflow_k/venv/lib/python3.10/site-packages/airflow/example_dags/example_kubernetes_executor.py
[2023-03-01 10:57:03,027] {processor.py:161} INFO - Processing /Users/giovannisabarreto/Desktop/repositorios/airflow_k/venv/lib/python3.10/site-packages/airflow/example_dags/example_kubernetes_executor.py took 0.025 seconds
[2023-03-01 10:57:45,652] {processor.py:153} INFO - Started process (PID=26957) to work on /Users/giovannisabarreto/Desktop/repositorios/airflow_k/venv/lib/python3.10/site-packages/airflow/example_dags/example_kubernetes_executor.py
[2023-03-01 10:57:45,653] {processor.py:641} INFO - Processing file /Users/giovannisabarreto/Desktop/repositorios/airflow_k/venv/lib/python3.10/site-packages/airflow/example_dags/example_kubernetes_executor.py for tasks to queue
[2023-03-01 10:57:45,653] {logging_mixin.py:115} INFO - [2023-03-01 10:57:45,653] {dagbag.py:507} INFO - Filling up the DagBag from /Users/giovannisabarreto/Desktop/repositorios/airflow_k/venv/lib/python3.10/site-packages/airflow/example_dags/example_kubernetes_executor.py
[2023-03-01 10:57:45,662] {logging_mixin.py:115} INFO - [2023-03-01 10:57:45,662] {example_kubernetes_executor.py:39} WARNING - The example_kubernetes_executor example DAG requires the kubernetes provider. Please install it with: pip install apache-airflow[cncf.kubernetes]
[2023-03-01 10:57:45,662] {processor.py:653} WARNING - No viable dags retrieved from /Users/giovannisabarreto/Desktop/repositorios/airflow_k/venv/lib/python3.10/site-packages/airflow/example_dags/example_kubernetes_executor.py
[2023-03-01 10:57:45,676] {processor.py:161} INFO - Processing /Users/giovannisabarreto/Desktop/repositorios/airflow_k/venv/lib/python3.10/site-packages/airflow/example_dags/example_kubernetes_executor.py took 0.024 seconds
[2023-03-01 10:58:31,977] {processor.py:153} INFO - Started process (PID=27050) to work on /Users/giovannisabarreto/Desktop/repositorios/airflow_k/venv/lib/python3.10/site-packages/airflow/example_dags/example_kubernetes_executor.py
[2023-03-01 10:58:31,978] {processor.py:641} INFO - Processing file /Users/giovannisabarreto/Desktop/repositorios/airflow_k/venv/lib/python3.10/site-packages/airflow/example_dags/example_kubernetes_executor.py for tasks to queue
[2023-03-01 10:58:31,978] {logging_mixin.py:115} INFO - [2023-03-01 10:58:31,978] {dagbag.py:507} INFO - Filling up the DagBag from /Users/giovannisabarreto/Desktop/repositorios/airflow_k/venv/lib/python3.10/site-packages/airflow/example_dags/example_kubernetes_executor.py
[2023-03-01 10:58:31,988] {logging_mixin.py:115} INFO - [2023-03-01 10:58:31,988] {example_kubernetes_executor.py:39} WARNING - The example_kubernetes_executor example DAG requires the kubernetes provider. Please install it with: pip install apache-airflow[cncf.kubernetes]
[2023-03-01 10:58:31,988] {processor.py:653} WARNING - No viable dags retrieved from /Users/giovannisabarreto/Desktop/repositorios/airflow_k/venv/lib/python3.10/site-packages/airflow/example_dags/example_kubernetes_executor.py
[2023-03-01 10:58:32,002] {processor.py:161} INFO - Processing /Users/giovannisabarreto/Desktop/repositorios/airflow_k/venv/lib/python3.10/site-packages/airflow/example_dags/example_kubernetes_executor.py took 0.025 seconds
[2023-03-01 10:59:15,624] {processor.py:153} INFO - Started process (PID=27139) to work on /Users/giovannisabarreto/Desktop/repositorios/airflow_k/venv/lib/python3.10/site-packages/airflow/example_dags/example_kubernetes_executor.py
[2023-03-01 10:59:15,625] {processor.py:641} INFO - Processing file /Users/giovannisabarreto/Desktop/repositorios/airflow_k/venv/lib/python3.10/site-packages/airflow/example_dags/example_kubernetes_executor.py for tasks to queue
[2023-03-01 10:59:15,626] {logging_mixin.py:115} INFO - [2023-03-01 10:59:15,626] {dagbag.py:507} INFO - Filling up the DagBag from /Users/giovannisabarreto/Desktop/repositorios/airflow_k/venv/lib/python3.10/site-packages/airflow/example_dags/example_kubernetes_executor.py
[2023-03-01 10:59:15,635] {logging_mixin.py:115} INFO - [2023-03-01 10:59:15,635] {example_kubernetes_executor.py:39} WARNING - The example_kubernetes_executor example DAG requires the kubernetes provider. Please install it with: pip install apache-airflow[cncf.kubernetes]
[2023-03-01 10:59:15,635] {processor.py:653} WARNING - No viable dags retrieved from /Users/giovannisabarreto/Desktop/repositorios/airflow_k/venv/lib/python3.10/site-packages/airflow/example_dags/example_kubernetes_executor.py
[2023-03-01 10:59:15,649] {processor.py:161} INFO - Processing /Users/giovannisabarreto/Desktop/repositorios/airflow_k/venv/lib/python3.10/site-packages/airflow/example_dags/example_kubernetes_executor.py took 0.025 seconds
[2023-03-01 10:59:58,014] {processor.py:153} INFO - Started process (PID=27217) to work on /Users/giovannisabarreto/Desktop/repositorios/airflow_k/venv/lib/python3.10/site-packages/airflow/example_dags/example_kubernetes_executor.py
[2023-03-01 10:59:58,015] {processor.py:641} INFO - Processing file /Users/giovannisabarreto/Desktop/repositorios/airflow_k/venv/lib/python3.10/site-packages/airflow/example_dags/example_kubernetes_executor.py for tasks to queue
[2023-03-01 10:59:58,015] {logging_mixin.py:115} INFO - [2023-03-01 10:59:58,015] {dagbag.py:507} INFO - Filling up the DagBag from /Users/giovannisabarreto/Desktop/repositorios/airflow_k/venv/lib/python3.10/site-packages/airflow/example_dags/example_kubernetes_executor.py
[2023-03-01 10:59:58,024] {logging_mixin.py:115} INFO - [2023-03-01 10:59:58,024] {example_kubernetes_executor.py:39} WARNING - The example_kubernetes_executor example DAG requires the kubernetes provider. Please install it with: pip install apache-airflow[cncf.kubernetes]
[2023-03-01 10:59:58,024] {processor.py:653} WARNING - No viable dags retrieved from /Users/giovannisabarreto/Desktop/repositorios/airflow_k/venv/lib/python3.10/site-packages/airflow/example_dags/example_kubernetes_executor.py
[2023-03-01 10:59:58,038] {processor.py:161} INFO - Processing /Users/giovannisabarreto/Desktop/repositorios/airflow_k/venv/lib/python3.10/site-packages/airflow/example_dags/example_kubernetes_executor.py took 0.024 seconds
[2023-03-01 11:05:53,067] {processor.py:153} INFO - Started process (PID=27340) to work on /Users/giovannisabarreto/Desktop/repositorios/airflow_k/venv/lib/python3.10/site-packages/airflow/example_dags/example_kubernetes_executor.py
[2023-03-01 11:05:53,068] {processor.py:641} INFO - Processing file /Users/giovannisabarreto/Desktop/repositorios/airflow_k/venv/lib/python3.10/site-packages/airflow/example_dags/example_kubernetes_executor.py for tasks to queue
[2023-03-01 11:05:53,068] {logging_mixin.py:115} INFO - [2023-03-01 11:05:53,068] {dagbag.py:507} INFO - Filling up the DagBag from /Users/giovannisabarreto/Desktop/repositorios/airflow_k/venv/lib/python3.10/site-packages/airflow/example_dags/example_kubernetes_executor.py
[2023-03-01 11:05:53,077] {logging_mixin.py:115} INFO - [2023-03-01 11:05:53,077] {example_kubernetes_executor.py:39} WARNING - The example_kubernetes_executor example DAG requires the kubernetes provider. Please install it with: pip install apache-airflow[cncf.kubernetes]
[2023-03-01 11:05:53,077] {processor.py:653} WARNING - No viable dags retrieved from /Users/giovannisabarreto/Desktop/repositorios/airflow_k/venv/lib/python3.10/site-packages/airflow/example_dags/example_kubernetes_executor.py
[2023-03-01 11:05:53,091] {processor.py:161} INFO - Processing /Users/giovannisabarreto/Desktop/repositorios/airflow_k/venv/lib/python3.10/site-packages/airflow/example_dags/example_kubernetes_executor.py took 0.024 seconds
[2023-03-01 11:06:37,983] {processor.py:153} INFO - Started process (PID=27419) to work on /Users/giovannisabarreto/Desktop/repositorios/airflow_k/venv/lib/python3.10/site-packages/airflow/example_dags/example_kubernetes_executor.py
[2023-03-01 11:06:37,983] {processor.py:641} INFO - Processing file /Users/giovannisabarreto/Desktop/repositorios/airflow_k/venv/lib/python3.10/site-packages/airflow/example_dags/example_kubernetes_executor.py for tasks to queue
[2023-03-01 11:06:37,983] {logging_mixin.py:115} INFO - [2023-03-01 11:06:37,983] {dagbag.py:507} INFO - Filling up the DagBag from /Users/giovannisabarreto/Desktop/repositorios/airflow_k/venv/lib/python3.10/site-packages/airflow/example_dags/example_kubernetes_executor.py
[2023-03-01 11:06:37,993] {logging_mixin.py:115} INFO - [2023-03-01 11:06:37,993] {example_kubernetes_executor.py:39} WARNING - The example_kubernetes_executor example DAG requires the kubernetes provider. Please install it with: pip install apache-airflow[cncf.kubernetes]
[2023-03-01 11:06:37,993] {processor.py:653} WARNING - No viable dags retrieved from /Users/giovannisabarreto/Desktop/repositorios/airflow_k/venv/lib/python3.10/site-packages/airflow/example_dags/example_kubernetes_executor.py
[2023-03-01 11:06:38,009] {processor.py:161} INFO - Processing /Users/giovannisabarreto/Desktop/repositorios/airflow_k/venv/lib/python3.10/site-packages/airflow/example_dags/example_kubernetes_executor.py took 0.026 seconds
[2023-03-01 11:07:21,588] {processor.py:153} INFO - Started process (PID=28210) to work on /Users/giovannisabarreto/Desktop/repositorios/airflow_k/venv/lib/python3.10/site-packages/airflow/example_dags/example_kubernetes_executor.py
[2023-03-01 11:07:21,588] {processor.py:641} INFO - Processing file /Users/giovannisabarreto/Desktop/repositorios/airflow_k/venv/lib/python3.10/site-packages/airflow/example_dags/example_kubernetes_executor.py for tasks to queue
[2023-03-01 11:07:21,588] {logging_mixin.py:115} INFO - [2023-03-01 11:07:21,588] {dagbag.py:507} INFO - Filling up the DagBag from /Users/giovannisabarreto/Desktop/repositorios/airflow_k/venv/lib/python3.10/site-packages/airflow/example_dags/example_kubernetes_executor.py
[2023-03-01 11:07:21,598] {logging_mixin.py:115} INFO - [2023-03-01 11:07:21,598] {example_kubernetes_executor.py:39} WARNING - The example_kubernetes_executor example DAG requires the kubernetes provider. Please install it with: pip install apache-airflow[cncf.kubernetes]
[2023-03-01 11:07:21,598] {processor.py:653} WARNING - No viable dags retrieved from /Users/giovannisabarreto/Desktop/repositorios/airflow_k/venv/lib/python3.10/site-packages/airflow/example_dags/example_kubernetes_executor.py
[2023-03-01 11:07:21,613] {processor.py:161} INFO - Processing /Users/giovannisabarreto/Desktop/repositorios/airflow_k/venv/lib/python3.10/site-packages/airflow/example_dags/example_kubernetes_executor.py took 0.026 seconds
[2023-03-01 11:08:06,488] {processor.py:153} INFO - Started process (PID=29014) to work on /Users/giovannisabarreto/Desktop/repositorios/airflow_k/venv/lib/python3.10/site-packages/airflow/example_dags/example_kubernetes_executor.py
[2023-03-01 11:08:06,489] {processor.py:641} INFO - Processing file /Users/giovannisabarreto/Desktop/repositorios/airflow_k/venv/lib/python3.10/site-packages/airflow/example_dags/example_kubernetes_executor.py for tasks to queue
[2023-03-01 11:08:06,489] {logging_mixin.py:115} INFO - [2023-03-01 11:08:06,489] {dagbag.py:507} INFO - Filling up the DagBag from /Users/giovannisabarreto/Desktop/repositorios/airflow_k/venv/lib/python3.10/site-packages/airflow/example_dags/example_kubernetes_executor.py
[2023-03-01 11:08:06,498] {logging_mixin.py:115} INFO - [2023-03-01 11:08:06,498] {example_kubernetes_executor.py:39} WARNING - The example_kubernetes_executor example DAG requires the kubernetes provider. Please install it with: pip install apache-airflow[cncf.kubernetes]
[2023-03-01 11:08:06,498] {processor.py:653} WARNING - No viable dags retrieved from /Users/giovannisabarreto/Desktop/repositorios/airflow_k/venv/lib/python3.10/site-packages/airflow/example_dags/example_kubernetes_executor.py
[2023-03-01 11:08:06,513] {processor.py:161} INFO - Processing /Users/giovannisabarreto/Desktop/repositorios/airflow_k/venv/lib/python3.10/site-packages/airflow/example_dags/example_kubernetes_executor.py took 0.025 seconds
[2023-03-01 11:08:49,677] {processor.py:153} INFO - Started process (PID=29223) to work on /Users/giovannisabarreto/Desktop/repositorios/airflow_k/venv/lib/python3.10/site-packages/airflow/example_dags/example_kubernetes_executor.py
[2023-03-01 11:08:49,677] {processor.py:641} INFO - Processing file /Users/giovannisabarreto/Desktop/repositorios/airflow_k/venv/lib/python3.10/site-packages/airflow/example_dags/example_kubernetes_executor.py for tasks to queue
[2023-03-01 11:08:49,677] {logging_mixin.py:115} INFO - [2023-03-01 11:08:49,677] {dagbag.py:507} INFO - Filling up the DagBag from /Users/giovannisabarreto/Desktop/repositorios/airflow_k/venv/lib/python3.10/site-packages/airflow/example_dags/example_kubernetes_executor.py
[2023-03-01 11:08:49,687] {logging_mixin.py:115} INFO - [2023-03-01 11:08:49,687] {example_kubernetes_executor.py:39} WARNING - The example_kubernetes_executor example DAG requires the kubernetes provider. Please install it with: pip install apache-airflow[cncf.kubernetes]
[2023-03-01 11:08:49,687] {processor.py:653} WARNING - No viable dags retrieved from /Users/giovannisabarreto/Desktop/repositorios/airflow_k/venv/lib/python3.10/site-packages/airflow/example_dags/example_kubernetes_executor.py
[2023-03-01 11:08:49,702] {processor.py:161} INFO - Processing /Users/giovannisabarreto/Desktop/repositorios/airflow_k/venv/lib/python3.10/site-packages/airflow/example_dags/example_kubernetes_executor.py took 0.025 seconds
[2023-03-01 11:09:33,271] {processor.py:153} INFO - Started process (PID=29419) to work on /Users/giovannisabarreto/Desktop/repositorios/airflow_k/venv/lib/python3.10/site-packages/airflow/example_dags/example_kubernetes_executor.py
[2023-03-01 11:09:33,271] {processor.py:641} INFO - Processing file /Users/giovannisabarreto/Desktop/repositorios/airflow_k/venv/lib/python3.10/site-packages/airflow/example_dags/example_kubernetes_executor.py for tasks to queue
[2023-03-01 11:09:33,272] {logging_mixin.py:115} INFO - [2023-03-01 11:09:33,272] {dagbag.py:507} INFO - Filling up the DagBag from /Users/giovannisabarreto/Desktop/repositorios/airflow_k/venv/lib/python3.10/site-packages/airflow/example_dags/example_kubernetes_executor.py
[2023-03-01 11:09:33,281] {logging_mixin.py:115} INFO - [2023-03-01 11:09:33,281] {example_kubernetes_executor.py:39} WARNING - The example_kubernetes_executor example DAG requires the kubernetes provider. Please install it with: pip install apache-airflow[cncf.kubernetes]
[2023-03-01 11:09:33,281] {processor.py:653} WARNING - No viable dags retrieved from /Users/giovannisabarreto/Desktop/repositorios/airflow_k/venv/lib/python3.10/site-packages/airflow/example_dags/example_kubernetes_executor.py
[2023-03-01 11:09:33,295] {processor.py:161} INFO - Processing /Users/giovannisabarreto/Desktop/repositorios/airflow_k/venv/lib/python3.10/site-packages/airflow/example_dags/example_kubernetes_executor.py took 0.024 seconds
[2023-03-01 11:10:15,046] {processor.py:153} INFO - Started process (PID=29560) to work on /Users/giovannisabarreto/Desktop/repositorios/airflow_k/venv/lib/python3.10/site-packages/airflow/example_dags/example_kubernetes_executor.py
[2023-03-01 11:10:15,046] {processor.py:641} INFO - Processing file /Users/giovannisabarreto/Desktop/repositorios/airflow_k/venv/lib/python3.10/site-packages/airflow/example_dags/example_kubernetes_executor.py for tasks to queue
[2023-03-01 11:10:15,046] {logging_mixin.py:115} INFO - [2023-03-01 11:10:15,046] {dagbag.py:507} INFO - Filling up the DagBag from /Users/giovannisabarreto/Desktop/repositorios/airflow_k/venv/lib/python3.10/site-packages/airflow/example_dags/example_kubernetes_executor.py
[2023-03-01 11:10:15,056] {logging_mixin.py:115} INFO - [2023-03-01 11:10:15,056] {example_kubernetes_executor.py:39} WARNING - The example_kubernetes_executor example DAG requires the kubernetes provider. Please install it with: pip install apache-airflow[cncf.kubernetes]
[2023-03-01 11:10:15,056] {processor.py:653} WARNING - No viable dags retrieved from /Users/giovannisabarreto/Desktop/repositorios/airflow_k/venv/lib/python3.10/site-packages/airflow/example_dags/example_kubernetes_executor.py
[2023-03-01 11:10:15,070] {processor.py:161} INFO - Processing /Users/giovannisabarreto/Desktop/repositorios/airflow_k/venv/lib/python3.10/site-packages/airflow/example_dags/example_kubernetes_executor.py took 0.025 seconds
[2023-03-01 11:10:59,200] {processor.py:153} INFO - Started process (PID=29671) to work on /Users/giovannisabarreto/Desktop/repositorios/airflow_k/venv/lib/python3.10/site-packages/airflow/example_dags/example_kubernetes_executor.py
[2023-03-01 11:10:59,200] {processor.py:641} INFO - Processing file /Users/giovannisabarreto/Desktop/repositorios/airflow_k/venv/lib/python3.10/site-packages/airflow/example_dags/example_kubernetes_executor.py for tasks to queue
[2023-03-01 11:10:59,200] {logging_mixin.py:115} INFO - [2023-03-01 11:10:59,200] {dagbag.py:507} INFO - Filling up the DagBag from /Users/giovannisabarreto/Desktop/repositorios/airflow_k/venv/lib/python3.10/site-packages/airflow/example_dags/example_kubernetes_executor.py
[2023-03-01 11:10:59,209] {logging_mixin.py:115} INFO - [2023-03-01 11:10:59,209] {example_kubernetes_executor.py:39} WARNING - The example_kubernetes_executor example DAG requires the kubernetes provider. Please install it with: pip install apache-airflow[cncf.kubernetes]
[2023-03-01 11:10:59,209] {processor.py:653} WARNING - No viable dags retrieved from /Users/giovannisabarreto/Desktop/repositorios/airflow_k/venv/lib/python3.10/site-packages/airflow/example_dags/example_kubernetes_executor.py
[2023-03-01 11:10:59,224] {processor.py:161} INFO - Processing /Users/giovannisabarreto/Desktop/repositorios/airflow_k/venv/lib/python3.10/site-packages/airflow/example_dags/example_kubernetes_executor.py took 0.025 seconds
[2023-03-01 11:11:46,935] {processor.py:153} INFO - Started process (PID=29855) to work on /Users/giovannisabarreto/Desktop/repositorios/airflow_k/venv/lib/python3.10/site-packages/airflow/example_dags/example_kubernetes_executor.py
[2023-03-01 11:11:46,935] {processor.py:641} INFO - Processing file /Users/giovannisabarreto/Desktop/repositorios/airflow_k/venv/lib/python3.10/site-packages/airflow/example_dags/example_kubernetes_executor.py for tasks to queue
[2023-03-01 11:11:46,935] {logging_mixin.py:115} INFO - [2023-03-01 11:11:46,935] {dagbag.py:507} INFO - Filling up the DagBag from /Users/giovannisabarreto/Desktop/repositorios/airflow_k/venv/lib/python3.10/site-packages/airflow/example_dags/example_kubernetes_executor.py
[2023-03-01 11:11:46,944] {logging_mixin.py:115} INFO - [2023-03-01 11:11:46,944] {example_kubernetes_executor.py:39} WARNING - The example_kubernetes_executor example DAG requires the kubernetes provider. Please install it with: pip install apache-airflow[cncf.kubernetes]
[2023-03-01 11:11:46,945] {processor.py:653} WARNING - No viable dags retrieved from /Users/giovannisabarreto/Desktop/repositorios/airflow_k/venv/lib/python3.10/site-packages/airflow/example_dags/example_kubernetes_executor.py
[2023-03-01 11:11:46,959] {processor.py:161} INFO - Processing /Users/giovannisabarreto/Desktop/repositorios/airflow_k/venv/lib/python3.10/site-packages/airflow/example_dags/example_kubernetes_executor.py took 0.025 seconds
[2023-03-01 11:12:32,891] {processor.py:153} INFO - Started process (PID=29933) to work on /Users/giovannisabarreto/Desktop/repositorios/airflow_k/venv/lib/python3.10/site-packages/airflow/example_dags/example_kubernetes_executor.py
[2023-03-01 11:12:32,891] {processor.py:641} INFO - Processing file /Users/giovannisabarreto/Desktop/repositorios/airflow_k/venv/lib/python3.10/site-packages/airflow/example_dags/example_kubernetes_executor.py for tasks to queue
[2023-03-01 11:12:32,892] {logging_mixin.py:115} INFO - [2023-03-01 11:12:32,892] {dagbag.py:507} INFO - Filling up the DagBag from /Users/giovannisabarreto/Desktop/repositorios/airflow_k/venv/lib/python3.10/site-packages/airflow/example_dags/example_kubernetes_executor.py
[2023-03-01 11:12:32,901] {logging_mixin.py:115} INFO - [2023-03-01 11:12:32,901] {example_kubernetes_executor.py:39} WARNING - The example_kubernetes_executor example DAG requires the kubernetes provider. Please install it with: pip install apache-airflow[cncf.kubernetes]
[2023-03-01 11:12:32,901] {processor.py:653} WARNING - No viable dags retrieved from /Users/giovannisabarreto/Desktop/repositorios/airflow_k/venv/lib/python3.10/site-packages/airflow/example_dags/example_kubernetes_executor.py
[2023-03-01 11:12:32,916] {processor.py:161} INFO - Processing /Users/giovannisabarreto/Desktop/repositorios/airflow_k/venv/lib/python3.10/site-packages/airflow/example_dags/example_kubernetes_executor.py took 0.025 seconds
[2023-03-01 11:13:17,104] {processor.py:153} INFO - Started process (PID=30009) to work on /Users/giovannisabarreto/Desktop/repositorios/airflow_k/venv/lib/python3.10/site-packages/airflow/example_dags/example_kubernetes_executor.py
[2023-03-01 11:13:17,105] {processor.py:641} INFO - Processing file /Users/giovannisabarreto/Desktop/repositorios/airflow_k/venv/lib/python3.10/site-packages/airflow/example_dags/example_kubernetes_executor.py for tasks to queue
[2023-03-01 11:13:17,105] {logging_mixin.py:115} INFO - [2023-03-01 11:13:17,105] {dagbag.py:507} INFO - Filling up the DagBag from /Users/giovannisabarreto/Desktop/repositorios/airflow_k/venv/lib/python3.10/site-packages/airflow/example_dags/example_kubernetes_executor.py
[2023-03-01 11:13:17,115] {logging_mixin.py:115} INFO - [2023-03-01 11:13:17,115] {example_kubernetes_executor.py:39} WARNING - The example_kubernetes_executor example DAG requires the kubernetes provider. Please install it with: pip install apache-airflow[cncf.kubernetes]
[2023-03-01 11:13:17,115] {processor.py:653} WARNING - No viable dags retrieved from /Users/giovannisabarreto/Desktop/repositorios/airflow_k/venv/lib/python3.10/site-packages/airflow/example_dags/example_kubernetes_executor.py
[2023-03-01 11:13:17,129] {processor.py:161} INFO - Processing /Users/giovannisabarreto/Desktop/repositorios/airflow_k/venv/lib/python3.10/site-packages/airflow/example_dags/example_kubernetes_executor.py took 0.025 seconds
[2023-03-01 11:14:06,312] {processor.py:153} INFO - Started process (PID=30095) to work on /Users/giovannisabarreto/Desktop/repositorios/airflow_k/venv/lib/python3.10/site-packages/airflow/example_dags/example_kubernetes_executor.py
[2023-03-01 11:14:06,313] {processor.py:641} INFO - Processing file /Users/giovannisabarreto/Desktop/repositorios/airflow_k/venv/lib/python3.10/site-packages/airflow/example_dags/example_kubernetes_executor.py for tasks to queue
[2023-03-01 11:14:06,314] {logging_mixin.py:115} INFO - [2023-03-01 11:14:06,314] {dagbag.py:507} INFO - Filling up the DagBag from /Users/giovannisabarreto/Desktop/repositorios/airflow_k/venv/lib/python3.10/site-packages/airflow/example_dags/example_kubernetes_executor.py
[2023-03-01 11:14:06,323] {logging_mixin.py:115} INFO - [2023-03-01 11:14:06,323] {example_kubernetes_executor.py:39} WARNING - The example_kubernetes_executor example DAG requires the kubernetes provider. Please install it with: pip install apache-airflow[cncf.kubernetes]
[2023-03-01 11:14:06,323] {processor.py:653} WARNING - No viable dags retrieved from /Users/giovannisabarreto/Desktop/repositorios/airflow_k/venv/lib/python3.10/site-packages/airflow/example_dags/example_kubernetes_executor.py
[2023-03-01 11:14:06,338] {processor.py:161} INFO - Processing /Users/giovannisabarreto/Desktop/repositorios/airflow_k/venv/lib/python3.10/site-packages/airflow/example_dags/example_kubernetes_executor.py took 0.026 seconds
[2023-03-01 11:14:49,649] {processor.py:153} INFO - Started process (PID=30239) to work on /Users/giovannisabarreto/Desktop/repositorios/airflow_k/venv/lib/python3.10/site-packages/airflow/example_dags/example_kubernetes_executor.py
[2023-03-01 11:14:49,649] {processor.py:641} INFO - Processing file /Users/giovannisabarreto/Desktop/repositorios/airflow_k/venv/lib/python3.10/site-packages/airflow/example_dags/example_kubernetes_executor.py for tasks to queue
[2023-03-01 11:14:49,649] {logging_mixin.py:115} INFO - [2023-03-01 11:14:49,649] {dagbag.py:507} INFO - Filling up the DagBag from /Users/giovannisabarreto/Desktop/repositorios/airflow_k/venv/lib/python3.10/site-packages/airflow/example_dags/example_kubernetes_executor.py
[2023-03-01 11:14:49,659] {logging_mixin.py:115} INFO - [2023-03-01 11:14:49,659] {example_kubernetes_executor.py:39} WARNING - The example_kubernetes_executor example DAG requires the kubernetes provider. Please install it with: pip install apache-airflow[cncf.kubernetes]
[2023-03-01 11:14:49,659] {processor.py:653} WARNING - No viable dags retrieved from /Users/giovannisabarreto/Desktop/repositorios/airflow_k/venv/lib/python3.10/site-packages/airflow/example_dags/example_kubernetes_executor.py
[2023-03-01 11:14:49,673] {processor.py:161} INFO - Processing /Users/giovannisabarreto/Desktop/repositorios/airflow_k/venv/lib/python3.10/site-packages/airflow/example_dags/example_kubernetes_executor.py took 0.025 seconds
[2023-03-01 11:15:33,410] {processor.py:153} INFO - Started process (PID=30345) to work on /Users/giovannisabarreto/Desktop/repositorios/airflow_k/venv/lib/python3.10/site-packages/airflow/example_dags/example_kubernetes_executor.py
[2023-03-01 11:15:33,410] {processor.py:641} INFO - Processing file /Users/giovannisabarreto/Desktop/repositorios/airflow_k/venv/lib/python3.10/site-packages/airflow/example_dags/example_kubernetes_executor.py for tasks to queue
[2023-03-01 11:15:33,411] {logging_mixin.py:115} INFO - [2023-03-01 11:15:33,411] {dagbag.py:507} INFO - Filling up the DagBag from /Users/giovannisabarreto/Desktop/repositorios/airflow_k/venv/lib/python3.10/site-packages/airflow/example_dags/example_kubernetes_executor.py
[2023-03-01 11:15:33,420] {logging_mixin.py:115} INFO - [2023-03-01 11:15:33,420] {example_kubernetes_executor.py:39} WARNING - The example_kubernetes_executor example DAG requires the kubernetes provider. Please install it with: pip install apache-airflow[cncf.kubernetes]
[2023-03-01 11:15:33,420] {processor.py:653} WARNING - No viable dags retrieved from /Users/giovannisabarreto/Desktop/repositorios/airflow_k/venv/lib/python3.10/site-packages/airflow/example_dags/example_kubernetes_executor.py
[2023-03-01 11:15:33,434] {processor.py:161} INFO - Processing /Users/giovannisabarreto/Desktop/repositorios/airflow_k/venv/lib/python3.10/site-packages/airflow/example_dags/example_kubernetes_executor.py took 0.024 seconds
[2023-03-01 11:16:16,517] {processor.py:153} INFO - Started process (PID=30420) to work on /Users/giovannisabarreto/Desktop/repositorios/airflow_k/venv/lib/python3.10/site-packages/airflow/example_dags/example_kubernetes_executor.py
[2023-03-01 11:16:16,517] {processor.py:641} INFO - Processing file /Users/giovannisabarreto/Desktop/repositorios/airflow_k/venv/lib/python3.10/site-packages/airflow/example_dags/example_kubernetes_executor.py for tasks to queue
[2023-03-01 11:16:16,517] {logging_mixin.py:115} INFO - [2023-03-01 11:16:16,517] {dagbag.py:507} INFO - Filling up the DagBag from /Users/giovannisabarreto/Desktop/repositorios/airflow_k/venv/lib/python3.10/site-packages/airflow/example_dags/example_kubernetes_executor.py
[2023-03-01 11:16:16,526] {logging_mixin.py:115} INFO - [2023-03-01 11:16:16,526] {example_kubernetes_executor.py:39} WARNING - The example_kubernetes_executor example DAG requires the kubernetes provider. Please install it with: pip install apache-airflow[cncf.kubernetes]
[2023-03-01 11:16:16,526] {processor.py:653} WARNING - No viable dags retrieved from /Users/giovannisabarreto/Desktop/repositorios/airflow_k/venv/lib/python3.10/site-packages/airflow/example_dags/example_kubernetes_executor.py
[2023-03-01 11:16:16,541] {processor.py:161} INFO - Processing /Users/giovannisabarreto/Desktop/repositorios/airflow_k/venv/lib/python3.10/site-packages/airflow/example_dags/example_kubernetes_executor.py took 0.024 seconds
[2023-03-01 11:17:03,004] {processor.py:153} INFO - Started process (PID=30512) to work on /Users/giovannisabarreto/Desktop/repositorios/airflow_k/venv/lib/python3.10/site-packages/airflow/example_dags/example_kubernetes_executor.py
[2023-03-01 11:17:03,005] {processor.py:641} INFO - Processing file /Users/giovannisabarreto/Desktop/repositorios/airflow_k/venv/lib/python3.10/site-packages/airflow/example_dags/example_kubernetes_executor.py for tasks to queue
[2023-03-01 11:17:03,005] {logging_mixin.py:115} INFO - [2023-03-01 11:17:03,005] {dagbag.py:507} INFO - Filling up the DagBag from /Users/giovannisabarreto/Desktop/repositorios/airflow_k/venv/lib/python3.10/site-packages/airflow/example_dags/example_kubernetes_executor.py
[2023-03-01 11:17:03,015] {logging_mixin.py:115} INFO - [2023-03-01 11:17:03,015] {example_kubernetes_executor.py:39} WARNING - The example_kubernetes_executor example DAG requires the kubernetes provider. Please install it with: pip install apache-airflow[cncf.kubernetes]
[2023-03-01 11:17:03,015] {processor.py:653} WARNING - No viable dags retrieved from /Users/giovannisabarreto/Desktop/repositorios/airflow_k/venv/lib/python3.10/site-packages/airflow/example_dags/example_kubernetes_executor.py
[2023-03-01 11:17:03,029] {processor.py:161} INFO - Processing /Users/giovannisabarreto/Desktop/repositorios/airflow_k/venv/lib/python3.10/site-packages/airflow/example_dags/example_kubernetes_executor.py took 0.026 seconds
[2023-03-01 11:17:46,122] {processor.py:153} INFO - Started process (PID=30590) to work on /Users/giovannisabarreto/Desktop/repositorios/airflow_k/venv/lib/python3.10/site-packages/airflow/example_dags/example_kubernetes_executor.py
[2023-03-01 11:17:46,123] {processor.py:641} INFO - Processing file /Users/giovannisabarreto/Desktop/repositorios/airflow_k/venv/lib/python3.10/site-packages/airflow/example_dags/example_kubernetes_executor.py for tasks to queue
[2023-03-01 11:17:46,123] {logging_mixin.py:115} INFO - [2023-03-01 11:17:46,123] {dagbag.py:507} INFO - Filling up the DagBag from /Users/giovannisabarreto/Desktop/repositorios/airflow_k/venv/lib/python3.10/site-packages/airflow/example_dags/example_kubernetes_executor.py
[2023-03-01 11:17:46,132] {logging_mixin.py:115} INFO - [2023-03-01 11:17:46,132] {example_kubernetes_executor.py:39} WARNING - The example_kubernetes_executor example DAG requires the kubernetes provider. Please install it with: pip install apache-airflow[cncf.kubernetes]
[2023-03-01 11:17:46,133] {processor.py:653} WARNING - No viable dags retrieved from /Users/giovannisabarreto/Desktop/repositorios/airflow_k/venv/lib/python3.10/site-packages/airflow/example_dags/example_kubernetes_executor.py
[2023-03-01 11:17:46,147] {processor.py:161} INFO - Processing /Users/giovannisabarreto/Desktop/repositorios/airflow_k/venv/lib/python3.10/site-packages/airflow/example_dags/example_kubernetes_executor.py took 0.025 seconds
[2023-03-01 11:18:35,638] {processor.py:153} INFO - Started process (PID=30682) to work on /Users/giovannisabarreto/Desktop/repositorios/airflow_k/venv/lib/python3.10/site-packages/airflow/example_dags/example_kubernetes_executor.py
[2023-03-01 11:18:35,638] {processor.py:641} INFO - Processing file /Users/giovannisabarreto/Desktop/repositorios/airflow_k/venv/lib/python3.10/site-packages/airflow/example_dags/example_kubernetes_executor.py for tasks to queue
[2023-03-01 11:18:35,638] {logging_mixin.py:115} INFO - [2023-03-01 11:18:35,638] {dagbag.py:507} INFO - Filling up the DagBag from /Users/giovannisabarreto/Desktop/repositorios/airflow_k/venv/lib/python3.10/site-packages/airflow/example_dags/example_kubernetes_executor.py
[2023-03-01 11:18:35,648] {logging_mixin.py:115} INFO - [2023-03-01 11:18:35,648] {example_kubernetes_executor.py:39} WARNING - The example_kubernetes_executor example DAG requires the kubernetes provider. Please install it with: pip install apache-airflow[cncf.kubernetes]
[2023-03-01 11:18:35,648] {processor.py:653} WARNING - No viable dags retrieved from /Users/giovannisabarreto/Desktop/repositorios/airflow_k/venv/lib/python3.10/site-packages/airflow/example_dags/example_kubernetes_executor.py
[2023-03-01 11:18:35,662] {processor.py:161} INFO - Processing /Users/giovannisabarreto/Desktop/repositorios/airflow_k/venv/lib/python3.10/site-packages/airflow/example_dags/example_kubernetes_executor.py took 0.024 seconds
[2023-03-01 11:19:24,353] {processor.py:153} INFO - Started process (PID=30779) to work on /Users/giovannisabarreto/Desktop/repositorios/airflow_k/venv/lib/python3.10/site-packages/airflow/example_dags/example_kubernetes_executor.py
[2023-03-01 11:19:24,353] {processor.py:641} INFO - Processing file /Users/giovannisabarreto/Desktop/repositorios/airflow_k/venv/lib/python3.10/site-packages/airflow/example_dags/example_kubernetes_executor.py for tasks to queue
[2023-03-01 11:19:24,353] {logging_mixin.py:115} INFO - [2023-03-01 11:19:24,353] {dagbag.py:507} INFO - Filling up the DagBag from /Users/giovannisabarreto/Desktop/repositorios/airflow_k/venv/lib/python3.10/site-packages/airflow/example_dags/example_kubernetes_executor.py
[2023-03-01 11:19:24,363] {logging_mixin.py:115} INFO - [2023-03-01 11:19:24,363] {example_kubernetes_executor.py:39} WARNING - The example_kubernetes_executor example DAG requires the kubernetes provider. Please install it with: pip install apache-airflow[cncf.kubernetes]
[2023-03-01 11:19:24,363] {processor.py:653} WARNING - No viable dags retrieved from /Users/giovannisabarreto/Desktop/repositorios/airflow_k/venv/lib/python3.10/site-packages/airflow/example_dags/example_kubernetes_executor.py
[2023-03-01 11:19:24,378] {processor.py:161} INFO - Processing /Users/giovannisabarreto/Desktop/repositorios/airflow_k/venv/lib/python3.10/site-packages/airflow/example_dags/example_kubernetes_executor.py took 0.025 seconds
[2023-03-01 11:20:11,746] {processor.py:153} INFO - Started process (PID=30863) to work on /Users/giovannisabarreto/Desktop/repositorios/airflow_k/venv/lib/python3.10/site-packages/airflow/example_dags/example_kubernetes_executor.py
[2023-03-01 11:20:11,747] {processor.py:641} INFO - Processing file /Users/giovannisabarreto/Desktop/repositorios/airflow_k/venv/lib/python3.10/site-packages/airflow/example_dags/example_kubernetes_executor.py for tasks to queue
[2023-03-01 11:20:11,747] {logging_mixin.py:115} INFO - [2023-03-01 11:20:11,747] {dagbag.py:507} INFO - Filling up the DagBag from /Users/giovannisabarreto/Desktop/repositorios/airflow_k/venv/lib/python3.10/site-packages/airflow/example_dags/example_kubernetes_executor.py
[2023-03-01 11:20:11,757] {logging_mixin.py:115} INFO - [2023-03-01 11:20:11,757] {example_kubernetes_executor.py:39} WARNING - The example_kubernetes_executor example DAG requires the kubernetes provider. Please install it with: pip install apache-airflow[cncf.kubernetes]
[2023-03-01 11:20:11,757] {processor.py:653} WARNING - No viable dags retrieved from /Users/giovannisabarreto/Desktop/repositorios/airflow_k/venv/lib/python3.10/site-packages/airflow/example_dags/example_kubernetes_executor.py
[2023-03-01 11:20:11,771] {processor.py:161} INFO - Processing /Users/giovannisabarreto/Desktop/repositorios/airflow_k/venv/lib/python3.10/site-packages/airflow/example_dags/example_kubernetes_executor.py took 0.024 seconds
[2023-03-01 11:20:55,142] {processor.py:153} INFO - Started process (PID=30939) to work on /Users/giovannisabarreto/Desktop/repositorios/airflow_k/venv/lib/python3.10/site-packages/airflow/example_dags/example_kubernetes_executor.py
[2023-03-01 11:20:55,143] {processor.py:641} INFO - Processing file /Users/giovannisabarreto/Desktop/repositorios/airflow_k/venv/lib/python3.10/site-packages/airflow/example_dags/example_kubernetes_executor.py for tasks to queue
[2023-03-01 11:20:55,143] {logging_mixin.py:115} INFO - [2023-03-01 11:20:55,143] {dagbag.py:507} INFO - Filling up the DagBag from /Users/giovannisabarreto/Desktop/repositorios/airflow_k/venv/lib/python3.10/site-packages/airflow/example_dags/example_kubernetes_executor.py
[2023-03-01 11:20:55,153] {logging_mixin.py:115} INFO - [2023-03-01 11:20:55,153] {example_kubernetes_executor.py:39} WARNING - The example_kubernetes_executor example DAG requires the kubernetes provider. Please install it with: pip install apache-airflow[cncf.kubernetes]
[2023-03-01 11:20:55,153] {processor.py:653} WARNING - No viable dags retrieved from /Users/giovannisabarreto/Desktop/repositorios/airflow_k/venv/lib/python3.10/site-packages/airflow/example_dags/example_kubernetes_executor.py
[2023-03-01 11:20:55,167] {processor.py:161} INFO - Processing /Users/giovannisabarreto/Desktop/repositorios/airflow_k/venv/lib/python3.10/site-packages/airflow/example_dags/example_kubernetes_executor.py took 0.026 seconds
[2023-03-01 11:21:38,394] {processor.py:153} INFO - Started process (PID=31026) to work on /Users/giovannisabarreto/Desktop/repositorios/airflow_k/venv/lib/python3.10/site-packages/airflow/example_dags/example_kubernetes_executor.py
[2023-03-01 11:21:38,395] {processor.py:641} INFO - Processing file /Users/giovannisabarreto/Desktop/repositorios/airflow_k/venv/lib/python3.10/site-packages/airflow/example_dags/example_kubernetes_executor.py for tasks to queue
[2023-03-01 11:21:38,395] {logging_mixin.py:115} INFO - [2023-03-01 11:21:38,395] {dagbag.py:507} INFO - Filling up the DagBag from /Users/giovannisabarreto/Desktop/repositorios/airflow_k/venv/lib/python3.10/site-packages/airflow/example_dags/example_kubernetes_executor.py
[2023-03-01 11:21:38,405] {logging_mixin.py:115} INFO - [2023-03-01 11:21:38,405] {example_kubernetes_executor.py:39} WARNING - The example_kubernetes_executor example DAG requires the kubernetes provider. Please install it with: pip install apache-airflow[cncf.kubernetes]
[2023-03-01 11:21:38,405] {processor.py:653} WARNING - No viable dags retrieved from /Users/giovannisabarreto/Desktop/repositorios/airflow_k/venv/lib/python3.10/site-packages/airflow/example_dags/example_kubernetes_executor.py
[2023-03-01 11:21:38,419] {processor.py:161} INFO - Processing /Users/giovannisabarreto/Desktop/repositorios/airflow_k/venv/lib/python3.10/site-packages/airflow/example_dags/example_kubernetes_executor.py took 0.026 seconds
[2023-03-01 11:22:21,734] {processor.py:153} INFO - Started process (PID=31135) to work on /Users/giovannisabarreto/Desktop/repositorios/airflow_k/venv/lib/python3.10/site-packages/airflow/example_dags/example_kubernetes_executor.py
[2023-03-01 11:22:21,735] {processor.py:641} INFO - Processing file /Users/giovannisabarreto/Desktop/repositorios/airflow_k/venv/lib/python3.10/site-packages/airflow/example_dags/example_kubernetes_executor.py for tasks to queue
[2023-03-01 11:22:21,736] {logging_mixin.py:115} INFO - [2023-03-01 11:22:21,736] {dagbag.py:507} INFO - Filling up the DagBag from /Users/giovannisabarreto/Desktop/repositorios/airflow_k/venv/lib/python3.10/site-packages/airflow/example_dags/example_kubernetes_executor.py
[2023-03-01 11:22:21,745] {logging_mixin.py:115} INFO - [2023-03-01 11:22:21,745] {example_kubernetes_executor.py:39} WARNING - The example_kubernetes_executor example DAG requires the kubernetes provider. Please install it with: pip install apache-airflow[cncf.kubernetes]
[2023-03-01 11:22:21,745] {processor.py:653} WARNING - No viable dags retrieved from /Users/giovannisabarreto/Desktop/repositorios/airflow_k/venv/lib/python3.10/site-packages/airflow/example_dags/example_kubernetes_executor.py
[2023-03-01 11:22:21,759] {processor.py:161} INFO - Processing /Users/giovannisabarreto/Desktop/repositorios/airflow_k/venv/lib/python3.10/site-packages/airflow/example_dags/example_kubernetes_executor.py took 0.025 seconds
[2023-03-01 11:23:08,608] {processor.py:153} INFO - Started process (PID=31226) to work on /Users/giovannisabarreto/Desktop/repositorios/airflow_k/venv/lib/python3.10/site-packages/airflow/example_dags/example_kubernetes_executor.py
[2023-03-01 11:23:08,608] {processor.py:641} INFO - Processing file /Users/giovannisabarreto/Desktop/repositorios/airflow_k/venv/lib/python3.10/site-packages/airflow/example_dags/example_kubernetes_executor.py for tasks to queue
[2023-03-01 11:23:08,608] {logging_mixin.py:115} INFO - [2023-03-01 11:23:08,608] {dagbag.py:507} INFO - Filling up the DagBag from /Users/giovannisabarreto/Desktop/repositorios/airflow_k/venv/lib/python3.10/site-packages/airflow/example_dags/example_kubernetes_executor.py
[2023-03-01 11:23:08,618] {logging_mixin.py:115} INFO - [2023-03-01 11:23:08,618] {example_kubernetes_executor.py:39} WARNING - The example_kubernetes_executor example DAG requires the kubernetes provider. Please install it with: pip install apache-airflow[cncf.kubernetes]
[2023-03-01 11:23:08,618] {processor.py:653} WARNING - No viable dags retrieved from /Users/giovannisabarreto/Desktop/repositorios/airflow_k/venv/lib/python3.10/site-packages/airflow/example_dags/example_kubernetes_executor.py
[2023-03-01 11:23:08,632] {processor.py:161} INFO - Processing /Users/giovannisabarreto/Desktop/repositorios/airflow_k/venv/lib/python3.10/site-packages/airflow/example_dags/example_kubernetes_executor.py took 0.024 seconds
[2023-03-01 11:23:54,889] {processor.py:153} INFO - Started process (PID=31308) to work on /Users/giovannisabarreto/Desktop/repositorios/airflow_k/venv/lib/python3.10/site-packages/airflow/example_dags/example_kubernetes_executor.py
[2023-03-01 11:23:54,889] {processor.py:641} INFO - Processing file /Users/giovannisabarreto/Desktop/repositorios/airflow_k/venv/lib/python3.10/site-packages/airflow/example_dags/example_kubernetes_executor.py for tasks to queue
[2023-03-01 11:23:54,890] {logging_mixin.py:115} INFO - [2023-03-01 11:23:54,890] {dagbag.py:507} INFO - Filling up the DagBag from /Users/giovannisabarreto/Desktop/repositorios/airflow_k/venv/lib/python3.10/site-packages/airflow/example_dags/example_kubernetes_executor.py
[2023-03-01 11:23:54,899] {logging_mixin.py:115} INFO - [2023-03-01 11:23:54,899] {example_kubernetes_executor.py:39} WARNING - The example_kubernetes_executor example DAG requires the kubernetes provider. Please install it with: pip install apache-airflow[cncf.kubernetes]
[2023-03-01 11:23:54,899] {processor.py:653} WARNING - No viable dags retrieved from /Users/giovannisabarreto/Desktop/repositorios/airflow_k/venv/lib/python3.10/site-packages/airflow/example_dags/example_kubernetes_executor.py
[2023-03-01 11:23:54,914] {processor.py:161} INFO - Processing /Users/giovannisabarreto/Desktop/repositorios/airflow_k/venv/lib/python3.10/site-packages/airflow/example_dags/example_kubernetes_executor.py took 0.025 seconds
[2023-03-01 11:24:42,344] {processor.py:153} INFO - Started process (PID=31411) to work on /Users/giovannisabarreto/Desktop/repositorios/airflow_k/venv/lib/python3.10/site-packages/airflow/example_dags/example_kubernetes_executor.py
[2023-03-01 11:24:42,344] {processor.py:641} INFO - Processing file /Users/giovannisabarreto/Desktop/repositorios/airflow_k/venv/lib/python3.10/site-packages/airflow/example_dags/example_kubernetes_executor.py for tasks to queue
[2023-03-01 11:24:42,345] {logging_mixin.py:115} INFO - [2023-03-01 11:24:42,344] {dagbag.py:507} INFO - Filling up the DagBag from /Users/giovannisabarreto/Desktop/repositorios/airflow_k/venv/lib/python3.10/site-packages/airflow/example_dags/example_kubernetes_executor.py
[2023-03-01 11:24:42,354] {logging_mixin.py:115} INFO - [2023-03-01 11:24:42,354] {example_kubernetes_executor.py:39} WARNING - The example_kubernetes_executor example DAG requires the kubernetes provider. Please install it with: pip install apache-airflow[cncf.kubernetes]
[2023-03-01 11:24:42,354] {processor.py:653} WARNING - No viable dags retrieved from /Users/giovannisabarreto/Desktop/repositorios/airflow_k/venv/lib/python3.10/site-packages/airflow/example_dags/example_kubernetes_executor.py
[2023-03-01 11:24:42,368] {processor.py:161} INFO - Processing /Users/giovannisabarreto/Desktop/repositorios/airflow_k/venv/lib/python3.10/site-packages/airflow/example_dags/example_kubernetes_executor.py took 0.025 seconds
[2023-03-01 11:25:25,379] {processor.py:153} INFO - Started process (PID=31489) to work on /Users/giovannisabarreto/Desktop/repositorios/airflow_k/venv/lib/python3.10/site-packages/airflow/example_dags/example_kubernetes_executor.py
[2023-03-01 11:25:25,380] {processor.py:641} INFO - Processing file /Users/giovannisabarreto/Desktop/repositorios/airflow_k/venv/lib/python3.10/site-packages/airflow/example_dags/example_kubernetes_executor.py for tasks to queue
[2023-03-01 11:25:25,380] {logging_mixin.py:115} INFO - [2023-03-01 11:25:25,380] {dagbag.py:507} INFO - Filling up the DagBag from /Users/giovannisabarreto/Desktop/repositorios/airflow_k/venv/lib/python3.10/site-packages/airflow/example_dags/example_kubernetes_executor.py
[2023-03-01 11:25:25,391] {logging_mixin.py:115} INFO - [2023-03-01 11:25:25,391] {example_kubernetes_executor.py:39} WARNING - The example_kubernetes_executor example DAG requires the kubernetes provider. Please install it with: pip install apache-airflow[cncf.kubernetes]
[2023-03-01 11:25:25,391] {processor.py:653} WARNING - No viable dags retrieved from /Users/giovannisabarreto/Desktop/repositorios/airflow_k/venv/lib/python3.10/site-packages/airflow/example_dags/example_kubernetes_executor.py
[2023-03-01 11:25:25,406] {processor.py:161} INFO - Processing /Users/giovannisabarreto/Desktop/repositorios/airflow_k/venv/lib/python3.10/site-packages/airflow/example_dags/example_kubernetes_executor.py took 0.027 seconds
[2023-03-01 11:26:07,388] {processor.py:153} INFO - Started process (PID=31562) to work on /Users/giovannisabarreto/Desktop/repositorios/airflow_k/venv/lib/python3.10/site-packages/airflow/example_dags/example_kubernetes_executor.py
[2023-03-01 11:26:07,389] {processor.py:641} INFO - Processing file /Users/giovannisabarreto/Desktop/repositorios/airflow_k/venv/lib/python3.10/site-packages/airflow/example_dags/example_kubernetes_executor.py for tasks to queue
[2023-03-01 11:26:07,390] {logging_mixin.py:115} INFO - [2023-03-01 11:26:07,390] {dagbag.py:507} INFO - Filling up the DagBag from /Users/giovannisabarreto/Desktop/repositorios/airflow_k/venv/lib/python3.10/site-packages/airflow/example_dags/example_kubernetes_executor.py
[2023-03-01 11:26:07,399] {logging_mixin.py:115} INFO - [2023-03-01 11:26:07,399] {example_kubernetes_executor.py:39} WARNING - The example_kubernetes_executor example DAG requires the kubernetes provider. Please install it with: pip install apache-airflow[cncf.kubernetes]
[2023-03-01 11:26:07,399] {processor.py:653} WARNING - No viable dags retrieved from /Users/giovannisabarreto/Desktop/repositorios/airflow_k/venv/lib/python3.10/site-packages/airflow/example_dags/example_kubernetes_executor.py
[2023-03-01 11:26:07,413] {processor.py:161} INFO - Processing /Users/giovannisabarreto/Desktop/repositorios/airflow_k/venv/lib/python3.10/site-packages/airflow/example_dags/example_kubernetes_executor.py took 0.025 seconds
[2023-03-01 11:26:51,084] {processor.py:153} INFO - Started process (PID=31639) to work on /Users/giovannisabarreto/Desktop/repositorios/airflow_k/venv/lib/python3.10/site-packages/airflow/example_dags/example_kubernetes_executor.py
[2023-03-01 11:26:51,084] {processor.py:641} INFO - Processing file /Users/giovannisabarreto/Desktop/repositorios/airflow_k/venv/lib/python3.10/site-packages/airflow/example_dags/example_kubernetes_executor.py for tasks to queue
[2023-03-01 11:26:51,084] {logging_mixin.py:115} INFO - [2023-03-01 11:26:51,084] {dagbag.py:507} INFO - Filling up the DagBag from /Users/giovannisabarreto/Desktop/repositorios/airflow_k/venv/lib/python3.10/site-packages/airflow/example_dags/example_kubernetes_executor.py
[2023-03-01 11:26:51,094] {logging_mixin.py:115} INFO - [2023-03-01 11:26:51,093] {example_kubernetes_executor.py:39} WARNING - The example_kubernetes_executor example DAG requires the kubernetes provider. Please install it with: pip install apache-airflow[cncf.kubernetes]
[2023-03-01 11:26:51,094] {processor.py:653} WARNING - No viable dags retrieved from /Users/giovannisabarreto/Desktop/repositorios/airflow_k/venv/lib/python3.10/site-packages/airflow/example_dags/example_kubernetes_executor.py
[2023-03-01 11:26:51,108] {processor.py:161} INFO - Processing /Users/giovannisabarreto/Desktop/repositorios/airflow_k/venv/lib/python3.10/site-packages/airflow/example_dags/example_kubernetes_executor.py took 0.024 seconds
[2023-03-01 11:27:34,619] {processor.py:153} INFO - Started process (PID=31748) to work on /Users/giovannisabarreto/Desktop/repositorios/airflow_k/venv/lib/python3.10/site-packages/airflow/example_dags/example_kubernetes_executor.py
[2023-03-01 11:27:34,620] {processor.py:641} INFO - Processing file /Users/giovannisabarreto/Desktop/repositorios/airflow_k/venv/lib/python3.10/site-packages/airflow/example_dags/example_kubernetes_executor.py for tasks to queue
[2023-03-01 11:27:34,620] {logging_mixin.py:115} INFO - [2023-03-01 11:27:34,620] {dagbag.py:507} INFO - Filling up the DagBag from /Users/giovannisabarreto/Desktop/repositorios/airflow_k/venv/lib/python3.10/site-packages/airflow/example_dags/example_kubernetes_executor.py
[2023-03-01 11:27:34,630] {logging_mixin.py:115} INFO - [2023-03-01 11:27:34,630] {example_kubernetes_executor.py:39} WARNING - The example_kubernetes_executor example DAG requires the kubernetes provider. Please install it with: pip install apache-airflow[cncf.kubernetes]
[2023-03-01 11:27:34,630] {processor.py:653} WARNING - No viable dags retrieved from /Users/giovannisabarreto/Desktop/repositorios/airflow_k/venv/lib/python3.10/site-packages/airflow/example_dags/example_kubernetes_executor.py
[2023-03-01 11:27:34,645] {processor.py:161} INFO - Processing /Users/giovannisabarreto/Desktop/repositorios/airflow_k/venv/lib/python3.10/site-packages/airflow/example_dags/example_kubernetes_executor.py took 0.027 seconds
[2023-03-01 11:28:21,891] {processor.py:153} INFO - Started process (PID=31840) to work on /Users/giovannisabarreto/Desktop/repositorios/airflow_k/venv/lib/python3.10/site-packages/airflow/example_dags/example_kubernetes_executor.py
[2023-03-01 11:28:21,892] {processor.py:641} INFO - Processing file /Users/giovannisabarreto/Desktop/repositorios/airflow_k/venv/lib/python3.10/site-packages/airflow/example_dags/example_kubernetes_executor.py for tasks to queue
[2023-03-01 11:28:21,892] {logging_mixin.py:115} INFO - [2023-03-01 11:28:21,892] {dagbag.py:507} INFO - Filling up the DagBag from /Users/giovannisabarreto/Desktop/repositorios/airflow_k/venv/lib/python3.10/site-packages/airflow/example_dags/example_kubernetes_executor.py
[2023-03-01 11:28:21,902] {logging_mixin.py:115} INFO - [2023-03-01 11:28:21,902] {example_kubernetes_executor.py:39} WARNING - The example_kubernetes_executor example DAG requires the kubernetes provider. Please install it with: pip install apache-airflow[cncf.kubernetes]
[2023-03-01 11:28:21,902] {processor.py:653} WARNING - No viable dags retrieved from /Users/giovannisabarreto/Desktop/repositorios/airflow_k/venv/lib/python3.10/site-packages/airflow/example_dags/example_kubernetes_executor.py
[2023-03-01 11:28:21,916] {processor.py:161} INFO - Processing /Users/giovannisabarreto/Desktop/repositorios/airflow_k/venv/lib/python3.10/site-packages/airflow/example_dags/example_kubernetes_executor.py took 0.025 seconds
[2023-03-01 11:29:06,233] {processor.py:153} INFO - Started process (PID=31919) to work on /Users/giovannisabarreto/Desktop/repositorios/airflow_k/venv/lib/python3.10/site-packages/airflow/example_dags/example_kubernetes_executor.py
[2023-03-01 11:29:06,234] {processor.py:641} INFO - Processing file /Users/giovannisabarreto/Desktop/repositorios/airflow_k/venv/lib/python3.10/site-packages/airflow/example_dags/example_kubernetes_executor.py for tasks to queue
[2023-03-01 11:29:06,234] {logging_mixin.py:115} INFO - [2023-03-01 11:29:06,234] {dagbag.py:507} INFO - Filling up the DagBag from /Users/giovannisabarreto/Desktop/repositorios/airflow_k/venv/lib/python3.10/site-packages/airflow/example_dags/example_kubernetes_executor.py
[2023-03-01 11:29:06,243] {logging_mixin.py:115} INFO - [2023-03-01 11:29:06,243] {example_kubernetes_executor.py:39} WARNING - The example_kubernetes_executor example DAG requires the kubernetes provider. Please install it with: pip install apache-airflow[cncf.kubernetes]
[2023-03-01 11:29:06,243] {processor.py:653} WARNING - No viable dags retrieved from /Users/giovannisabarreto/Desktop/repositorios/airflow_k/venv/lib/python3.10/site-packages/airflow/example_dags/example_kubernetes_executor.py
[2023-03-01 11:29:06,258] {processor.py:161} INFO - Processing /Users/giovannisabarreto/Desktop/repositorios/airflow_k/venv/lib/python3.10/site-packages/airflow/example_dags/example_kubernetes_executor.py took 0.025 seconds
[2023-03-01 11:29:46,771] {processor.py:153} INFO - Started process (PID=32016) to work on /Users/giovannisabarreto/Desktop/repositorios/airflow_k/venv/lib/python3.10/site-packages/airflow/example_dags/example_kubernetes_executor.py
[2023-03-01 11:29:46,772] {processor.py:641} INFO - Processing file /Users/giovannisabarreto/Desktop/repositorios/airflow_k/venv/lib/python3.10/site-packages/airflow/example_dags/example_kubernetes_executor.py for tasks to queue
[2023-03-01 11:29:46,772] {logging_mixin.py:115} INFO - [2023-03-01 11:29:46,772] {dagbag.py:507} INFO - Filling up the DagBag from /Users/giovannisabarreto/Desktop/repositorios/airflow_k/venv/lib/python3.10/site-packages/airflow/example_dags/example_kubernetes_executor.py
[2023-03-01 11:29:46,782] {logging_mixin.py:115} INFO - [2023-03-01 11:29:46,782] {example_kubernetes_executor.py:39} WARNING - The example_kubernetes_executor example DAG requires the kubernetes provider. Please install it with: pip install apache-airflow[cncf.kubernetes]
[2023-03-01 11:29:46,782] {processor.py:653} WARNING - No viable dags retrieved from /Users/giovannisabarreto/Desktop/repositorios/airflow_k/venv/lib/python3.10/site-packages/airflow/example_dags/example_kubernetes_executor.py
[2023-03-01 11:29:46,796] {processor.py:161} INFO - Processing /Users/giovannisabarreto/Desktop/repositorios/airflow_k/venv/lib/python3.10/site-packages/airflow/example_dags/example_kubernetes_executor.py took 0.025 seconds
[2023-03-01 11:30:30,744] {processor.py:153} INFO - Started process (PID=32099) to work on /Users/giovannisabarreto/Desktop/repositorios/airflow_k/venv/lib/python3.10/site-packages/airflow/example_dags/example_kubernetes_executor.py
[2023-03-01 11:30:30,744] {processor.py:641} INFO - Processing file /Users/giovannisabarreto/Desktop/repositorios/airflow_k/venv/lib/python3.10/site-packages/airflow/example_dags/example_kubernetes_executor.py for tasks to queue
[2023-03-01 11:30:30,744] {logging_mixin.py:115} INFO - [2023-03-01 11:30:30,744] {dagbag.py:507} INFO - Filling up the DagBag from /Users/giovannisabarreto/Desktop/repositorios/airflow_k/venv/lib/python3.10/site-packages/airflow/example_dags/example_kubernetes_executor.py
[2023-03-01 11:30:30,753] {logging_mixin.py:115} INFO - [2023-03-01 11:30:30,753] {example_kubernetes_executor.py:39} WARNING - The example_kubernetes_executor example DAG requires the kubernetes provider. Please install it with: pip install apache-airflow[cncf.kubernetes]
[2023-03-01 11:30:30,753] {processor.py:653} WARNING - No viable dags retrieved from /Users/giovannisabarreto/Desktop/repositorios/airflow_k/venv/lib/python3.10/site-packages/airflow/example_dags/example_kubernetes_executor.py
[2023-03-01 11:30:30,767] {processor.py:161} INFO - Processing /Users/giovannisabarreto/Desktop/repositorios/airflow_k/venv/lib/python3.10/site-packages/airflow/example_dags/example_kubernetes_executor.py took 0.024 seconds
[2023-03-01 11:31:12,440] {processor.py:153} INFO - Started process (PID=32179) to work on /Users/giovannisabarreto/Desktop/repositorios/airflow_k/venv/lib/python3.10/site-packages/airflow/example_dags/example_kubernetes_executor.py
[2023-03-01 11:31:12,441] {processor.py:641} INFO - Processing file /Users/giovannisabarreto/Desktop/repositorios/airflow_k/venv/lib/python3.10/site-packages/airflow/example_dags/example_kubernetes_executor.py for tasks to queue
[2023-03-01 11:31:12,441] {logging_mixin.py:115} INFO - [2023-03-01 11:31:12,441] {dagbag.py:507} INFO - Filling up the DagBag from /Users/giovannisabarreto/Desktop/repositorios/airflow_k/venv/lib/python3.10/site-packages/airflow/example_dags/example_kubernetes_executor.py
[2023-03-01 11:31:12,451] {logging_mixin.py:115} INFO - [2023-03-01 11:31:12,451] {example_kubernetes_executor.py:39} WARNING - The example_kubernetes_executor example DAG requires the kubernetes provider. Please install it with: pip install apache-airflow[cncf.kubernetes]
[2023-03-01 11:31:12,451] {processor.py:653} WARNING - No viable dags retrieved from /Users/giovannisabarreto/Desktop/repositorios/airflow_k/venv/lib/python3.10/site-packages/airflow/example_dags/example_kubernetes_executor.py
[2023-03-01 11:31:12,465] {processor.py:161} INFO - Processing /Users/giovannisabarreto/Desktop/repositorios/airflow_k/venv/lib/python3.10/site-packages/airflow/example_dags/example_kubernetes_executor.py took 0.025 seconds
[2023-03-01 11:31:59,997] {processor.py:153} INFO - Started process (PID=32264) to work on /Users/giovannisabarreto/Desktop/repositorios/airflow_k/venv/lib/python3.10/site-packages/airflow/example_dags/example_kubernetes_executor.py
[2023-03-01 11:31:59,998] {processor.py:641} INFO - Processing file /Users/giovannisabarreto/Desktop/repositorios/airflow_k/venv/lib/python3.10/site-packages/airflow/example_dags/example_kubernetes_executor.py for tasks to queue
[2023-03-01 11:31:59,998] {logging_mixin.py:115} INFO - [2023-03-01 11:31:59,998] {dagbag.py:507} INFO - Filling up the DagBag from /Users/giovannisabarreto/Desktop/repositorios/airflow_k/venv/lib/python3.10/site-packages/airflow/example_dags/example_kubernetes_executor.py
[2023-03-01 11:32:00,008] {logging_mixin.py:115} INFO - [2023-03-01 11:32:00,008] {example_kubernetes_executor.py:39} WARNING - The example_kubernetes_executor example DAG requires the kubernetes provider. Please install it with: pip install apache-airflow[cncf.kubernetes]
[2023-03-01 11:32:00,008] {processor.py:653} WARNING - No viable dags retrieved from /Users/giovannisabarreto/Desktop/repositorios/airflow_k/venv/lib/python3.10/site-packages/airflow/example_dags/example_kubernetes_executor.py
[2023-03-01 11:32:00,023] {processor.py:161} INFO - Processing /Users/giovannisabarreto/Desktop/repositorios/airflow_k/venv/lib/python3.10/site-packages/airflow/example_dags/example_kubernetes_executor.py took 0.026 seconds
[2023-03-01 11:32:44,995] {processor.py:153} INFO - Started process (PID=32352) to work on /Users/giovannisabarreto/Desktop/repositorios/airflow_k/venv/lib/python3.10/site-packages/airflow/example_dags/example_kubernetes_executor.py
[2023-03-01 11:32:44,995] {processor.py:641} INFO - Processing file /Users/giovannisabarreto/Desktop/repositorios/airflow_k/venv/lib/python3.10/site-packages/airflow/example_dags/example_kubernetes_executor.py for tasks to queue
[2023-03-01 11:32:44,996] {logging_mixin.py:115} INFO - [2023-03-01 11:32:44,996] {dagbag.py:507} INFO - Filling up the DagBag from /Users/giovannisabarreto/Desktop/repositorios/airflow_k/venv/lib/python3.10/site-packages/airflow/example_dags/example_kubernetes_executor.py
[2023-03-01 11:32:45,005] {logging_mixin.py:115} INFO - [2023-03-01 11:32:45,005] {example_kubernetes_executor.py:39} WARNING - The example_kubernetes_executor example DAG requires the kubernetes provider. Please install it with: pip install apache-airflow[cncf.kubernetes]
[2023-03-01 11:32:45,005] {processor.py:653} WARNING - No viable dags retrieved from /Users/giovannisabarreto/Desktop/repositorios/airflow_k/venv/lib/python3.10/site-packages/airflow/example_dags/example_kubernetes_executor.py
[2023-03-01 11:32:45,019] {processor.py:161} INFO - Processing /Users/giovannisabarreto/Desktop/repositorios/airflow_k/venv/lib/python3.10/site-packages/airflow/example_dags/example_kubernetes_executor.py took 0.024 seconds
[2023-03-01 11:33:29,413] {processor.py:153} INFO - Started process (PID=32434) to work on /Users/giovannisabarreto/Desktop/repositorios/airflow_k/venv/lib/python3.10/site-packages/airflow/example_dags/example_kubernetes_executor.py
[2023-03-01 11:33:29,413] {processor.py:641} INFO - Processing file /Users/giovannisabarreto/Desktop/repositorios/airflow_k/venv/lib/python3.10/site-packages/airflow/example_dags/example_kubernetes_executor.py for tasks to queue
[2023-03-01 11:33:29,413] {logging_mixin.py:115} INFO - [2023-03-01 11:33:29,413] {dagbag.py:507} INFO - Filling up the DagBag from /Users/giovannisabarreto/Desktop/repositorios/airflow_k/venv/lib/python3.10/site-packages/airflow/example_dags/example_kubernetes_executor.py
[2023-03-01 11:33:29,422] {logging_mixin.py:115} INFO - [2023-03-01 11:33:29,422] {example_kubernetes_executor.py:39} WARNING - The example_kubernetes_executor example DAG requires the kubernetes provider. Please install it with: pip install apache-airflow[cncf.kubernetes]
[2023-03-01 11:33:29,422] {processor.py:653} WARNING - No viable dags retrieved from /Users/giovannisabarreto/Desktop/repositorios/airflow_k/venv/lib/python3.10/site-packages/airflow/example_dags/example_kubernetes_executor.py
[2023-03-01 11:33:29,437] {processor.py:161} INFO - Processing /Users/giovannisabarreto/Desktop/repositorios/airflow_k/venv/lib/python3.10/site-packages/airflow/example_dags/example_kubernetes_executor.py took 0.024 seconds
[2023-03-01 11:34:18,236] {processor.py:153} INFO - Started process (PID=32533) to work on /Users/giovannisabarreto/Desktop/repositorios/airflow_k/venv/lib/python3.10/site-packages/airflow/example_dags/example_kubernetes_executor.py
[2023-03-01 11:34:18,236] {processor.py:641} INFO - Processing file /Users/giovannisabarreto/Desktop/repositorios/airflow_k/venv/lib/python3.10/site-packages/airflow/example_dags/example_kubernetes_executor.py for tasks to queue
[2023-03-01 11:34:18,236] {logging_mixin.py:115} INFO - [2023-03-01 11:34:18,236] {dagbag.py:507} INFO - Filling up the DagBag from /Users/giovannisabarreto/Desktop/repositorios/airflow_k/venv/lib/python3.10/site-packages/airflow/example_dags/example_kubernetes_executor.py
[2023-03-01 11:34:18,246] {logging_mixin.py:115} INFO - [2023-03-01 11:34:18,246] {example_kubernetes_executor.py:39} WARNING - The example_kubernetes_executor example DAG requires the kubernetes provider. Please install it with: pip install apache-airflow[cncf.kubernetes]
[2023-03-01 11:34:18,246] {processor.py:653} WARNING - No viable dags retrieved from /Users/giovannisabarreto/Desktop/repositorios/airflow_k/venv/lib/python3.10/site-packages/airflow/example_dags/example_kubernetes_executor.py
[2023-03-01 11:34:18,260] {processor.py:161} INFO - Processing /Users/giovannisabarreto/Desktop/repositorios/airflow_k/venv/lib/python3.10/site-packages/airflow/example_dags/example_kubernetes_executor.py took 0.024 seconds
[2023-03-01 11:35:04,133] {processor.py:153} INFO - Started process (PID=32619) to work on /Users/giovannisabarreto/Desktop/repositorios/airflow_k/venv/lib/python3.10/site-packages/airflow/example_dags/example_kubernetes_executor.py
[2023-03-01 11:35:04,134] {processor.py:641} INFO - Processing file /Users/giovannisabarreto/Desktop/repositorios/airflow_k/venv/lib/python3.10/site-packages/airflow/example_dags/example_kubernetes_executor.py for tasks to queue
[2023-03-01 11:35:04,134] {logging_mixin.py:115} INFO - [2023-03-01 11:35:04,134] {dagbag.py:507} INFO - Filling up the DagBag from /Users/giovannisabarreto/Desktop/repositorios/airflow_k/venv/lib/python3.10/site-packages/airflow/example_dags/example_kubernetes_executor.py
[2023-03-01 11:35:04,143] {logging_mixin.py:115} INFO - [2023-03-01 11:35:04,143] {example_kubernetes_executor.py:39} WARNING - The example_kubernetes_executor example DAG requires the kubernetes provider. Please install it with: pip install apache-airflow[cncf.kubernetes]
[2023-03-01 11:35:04,143] {processor.py:653} WARNING - No viable dags retrieved from /Users/giovannisabarreto/Desktop/repositorios/airflow_k/venv/lib/python3.10/site-packages/airflow/example_dags/example_kubernetes_executor.py
[2023-03-01 11:35:04,157] {processor.py:161} INFO - Processing /Users/giovannisabarreto/Desktop/repositorios/airflow_k/venv/lib/python3.10/site-packages/airflow/example_dags/example_kubernetes_executor.py took 0.024 seconds
[2023-03-01 11:35:52,624] {processor.py:153} INFO - Started process (PID=32703) to work on /Users/giovannisabarreto/Desktop/repositorios/airflow_k/venv/lib/python3.10/site-packages/airflow/example_dags/example_kubernetes_executor.py
[2023-03-01 11:35:52,625] {processor.py:641} INFO - Processing file /Users/giovannisabarreto/Desktop/repositorios/airflow_k/venv/lib/python3.10/site-packages/airflow/example_dags/example_kubernetes_executor.py for tasks to queue
[2023-03-01 11:35:52,626] {logging_mixin.py:115} INFO - [2023-03-01 11:35:52,625] {dagbag.py:507} INFO - Filling up the DagBag from /Users/giovannisabarreto/Desktop/repositorios/airflow_k/venv/lib/python3.10/site-packages/airflow/example_dags/example_kubernetes_executor.py
[2023-03-01 11:35:52,635] {logging_mixin.py:115} INFO - [2023-03-01 11:35:52,635] {example_kubernetes_executor.py:39} WARNING - The example_kubernetes_executor example DAG requires the kubernetes provider. Please install it with: pip install apache-airflow[cncf.kubernetes]
[2023-03-01 11:35:52,635] {processor.py:653} WARNING - No viable dags retrieved from /Users/giovannisabarreto/Desktop/repositorios/airflow_k/venv/lib/python3.10/site-packages/airflow/example_dags/example_kubernetes_executor.py
[2023-03-01 11:35:52,649] {processor.py:161} INFO - Processing /Users/giovannisabarreto/Desktop/repositorios/airflow_k/venv/lib/python3.10/site-packages/airflow/example_dags/example_kubernetes_executor.py took 0.025 seconds
[2023-03-01 11:36:38,974] {processor.py:153} INFO - Started process (PID=32782) to work on /Users/giovannisabarreto/Desktop/repositorios/airflow_k/venv/lib/python3.10/site-packages/airflow/example_dags/example_kubernetes_executor.py
[2023-03-01 11:36:38,975] {processor.py:641} INFO - Processing file /Users/giovannisabarreto/Desktop/repositorios/airflow_k/venv/lib/python3.10/site-packages/airflow/example_dags/example_kubernetes_executor.py for tasks to queue
[2023-03-01 11:36:38,975] {logging_mixin.py:115} INFO - [2023-03-01 11:36:38,975] {dagbag.py:507} INFO - Filling up the DagBag from /Users/giovannisabarreto/Desktop/repositorios/airflow_k/venv/lib/python3.10/site-packages/airflow/example_dags/example_kubernetes_executor.py
[2023-03-01 11:36:38,985] {logging_mixin.py:115} INFO - [2023-03-01 11:36:38,985] {example_kubernetes_executor.py:39} WARNING - The example_kubernetes_executor example DAG requires the kubernetes provider. Please install it with: pip install apache-airflow[cncf.kubernetes]
[2023-03-01 11:36:38,985] {processor.py:653} WARNING - No viable dags retrieved from /Users/giovannisabarreto/Desktop/repositorios/airflow_k/venv/lib/python3.10/site-packages/airflow/example_dags/example_kubernetes_executor.py
[2023-03-01 11:36:38,999] {processor.py:161} INFO - Processing /Users/giovannisabarreto/Desktop/repositorios/airflow_k/venv/lib/python3.10/site-packages/airflow/example_dags/example_kubernetes_executor.py took 0.025 seconds
[2023-03-01 11:37:24,395] {processor.py:153} INFO - Started process (PID=32865) to work on /Users/giovannisabarreto/Desktop/repositorios/airflow_k/venv/lib/python3.10/site-packages/airflow/example_dags/example_kubernetes_executor.py
[2023-03-01 11:37:24,395] {processor.py:641} INFO - Processing file /Users/giovannisabarreto/Desktop/repositorios/airflow_k/venv/lib/python3.10/site-packages/airflow/example_dags/example_kubernetes_executor.py for tasks to queue
[2023-03-01 11:37:24,395] {logging_mixin.py:115} INFO - [2023-03-01 11:37:24,395] {dagbag.py:507} INFO - Filling up the DagBag from /Users/giovannisabarreto/Desktop/repositorios/airflow_k/venv/lib/python3.10/site-packages/airflow/example_dags/example_kubernetes_executor.py
[2023-03-01 11:37:24,409] {logging_mixin.py:115} INFO - [2023-03-01 11:37:24,409] {example_kubernetes_executor.py:39} WARNING - The example_kubernetes_executor example DAG requires the kubernetes provider. Please install it with: pip install apache-airflow[cncf.kubernetes]
[2023-03-01 11:37:24,409] {processor.py:653} WARNING - No viable dags retrieved from /Users/giovannisabarreto/Desktop/repositorios/airflow_k/venv/lib/python3.10/site-packages/airflow/example_dags/example_kubernetes_executor.py
[2023-03-01 11:37:24,432] {processor.py:161} INFO - Processing /Users/giovannisabarreto/Desktop/repositorios/airflow_k/venv/lib/python3.10/site-packages/airflow/example_dags/example_kubernetes_executor.py took 0.038 seconds
[2023-03-01 13:19:34,107] {processor.py:153} INFO - Started process (PID=33037) to work on /Users/giovannisabarreto/Desktop/repositorios/airflow_k/venv/lib/python3.10/site-packages/airflow/example_dags/example_kubernetes_executor.py
[2023-03-01 13:19:34,108] {processor.py:641} INFO - Processing file /Users/giovannisabarreto/Desktop/repositorios/airflow_k/venv/lib/python3.10/site-packages/airflow/example_dags/example_kubernetes_executor.py for tasks to queue
[2023-03-01 13:19:34,108] {logging_mixin.py:115} INFO - [2023-03-01 13:19:34,108] {dagbag.py:507} INFO - Filling up the DagBag from /Users/giovannisabarreto/Desktop/repositorios/airflow_k/venv/lib/python3.10/site-packages/airflow/example_dags/example_kubernetes_executor.py
[2023-03-01 13:19:34,117] {logging_mixin.py:115} INFO - [2023-03-01 13:19:34,117] {example_kubernetes_executor.py:39} WARNING - The example_kubernetes_executor example DAG requires the kubernetes provider. Please install it with: pip install apache-airflow[cncf.kubernetes]
[2023-03-01 13:19:34,117] {processor.py:653} WARNING - No viable dags retrieved from /Users/giovannisabarreto/Desktop/repositorios/airflow_k/venv/lib/python3.10/site-packages/airflow/example_dags/example_kubernetes_executor.py
[2023-03-01 13:19:34,131] {processor.py:161} INFO - Processing /Users/giovannisabarreto/Desktop/repositorios/airflow_k/venv/lib/python3.10/site-packages/airflow/example_dags/example_kubernetes_executor.py took 0.024 seconds
[2023-03-01 14:37:58,183] {processor.py:153} INFO - Started process (PID=33201) to work on /Users/giovannisabarreto/Desktop/repositorios/airflow_k/venv/lib/python3.10/site-packages/airflow/example_dags/example_kubernetes_executor.py
[2023-03-01 14:37:58,184] {processor.py:641} INFO - Processing file /Users/giovannisabarreto/Desktop/repositorios/airflow_k/venv/lib/python3.10/site-packages/airflow/example_dags/example_kubernetes_executor.py for tasks to queue
[2023-03-01 14:37:58,184] {logging_mixin.py:115} INFO - [2023-03-01 14:37:58,184] {dagbag.py:507} INFO - Filling up the DagBag from /Users/giovannisabarreto/Desktop/repositorios/airflow_k/venv/lib/python3.10/site-packages/airflow/example_dags/example_kubernetes_executor.py
[2023-03-01 14:37:58,193] {logging_mixin.py:115} INFO - [2023-03-01 14:37:58,193] {example_kubernetes_executor.py:39} WARNING - The example_kubernetes_executor example DAG requires the kubernetes provider. Please install it with: pip install apache-airflow[cncf.kubernetes]
[2023-03-01 14:37:58,193] {processor.py:653} WARNING - No viable dags retrieved from /Users/giovannisabarreto/Desktop/repositorios/airflow_k/venv/lib/python3.10/site-packages/airflow/example_dags/example_kubernetes_executor.py
[2023-03-01 14:37:58,207] {processor.py:161} INFO - Processing /Users/giovannisabarreto/Desktop/repositorios/airflow_k/venv/lib/python3.10/site-packages/airflow/example_dags/example_kubernetes_executor.py took 0.024 seconds
[2023-03-01 16:18:00,771] {processor.py:153} INFO - Started process (PID=33386) to work on /Users/giovannisabarreto/Desktop/repositorios/airflow_k/venv/lib/python3.10/site-packages/airflow/example_dags/example_kubernetes_executor.py
[2023-03-01 16:18:00,772] {processor.py:641} INFO - Processing file /Users/giovannisabarreto/Desktop/repositorios/airflow_k/venv/lib/python3.10/site-packages/airflow/example_dags/example_kubernetes_executor.py for tasks to queue
[2023-03-01 16:18:00,772] {logging_mixin.py:115} INFO - [2023-03-01 16:18:00,772] {dagbag.py:507} INFO - Filling up the DagBag from /Users/giovannisabarreto/Desktop/repositorios/airflow_k/venv/lib/python3.10/site-packages/airflow/example_dags/example_kubernetes_executor.py
[2023-03-01 16:18:00,781] {logging_mixin.py:115} INFO - [2023-03-01 16:18:00,781] {example_kubernetes_executor.py:39} WARNING - The example_kubernetes_executor example DAG requires the kubernetes provider. Please install it with: pip install apache-airflow[cncf.kubernetes]
[2023-03-01 16:18:00,781] {processor.py:653} WARNING - No viable dags retrieved from /Users/giovannisabarreto/Desktop/repositorios/airflow_k/venv/lib/python3.10/site-packages/airflow/example_dags/example_kubernetes_executor.py
[2023-03-01 16:18:00,795] {processor.py:161} INFO - Processing /Users/giovannisabarreto/Desktop/repositorios/airflow_k/venv/lib/python3.10/site-packages/airflow/example_dags/example_kubernetes_executor.py took 0.024 seconds
[2023-03-01 17:56:55,872] {processor.py:153} INFO - Started process (PID=33547) to work on /Users/giovannisabarreto/Desktop/repositorios/airflow_k/venv/lib/python3.10/site-packages/airflow/example_dags/example_kubernetes_executor.py
[2023-03-01 17:56:55,873] {processor.py:641} INFO - Processing file /Users/giovannisabarreto/Desktop/repositorios/airflow_k/venv/lib/python3.10/site-packages/airflow/example_dags/example_kubernetes_executor.py for tasks to queue
[2023-03-01 17:56:55,873] {logging_mixin.py:115} INFO - [2023-03-01 17:56:55,873] {dagbag.py:507} INFO - Filling up the DagBag from /Users/giovannisabarreto/Desktop/repositorios/airflow_k/venv/lib/python3.10/site-packages/airflow/example_dags/example_kubernetes_executor.py
[2023-03-01 17:56:55,882] {logging_mixin.py:115} INFO - [2023-03-01 17:56:55,882] {example_kubernetes_executor.py:39} WARNING - The example_kubernetes_executor example DAG requires the kubernetes provider. Please install it with: pip install apache-airflow[cncf.kubernetes]
[2023-03-01 17:56:55,882] {processor.py:653} WARNING - No viable dags retrieved from /Users/giovannisabarreto/Desktop/repositorios/airflow_k/venv/lib/python3.10/site-packages/airflow/example_dags/example_kubernetes_executor.py
[2023-03-01 17:56:55,896] {processor.py:161} INFO - Processing /Users/giovannisabarreto/Desktop/repositorios/airflow_k/venv/lib/python3.10/site-packages/airflow/example_dags/example_kubernetes_executor.py took 0.024 seconds
[2023-03-01 19:22:26,470] {processor.py:153} INFO - Started process (PID=33703) to work on /Users/giovannisabarreto/Desktop/repositorios/airflow_k/venv/lib/python3.10/site-packages/airflow/example_dags/example_kubernetes_executor.py
[2023-03-01 19:22:26,471] {processor.py:641} INFO - Processing file /Users/giovannisabarreto/Desktop/repositorios/airflow_k/venv/lib/python3.10/site-packages/airflow/example_dags/example_kubernetes_executor.py for tasks to queue
[2023-03-01 19:22:26,471] {logging_mixin.py:115} INFO - [2023-03-01 19:22:26,471] {dagbag.py:507} INFO - Filling up the DagBag from /Users/giovannisabarreto/Desktop/repositorios/airflow_k/venv/lib/python3.10/site-packages/airflow/example_dags/example_kubernetes_executor.py
[2023-03-01 19:22:26,480] {logging_mixin.py:115} INFO - [2023-03-01 19:22:26,480] {example_kubernetes_executor.py:39} WARNING - The example_kubernetes_executor example DAG requires the kubernetes provider. Please install it with: pip install apache-airflow[cncf.kubernetes]
[2023-03-01 19:22:26,480] {processor.py:653} WARNING - No viable dags retrieved from /Users/giovannisabarreto/Desktop/repositorios/airflow_k/venv/lib/python3.10/site-packages/airflow/example_dags/example_kubernetes_executor.py
[2023-03-01 19:22:26,494] {processor.py:161} INFO - Processing /Users/giovannisabarreto/Desktop/repositorios/airflow_k/venv/lib/python3.10/site-packages/airflow/example_dags/example_kubernetes_executor.py took 0.024 seconds
