[2023-03-01 10:45:24,461] {processor.py:153} INFO - Started process (PID=25646) to work on /Users/giovannisabarreto/Desktop/repositorios/airflow_k/venv/lib/python3.10/site-packages/airflow/example_dags/example_dag_decorator.py
[2023-03-01 10:45:24,462] {processor.py:641} INFO - Processing file /Users/giovannisabarreto/Desktop/repositorios/airflow_k/venv/lib/python3.10/site-packages/airflow/example_dags/example_dag_decorator.py for tasks to queue
[2023-03-01 10:45:24,462] {logging_mixin.py:115} INFO - [2023-03-01 10:45:24,462] {dagbag.py:507} INFO - Filling up the DagBag from /Users/giovannisabarreto/Desktop/repositorios/airflow_k/venv/lib/python3.10/site-packages/airflow/example_dags/example_dag_decorator.py
[2023-03-01 10:45:24,537] {processor.py:651} INFO - DAG(s) dict_keys(['example_dag_decorator']) retrieved from /Users/giovannisabarreto/Desktop/repositorios/airflow_k/venv/lib/python3.10/site-packages/airflow/example_dags/example_dag_decorator.py
[2023-03-01 10:45:24,757] {logging_mixin.py:115} INFO - [2023-03-01 10:45:24,757] {manager.py:508} INFO - Created Permission View: can edit on DAG:example_dag_decorator
[2023-03-01 10:45:24,760] {logging_mixin.py:115} INFO - [2023-03-01 10:45:24,760] {manager.py:508} INFO - Created Permission View: can read on DAG:example_dag_decorator
[2023-03-01 10:45:24,761] {logging_mixin.py:115} INFO - [2023-03-01 10:45:24,761] {manager.py:508} INFO - Created Permission View: can delete on DAG:example_dag_decorator
[2023-03-01 10:45:24,762] {logging_mixin.py:115} INFO - [2023-03-01 10:45:24,762] {dag.py:2379} INFO - Sync 1 DAGs
[2023-03-01 10:45:24,764] {logging_mixin.py:115} INFO - [2023-03-01 10:45:24,764] {dag.py:2398} INFO - Creating ORM DAG for example_dag_decorator
[2023-03-01 10:45:24,767] {logging_mixin.py:115} INFO - [2023-03-01 10:45:24,767] {dag.py:2927} INFO - Setting next_dagrun for example_dag_decorator to None, run_after=None
[2023-03-01 10:45:24,771] {processor.py:161} INFO - Processing /Users/giovannisabarreto/Desktop/repositorios/airflow_k/venv/lib/python3.10/site-packages/airflow/example_dags/example_dag_decorator.py took 0.310 seconds
[2023-03-01 10:46:11,220] {processor.py:153} INFO - Started process (PID=25725) to work on /Users/giovannisabarreto/Desktop/repositorios/airflow_k/venv/lib/python3.10/site-packages/airflow/example_dags/example_dag_decorator.py
[2023-03-01 10:46:11,220] {processor.py:641} INFO - Processing file /Users/giovannisabarreto/Desktop/repositorios/airflow_k/venv/lib/python3.10/site-packages/airflow/example_dags/example_dag_decorator.py for tasks to queue
[2023-03-01 10:46:11,220] {logging_mixin.py:115} INFO - [2023-03-01 10:46:11,220] {dagbag.py:507} INFO - Filling up the DagBag from /Users/giovannisabarreto/Desktop/repositorios/airflow_k/venv/lib/python3.10/site-packages/airflow/example_dags/example_dag_decorator.py
[2023-03-01 10:46:11,309] {processor.py:651} INFO - DAG(s) dict_keys(['example_dag_decorator']) retrieved from /Users/giovannisabarreto/Desktop/repositorios/airflow_k/venv/lib/python3.10/site-packages/airflow/example_dags/example_dag_decorator.py
[2023-03-01 10:46:11,505] {logging_mixin.py:115} INFO - [2023-03-01 10:46:11,505] {dag.py:2379} INFO - Sync 1 DAGs
[2023-03-01 10:46:11,510] {logging_mixin.py:115} INFO - [2023-03-01 10:46:11,510] {dag.py:2927} INFO - Setting next_dagrun for example_dag_decorator to None, run_after=None
[2023-03-01 10:46:11,514] {processor.py:161} INFO - Processing /Users/giovannisabarreto/Desktop/repositorios/airflow_k/venv/lib/python3.10/site-packages/airflow/example_dags/example_dag_decorator.py took 0.295 seconds
[2023-03-01 10:46:57,714] {processor.py:153} INFO - Started process (PID=25806) to work on /Users/giovannisabarreto/Desktop/repositorios/airflow_k/venv/lib/python3.10/site-packages/airflow/example_dags/example_dag_decorator.py
[2023-03-01 10:46:57,714] {processor.py:641} INFO - Processing file /Users/giovannisabarreto/Desktop/repositorios/airflow_k/venv/lib/python3.10/site-packages/airflow/example_dags/example_dag_decorator.py for tasks to queue
[2023-03-01 10:46:57,714] {logging_mixin.py:115} INFO - [2023-03-01 10:46:57,714] {dagbag.py:507} INFO - Filling up the DagBag from /Users/giovannisabarreto/Desktop/repositorios/airflow_k/venv/lib/python3.10/site-packages/airflow/example_dags/example_dag_decorator.py
[2023-03-01 10:46:57,801] {processor.py:651} INFO - DAG(s) dict_keys(['example_dag_decorator']) retrieved from /Users/giovannisabarreto/Desktop/repositorios/airflow_k/venv/lib/python3.10/site-packages/airflow/example_dags/example_dag_decorator.py
[2023-03-01 10:46:57,996] {logging_mixin.py:115} INFO - [2023-03-01 10:46:57,996] {dag.py:2379} INFO - Sync 1 DAGs
[2023-03-01 10:46:58,002] {logging_mixin.py:115} INFO - [2023-03-01 10:46:58,002] {dag.py:2927} INFO - Setting next_dagrun for example_dag_decorator to None, run_after=None
[2023-03-01 10:46:58,006] {processor.py:161} INFO - Processing /Users/giovannisabarreto/Desktop/repositorios/airflow_k/venv/lib/python3.10/site-packages/airflow/example_dags/example_dag_decorator.py took 0.293 seconds
[2023-03-01 10:47:42,694] {processor.py:153} INFO - Started process (PID=25888) to work on /Users/giovannisabarreto/Desktop/repositorios/airflow_k/venv/lib/python3.10/site-packages/airflow/example_dags/example_dag_decorator.py
[2023-03-01 10:47:42,694] {processor.py:641} INFO - Processing file /Users/giovannisabarreto/Desktop/repositorios/airflow_k/venv/lib/python3.10/site-packages/airflow/example_dags/example_dag_decorator.py for tasks to queue
[2023-03-01 10:47:42,694] {logging_mixin.py:115} INFO - [2023-03-01 10:47:42,694] {dagbag.py:507} INFO - Filling up the DagBag from /Users/giovannisabarreto/Desktop/repositorios/airflow_k/venv/lib/python3.10/site-packages/airflow/example_dags/example_dag_decorator.py
[2023-03-01 10:47:42,790] {processor.py:651} INFO - DAG(s) dict_keys(['example_dag_decorator']) retrieved from /Users/giovannisabarreto/Desktop/repositorios/airflow_k/venv/lib/python3.10/site-packages/airflow/example_dags/example_dag_decorator.py
[2023-03-01 10:47:42,988] {logging_mixin.py:115} INFO - [2023-03-01 10:47:42,988] {dag.py:2379} INFO - Sync 1 DAGs
[2023-03-01 10:47:42,994] {logging_mixin.py:115} INFO - [2023-03-01 10:47:42,994] {dag.py:2927} INFO - Setting next_dagrun for example_dag_decorator to None, run_after=None
[2023-03-01 10:47:42,998] {processor.py:161} INFO - Processing /Users/giovannisabarreto/Desktop/repositorios/airflow_k/venv/lib/python3.10/site-packages/airflow/example_dags/example_dag_decorator.py took 0.305 seconds
[2023-03-01 10:48:28,288] {processor.py:153} INFO - Started process (PID=25965) to work on /Users/giovannisabarreto/Desktop/repositorios/airflow_k/venv/lib/python3.10/site-packages/airflow/example_dags/example_dag_decorator.py
[2023-03-01 10:48:28,289] {processor.py:641} INFO - Processing file /Users/giovannisabarreto/Desktop/repositorios/airflow_k/venv/lib/python3.10/site-packages/airflow/example_dags/example_dag_decorator.py for tasks to queue
[2023-03-01 10:48:28,289] {logging_mixin.py:115} INFO - [2023-03-01 10:48:28,289] {dagbag.py:507} INFO - Filling up the DagBag from /Users/giovannisabarreto/Desktop/repositorios/airflow_k/venv/lib/python3.10/site-packages/airflow/example_dags/example_dag_decorator.py
[2023-03-01 10:48:28,363] {processor.py:651} INFO - DAG(s) dict_keys(['example_dag_decorator']) retrieved from /Users/giovannisabarreto/Desktop/repositorios/airflow_k/venv/lib/python3.10/site-packages/airflow/example_dags/example_dag_decorator.py
[2023-03-01 10:48:28,523] {logging_mixin.py:115} INFO - [2023-03-01 10:48:28,522] {dag.py:2379} INFO - Sync 1 DAGs
[2023-03-01 10:48:28,528] {logging_mixin.py:115} INFO - [2023-03-01 10:48:28,528] {dag.py:2927} INFO - Setting next_dagrun for example_dag_decorator to None, run_after=None
[2023-03-01 10:48:28,532] {processor.py:161} INFO - Processing /Users/giovannisabarreto/Desktop/repositorios/airflow_k/venv/lib/python3.10/site-packages/airflow/example_dags/example_dag_decorator.py took 0.244 seconds
[2023-03-01 10:49:16,582] {processor.py:153} INFO - Started process (PID=26062) to work on /Users/giovannisabarreto/Desktop/repositorios/airflow_k/venv/lib/python3.10/site-packages/airflow/example_dags/example_dag_decorator.py
[2023-03-01 10:49:16,582] {processor.py:641} INFO - Processing file /Users/giovannisabarreto/Desktop/repositorios/airflow_k/venv/lib/python3.10/site-packages/airflow/example_dags/example_dag_decorator.py for tasks to queue
[2023-03-01 10:49:16,583] {logging_mixin.py:115} INFO - [2023-03-01 10:49:16,583] {dagbag.py:507} INFO - Filling up the DagBag from /Users/giovannisabarreto/Desktop/repositorios/airflow_k/venv/lib/python3.10/site-packages/airflow/example_dags/example_dag_decorator.py
[2023-03-01 10:49:16,674] {processor.py:651} INFO - DAG(s) dict_keys(['example_dag_decorator']) retrieved from /Users/giovannisabarreto/Desktop/repositorios/airflow_k/venv/lib/python3.10/site-packages/airflow/example_dags/example_dag_decorator.py
[2023-03-01 10:49:16,868] {logging_mixin.py:115} INFO - [2023-03-01 10:49:16,868] {dag.py:2379} INFO - Sync 1 DAGs
[2023-03-01 10:49:16,873] {logging_mixin.py:115} INFO - [2023-03-01 10:49:16,873] {dag.py:2927} INFO - Setting next_dagrun for example_dag_decorator to None, run_after=None
[2023-03-01 10:49:16,877] {processor.py:161} INFO - Processing /Users/giovannisabarreto/Desktop/repositorios/airflow_k/venv/lib/python3.10/site-packages/airflow/example_dags/example_dag_decorator.py took 0.295 seconds
[2023-03-01 10:50:00,590] {processor.py:153} INFO - Started process (PID=26145) to work on /Users/giovannisabarreto/Desktop/repositorios/airflow_k/venv/lib/python3.10/site-packages/airflow/example_dags/example_dag_decorator.py
[2023-03-01 10:50:00,591] {processor.py:641} INFO - Processing file /Users/giovannisabarreto/Desktop/repositorios/airflow_k/venv/lib/python3.10/site-packages/airflow/example_dags/example_dag_decorator.py for tasks to queue
[2023-03-01 10:50:00,591] {logging_mixin.py:115} INFO - [2023-03-01 10:50:00,591] {dagbag.py:507} INFO - Filling up the DagBag from /Users/giovannisabarreto/Desktop/repositorios/airflow_k/venv/lib/python3.10/site-packages/airflow/example_dags/example_dag_decorator.py
[2023-03-01 10:50:00,665] {processor.py:651} INFO - DAG(s) dict_keys(['example_dag_decorator']) retrieved from /Users/giovannisabarreto/Desktop/repositorios/airflow_k/venv/lib/python3.10/site-packages/airflow/example_dags/example_dag_decorator.py
[2023-03-01 10:50:00,824] {logging_mixin.py:115} INFO - [2023-03-01 10:50:00,823] {dag.py:2379} INFO - Sync 1 DAGs
[2023-03-01 10:50:00,829] {logging_mixin.py:115} INFO - [2023-03-01 10:50:00,829] {dag.py:2927} INFO - Setting next_dagrun for example_dag_decorator to None, run_after=None
[2023-03-01 10:50:00,833] {processor.py:161} INFO - Processing /Users/giovannisabarreto/Desktop/repositorios/airflow_k/venv/lib/python3.10/site-packages/airflow/example_dags/example_dag_decorator.py took 0.243 seconds
[2023-03-01 10:50:47,291] {processor.py:153} INFO - Started process (PID=26223) to work on /Users/giovannisabarreto/Desktop/repositorios/airflow_k/venv/lib/python3.10/site-packages/airflow/example_dags/example_dag_decorator.py
[2023-03-01 10:50:47,291] {processor.py:641} INFO - Processing file /Users/giovannisabarreto/Desktop/repositorios/airflow_k/venv/lib/python3.10/site-packages/airflow/example_dags/example_dag_decorator.py for tasks to queue
[2023-03-01 10:50:47,291] {logging_mixin.py:115} INFO - [2023-03-01 10:50:47,291] {dagbag.py:507} INFO - Filling up the DagBag from /Users/giovannisabarreto/Desktop/repositorios/airflow_k/venv/lib/python3.10/site-packages/airflow/example_dags/example_dag_decorator.py
[2023-03-01 10:50:47,365] {processor.py:651} INFO - DAG(s) dict_keys(['example_dag_decorator']) retrieved from /Users/giovannisabarreto/Desktop/repositorios/airflow_k/venv/lib/python3.10/site-packages/airflow/example_dags/example_dag_decorator.py
[2023-03-01 10:50:47,526] {logging_mixin.py:115} INFO - [2023-03-01 10:50:47,526] {dag.py:2379} INFO - Sync 1 DAGs
[2023-03-01 10:50:47,532] {logging_mixin.py:115} INFO - [2023-03-01 10:50:47,532] {dag.py:2927} INFO - Setting next_dagrun for example_dag_decorator to None, run_after=None
[2023-03-01 10:50:47,536] {processor.py:161} INFO - Processing /Users/giovannisabarreto/Desktop/repositorios/airflow_k/venv/lib/python3.10/site-packages/airflow/example_dags/example_dag_decorator.py took 0.245 seconds
[2023-03-01 10:51:38,279] {processor.py:153} INFO - Started process (PID=26310) to work on /Users/giovannisabarreto/Desktop/repositorios/airflow_k/venv/lib/python3.10/site-packages/airflow/example_dags/example_dag_decorator.py
[2023-03-01 10:51:38,280] {processor.py:641} INFO - Processing file /Users/giovannisabarreto/Desktop/repositorios/airflow_k/venv/lib/python3.10/site-packages/airflow/example_dags/example_dag_decorator.py for tasks to queue
[2023-03-01 10:51:38,280] {logging_mixin.py:115} INFO - [2023-03-01 10:51:38,280] {dagbag.py:507} INFO - Filling up the DagBag from /Users/giovannisabarreto/Desktop/repositorios/airflow_k/venv/lib/python3.10/site-packages/airflow/example_dags/example_dag_decorator.py
[2023-03-01 10:51:38,354] {processor.py:651} INFO - DAG(s) dict_keys(['example_dag_decorator']) retrieved from /Users/giovannisabarreto/Desktop/repositorios/airflow_k/venv/lib/python3.10/site-packages/airflow/example_dags/example_dag_decorator.py
[2023-03-01 10:51:38,517] {logging_mixin.py:115} INFO - [2023-03-01 10:51:38,517] {dag.py:2379} INFO - Sync 1 DAGs
[2023-03-01 10:51:38,523] {logging_mixin.py:115} INFO - [2023-03-01 10:51:38,523] {dag.py:2927} INFO - Setting next_dagrun for example_dag_decorator to None, run_after=None
[2023-03-01 10:51:38,528] {processor.py:161} INFO - Processing /Users/giovannisabarreto/Desktop/repositorios/airflow_k/venv/lib/python3.10/site-packages/airflow/example_dags/example_dag_decorator.py took 0.249 seconds
[2023-03-01 10:52:27,813] {processor.py:153} INFO - Started process (PID=26394) to work on /Users/giovannisabarreto/Desktop/repositorios/airflow_k/venv/lib/python3.10/site-packages/airflow/example_dags/example_dag_decorator.py
[2023-03-01 10:52:27,814] {processor.py:641} INFO - Processing file /Users/giovannisabarreto/Desktop/repositorios/airflow_k/venv/lib/python3.10/site-packages/airflow/example_dags/example_dag_decorator.py for tasks to queue
[2023-03-01 10:52:27,814] {logging_mixin.py:115} INFO - [2023-03-01 10:52:27,814] {dagbag.py:507} INFO - Filling up the DagBag from /Users/giovannisabarreto/Desktop/repositorios/airflow_k/venv/lib/python3.10/site-packages/airflow/example_dags/example_dag_decorator.py
[2023-03-01 10:52:27,888] {processor.py:651} INFO - DAG(s) dict_keys(['example_dag_decorator']) retrieved from /Users/giovannisabarreto/Desktop/repositorios/airflow_k/venv/lib/python3.10/site-packages/airflow/example_dags/example_dag_decorator.py
[2023-03-01 10:52:28,047] {logging_mixin.py:115} INFO - [2023-03-01 10:52:28,047] {dag.py:2379} INFO - Sync 1 DAGs
[2023-03-01 10:52:28,053] {logging_mixin.py:115} INFO - [2023-03-01 10:52:28,053] {dag.py:2927} INFO - Setting next_dagrun for example_dag_decorator to None, run_after=None
[2023-03-01 10:52:28,057] {processor.py:161} INFO - Processing /Users/giovannisabarreto/Desktop/repositorios/airflow_k/venv/lib/python3.10/site-packages/airflow/example_dags/example_dag_decorator.py took 0.245 seconds
[2023-03-01 10:53:14,068] {processor.py:153} INFO - Started process (PID=26477) to work on /Users/giovannisabarreto/Desktop/repositorios/airflow_k/venv/lib/python3.10/site-packages/airflow/example_dags/example_dag_decorator.py
[2023-03-01 10:53:14,069] {processor.py:641} INFO - Processing file /Users/giovannisabarreto/Desktop/repositorios/airflow_k/venv/lib/python3.10/site-packages/airflow/example_dags/example_dag_decorator.py for tasks to queue
[2023-03-01 10:53:14,069] {logging_mixin.py:115} INFO - [2023-03-01 10:53:14,069] {dagbag.py:507} INFO - Filling up the DagBag from /Users/giovannisabarreto/Desktop/repositorios/airflow_k/venv/lib/python3.10/site-packages/airflow/example_dags/example_dag_decorator.py
[2023-03-01 10:53:14,143] {processor.py:651} INFO - DAG(s) dict_keys(['example_dag_decorator']) retrieved from /Users/giovannisabarreto/Desktop/repositorios/airflow_k/venv/lib/python3.10/site-packages/airflow/example_dags/example_dag_decorator.py
[2023-03-01 10:53:14,305] {logging_mixin.py:115} INFO - [2023-03-01 10:53:14,304] {dag.py:2379} INFO - Sync 1 DAGs
[2023-03-01 10:53:14,310] {logging_mixin.py:115} INFO - [2023-03-01 10:53:14,310] {dag.py:2927} INFO - Setting next_dagrun for example_dag_decorator to None, run_after=None
[2023-03-01 10:53:14,314] {processor.py:161} INFO - Processing /Users/giovannisabarreto/Desktop/repositorios/airflow_k/venv/lib/python3.10/site-packages/airflow/example_dags/example_dag_decorator.py took 0.246 seconds
[2023-03-01 10:54:02,787] {processor.py:153} INFO - Started process (PID=26563) to work on /Users/giovannisabarreto/Desktop/repositorios/airflow_k/venv/lib/python3.10/site-packages/airflow/example_dags/example_dag_decorator.py
[2023-03-01 10:54:02,787] {processor.py:641} INFO - Processing file /Users/giovannisabarreto/Desktop/repositorios/airflow_k/venv/lib/python3.10/site-packages/airflow/example_dags/example_dag_decorator.py for tasks to queue
[2023-03-01 10:54:02,787] {logging_mixin.py:115} INFO - [2023-03-01 10:54:02,787] {dagbag.py:507} INFO - Filling up the DagBag from /Users/giovannisabarreto/Desktop/repositorios/airflow_k/venv/lib/python3.10/site-packages/airflow/example_dags/example_dag_decorator.py
[2023-03-01 10:54:02,870] {processor.py:651} INFO - DAG(s) dict_keys(['example_dag_decorator']) retrieved from /Users/giovannisabarreto/Desktop/repositorios/airflow_k/venv/lib/python3.10/site-packages/airflow/example_dags/example_dag_decorator.py
[2023-03-01 10:54:03,077] {logging_mixin.py:115} INFO - [2023-03-01 10:54:03,076] {dag.py:2379} INFO - Sync 1 DAGs
[2023-03-01 10:54:03,082] {logging_mixin.py:115} INFO - [2023-03-01 10:54:03,082] {dag.py:2927} INFO - Setting next_dagrun for example_dag_decorator to None, run_after=None
[2023-03-01 10:54:03,087] {processor.py:161} INFO - Processing /Users/giovannisabarreto/Desktop/repositorios/airflow_k/venv/lib/python3.10/site-packages/airflow/example_dags/example_dag_decorator.py took 0.300 seconds
[2023-03-01 10:54:55,862] {processor.py:153} INFO - Started process (PID=26666) to work on /Users/giovannisabarreto/Desktop/repositorios/airflow_k/venv/lib/python3.10/site-packages/airflow/example_dags/example_dag_decorator.py
[2023-03-01 10:54:55,863] {processor.py:641} INFO - Processing file /Users/giovannisabarreto/Desktop/repositorios/airflow_k/venv/lib/python3.10/site-packages/airflow/example_dags/example_dag_decorator.py for tasks to queue
[2023-03-01 10:54:55,863] {logging_mixin.py:115} INFO - [2023-03-01 10:54:55,863] {dagbag.py:507} INFO - Filling up the DagBag from /Users/giovannisabarreto/Desktop/repositorios/airflow_k/venv/lib/python3.10/site-packages/airflow/example_dags/example_dag_decorator.py
[2023-03-01 10:54:55,937] {processor.py:651} INFO - DAG(s) dict_keys(['example_dag_decorator']) retrieved from /Users/giovannisabarreto/Desktop/repositorios/airflow_k/venv/lib/python3.10/site-packages/airflow/example_dags/example_dag_decorator.py
[2023-03-01 10:54:56,095] {logging_mixin.py:115} INFO - [2023-03-01 10:54:56,095] {dag.py:2379} INFO - Sync 1 DAGs
[2023-03-01 10:54:56,100] {logging_mixin.py:115} INFO - [2023-03-01 10:54:56,100] {dag.py:2927} INFO - Setting next_dagrun for example_dag_decorator to None, run_after=None
[2023-03-01 10:54:56,105] {processor.py:161} INFO - Processing /Users/giovannisabarreto/Desktop/repositorios/airflow_k/venv/lib/python3.10/site-packages/airflow/example_dags/example_dag_decorator.py took 0.243 seconds
[2023-03-01 10:55:42,199] {processor.py:153} INFO - Started process (PID=26746) to work on /Users/giovannisabarreto/Desktop/repositorios/airflow_k/venv/lib/python3.10/site-packages/airflow/example_dags/example_dag_decorator.py
[2023-03-01 10:55:42,200] {processor.py:641} INFO - Processing file /Users/giovannisabarreto/Desktop/repositorios/airflow_k/venv/lib/python3.10/site-packages/airflow/example_dags/example_dag_decorator.py for tasks to queue
[2023-03-01 10:55:42,200] {logging_mixin.py:115} INFO - [2023-03-01 10:55:42,200] {dagbag.py:507} INFO - Filling up the DagBag from /Users/giovannisabarreto/Desktop/repositorios/airflow_k/venv/lib/python3.10/site-packages/airflow/example_dags/example_dag_decorator.py
[2023-03-01 10:55:42,273] {processor.py:651} INFO - DAG(s) dict_keys(['example_dag_decorator']) retrieved from /Users/giovannisabarreto/Desktop/repositorios/airflow_k/venv/lib/python3.10/site-packages/airflow/example_dags/example_dag_decorator.py
[2023-03-01 10:55:42,432] {logging_mixin.py:115} INFO - [2023-03-01 10:55:42,432] {dag.py:2379} INFO - Sync 1 DAGs
[2023-03-01 10:55:42,437] {logging_mixin.py:115} INFO - [2023-03-01 10:55:42,437] {dag.py:2927} INFO - Setting next_dagrun for example_dag_decorator to None, run_after=None
[2023-03-01 10:55:42,441] {processor.py:161} INFO - Processing /Users/giovannisabarreto/Desktop/repositorios/airflow_k/venv/lib/python3.10/site-packages/airflow/example_dags/example_dag_decorator.py took 0.242 seconds
[2023-03-01 10:56:32,201] {processor.py:153} INFO - Started process (PID=26831) to work on /Users/giovannisabarreto/Desktop/repositorios/airflow_k/venv/lib/python3.10/site-packages/airflow/example_dags/example_dag_decorator.py
[2023-03-01 10:56:32,204] {processor.py:641} INFO - Processing file /Users/giovannisabarreto/Desktop/repositorios/airflow_k/venv/lib/python3.10/site-packages/airflow/example_dags/example_dag_decorator.py for tasks to queue
[2023-03-01 10:56:32,204] {logging_mixin.py:115} INFO - [2023-03-01 10:56:32,204] {dagbag.py:507} INFO - Filling up the DagBag from /Users/giovannisabarreto/Desktop/repositorios/airflow_k/venv/lib/python3.10/site-packages/airflow/example_dags/example_dag_decorator.py
[2023-03-01 10:56:32,280] {processor.py:651} INFO - DAG(s) dict_keys(['example_dag_decorator']) retrieved from /Users/giovannisabarreto/Desktop/repositorios/airflow_k/venv/lib/python3.10/site-packages/airflow/example_dags/example_dag_decorator.py
[2023-03-01 10:56:32,442] {logging_mixin.py:115} INFO - [2023-03-01 10:56:32,442] {dag.py:2379} INFO - Sync 1 DAGs
[2023-03-01 10:56:32,448] {logging_mixin.py:115} INFO - [2023-03-01 10:56:32,448] {dag.py:2927} INFO - Setting next_dagrun for example_dag_decorator to None, run_after=None
[2023-03-01 10:56:32,452] {processor.py:161} INFO - Processing /Users/giovannisabarreto/Desktop/repositorios/airflow_k/venv/lib/python3.10/site-packages/airflow/example_dags/example_dag_decorator.py took 0.251 seconds
[2023-03-01 10:57:15,681] {processor.py:153} INFO - Started process (PID=26907) to work on /Users/giovannisabarreto/Desktop/repositorios/airflow_k/venv/lib/python3.10/site-packages/airflow/example_dags/example_dag_decorator.py
[2023-03-01 10:57:15,682] {processor.py:641} INFO - Processing file /Users/giovannisabarreto/Desktop/repositorios/airflow_k/venv/lib/python3.10/site-packages/airflow/example_dags/example_dag_decorator.py for tasks to queue
[2023-03-01 10:57:15,682] {logging_mixin.py:115} INFO - [2023-03-01 10:57:15,682] {dagbag.py:507} INFO - Filling up the DagBag from /Users/giovannisabarreto/Desktop/repositorios/airflow_k/venv/lib/python3.10/site-packages/airflow/example_dags/example_dag_decorator.py
[2023-03-01 10:57:15,756] {processor.py:651} INFO - DAG(s) dict_keys(['example_dag_decorator']) retrieved from /Users/giovannisabarreto/Desktop/repositorios/airflow_k/venv/lib/python3.10/site-packages/airflow/example_dags/example_dag_decorator.py
[2023-03-01 10:57:15,917] {logging_mixin.py:115} INFO - [2023-03-01 10:57:15,917] {dag.py:2379} INFO - Sync 1 DAGs
[2023-03-01 10:57:15,923] {logging_mixin.py:115} INFO - [2023-03-01 10:57:15,923] {dag.py:2927} INFO - Setting next_dagrun for example_dag_decorator to None, run_after=None
[2023-03-01 10:57:15,928] {processor.py:161} INFO - Processing /Users/giovannisabarreto/Desktop/repositorios/airflow_k/venv/lib/python3.10/site-packages/airflow/example_dags/example_dag_decorator.py took 0.247 seconds
[2023-03-01 10:58:01,508] {processor.py:153} INFO - Started process (PID=26984) to work on /Users/giovannisabarreto/Desktop/repositorios/airflow_k/venv/lib/python3.10/site-packages/airflow/example_dags/example_dag_decorator.py
[2023-03-01 10:58:01,509] {processor.py:641} INFO - Processing file /Users/giovannisabarreto/Desktop/repositorios/airflow_k/venv/lib/python3.10/site-packages/airflow/example_dags/example_dag_decorator.py for tasks to queue
[2023-03-01 10:58:01,509] {logging_mixin.py:115} INFO - [2023-03-01 10:58:01,509] {dagbag.py:507} INFO - Filling up the DagBag from /Users/giovannisabarreto/Desktop/repositorios/airflow_k/venv/lib/python3.10/site-packages/airflow/example_dags/example_dag_decorator.py
[2023-03-01 10:58:01,587] {processor.py:651} INFO - DAG(s) dict_keys(['example_dag_decorator']) retrieved from /Users/giovannisabarreto/Desktop/repositorios/airflow_k/venv/lib/python3.10/site-packages/airflow/example_dags/example_dag_decorator.py
[2023-03-01 10:58:01,747] {logging_mixin.py:115} INFO - [2023-03-01 10:58:01,747] {dag.py:2379} INFO - Sync 1 DAGs
[2023-03-01 10:58:01,753] {logging_mixin.py:115} INFO - [2023-03-01 10:58:01,753] {dag.py:2927} INFO - Setting next_dagrun for example_dag_decorator to None, run_after=None
[2023-03-01 10:58:01,757] {processor.py:161} INFO - Processing /Users/giovannisabarreto/Desktop/repositorios/airflow_k/venv/lib/python3.10/site-packages/airflow/example_dags/example_dag_decorator.py took 0.249 seconds
[2023-03-01 10:58:47,149] {processor.py:153} INFO - Started process (PID=27076) to work on /Users/giovannisabarreto/Desktop/repositorios/airflow_k/venv/lib/python3.10/site-packages/airflow/example_dags/example_dag_decorator.py
[2023-03-01 10:58:47,150] {processor.py:641} INFO - Processing file /Users/giovannisabarreto/Desktop/repositorios/airflow_k/venv/lib/python3.10/site-packages/airflow/example_dags/example_dag_decorator.py for tasks to queue
[2023-03-01 10:58:47,150] {logging_mixin.py:115} INFO - [2023-03-01 10:58:47,150] {dagbag.py:507} INFO - Filling up the DagBag from /Users/giovannisabarreto/Desktop/repositorios/airflow_k/venv/lib/python3.10/site-packages/airflow/example_dags/example_dag_decorator.py
[2023-03-01 10:58:47,224] {processor.py:651} INFO - DAG(s) dict_keys(['example_dag_decorator']) retrieved from /Users/giovannisabarreto/Desktop/repositorios/airflow_k/venv/lib/python3.10/site-packages/airflow/example_dags/example_dag_decorator.py
[2023-03-01 10:58:47,383] {logging_mixin.py:115} INFO - [2023-03-01 10:58:47,383] {dag.py:2379} INFO - Sync 1 DAGs
[2023-03-01 10:58:47,389] {logging_mixin.py:115} INFO - [2023-03-01 10:58:47,389] {dag.py:2927} INFO - Setting next_dagrun for example_dag_decorator to None, run_after=None
[2023-03-01 10:58:47,393] {processor.py:161} INFO - Processing /Users/giovannisabarreto/Desktop/repositorios/airflow_k/venv/lib/python3.10/site-packages/airflow/example_dags/example_dag_decorator.py took 0.244 seconds
[2023-03-01 10:59:30,111] {processor.py:153} INFO - Started process (PID=27165) to work on /Users/giovannisabarreto/Desktop/repositorios/airflow_k/venv/lib/python3.10/site-packages/airflow/example_dags/example_dag_decorator.py
[2023-03-01 10:59:30,112] {processor.py:641} INFO - Processing file /Users/giovannisabarreto/Desktop/repositorios/airflow_k/venv/lib/python3.10/site-packages/airflow/example_dags/example_dag_decorator.py for tasks to queue
[2023-03-01 10:59:30,112] {logging_mixin.py:115} INFO - [2023-03-01 10:59:30,112] {dagbag.py:507} INFO - Filling up the DagBag from /Users/giovannisabarreto/Desktop/repositorios/airflow_k/venv/lib/python3.10/site-packages/airflow/example_dags/example_dag_decorator.py
[2023-03-01 10:59:30,185] {processor.py:651} INFO - DAG(s) dict_keys(['example_dag_decorator']) retrieved from /Users/giovannisabarreto/Desktop/repositorios/airflow_k/venv/lib/python3.10/site-packages/airflow/example_dags/example_dag_decorator.py
[2023-03-01 10:59:30,344] {logging_mixin.py:115} INFO - [2023-03-01 10:59:30,344] {dag.py:2379} INFO - Sync 1 DAGs
[2023-03-01 10:59:30,349] {logging_mixin.py:115} INFO - [2023-03-01 10:59:30,349] {dag.py:2927} INFO - Setting next_dagrun for example_dag_decorator to None, run_after=None
[2023-03-01 10:59:30,353] {processor.py:161} INFO - Processing /Users/giovannisabarreto/Desktop/repositorios/airflow_k/venv/lib/python3.10/site-packages/airflow/example_dags/example_dag_decorator.py took 0.242 seconds
[2023-03-01 11:05:55,958] {processor.py:153} INFO - Started process (PID=27345) to work on /Users/giovannisabarreto/Desktop/repositorios/airflow_k/venv/lib/python3.10/site-packages/airflow/example_dags/example_dag_decorator.py
[2023-03-01 11:05:55,958] {processor.py:641} INFO - Processing file /Users/giovannisabarreto/Desktop/repositorios/airflow_k/venv/lib/python3.10/site-packages/airflow/example_dags/example_dag_decorator.py for tasks to queue
[2023-03-01 11:05:55,959] {logging_mixin.py:115} INFO - [2023-03-01 11:05:55,959] {dagbag.py:507} INFO - Filling up the DagBag from /Users/giovannisabarreto/Desktop/repositorios/airflow_k/venv/lib/python3.10/site-packages/airflow/example_dags/example_dag_decorator.py
[2023-03-01 11:05:56,046] {processor.py:651} INFO - DAG(s) dict_keys(['example_dag_decorator']) retrieved from /Users/giovannisabarreto/Desktop/repositorios/airflow_k/venv/lib/python3.10/site-packages/airflow/example_dags/example_dag_decorator.py
[2023-03-01 11:05:56,237] {logging_mixin.py:115} INFO - [2023-03-01 11:05:56,237] {dag.py:2379} INFO - Sync 1 DAGs
[2023-03-01 11:05:56,243] {logging_mixin.py:115} INFO - [2023-03-01 11:05:56,243] {dag.py:2927} INFO - Setting next_dagrun for example_dag_decorator to None, run_after=None
[2023-03-01 11:05:56,247] {processor.py:161} INFO - Processing /Users/giovannisabarreto/Desktop/repositorios/airflow_k/venv/lib/python3.10/site-packages/airflow/example_dags/example_dag_decorator.py took 0.289 seconds
[2023-03-01 11:06:39,625] {processor.py:153} INFO - Started process (PID=27423) to work on /Users/giovannisabarreto/Desktop/repositorios/airflow_k/venv/lib/python3.10/site-packages/airflow/example_dags/example_dag_decorator.py
[2023-03-01 11:06:39,626] {processor.py:641} INFO - Processing file /Users/giovannisabarreto/Desktop/repositorios/airflow_k/venv/lib/python3.10/site-packages/airflow/example_dags/example_dag_decorator.py for tasks to queue
[2023-03-01 11:06:39,626] {logging_mixin.py:115} INFO - [2023-03-01 11:06:39,626] {dagbag.py:507} INFO - Filling up the DagBag from /Users/giovannisabarreto/Desktop/repositorios/airflow_k/venv/lib/python3.10/site-packages/airflow/example_dags/example_dag_decorator.py
[2023-03-01 11:06:39,699] {processor.py:651} INFO - DAG(s) dict_keys(['example_dag_decorator']) retrieved from /Users/giovannisabarreto/Desktop/repositorios/airflow_k/venv/lib/python3.10/site-packages/airflow/example_dags/example_dag_decorator.py
[2023-03-01 11:06:39,859] {logging_mixin.py:115} INFO - [2023-03-01 11:06:39,858] {dag.py:2379} INFO - Sync 1 DAGs
[2023-03-01 11:06:39,864] {logging_mixin.py:115} INFO - [2023-03-01 11:06:39,864] {dag.py:2927} INFO - Setting next_dagrun for example_dag_decorator to None, run_after=None
[2023-03-01 11:06:39,868] {processor.py:161} INFO - Processing /Users/giovannisabarreto/Desktop/repositorios/airflow_k/venv/lib/python3.10/site-packages/airflow/example_dags/example_dag_decorator.py took 0.243 seconds
[2023-03-01 11:07:24,149] {processor.py:153} INFO - Started process (PID=28215) to work on /Users/giovannisabarreto/Desktop/repositorios/airflow_k/venv/lib/python3.10/site-packages/airflow/example_dags/example_dag_decorator.py
[2023-03-01 11:07:24,149] {processor.py:641} INFO - Processing file /Users/giovannisabarreto/Desktop/repositorios/airflow_k/venv/lib/python3.10/site-packages/airflow/example_dags/example_dag_decorator.py for tasks to queue
[2023-03-01 11:07:24,150] {logging_mixin.py:115} INFO - [2023-03-01 11:07:24,150] {dagbag.py:507} INFO - Filling up the DagBag from /Users/giovannisabarreto/Desktop/repositorios/airflow_k/venv/lib/python3.10/site-packages/airflow/example_dags/example_dag_decorator.py
[2023-03-01 11:07:24,239] {processor.py:651} INFO - DAG(s) dict_keys(['example_dag_decorator']) retrieved from /Users/giovannisabarreto/Desktop/repositorios/airflow_k/venv/lib/python3.10/site-packages/airflow/example_dags/example_dag_decorator.py
[2023-03-01 11:07:24,437] {logging_mixin.py:115} INFO - [2023-03-01 11:07:24,437] {dag.py:2379} INFO - Sync 1 DAGs
[2023-03-01 11:07:24,442] {logging_mixin.py:115} INFO - [2023-03-01 11:07:24,442] {dag.py:2927} INFO - Setting next_dagrun for example_dag_decorator to None, run_after=None
[2023-03-01 11:07:24,446] {processor.py:161} INFO - Processing /Users/giovannisabarreto/Desktop/repositorios/airflow_k/venv/lib/python3.10/site-packages/airflow/example_dags/example_dag_decorator.py took 0.297 seconds
[2023-03-01 11:08:09,064] {processor.py:153} INFO - Started process (PID=29069) to work on /Users/giovannisabarreto/Desktop/repositorios/airflow_k/venv/lib/python3.10/site-packages/airflow/example_dags/example_dag_decorator.py
[2023-03-01 11:08:09,065] {processor.py:641} INFO - Processing file /Users/giovannisabarreto/Desktop/repositorios/airflow_k/venv/lib/python3.10/site-packages/airflow/example_dags/example_dag_decorator.py for tasks to queue
[2023-03-01 11:08:09,065] {logging_mixin.py:115} INFO - [2023-03-01 11:08:09,065] {dagbag.py:507} INFO - Filling up the DagBag from /Users/giovannisabarreto/Desktop/repositorios/airflow_k/venv/lib/python3.10/site-packages/airflow/example_dags/example_dag_decorator.py
[2023-03-01 11:08:09,145] {processor.py:651} INFO - DAG(s) dict_keys(['example_dag_decorator']) retrieved from /Users/giovannisabarreto/Desktop/repositorios/airflow_k/venv/lib/python3.10/site-packages/airflow/example_dags/example_dag_decorator.py
[2023-03-01 11:08:09,319] {logging_mixin.py:115} INFO - [2023-03-01 11:08:09,319] {dag.py:2379} INFO - Sync 1 DAGs
[2023-03-01 11:08:09,324] {logging_mixin.py:115} INFO - [2023-03-01 11:08:09,324] {dag.py:2927} INFO - Setting next_dagrun for example_dag_decorator to None, run_after=None
[2023-03-01 11:08:09,328] {processor.py:161} INFO - Processing /Users/giovannisabarreto/Desktop/repositorios/airflow_k/venv/lib/python3.10/site-packages/airflow/example_dags/example_dag_decorator.py took 0.265 seconds
[2023-03-01 11:08:52,298] {processor.py:153} INFO - Started process (PID=29228) to work on /Users/giovannisabarreto/Desktop/repositorios/airflow_k/venv/lib/python3.10/site-packages/airflow/example_dags/example_dag_decorator.py
[2023-03-01 11:08:52,299] {processor.py:641} INFO - Processing file /Users/giovannisabarreto/Desktop/repositorios/airflow_k/venv/lib/python3.10/site-packages/airflow/example_dags/example_dag_decorator.py for tasks to queue
[2023-03-01 11:08:52,299] {logging_mixin.py:115} INFO - [2023-03-01 11:08:52,299] {dagbag.py:507} INFO - Filling up the DagBag from /Users/giovannisabarreto/Desktop/repositorios/airflow_k/venv/lib/python3.10/site-packages/airflow/example_dags/example_dag_decorator.py
[2023-03-01 11:08:52,376] {processor.py:651} INFO - DAG(s) dict_keys(['example_dag_decorator']) retrieved from /Users/giovannisabarreto/Desktop/repositorios/airflow_k/venv/lib/python3.10/site-packages/airflow/example_dags/example_dag_decorator.py
[2023-03-01 11:08:52,571] {logging_mixin.py:115} INFO - [2023-03-01 11:08:52,571] {dag.py:2379} INFO - Sync 1 DAGs
[2023-03-01 11:08:52,576] {logging_mixin.py:115} INFO - [2023-03-01 11:08:52,576] {dag.py:2927} INFO - Setting next_dagrun for example_dag_decorator to None, run_after=None
[2023-03-01 11:08:52,580] {processor.py:161} INFO - Processing /Users/giovannisabarreto/Desktop/repositorios/airflow_k/venv/lib/python3.10/site-packages/airflow/example_dags/example_dag_decorator.py took 0.282 seconds
[2023-03-01 11:09:35,822] {processor.py:153} INFO - Started process (PID=29425) to work on /Users/giovannisabarreto/Desktop/repositorios/airflow_k/venv/lib/python3.10/site-packages/airflow/example_dags/example_dag_decorator.py
[2023-03-01 11:09:35,822] {processor.py:641} INFO - Processing file /Users/giovannisabarreto/Desktop/repositorios/airflow_k/venv/lib/python3.10/site-packages/airflow/example_dags/example_dag_decorator.py for tasks to queue
[2023-03-01 11:09:35,822] {logging_mixin.py:115} INFO - [2023-03-01 11:09:35,822] {dagbag.py:507} INFO - Filling up the DagBag from /Users/giovannisabarreto/Desktop/repositorios/airflow_k/venv/lib/python3.10/site-packages/airflow/example_dags/example_dag_decorator.py
[2023-03-01 11:09:35,897] {processor.py:651} INFO - DAG(s) dict_keys(['example_dag_decorator']) retrieved from /Users/giovannisabarreto/Desktop/repositorios/airflow_k/venv/lib/python3.10/site-packages/airflow/example_dags/example_dag_decorator.py
[2023-03-01 11:09:36,088] {logging_mixin.py:115} INFO - [2023-03-01 11:09:36,088] {dag.py:2379} INFO - Sync 1 DAGs
[2023-03-01 11:09:36,093] {logging_mixin.py:115} INFO - [2023-03-01 11:09:36,093] {dag.py:2927} INFO - Setting next_dagrun for example_dag_decorator to None, run_after=None
[2023-03-01 11:09:36,097] {processor.py:161} INFO - Processing /Users/giovannisabarreto/Desktop/repositorios/airflow_k/venv/lib/python3.10/site-packages/airflow/example_dags/example_dag_decorator.py took 0.276 seconds
[2023-03-01 11:10:17,917] {processor.py:153} INFO - Started process (PID=29565) to work on /Users/giovannisabarreto/Desktop/repositorios/airflow_k/venv/lib/python3.10/site-packages/airflow/example_dags/example_dag_decorator.py
[2023-03-01 11:10:17,917] {processor.py:641} INFO - Processing file /Users/giovannisabarreto/Desktop/repositorios/airflow_k/venv/lib/python3.10/site-packages/airflow/example_dags/example_dag_decorator.py for tasks to queue
[2023-03-01 11:10:17,917] {logging_mixin.py:115} INFO - [2023-03-01 11:10:17,917] {dagbag.py:507} INFO - Filling up the DagBag from /Users/giovannisabarreto/Desktop/repositorios/airflow_k/venv/lib/python3.10/site-packages/airflow/example_dags/example_dag_decorator.py
[2023-03-01 11:10:17,994] {processor.py:651} INFO - DAG(s) dict_keys(['example_dag_decorator']) retrieved from /Users/giovannisabarreto/Desktop/repositorios/airflow_k/venv/lib/python3.10/site-packages/airflow/example_dags/example_dag_decorator.py
[2023-03-01 11:10:18,161] {logging_mixin.py:115} INFO - [2023-03-01 11:10:18,161] {dag.py:2379} INFO - Sync 1 DAGs
[2023-03-01 11:10:18,166] {logging_mixin.py:115} INFO - [2023-03-01 11:10:18,166] {dag.py:2927} INFO - Setting next_dagrun for example_dag_decorator to None, run_after=None
[2023-03-01 11:10:18,171] {processor.py:161} INFO - Processing /Users/giovannisabarreto/Desktop/repositorios/airflow_k/venv/lib/python3.10/site-packages/airflow/example_dags/example_dag_decorator.py took 0.254 seconds
[2023-03-01 11:11:01,408] {processor.py:153} INFO - Started process (PID=29675) to work on /Users/giovannisabarreto/Desktop/repositorios/airflow_k/venv/lib/python3.10/site-packages/airflow/example_dags/example_dag_decorator.py
[2023-03-01 11:11:01,408] {processor.py:641} INFO - Processing file /Users/giovannisabarreto/Desktop/repositorios/airflow_k/venv/lib/python3.10/site-packages/airflow/example_dags/example_dag_decorator.py for tasks to queue
[2023-03-01 11:11:01,408] {logging_mixin.py:115} INFO - [2023-03-01 11:11:01,408] {dagbag.py:507} INFO - Filling up the DagBag from /Users/giovannisabarreto/Desktop/repositorios/airflow_k/venv/lib/python3.10/site-packages/airflow/example_dags/example_dag_decorator.py
[2023-03-01 11:11:01,496] {processor.py:651} INFO - DAG(s) dict_keys(['example_dag_decorator']) retrieved from /Users/giovannisabarreto/Desktop/repositorios/airflow_k/venv/lib/python3.10/site-packages/airflow/example_dags/example_dag_decorator.py
[2023-03-01 11:11:01,688] {logging_mixin.py:115} INFO - [2023-03-01 11:11:01,688] {dag.py:2379} INFO - Sync 1 DAGs
[2023-03-01 11:11:01,693] {logging_mixin.py:115} INFO - [2023-03-01 11:11:01,693] {dag.py:2927} INFO - Setting next_dagrun for example_dag_decorator to None, run_after=None
[2023-03-01 11:11:01,697] {processor.py:161} INFO - Processing /Users/giovannisabarreto/Desktop/repositorios/airflow_k/venv/lib/python3.10/site-packages/airflow/example_dags/example_dag_decorator.py took 0.289 seconds
[2023-03-01 11:11:49,080] {processor.py:153} INFO - Started process (PID=29859) to work on /Users/giovannisabarreto/Desktop/repositorios/airflow_k/venv/lib/python3.10/site-packages/airflow/example_dags/example_dag_decorator.py
[2023-03-01 11:11:49,081] {processor.py:641} INFO - Processing file /Users/giovannisabarreto/Desktop/repositorios/airflow_k/venv/lib/python3.10/site-packages/airflow/example_dags/example_dag_decorator.py for tasks to queue
[2023-03-01 11:11:49,081] {logging_mixin.py:115} INFO - [2023-03-01 11:11:49,081] {dagbag.py:507} INFO - Filling up the DagBag from /Users/giovannisabarreto/Desktop/repositorios/airflow_k/venv/lib/python3.10/site-packages/airflow/example_dags/example_dag_decorator.py
[2023-03-01 11:11:49,171] {processor.py:651} INFO - DAG(s) dict_keys(['example_dag_decorator']) retrieved from /Users/giovannisabarreto/Desktop/repositorios/airflow_k/venv/lib/python3.10/site-packages/airflow/example_dags/example_dag_decorator.py
[2023-03-01 11:11:49,363] {logging_mixin.py:115} INFO - [2023-03-01 11:11:49,363] {dag.py:2379} INFO - Sync 1 DAGs
[2023-03-01 11:11:49,368] {logging_mixin.py:115} INFO - [2023-03-01 11:11:49,368] {dag.py:2927} INFO - Setting next_dagrun for example_dag_decorator to None, run_after=None
[2023-03-01 11:11:49,372] {processor.py:161} INFO - Processing /Users/giovannisabarreto/Desktop/repositorios/airflow_k/venv/lib/python3.10/site-packages/airflow/example_dags/example_dag_decorator.py took 0.292 seconds
[2023-03-01 11:12:35,345] {processor.py:153} INFO - Started process (PID=29938) to work on /Users/giovannisabarreto/Desktop/repositorios/airflow_k/venv/lib/python3.10/site-packages/airflow/example_dags/example_dag_decorator.py
[2023-03-01 11:12:35,346] {processor.py:641} INFO - Processing file /Users/giovannisabarreto/Desktop/repositorios/airflow_k/venv/lib/python3.10/site-packages/airflow/example_dags/example_dag_decorator.py for tasks to queue
[2023-03-01 11:12:35,346] {logging_mixin.py:115} INFO - [2023-03-01 11:12:35,346] {dagbag.py:507} INFO - Filling up the DagBag from /Users/giovannisabarreto/Desktop/repositorios/airflow_k/venv/lib/python3.10/site-packages/airflow/example_dags/example_dag_decorator.py
[2023-03-01 11:12:35,434] {processor.py:651} INFO - DAG(s) dict_keys(['example_dag_decorator']) retrieved from /Users/giovannisabarreto/Desktop/repositorios/airflow_k/venv/lib/python3.10/site-packages/airflow/example_dags/example_dag_decorator.py
[2023-03-01 11:12:35,629] {logging_mixin.py:115} INFO - [2023-03-01 11:12:35,629] {dag.py:2379} INFO - Sync 1 DAGs
[2023-03-01 11:12:35,634] {logging_mixin.py:115} INFO - [2023-03-01 11:12:35,634] {dag.py:2927} INFO - Setting next_dagrun for example_dag_decorator to None, run_after=None
[2023-03-01 11:12:35,638] {processor.py:161} INFO - Processing /Users/giovannisabarreto/Desktop/repositorios/airflow_k/venv/lib/python3.10/site-packages/airflow/example_dags/example_dag_decorator.py took 0.293 seconds
[2023-03-01 11:13:19,984] {processor.py:153} INFO - Started process (PID=30017) to work on /Users/giovannisabarreto/Desktop/repositorios/airflow_k/venv/lib/python3.10/site-packages/airflow/example_dags/example_dag_decorator.py
[2023-03-01 11:13:19,985] {processor.py:641} INFO - Processing file /Users/giovannisabarreto/Desktop/repositorios/airflow_k/venv/lib/python3.10/site-packages/airflow/example_dags/example_dag_decorator.py for tasks to queue
[2023-03-01 11:13:19,985] {logging_mixin.py:115} INFO - [2023-03-01 11:13:19,985] {dagbag.py:507} INFO - Filling up the DagBag from /Users/giovannisabarreto/Desktop/repositorios/airflow_k/venv/lib/python3.10/site-packages/airflow/example_dags/example_dag_decorator.py
[2023-03-01 11:13:20,073] {processor.py:651} INFO - DAG(s) dict_keys(['example_dag_decorator']) retrieved from /Users/giovannisabarreto/Desktop/repositorios/airflow_k/venv/lib/python3.10/site-packages/airflow/example_dags/example_dag_decorator.py
[2023-03-01 11:13:20,262] {logging_mixin.py:115} INFO - [2023-03-01 11:13:20,262] {dag.py:2379} INFO - Sync 1 DAGs
[2023-03-01 11:13:20,267] {logging_mixin.py:115} INFO - [2023-03-01 11:13:20,267] {dag.py:2927} INFO - Setting next_dagrun for example_dag_decorator to None, run_after=None
[2023-03-01 11:13:20,271] {processor.py:161} INFO - Processing /Users/giovannisabarreto/Desktop/repositorios/airflow_k/venv/lib/python3.10/site-packages/airflow/example_dags/example_dag_decorator.py took 0.287 seconds
[2023-03-01 11:14:08,151] {processor.py:153} INFO - Started process (PID=30098) to work on /Users/giovannisabarreto/Desktop/repositorios/airflow_k/venv/lib/python3.10/site-packages/airflow/example_dags/example_dag_decorator.py
[2023-03-01 11:14:08,152] {processor.py:641} INFO - Processing file /Users/giovannisabarreto/Desktop/repositorios/airflow_k/venv/lib/python3.10/site-packages/airflow/example_dags/example_dag_decorator.py for tasks to queue
[2023-03-01 11:14:08,152] {logging_mixin.py:115} INFO - [2023-03-01 11:14:08,152] {dagbag.py:507} INFO - Filling up the DagBag from /Users/giovannisabarreto/Desktop/repositorios/airflow_k/venv/lib/python3.10/site-packages/airflow/example_dags/example_dag_decorator.py
[2023-03-01 11:14:08,236] {processor.py:651} INFO - DAG(s) dict_keys(['example_dag_decorator']) retrieved from /Users/giovannisabarreto/Desktop/repositorios/airflow_k/venv/lib/python3.10/site-packages/airflow/example_dags/example_dag_decorator.py
[2023-03-01 11:14:08,417] {logging_mixin.py:115} INFO - [2023-03-01 11:14:08,417] {dag.py:2379} INFO - Sync 1 DAGs
[2023-03-01 11:14:08,422] {logging_mixin.py:115} INFO - [2023-03-01 11:14:08,422] {dag.py:2927} INFO - Setting next_dagrun for example_dag_decorator to None, run_after=None
[2023-03-01 11:14:08,426] {processor.py:161} INFO - Processing /Users/giovannisabarreto/Desktop/repositorios/airflow_k/venv/lib/python3.10/site-packages/airflow/example_dags/example_dag_decorator.py took 0.276 seconds
[2023-03-01 11:14:52,499] {processor.py:153} INFO - Started process (PID=30246) to work on /Users/giovannisabarreto/Desktop/repositorios/airflow_k/venv/lib/python3.10/site-packages/airflow/example_dags/example_dag_decorator.py
[2023-03-01 11:14:52,500] {processor.py:641} INFO - Processing file /Users/giovannisabarreto/Desktop/repositorios/airflow_k/venv/lib/python3.10/site-packages/airflow/example_dags/example_dag_decorator.py for tasks to queue
[2023-03-01 11:14:52,500] {logging_mixin.py:115} INFO - [2023-03-01 11:14:52,500] {dagbag.py:507} INFO - Filling up the DagBag from /Users/giovannisabarreto/Desktop/repositorios/airflow_k/venv/lib/python3.10/site-packages/airflow/example_dags/example_dag_decorator.py
[2023-03-01 11:14:52,586] {processor.py:651} INFO - DAG(s) dict_keys(['example_dag_decorator']) retrieved from /Users/giovannisabarreto/Desktop/repositorios/airflow_k/venv/lib/python3.10/site-packages/airflow/example_dags/example_dag_decorator.py
[2023-03-01 11:14:52,777] {logging_mixin.py:115} INFO - [2023-03-01 11:14:52,776] {dag.py:2379} INFO - Sync 1 DAGs
[2023-03-01 11:14:52,782] {logging_mixin.py:115} INFO - [2023-03-01 11:14:52,782] {dag.py:2927} INFO - Setting next_dagrun for example_dag_decorator to None, run_after=None
[2023-03-01 11:14:52,786] {processor.py:161} INFO - Processing /Users/giovannisabarreto/Desktop/repositorios/airflow_k/venv/lib/python3.10/site-packages/airflow/example_dags/example_dag_decorator.py took 0.287 seconds
[2023-03-01 11:15:36,306] {processor.py:153} INFO - Started process (PID=30351) to work on /Users/giovannisabarreto/Desktop/repositorios/airflow_k/venv/lib/python3.10/site-packages/airflow/example_dags/example_dag_decorator.py
[2023-03-01 11:15:36,307] {processor.py:641} INFO - Processing file /Users/giovannisabarreto/Desktop/repositorios/airflow_k/venv/lib/python3.10/site-packages/airflow/example_dags/example_dag_decorator.py for tasks to queue
[2023-03-01 11:15:36,307] {logging_mixin.py:115} INFO - [2023-03-01 11:15:36,307] {dagbag.py:507} INFO - Filling up the DagBag from /Users/giovannisabarreto/Desktop/repositorios/airflow_k/venv/lib/python3.10/site-packages/airflow/example_dags/example_dag_decorator.py
[2023-03-01 11:15:36,382] {processor.py:651} INFO - DAG(s) dict_keys(['example_dag_decorator']) retrieved from /Users/giovannisabarreto/Desktop/repositorios/airflow_k/venv/lib/python3.10/site-packages/airflow/example_dags/example_dag_decorator.py
[2023-03-01 11:15:36,540] {logging_mixin.py:115} INFO - [2023-03-01 11:15:36,540] {dag.py:2379} INFO - Sync 1 DAGs
[2023-03-01 11:15:36,545] {logging_mixin.py:115} INFO - [2023-03-01 11:15:36,545] {dag.py:2927} INFO - Setting next_dagrun for example_dag_decorator to None, run_after=None
[2023-03-01 11:15:36,549] {processor.py:161} INFO - Processing /Users/giovannisabarreto/Desktop/repositorios/airflow_k/venv/lib/python3.10/site-packages/airflow/example_dags/example_dag_decorator.py took 0.243 seconds
[2023-03-01 11:16:19,435] {processor.py:153} INFO - Started process (PID=30424) to work on /Users/giovannisabarreto/Desktop/repositorios/airflow_k/venv/lib/python3.10/site-packages/airflow/example_dags/example_dag_decorator.py
[2023-03-01 11:16:19,435] {processor.py:641} INFO - Processing file /Users/giovannisabarreto/Desktop/repositorios/airflow_k/venv/lib/python3.10/site-packages/airflow/example_dags/example_dag_decorator.py for tasks to queue
[2023-03-01 11:16:19,435] {logging_mixin.py:115} INFO - [2023-03-01 11:16:19,435] {dagbag.py:507} INFO - Filling up the DagBag from /Users/giovannisabarreto/Desktop/repositorios/airflow_k/venv/lib/python3.10/site-packages/airflow/example_dags/example_dag_decorator.py
[2023-03-01 11:16:19,522] {processor.py:651} INFO - DAG(s) dict_keys(['example_dag_decorator']) retrieved from /Users/giovannisabarreto/Desktop/repositorios/airflow_k/venv/lib/python3.10/site-packages/airflow/example_dags/example_dag_decorator.py
[2023-03-01 11:16:19,713] {logging_mixin.py:115} INFO - [2023-03-01 11:16:19,712] {dag.py:2379} INFO - Sync 1 DAGs
[2023-03-01 11:16:19,718] {logging_mixin.py:115} INFO - [2023-03-01 11:16:19,718] {dag.py:2927} INFO - Setting next_dagrun for example_dag_decorator to None, run_after=None
[2023-03-01 11:16:19,722] {processor.py:161} INFO - Processing /Users/giovannisabarreto/Desktop/repositorios/airflow_k/venv/lib/python3.10/site-packages/airflow/example_dags/example_dag_decorator.py took 0.287 seconds
[2023-03-01 11:17:04,864] {processor.py:153} INFO - Started process (PID=30516) to work on /Users/giovannisabarreto/Desktop/repositorios/airflow_k/venv/lib/python3.10/site-packages/airflow/example_dags/example_dag_decorator.py
[2023-03-01 11:17:04,865] {processor.py:641} INFO - Processing file /Users/giovannisabarreto/Desktop/repositorios/airflow_k/venv/lib/python3.10/site-packages/airflow/example_dags/example_dag_decorator.py for tasks to queue
[2023-03-01 11:17:04,865] {logging_mixin.py:115} INFO - [2023-03-01 11:17:04,865] {dagbag.py:507} INFO - Filling up the DagBag from /Users/giovannisabarreto/Desktop/repositorios/airflow_k/venv/lib/python3.10/site-packages/airflow/example_dags/example_dag_decorator.py
[2023-03-01 11:17:04,939] {processor.py:651} INFO - DAG(s) dict_keys(['example_dag_decorator']) retrieved from /Users/giovannisabarreto/Desktop/repositorios/airflow_k/venv/lib/python3.10/site-packages/airflow/example_dags/example_dag_decorator.py
[2023-03-01 11:17:05,099] {logging_mixin.py:115} INFO - [2023-03-01 11:17:05,098] {dag.py:2379} INFO - Sync 1 DAGs
[2023-03-01 11:17:05,103] {logging_mixin.py:115} INFO - [2023-03-01 11:17:05,103] {dag.py:2927} INFO - Setting next_dagrun for example_dag_decorator to None, run_after=None
[2023-03-01 11:17:05,108] {processor.py:161} INFO - Processing /Users/giovannisabarreto/Desktop/repositorios/airflow_k/venv/lib/python3.10/site-packages/airflow/example_dags/example_dag_decorator.py took 0.244 seconds
[2023-03-01 11:17:48,796] {processor.py:153} INFO - Started process (PID=30594) to work on /Users/giovannisabarreto/Desktop/repositorios/airflow_k/venv/lib/python3.10/site-packages/airflow/example_dags/example_dag_decorator.py
[2023-03-01 11:17:48,796] {processor.py:641} INFO - Processing file /Users/giovannisabarreto/Desktop/repositorios/airflow_k/venv/lib/python3.10/site-packages/airflow/example_dags/example_dag_decorator.py for tasks to queue
[2023-03-01 11:17:48,796] {logging_mixin.py:115} INFO - [2023-03-01 11:17:48,796] {dagbag.py:507} INFO - Filling up the DagBag from /Users/giovannisabarreto/Desktop/repositorios/airflow_k/venv/lib/python3.10/site-packages/airflow/example_dags/example_dag_decorator.py
[2023-03-01 11:17:48,870] {processor.py:651} INFO - DAG(s) dict_keys(['example_dag_decorator']) retrieved from /Users/giovannisabarreto/Desktop/repositorios/airflow_k/venv/lib/python3.10/site-packages/airflow/example_dags/example_dag_decorator.py
[2023-03-01 11:17:49,031] {logging_mixin.py:115} INFO - [2023-03-01 11:17:49,031] {dag.py:2379} INFO - Sync 1 DAGs
[2023-03-01 11:17:49,036] {logging_mixin.py:115} INFO - [2023-03-01 11:17:49,036] {dag.py:2927} INFO - Setting next_dagrun for example_dag_decorator to None, run_after=None
[2023-03-01 11:17:49,041] {processor.py:161} INFO - Processing /Users/giovannisabarreto/Desktop/repositorios/airflow_k/venv/lib/python3.10/site-packages/airflow/example_dags/example_dag_decorator.py took 0.245 seconds
[2023-03-01 11:18:38,192] {processor.py:153} INFO - Started process (PID=30686) to work on /Users/giovannisabarreto/Desktop/repositorios/airflow_k/venv/lib/python3.10/site-packages/airflow/example_dags/example_dag_decorator.py
[2023-03-01 11:18:38,192] {processor.py:641} INFO - Processing file /Users/giovannisabarreto/Desktop/repositorios/airflow_k/venv/lib/python3.10/site-packages/airflow/example_dags/example_dag_decorator.py for tasks to queue
[2023-03-01 11:18:38,192] {logging_mixin.py:115} INFO - [2023-03-01 11:18:38,192] {dagbag.py:507} INFO - Filling up the DagBag from /Users/giovannisabarreto/Desktop/repositorios/airflow_k/venv/lib/python3.10/site-packages/airflow/example_dags/example_dag_decorator.py
[2023-03-01 11:18:38,267] {processor.py:651} INFO - DAG(s) dict_keys(['example_dag_decorator']) retrieved from /Users/giovannisabarreto/Desktop/repositorios/airflow_k/venv/lib/python3.10/site-packages/airflow/example_dags/example_dag_decorator.py
[2023-03-01 11:18:38,426] {logging_mixin.py:115} INFO - [2023-03-01 11:18:38,426] {dag.py:2379} INFO - Sync 1 DAGs
[2023-03-01 11:18:38,431] {logging_mixin.py:115} INFO - [2023-03-01 11:18:38,430] {dag.py:2927} INFO - Setting next_dagrun for example_dag_decorator to None, run_after=None
[2023-03-01 11:18:38,435] {processor.py:161} INFO - Processing /Users/giovannisabarreto/Desktop/repositorios/airflow_k/venv/lib/python3.10/site-packages/airflow/example_dags/example_dag_decorator.py took 0.243 seconds
[2023-03-01 11:19:26,938] {processor.py:153} INFO - Started process (PID=30784) to work on /Users/giovannisabarreto/Desktop/repositorios/airflow_k/venv/lib/python3.10/site-packages/airflow/example_dags/example_dag_decorator.py
[2023-03-01 11:19:26,939] {processor.py:641} INFO - Processing file /Users/giovannisabarreto/Desktop/repositorios/airflow_k/venv/lib/python3.10/site-packages/airflow/example_dags/example_dag_decorator.py for tasks to queue
[2023-03-01 11:19:26,939] {logging_mixin.py:115} INFO - [2023-03-01 11:19:26,939] {dagbag.py:507} INFO - Filling up the DagBag from /Users/giovannisabarreto/Desktop/repositorios/airflow_k/venv/lib/python3.10/site-packages/airflow/example_dags/example_dag_decorator.py
[2023-03-01 11:19:27,026] {processor.py:651} INFO - DAG(s) dict_keys(['example_dag_decorator']) retrieved from /Users/giovannisabarreto/Desktop/repositorios/airflow_k/venv/lib/python3.10/site-packages/airflow/example_dags/example_dag_decorator.py
[2023-03-01 11:19:27,218] {logging_mixin.py:115} INFO - [2023-03-01 11:19:27,218] {dag.py:2379} INFO - Sync 1 DAGs
[2023-03-01 11:19:27,223] {logging_mixin.py:115} INFO - [2023-03-01 11:19:27,223] {dag.py:2927} INFO - Setting next_dagrun for example_dag_decorator to None, run_after=None
[2023-03-01 11:19:27,227] {processor.py:161} INFO - Processing /Users/giovannisabarreto/Desktop/repositorios/airflow_k/venv/lib/python3.10/site-packages/airflow/example_dags/example_dag_decorator.py took 0.289 seconds
[2023-03-01 11:20:14,583] {processor.py:153} INFO - Started process (PID=30868) to work on /Users/giovannisabarreto/Desktop/repositorios/airflow_k/venv/lib/python3.10/site-packages/airflow/example_dags/example_dag_decorator.py
[2023-03-01 11:20:14,584] {processor.py:641} INFO - Processing file /Users/giovannisabarreto/Desktop/repositorios/airflow_k/venv/lib/python3.10/site-packages/airflow/example_dags/example_dag_decorator.py for tasks to queue
[2023-03-01 11:20:14,584] {logging_mixin.py:115} INFO - [2023-03-01 11:20:14,584] {dagbag.py:507} INFO - Filling up the DagBag from /Users/giovannisabarreto/Desktop/repositorios/airflow_k/venv/lib/python3.10/site-packages/airflow/example_dags/example_dag_decorator.py
[2023-03-01 11:20:14,659] {processor.py:651} INFO - DAG(s) dict_keys(['example_dag_decorator']) retrieved from /Users/giovannisabarreto/Desktop/repositorios/airflow_k/venv/lib/python3.10/site-packages/airflow/example_dags/example_dag_decorator.py
[2023-03-01 11:20:14,851] {logging_mixin.py:115} INFO - [2023-03-01 11:20:14,851] {dag.py:2379} INFO - Sync 1 DAGs
[2023-03-01 11:20:14,856] {logging_mixin.py:115} INFO - [2023-03-01 11:20:14,856] {dag.py:2927} INFO - Setting next_dagrun for example_dag_decorator to None, run_after=None
[2023-03-01 11:20:14,860] {processor.py:161} INFO - Processing /Users/giovannisabarreto/Desktop/repositorios/airflow_k/venv/lib/python3.10/site-packages/airflow/example_dags/example_dag_decorator.py took 0.277 seconds
[2023-03-01 11:20:58,042] {processor.py:153} INFO - Started process (PID=30943) to work on /Users/giovannisabarreto/Desktop/repositorios/airflow_k/venv/lib/python3.10/site-packages/airflow/example_dags/example_dag_decorator.py
[2023-03-01 11:20:58,043] {processor.py:641} INFO - Processing file /Users/giovannisabarreto/Desktop/repositorios/airflow_k/venv/lib/python3.10/site-packages/airflow/example_dags/example_dag_decorator.py for tasks to queue
[2023-03-01 11:20:58,043] {logging_mixin.py:115} INFO - [2023-03-01 11:20:58,043] {dagbag.py:507} INFO - Filling up the DagBag from /Users/giovannisabarreto/Desktop/repositorios/airflow_k/venv/lib/python3.10/site-packages/airflow/example_dags/example_dag_decorator.py
[2023-03-01 11:20:58,118] {processor.py:651} INFO - DAG(s) dict_keys(['example_dag_decorator']) retrieved from /Users/giovannisabarreto/Desktop/repositorios/airflow_k/venv/lib/python3.10/site-packages/airflow/example_dags/example_dag_decorator.py
[2023-03-01 11:20:58,282] {logging_mixin.py:115} INFO - [2023-03-01 11:20:58,282] {dag.py:2379} INFO - Sync 1 DAGs
[2023-03-01 11:20:58,288] {logging_mixin.py:115} INFO - [2023-03-01 11:20:58,288] {dag.py:2927} INFO - Setting next_dagrun for example_dag_decorator to None, run_after=None
[2023-03-01 11:20:58,292] {processor.py:161} INFO - Processing /Users/giovannisabarreto/Desktop/repositorios/airflow_k/venv/lib/python3.10/site-packages/airflow/example_dags/example_dag_decorator.py took 0.250 seconds
[2023-03-01 11:21:41,278] {processor.py:153} INFO - Started process (PID=31039) to work on /Users/giovannisabarreto/Desktop/repositorios/airflow_k/venv/lib/python3.10/site-packages/airflow/example_dags/example_dag_decorator.py
[2023-03-01 11:21:41,279] {processor.py:641} INFO - Processing file /Users/giovannisabarreto/Desktop/repositorios/airflow_k/venv/lib/python3.10/site-packages/airflow/example_dags/example_dag_decorator.py for tasks to queue
[2023-03-01 11:21:41,279] {logging_mixin.py:115} INFO - [2023-03-01 11:21:41,279] {dagbag.py:507} INFO - Filling up the DagBag from /Users/giovannisabarreto/Desktop/repositorios/airflow_k/venv/lib/python3.10/site-packages/airflow/example_dags/example_dag_decorator.py
[2023-03-01 11:21:41,355] {processor.py:651} INFO - DAG(s) dict_keys(['example_dag_decorator']) retrieved from /Users/giovannisabarreto/Desktop/repositorios/airflow_k/venv/lib/python3.10/site-packages/airflow/example_dags/example_dag_decorator.py
[2023-03-01 11:21:41,516] {logging_mixin.py:115} INFO - [2023-03-01 11:21:41,516] {dag.py:2379} INFO - Sync 1 DAGs
[2023-03-01 11:21:41,521] {logging_mixin.py:115} INFO - [2023-03-01 11:21:41,521] {dag.py:2927} INFO - Setting next_dagrun for example_dag_decorator to None, run_after=None
[2023-03-01 11:21:41,525] {processor.py:161} INFO - Processing /Users/giovannisabarreto/Desktop/repositorios/airflow_k/venv/lib/python3.10/site-packages/airflow/example_dags/example_dag_decorator.py took 0.247 seconds
[2023-03-01 11:22:23,835] {processor.py:153} INFO - Started process (PID=31144) to work on /Users/giovannisabarreto/Desktop/repositorios/airflow_k/venv/lib/python3.10/site-packages/airflow/example_dags/example_dag_decorator.py
[2023-03-01 11:22:23,835] {processor.py:641} INFO - Processing file /Users/giovannisabarreto/Desktop/repositorios/airflow_k/venv/lib/python3.10/site-packages/airflow/example_dags/example_dag_decorator.py for tasks to queue
[2023-03-01 11:22:23,835] {logging_mixin.py:115} INFO - [2023-03-01 11:22:23,835] {dagbag.py:507} INFO - Filling up the DagBag from /Users/giovannisabarreto/Desktop/repositorios/airflow_k/venv/lib/python3.10/site-packages/airflow/example_dags/example_dag_decorator.py
[2023-03-01 11:22:23,926] {processor.py:651} INFO - DAG(s) dict_keys(['example_dag_decorator']) retrieved from /Users/giovannisabarreto/Desktop/repositorios/airflow_k/venv/lib/python3.10/site-packages/airflow/example_dags/example_dag_decorator.py
[2023-03-01 11:22:24,117] {logging_mixin.py:115} INFO - [2023-03-01 11:22:24,117] {dag.py:2379} INFO - Sync 1 DAGs
[2023-03-01 11:22:24,122] {logging_mixin.py:115} INFO - [2023-03-01 11:22:24,122] {dag.py:2927} INFO - Setting next_dagrun for example_dag_decorator to None, run_after=None
[2023-03-01 11:22:24,126] {processor.py:161} INFO - Processing /Users/giovannisabarreto/Desktop/repositorios/airflow_k/venv/lib/python3.10/site-packages/airflow/example_dags/example_dag_decorator.py took 0.292 seconds
[2023-03-01 11:23:10,439] {processor.py:153} INFO - Started process (PID=31229) to work on /Users/giovannisabarreto/Desktop/repositorios/airflow_k/venv/lib/python3.10/site-packages/airflow/example_dags/example_dag_decorator.py
[2023-03-01 11:23:10,439] {processor.py:641} INFO - Processing file /Users/giovannisabarreto/Desktop/repositorios/airflow_k/venv/lib/python3.10/site-packages/airflow/example_dags/example_dag_decorator.py for tasks to queue
[2023-03-01 11:23:10,439] {logging_mixin.py:115} INFO - [2023-03-01 11:23:10,439] {dagbag.py:507} INFO - Filling up the DagBag from /Users/giovannisabarreto/Desktop/repositorios/airflow_k/venv/lib/python3.10/site-packages/airflow/example_dags/example_dag_decorator.py
[2023-03-01 11:23:10,514] {processor.py:651} INFO - DAG(s) dict_keys(['example_dag_decorator']) retrieved from /Users/giovannisabarreto/Desktop/repositorios/airflow_k/venv/lib/python3.10/site-packages/airflow/example_dags/example_dag_decorator.py
[2023-03-01 11:23:10,674] {logging_mixin.py:115} INFO - [2023-03-01 11:23:10,674] {dag.py:2379} INFO - Sync 1 DAGs
[2023-03-01 11:23:10,678] {logging_mixin.py:115} INFO - [2023-03-01 11:23:10,678] {dag.py:2927} INFO - Setting next_dagrun for example_dag_decorator to None, run_after=None
[2023-03-01 11:23:10,683] {processor.py:161} INFO - Processing /Users/giovannisabarreto/Desktop/repositorios/airflow_k/venv/lib/python3.10/site-packages/airflow/example_dags/example_dag_decorator.py took 0.244 seconds
[2023-03-01 11:23:57,444] {processor.py:153} INFO - Started process (PID=31312) to work on /Users/giovannisabarreto/Desktop/repositorios/airflow_k/venv/lib/python3.10/site-packages/airflow/example_dags/example_dag_decorator.py
[2023-03-01 11:23:57,444] {processor.py:641} INFO - Processing file /Users/giovannisabarreto/Desktop/repositorios/airflow_k/venv/lib/python3.10/site-packages/airflow/example_dags/example_dag_decorator.py for tasks to queue
[2023-03-01 11:23:57,445] {logging_mixin.py:115} INFO - [2023-03-01 11:23:57,445] {dagbag.py:507} INFO - Filling up the DagBag from /Users/giovannisabarreto/Desktop/repositorios/airflow_k/venv/lib/python3.10/site-packages/airflow/example_dags/example_dag_decorator.py
[2023-03-01 11:23:57,520] {processor.py:651} INFO - DAG(s) dict_keys(['example_dag_decorator']) retrieved from /Users/giovannisabarreto/Desktop/repositorios/airflow_k/venv/lib/python3.10/site-packages/airflow/example_dags/example_dag_decorator.py
[2023-03-01 11:23:57,682] {logging_mixin.py:115} INFO - [2023-03-01 11:23:57,682] {dag.py:2379} INFO - Sync 1 DAGs
[2023-03-01 11:23:57,687] {logging_mixin.py:115} INFO - [2023-03-01 11:23:57,687] {dag.py:2927} INFO - Setting next_dagrun for example_dag_decorator to None, run_after=None
[2023-03-01 11:23:57,691] {processor.py:161} INFO - Processing /Users/giovannisabarreto/Desktop/repositorios/airflow_k/venv/lib/python3.10/site-packages/airflow/example_dags/example_dag_decorator.py took 0.247 seconds
[2023-03-01 11:24:45,223] {processor.py:153} INFO - Started process (PID=31415) to work on /Users/giovannisabarreto/Desktop/repositorios/airflow_k/venv/lib/python3.10/site-packages/airflow/example_dags/example_dag_decorator.py
[2023-03-01 11:24:45,224] {processor.py:641} INFO - Processing file /Users/giovannisabarreto/Desktop/repositorios/airflow_k/venv/lib/python3.10/site-packages/airflow/example_dags/example_dag_decorator.py for tasks to queue
[2023-03-01 11:24:45,224] {logging_mixin.py:115} INFO - [2023-03-01 11:24:45,224] {dagbag.py:507} INFO - Filling up the DagBag from /Users/giovannisabarreto/Desktop/repositorios/airflow_k/venv/lib/python3.10/site-packages/airflow/example_dags/example_dag_decorator.py
[2023-03-01 11:24:45,322] {processor.py:651} INFO - DAG(s) dict_keys(['example_dag_decorator']) retrieved from /Users/giovannisabarreto/Desktop/repositorios/airflow_k/venv/lib/python3.10/site-packages/airflow/example_dags/example_dag_decorator.py
[2023-03-01 11:24:45,526] {logging_mixin.py:115} INFO - [2023-03-01 11:24:45,526] {dag.py:2379} INFO - Sync 1 DAGs
[2023-03-01 11:24:45,531] {logging_mixin.py:115} INFO - [2023-03-01 11:24:45,531] {dag.py:2927} INFO - Setting next_dagrun for example_dag_decorator to None, run_after=None
[2023-03-01 11:24:45,536] {processor.py:161} INFO - Processing /Users/giovannisabarreto/Desktop/repositorios/airflow_k/venv/lib/python3.10/site-packages/airflow/example_dags/example_dag_decorator.py took 0.312 seconds
[2023-03-01 11:25:28,251] {processor.py:153} INFO - Started process (PID=31494) to work on /Users/giovannisabarreto/Desktop/repositorios/airflow_k/venv/lib/python3.10/site-packages/airflow/example_dags/example_dag_decorator.py
[2023-03-01 11:25:28,252] {processor.py:641} INFO - Processing file /Users/giovannisabarreto/Desktop/repositorios/airflow_k/venv/lib/python3.10/site-packages/airflow/example_dags/example_dag_decorator.py for tasks to queue
[2023-03-01 11:25:28,252] {logging_mixin.py:115} INFO - [2023-03-01 11:25:28,252] {dagbag.py:507} INFO - Filling up the DagBag from /Users/giovannisabarreto/Desktop/repositorios/airflow_k/venv/lib/python3.10/site-packages/airflow/example_dags/example_dag_decorator.py
[2023-03-01 11:25:28,339] {processor.py:651} INFO - DAG(s) dict_keys(['example_dag_decorator']) retrieved from /Users/giovannisabarreto/Desktop/repositorios/airflow_k/venv/lib/python3.10/site-packages/airflow/example_dags/example_dag_decorator.py
[2023-03-01 11:25:28,534] {logging_mixin.py:115} INFO - [2023-03-01 11:25:28,534] {dag.py:2379} INFO - Sync 1 DAGs
[2023-03-01 11:25:28,539] {logging_mixin.py:115} INFO - [2023-03-01 11:25:28,539] {dag.py:2927} INFO - Setting next_dagrun for example_dag_decorator to None, run_after=None
[2023-03-01 11:25:28,543] {processor.py:161} INFO - Processing /Users/giovannisabarreto/Desktop/repositorios/airflow_k/venv/lib/python3.10/site-packages/airflow/example_dags/example_dag_decorator.py took 0.293 seconds
[2023-03-01 11:26:09,843] {processor.py:153} INFO - Started process (PID=31566) to work on /Users/giovannisabarreto/Desktop/repositorios/airflow_k/venv/lib/python3.10/site-packages/airflow/example_dags/example_dag_decorator.py
[2023-03-01 11:26:09,844] {processor.py:641} INFO - Processing file /Users/giovannisabarreto/Desktop/repositorios/airflow_k/venv/lib/python3.10/site-packages/airflow/example_dags/example_dag_decorator.py for tasks to queue
[2023-03-01 11:26:09,844] {logging_mixin.py:115} INFO - [2023-03-01 11:26:09,844] {dagbag.py:507} INFO - Filling up the DagBag from /Users/giovannisabarreto/Desktop/repositorios/airflow_k/venv/lib/python3.10/site-packages/airflow/example_dags/example_dag_decorator.py
[2023-03-01 11:26:09,919] {processor.py:651} INFO - DAG(s) dict_keys(['example_dag_decorator']) retrieved from /Users/giovannisabarreto/Desktop/repositorios/airflow_k/venv/lib/python3.10/site-packages/airflow/example_dags/example_dag_decorator.py
[2023-03-01 11:26:10,081] {logging_mixin.py:115} INFO - [2023-03-01 11:26:10,081] {dag.py:2379} INFO - Sync 1 DAGs
[2023-03-01 11:26:10,086] {logging_mixin.py:115} INFO - [2023-03-01 11:26:10,086] {dag.py:2927} INFO - Setting next_dagrun for example_dag_decorator to None, run_after=None
[2023-03-01 11:26:10,090] {processor.py:161} INFO - Processing /Users/giovannisabarreto/Desktop/repositorios/airflow_k/venv/lib/python3.10/site-packages/airflow/example_dags/example_dag_decorator.py took 0.248 seconds
[2023-03-01 11:26:53,986] {processor.py:153} INFO - Started process (PID=31645) to work on /Users/giovannisabarreto/Desktop/repositorios/airflow_k/venv/lib/python3.10/site-packages/airflow/example_dags/example_dag_decorator.py
[2023-03-01 11:26:53,986] {processor.py:641} INFO - Processing file /Users/giovannisabarreto/Desktop/repositorios/airflow_k/venv/lib/python3.10/site-packages/airflow/example_dags/example_dag_decorator.py for tasks to queue
[2023-03-01 11:26:53,986] {logging_mixin.py:115} INFO - [2023-03-01 11:26:53,986] {dagbag.py:507} INFO - Filling up the DagBag from /Users/giovannisabarreto/Desktop/repositorios/airflow_k/venv/lib/python3.10/site-packages/airflow/example_dags/example_dag_decorator.py
[2023-03-01 11:26:54,065] {processor.py:651} INFO - DAG(s) dict_keys(['example_dag_decorator']) retrieved from /Users/giovannisabarreto/Desktop/repositorios/airflow_k/venv/lib/python3.10/site-packages/airflow/example_dags/example_dag_decorator.py
[2023-03-01 11:26:54,236] {logging_mixin.py:115} INFO - [2023-03-01 11:26:54,236] {dag.py:2379} INFO - Sync 1 DAGs
[2023-03-01 11:26:54,241] {logging_mixin.py:115} INFO - [2023-03-01 11:26:54,241] {dag.py:2927} INFO - Setting next_dagrun for example_dag_decorator to None, run_after=None
[2023-03-01 11:26:54,245] {processor.py:161} INFO - Processing /Users/giovannisabarreto/Desktop/repositorios/airflow_k/venv/lib/python3.10/site-packages/airflow/example_dags/example_dag_decorator.py took 0.259 seconds
[2023-03-01 11:27:37,312] {processor.py:153} INFO - Started process (PID=31752) to work on /Users/giovannisabarreto/Desktop/repositorios/airflow_k/venv/lib/python3.10/site-packages/airflow/example_dags/example_dag_decorator.py
[2023-03-01 11:27:37,313] {processor.py:641} INFO - Processing file /Users/giovannisabarreto/Desktop/repositorios/airflow_k/venv/lib/python3.10/site-packages/airflow/example_dags/example_dag_decorator.py for tasks to queue
[2023-03-01 11:27:37,313] {logging_mixin.py:115} INFO - [2023-03-01 11:27:37,313] {dagbag.py:507} INFO - Filling up the DagBag from /Users/giovannisabarreto/Desktop/repositorios/airflow_k/venv/lib/python3.10/site-packages/airflow/example_dags/example_dag_decorator.py
[2023-03-01 11:27:37,396] {processor.py:651} INFO - DAG(s) dict_keys(['example_dag_decorator']) retrieved from /Users/giovannisabarreto/Desktop/repositorios/airflow_k/venv/lib/python3.10/site-packages/airflow/example_dags/example_dag_decorator.py
[2023-03-01 11:27:37,578] {logging_mixin.py:115} INFO - [2023-03-01 11:27:37,578] {dag.py:2379} INFO - Sync 1 DAGs
[2023-03-01 11:27:37,583] {logging_mixin.py:115} INFO - [2023-03-01 11:27:37,583] {dag.py:2927} INFO - Setting next_dagrun for example_dag_decorator to None, run_after=None
[2023-03-01 11:27:37,587] {processor.py:161} INFO - Processing /Users/giovannisabarreto/Desktop/repositorios/airflow_k/venv/lib/python3.10/site-packages/airflow/example_dags/example_dag_decorator.py took 0.275 seconds
[2023-03-01 11:28:24,790] {processor.py:153} INFO - Started process (PID=31844) to work on /Users/giovannisabarreto/Desktop/repositorios/airflow_k/venv/lib/python3.10/site-packages/airflow/example_dags/example_dag_decorator.py
[2023-03-01 11:28:24,791] {processor.py:641} INFO - Processing file /Users/giovannisabarreto/Desktop/repositorios/airflow_k/venv/lib/python3.10/site-packages/airflow/example_dags/example_dag_decorator.py for tasks to queue
[2023-03-01 11:28:24,791] {logging_mixin.py:115} INFO - [2023-03-01 11:28:24,791] {dagbag.py:507} INFO - Filling up the DagBag from /Users/giovannisabarreto/Desktop/repositorios/airflow_k/venv/lib/python3.10/site-packages/airflow/example_dags/example_dag_decorator.py
[2023-03-01 11:28:24,865] {processor.py:651} INFO - DAG(s) dict_keys(['example_dag_decorator']) retrieved from /Users/giovannisabarreto/Desktop/repositorios/airflow_k/venv/lib/python3.10/site-packages/airflow/example_dags/example_dag_decorator.py
[2023-03-01 11:28:25,028] {logging_mixin.py:115} INFO - [2023-03-01 11:28:25,028] {dag.py:2379} INFO - Sync 1 DAGs
[2023-03-01 11:28:25,033] {logging_mixin.py:115} INFO - [2023-03-01 11:28:25,033] {dag.py:2927} INFO - Setting next_dagrun for example_dag_decorator to None, run_after=None
[2023-03-01 11:28:25,037] {processor.py:161} INFO - Processing /Users/giovannisabarreto/Desktop/repositorios/airflow_k/venv/lib/python3.10/site-packages/airflow/example_dags/example_dag_decorator.py took 0.247 seconds
[2023-03-01 11:29:08,786] {processor.py:153} INFO - Started process (PID=31923) to work on /Users/giovannisabarreto/Desktop/repositorios/airflow_k/venv/lib/python3.10/site-packages/airflow/example_dags/example_dag_decorator.py
[2023-03-01 11:29:08,787] {processor.py:641} INFO - Processing file /Users/giovannisabarreto/Desktop/repositorios/airflow_k/venv/lib/python3.10/site-packages/airflow/example_dags/example_dag_decorator.py for tasks to queue
[2023-03-01 11:29:08,787] {logging_mixin.py:115} INFO - [2023-03-01 11:29:08,787] {dagbag.py:507} INFO - Filling up the DagBag from /Users/giovannisabarreto/Desktop/repositorios/airflow_k/venv/lib/python3.10/site-packages/airflow/example_dags/example_dag_decorator.py
[2023-03-01 11:29:08,862] {processor.py:651} INFO - DAG(s) dict_keys(['example_dag_decorator']) retrieved from /Users/giovannisabarreto/Desktop/repositorios/airflow_k/venv/lib/python3.10/site-packages/airflow/example_dags/example_dag_decorator.py
[2023-03-01 11:29:09,020] {logging_mixin.py:115} INFO - [2023-03-01 11:29:09,020] {dag.py:2379} INFO - Sync 1 DAGs
[2023-03-01 11:29:09,025] {logging_mixin.py:115} INFO - [2023-03-01 11:29:09,025] {dag.py:2927} INFO - Setting next_dagrun for example_dag_decorator to None, run_after=None
[2023-03-01 11:29:09,029] {processor.py:161} INFO - Processing /Users/giovannisabarreto/Desktop/repositorios/airflow_k/venv/lib/python3.10/site-packages/airflow/example_dags/example_dag_decorator.py took 0.243 seconds
[2023-03-01 11:29:49,679] {processor.py:153} INFO - Started process (PID=32022) to work on /Users/giovannisabarreto/Desktop/repositorios/airflow_k/venv/lib/python3.10/site-packages/airflow/example_dags/example_dag_decorator.py
[2023-03-01 11:29:49,680] {processor.py:641} INFO - Processing file /Users/giovannisabarreto/Desktop/repositorios/airflow_k/venv/lib/python3.10/site-packages/airflow/example_dags/example_dag_decorator.py for tasks to queue
[2023-03-01 11:29:49,680] {logging_mixin.py:115} INFO - [2023-03-01 11:29:49,680] {dagbag.py:507} INFO - Filling up the DagBag from /Users/giovannisabarreto/Desktop/repositorios/airflow_k/venv/lib/python3.10/site-packages/airflow/example_dags/example_dag_decorator.py
[2023-03-01 11:29:49,777] {processor.py:651} INFO - DAG(s) dict_keys(['example_dag_decorator']) retrieved from /Users/giovannisabarreto/Desktop/repositorios/airflow_k/venv/lib/python3.10/site-packages/airflow/example_dags/example_dag_decorator.py
[2023-03-01 11:29:49,994] {logging_mixin.py:115} INFO - [2023-03-01 11:29:49,994] {dag.py:2379} INFO - Sync 1 DAGs
[2023-03-01 11:29:50,000] {logging_mixin.py:115} INFO - [2023-03-01 11:29:50,000] {dag.py:2927} INFO - Setting next_dagrun for example_dag_decorator to None, run_after=None
[2023-03-01 11:29:50,004] {processor.py:161} INFO - Processing /Users/giovannisabarreto/Desktop/repositorios/airflow_k/venv/lib/python3.10/site-packages/airflow/example_dags/example_dag_decorator.py took 0.325 seconds
[2023-03-01 11:30:33,119] {processor.py:153} INFO - Started process (PID=32104) to work on /Users/giovannisabarreto/Desktop/repositorios/airflow_k/venv/lib/python3.10/site-packages/airflow/example_dags/example_dag_decorator.py
[2023-03-01 11:30:33,119] {processor.py:641} INFO - Processing file /Users/giovannisabarreto/Desktop/repositorios/airflow_k/venv/lib/python3.10/site-packages/airflow/example_dags/example_dag_decorator.py for tasks to queue
[2023-03-01 11:30:33,119] {logging_mixin.py:115} INFO - [2023-03-01 11:30:33,119] {dagbag.py:507} INFO - Filling up the DagBag from /Users/giovannisabarreto/Desktop/repositorios/airflow_k/venv/lib/python3.10/site-packages/airflow/example_dags/example_dag_decorator.py
[2023-03-01 11:30:33,192] {processor.py:651} INFO - DAG(s) dict_keys(['example_dag_decorator']) retrieved from /Users/giovannisabarreto/Desktop/repositorios/airflow_k/venv/lib/python3.10/site-packages/airflow/example_dags/example_dag_decorator.py
[2023-03-01 11:30:33,351] {logging_mixin.py:115} INFO - [2023-03-01 11:30:33,351] {dag.py:2379} INFO - Sync 1 DAGs
[2023-03-01 11:30:33,356] {logging_mixin.py:115} INFO - [2023-03-01 11:30:33,356] {dag.py:2927} INFO - Setting next_dagrun for example_dag_decorator to None, run_after=None
[2023-03-01 11:30:33,362] {processor.py:161} INFO - Processing /Users/giovannisabarreto/Desktop/repositorios/airflow_k/venv/lib/python3.10/site-packages/airflow/example_dags/example_dag_decorator.py took 0.243 seconds
[2023-03-01 11:31:15,312] {processor.py:153} INFO - Started process (PID=32184) to work on /Users/giovannisabarreto/Desktop/repositorios/airflow_k/venv/lib/python3.10/site-packages/airflow/example_dags/example_dag_decorator.py
[2023-03-01 11:31:15,313] {processor.py:641} INFO - Processing file /Users/giovannisabarreto/Desktop/repositorios/airflow_k/venv/lib/python3.10/site-packages/airflow/example_dags/example_dag_decorator.py for tasks to queue
[2023-03-01 11:31:15,313] {logging_mixin.py:115} INFO - [2023-03-01 11:31:15,313] {dagbag.py:507} INFO - Filling up the DagBag from /Users/giovannisabarreto/Desktop/repositorios/airflow_k/venv/lib/python3.10/site-packages/airflow/example_dags/example_dag_decorator.py
[2023-03-01 11:31:15,411] {processor.py:651} INFO - DAG(s) dict_keys(['example_dag_decorator']) retrieved from /Users/giovannisabarreto/Desktop/repositorios/airflow_k/venv/lib/python3.10/site-packages/airflow/example_dags/example_dag_decorator.py
[2023-03-01 11:31:15,621] {logging_mixin.py:115} INFO - [2023-03-01 11:31:15,621] {dag.py:2379} INFO - Sync 1 DAGs
[2023-03-01 11:31:15,626] {logging_mixin.py:115} INFO - [2023-03-01 11:31:15,626] {dag.py:2927} INFO - Setting next_dagrun for example_dag_decorator to None, run_after=None
[2023-03-01 11:31:15,630] {processor.py:161} INFO - Processing /Users/giovannisabarreto/Desktop/repositorios/airflow_k/venv/lib/python3.10/site-packages/airflow/example_dags/example_dag_decorator.py took 0.318 seconds
[2023-03-01 11:32:02,901] {processor.py:153} INFO - Started process (PID=32269) to work on /Users/giovannisabarreto/Desktop/repositorios/airflow_k/venv/lib/python3.10/site-packages/airflow/example_dags/example_dag_decorator.py
[2023-03-01 11:32:02,901] {processor.py:641} INFO - Processing file /Users/giovannisabarreto/Desktop/repositorios/airflow_k/venv/lib/python3.10/site-packages/airflow/example_dags/example_dag_decorator.py for tasks to queue
[2023-03-01 11:32:02,901] {logging_mixin.py:115} INFO - [2023-03-01 11:32:02,901] {dagbag.py:507} INFO - Filling up the DagBag from /Users/giovannisabarreto/Desktop/repositorios/airflow_k/venv/lib/python3.10/site-packages/airflow/example_dags/example_dag_decorator.py
[2023-03-01 11:32:02,975] {processor.py:651} INFO - DAG(s) dict_keys(['example_dag_decorator']) retrieved from /Users/giovannisabarreto/Desktop/repositorios/airflow_k/venv/lib/python3.10/site-packages/airflow/example_dags/example_dag_decorator.py
[2023-03-01 11:32:03,134] {logging_mixin.py:115} INFO - [2023-03-01 11:32:03,134] {dag.py:2379} INFO - Sync 1 DAGs
[2023-03-01 11:32:03,139] {logging_mixin.py:115} INFO - [2023-03-01 11:32:03,139] {dag.py:2927} INFO - Setting next_dagrun for example_dag_decorator to None, run_after=None
[2023-03-01 11:32:03,143] {processor.py:161} INFO - Processing /Users/giovannisabarreto/Desktop/repositorios/airflow_k/venv/lib/python3.10/site-packages/airflow/example_dags/example_dag_decorator.py took 0.243 seconds
[2023-03-01 11:32:47,881] {processor.py:153} INFO - Started process (PID=32357) to work on /Users/giovannisabarreto/Desktop/repositorios/airflow_k/venv/lib/python3.10/site-packages/airflow/example_dags/example_dag_decorator.py
[2023-03-01 11:32:47,882] {processor.py:641} INFO - Processing file /Users/giovannisabarreto/Desktop/repositorios/airflow_k/venv/lib/python3.10/site-packages/airflow/example_dags/example_dag_decorator.py for tasks to queue
[2023-03-01 11:32:47,882] {logging_mixin.py:115} INFO - [2023-03-01 11:32:47,882] {dagbag.py:507} INFO - Filling up the DagBag from /Users/giovannisabarreto/Desktop/repositorios/airflow_k/venv/lib/python3.10/site-packages/airflow/example_dags/example_dag_decorator.py
[2023-03-01 11:32:47,970] {processor.py:651} INFO - DAG(s) dict_keys(['example_dag_decorator']) retrieved from /Users/giovannisabarreto/Desktop/repositorios/airflow_k/venv/lib/python3.10/site-packages/airflow/example_dags/example_dag_decorator.py
[2023-03-01 11:32:48,166] {logging_mixin.py:115} INFO - [2023-03-01 11:32:48,166] {dag.py:2379} INFO - Sync 1 DAGs
[2023-03-01 11:32:48,171] {logging_mixin.py:115} INFO - [2023-03-01 11:32:48,170] {dag.py:2927} INFO - Setting next_dagrun for example_dag_decorator to None, run_after=None
[2023-03-01 11:32:48,175] {processor.py:161} INFO - Processing /Users/giovannisabarreto/Desktop/repositorios/airflow_k/venv/lib/python3.10/site-packages/airflow/example_dags/example_dag_decorator.py took 0.294 seconds
[2023-03-01 11:33:31,314] {processor.py:153} INFO - Started process (PID=32437) to work on /Users/giovannisabarreto/Desktop/repositorios/airflow_k/venv/lib/python3.10/site-packages/airflow/example_dags/example_dag_decorator.py
[2023-03-01 11:33:31,314] {processor.py:641} INFO - Processing file /Users/giovannisabarreto/Desktop/repositorios/airflow_k/venv/lib/python3.10/site-packages/airflow/example_dags/example_dag_decorator.py for tasks to queue
[2023-03-01 11:33:31,315] {logging_mixin.py:115} INFO - [2023-03-01 11:33:31,315] {dagbag.py:507} INFO - Filling up the DagBag from /Users/giovannisabarreto/Desktop/repositorios/airflow_k/venv/lib/python3.10/site-packages/airflow/example_dags/example_dag_decorator.py
[2023-03-01 11:33:31,389] {processor.py:651} INFO - DAG(s) dict_keys(['example_dag_decorator']) retrieved from /Users/giovannisabarreto/Desktop/repositorios/airflow_k/venv/lib/python3.10/site-packages/airflow/example_dags/example_dag_decorator.py
[2023-03-01 11:33:31,553] {logging_mixin.py:115} INFO - [2023-03-01 11:33:31,552] {dag.py:2379} INFO - Sync 1 DAGs
[2023-03-01 11:33:31,558] {logging_mixin.py:115} INFO - [2023-03-01 11:33:31,558] {dag.py:2927} INFO - Setting next_dagrun for example_dag_decorator to None, run_after=None
[2023-03-01 11:33:31,562] {processor.py:161} INFO - Processing /Users/giovannisabarreto/Desktop/repositorios/airflow_k/venv/lib/python3.10/site-packages/airflow/example_dags/example_dag_decorator.py took 0.248 seconds
[2023-03-01 11:34:20,782] {processor.py:153} INFO - Started process (PID=32538) to work on /Users/giovannisabarreto/Desktop/repositorios/airflow_k/venv/lib/python3.10/site-packages/airflow/example_dags/example_dag_decorator.py
[2023-03-01 11:34:20,783] {processor.py:641} INFO - Processing file /Users/giovannisabarreto/Desktop/repositorios/airflow_k/venv/lib/python3.10/site-packages/airflow/example_dags/example_dag_decorator.py for tasks to queue
[2023-03-01 11:34:20,783] {logging_mixin.py:115} INFO - [2023-03-01 11:34:20,783] {dagbag.py:507} INFO - Filling up the DagBag from /Users/giovannisabarreto/Desktop/repositorios/airflow_k/venv/lib/python3.10/site-packages/airflow/example_dags/example_dag_decorator.py
[2023-03-01 11:34:20,858] {processor.py:651} INFO - DAG(s) dict_keys(['example_dag_decorator']) retrieved from /Users/giovannisabarreto/Desktop/repositorios/airflow_k/venv/lib/python3.10/site-packages/airflow/example_dags/example_dag_decorator.py
[2023-03-01 11:34:21,053] {logging_mixin.py:115} INFO - [2023-03-01 11:34:21,053] {dag.py:2379} INFO - Sync 1 DAGs
[2023-03-01 11:34:21,058] {logging_mixin.py:115} INFO - [2023-03-01 11:34:21,058] {dag.py:2927} INFO - Setting next_dagrun for example_dag_decorator to None, run_after=None
[2023-03-01 11:34:21,062] {processor.py:161} INFO - Processing /Users/giovannisabarreto/Desktop/repositorios/airflow_k/venv/lib/python3.10/site-packages/airflow/example_dags/example_dag_decorator.py took 0.280 seconds
[2023-03-01 11:35:06,215] {processor.py:153} INFO - Started process (PID=32625) to work on /Users/giovannisabarreto/Desktop/repositorios/airflow_k/venv/lib/python3.10/site-packages/airflow/example_dags/example_dag_decorator.py
[2023-03-01 11:35:06,216] {processor.py:641} INFO - Processing file /Users/giovannisabarreto/Desktop/repositorios/airflow_k/venv/lib/python3.10/site-packages/airflow/example_dags/example_dag_decorator.py for tasks to queue
[2023-03-01 11:35:06,216] {logging_mixin.py:115} INFO - [2023-03-01 11:35:06,216] {dagbag.py:507} INFO - Filling up the DagBag from /Users/giovannisabarreto/Desktop/repositorios/airflow_k/venv/lib/python3.10/site-packages/airflow/example_dags/example_dag_decorator.py
[2023-03-01 11:35:06,290] {processor.py:651} INFO - DAG(s) dict_keys(['example_dag_decorator']) retrieved from /Users/giovannisabarreto/Desktop/repositorios/airflow_k/venv/lib/python3.10/site-packages/airflow/example_dags/example_dag_decorator.py
[2023-03-01 11:35:06,482] {logging_mixin.py:115} INFO - [2023-03-01 11:35:06,482] {dag.py:2379} INFO - Sync 1 DAGs
[2023-03-01 11:35:06,487] {logging_mixin.py:115} INFO - [2023-03-01 11:35:06,487] {dag.py:2927} INFO - Setting next_dagrun for example_dag_decorator to None, run_after=None
[2023-03-01 11:35:06,491] {processor.py:161} INFO - Processing /Users/giovannisabarreto/Desktop/repositorios/airflow_k/venv/lib/python3.10/site-packages/airflow/example_dags/example_dag_decorator.py took 0.277 seconds
[2023-03-01 11:35:55,524] {processor.py:153} INFO - Started process (PID=32707) to work on /Users/giovannisabarreto/Desktop/repositorios/airflow_k/venv/lib/python3.10/site-packages/airflow/example_dags/example_dag_decorator.py
[2023-03-01 11:35:55,524] {processor.py:641} INFO - Processing file /Users/giovannisabarreto/Desktop/repositorios/airflow_k/venv/lib/python3.10/site-packages/airflow/example_dags/example_dag_decorator.py for tasks to queue
[2023-03-01 11:35:55,524] {logging_mixin.py:115} INFO - [2023-03-01 11:35:55,524] {dagbag.py:507} INFO - Filling up the DagBag from /Users/giovannisabarreto/Desktop/repositorios/airflow_k/venv/lib/python3.10/site-packages/airflow/example_dags/example_dag_decorator.py
[2023-03-01 11:35:55,598] {processor.py:651} INFO - DAG(s) dict_keys(['example_dag_decorator']) retrieved from /Users/giovannisabarreto/Desktop/repositorios/airflow_k/venv/lib/python3.10/site-packages/airflow/example_dags/example_dag_decorator.py
[2023-03-01 11:35:55,778] {logging_mixin.py:115} INFO - [2023-03-01 11:35:55,778] {dag.py:2379} INFO - Sync 1 DAGs
[2023-03-01 11:35:55,783] {logging_mixin.py:115} INFO - [2023-03-01 11:35:55,783] {dag.py:2927} INFO - Setting next_dagrun for example_dag_decorator to None, run_after=None
[2023-03-01 11:35:55,787] {processor.py:161} INFO - Processing /Users/giovannisabarreto/Desktop/repositorios/airflow_k/venv/lib/python3.10/site-packages/airflow/example_dags/example_dag_decorator.py took 0.264 seconds
[2023-03-01 11:36:41,525] {processor.py:153} INFO - Started process (PID=32786) to work on /Users/giovannisabarreto/Desktop/repositorios/airflow_k/venv/lib/python3.10/site-packages/airflow/example_dags/example_dag_decorator.py
[2023-03-01 11:36:41,526] {processor.py:641} INFO - Processing file /Users/giovannisabarreto/Desktop/repositorios/airflow_k/venv/lib/python3.10/site-packages/airflow/example_dags/example_dag_decorator.py for tasks to queue
[2023-03-01 11:36:41,526] {logging_mixin.py:115} INFO - [2023-03-01 11:36:41,526] {dagbag.py:507} INFO - Filling up the DagBag from /Users/giovannisabarreto/Desktop/repositorios/airflow_k/venv/lib/python3.10/site-packages/airflow/example_dags/example_dag_decorator.py
[2023-03-01 11:36:41,610] {processor.py:651} INFO - DAG(s) dict_keys(['example_dag_decorator']) retrieved from /Users/giovannisabarreto/Desktop/repositorios/airflow_k/venv/lib/python3.10/site-packages/airflow/example_dags/example_dag_decorator.py
[2023-03-01 11:36:41,803] {logging_mixin.py:115} INFO - [2023-03-01 11:36:41,803] {dag.py:2379} INFO - Sync 1 DAGs
[2023-03-01 11:36:41,807] {logging_mixin.py:115} INFO - [2023-03-01 11:36:41,807] {dag.py:2927} INFO - Setting next_dagrun for example_dag_decorator to None, run_after=None
[2023-03-01 11:36:41,811] {processor.py:161} INFO - Processing /Users/giovannisabarreto/Desktop/repositorios/airflow_k/venv/lib/python3.10/site-packages/airflow/example_dags/example_dag_decorator.py took 0.286 seconds
[2023-03-01 11:37:26,744] {processor.py:153} INFO - Started process (PID=32875) to work on /Users/giovannisabarreto/Desktop/repositorios/airflow_k/venv/lib/python3.10/site-packages/airflow/example_dags/example_dag_decorator.py
[2023-03-01 11:37:26,744] {processor.py:641} INFO - Processing file /Users/giovannisabarreto/Desktop/repositorios/airflow_k/venv/lib/python3.10/site-packages/airflow/example_dags/example_dag_decorator.py for tasks to queue
[2023-03-01 11:37:26,744] {logging_mixin.py:115} INFO - [2023-03-01 11:37:26,744] {dagbag.py:507} INFO - Filling up the DagBag from /Users/giovannisabarreto/Desktop/repositorios/airflow_k/venv/lib/python3.10/site-packages/airflow/example_dags/example_dag_decorator.py
[2023-03-01 11:37:26,833] {processor.py:651} INFO - DAG(s) dict_keys(['example_dag_decorator']) retrieved from /Users/giovannisabarreto/Desktop/repositorios/airflow_k/venv/lib/python3.10/site-packages/airflow/example_dags/example_dag_decorator.py
[2023-03-01 11:37:27,025] {logging_mixin.py:115} INFO - [2023-03-01 11:37:27,025] {dag.py:2379} INFO - Sync 1 DAGs
[2023-03-01 11:37:27,030] {logging_mixin.py:115} INFO - [2023-03-01 11:37:27,030] {dag.py:2927} INFO - Setting next_dagrun for example_dag_decorator to None, run_after=None
[2023-03-01 11:37:27,034] {processor.py:161} INFO - Processing /Users/giovannisabarreto/Desktop/repositorios/airflow_k/venv/lib/python3.10/site-packages/airflow/example_dags/example_dag_decorator.py took 0.291 seconds
[2023-03-01 13:19:37,000] {processor.py:153} INFO - Started process (PID=33044) to work on /Users/giovannisabarreto/Desktop/repositorios/airflow_k/venv/lib/python3.10/site-packages/airflow/example_dags/example_dag_decorator.py
[2023-03-01 13:19:37,000] {processor.py:641} INFO - Processing file /Users/giovannisabarreto/Desktop/repositorios/airflow_k/venv/lib/python3.10/site-packages/airflow/example_dags/example_dag_decorator.py for tasks to queue
[2023-03-01 13:19:37,001] {logging_mixin.py:115} INFO - [2023-03-01 13:19:37,001] {dagbag.py:507} INFO - Filling up the DagBag from /Users/giovannisabarreto/Desktop/repositorios/airflow_k/venv/lib/python3.10/site-packages/airflow/example_dags/example_dag_decorator.py
[2023-03-01 13:19:37,091] {processor.py:651} INFO - DAG(s) dict_keys(['example_dag_decorator']) retrieved from /Users/giovannisabarreto/Desktop/repositorios/airflow_k/venv/lib/python3.10/site-packages/airflow/example_dags/example_dag_decorator.py
[2023-03-01 13:19:37,259] {logging_mixin.py:115} INFO - [2023-03-01 13:19:37,259] {dag.py:2379} INFO - Sync 1 DAGs
[2023-03-01 13:19:37,264] {logging_mixin.py:115} INFO - [2023-03-01 13:19:37,264] {dag.py:2927} INFO - Setting next_dagrun for example_dag_decorator to None, run_after=None
[2023-03-01 13:19:37,268] {processor.py:161} INFO - Processing /Users/giovannisabarreto/Desktop/repositorios/airflow_k/venv/lib/python3.10/site-packages/airflow/example_dags/example_dag_decorator.py took 0.269 seconds
[2023-03-01 14:38:00,557] {processor.py:153} INFO - Started process (PID=33206) to work on /Users/giovannisabarreto/Desktop/repositorios/airflow_k/venv/lib/python3.10/site-packages/airflow/example_dags/example_dag_decorator.py
[2023-03-01 14:38:00,558] {processor.py:641} INFO - Processing file /Users/giovannisabarreto/Desktop/repositorios/airflow_k/venv/lib/python3.10/site-packages/airflow/example_dags/example_dag_decorator.py for tasks to queue
[2023-03-01 14:38:00,558] {logging_mixin.py:115} INFO - [2023-03-01 14:38:00,558] {dagbag.py:507} INFO - Filling up the DagBag from /Users/giovannisabarreto/Desktop/repositorios/airflow_k/venv/lib/python3.10/site-packages/airflow/example_dags/example_dag_decorator.py
[2023-03-01 14:38:00,647] {processor.py:651} INFO - DAG(s) dict_keys(['example_dag_decorator']) retrieved from /Users/giovannisabarreto/Desktop/repositorios/airflow_k/venv/lib/python3.10/site-packages/airflow/example_dags/example_dag_decorator.py
[2023-03-01 14:38:00,820] {logging_mixin.py:115} INFO - [2023-03-01 14:38:00,820] {dag.py:2379} INFO - Sync 1 DAGs
[2023-03-01 14:38:00,825] {logging_mixin.py:115} INFO - [2023-03-01 14:38:00,825] {dag.py:2927} INFO - Setting next_dagrun for example_dag_decorator to None, run_after=None
[2023-03-01 14:38:00,829] {processor.py:161} INFO - Processing /Users/giovannisabarreto/Desktop/repositorios/airflow_k/venv/lib/python3.10/site-packages/airflow/example_dags/example_dag_decorator.py took 0.273 seconds
[2023-03-01 16:18:02,747] {processor.py:153} INFO - Started process (PID=33391) to work on /Users/giovannisabarreto/Desktop/repositorios/airflow_k/venv/lib/python3.10/site-packages/airflow/example_dags/example_dag_decorator.py
[2023-03-01 16:18:02,748] {processor.py:641} INFO - Processing file /Users/giovannisabarreto/Desktop/repositorios/airflow_k/venv/lib/python3.10/site-packages/airflow/example_dags/example_dag_decorator.py for tasks to queue
[2023-03-01 16:18:02,748] {logging_mixin.py:115} INFO - [2023-03-01 16:18:02,748] {dagbag.py:507} INFO - Filling up the DagBag from /Users/giovannisabarreto/Desktop/repositorios/airflow_k/venv/lib/python3.10/site-packages/airflow/example_dags/example_dag_decorator.py
[2023-03-01 16:18:02,838] {processor.py:651} INFO - DAG(s) dict_keys(['example_dag_decorator']) retrieved from /Users/giovannisabarreto/Desktop/repositorios/airflow_k/venv/lib/python3.10/site-packages/airflow/example_dags/example_dag_decorator.py
[2023-03-01 16:18:03,021] {logging_mixin.py:115} INFO - [2023-03-01 16:18:03,021] {dag.py:2379} INFO - Sync 1 DAGs
[2023-03-01 16:18:03,026] {logging_mixin.py:115} INFO - [2023-03-01 16:18:03,026] {dag.py:2927} INFO - Setting next_dagrun for example_dag_decorator to None, run_after=None
[2023-03-01 16:18:03,030] {processor.py:161} INFO - Processing /Users/giovannisabarreto/Desktop/repositorios/airflow_k/venv/lib/python3.10/site-packages/airflow/example_dags/example_dag_decorator.py took 0.283 seconds
[2023-03-01 17:56:58,756] {processor.py:153} INFO - Started process (PID=33553) to work on /Users/giovannisabarreto/Desktop/repositorios/airflow_k/venv/lib/python3.10/site-packages/airflow/example_dags/example_dag_decorator.py
[2023-03-01 17:56:58,757] {processor.py:641} INFO - Processing file /Users/giovannisabarreto/Desktop/repositorios/airflow_k/venv/lib/python3.10/site-packages/airflow/example_dags/example_dag_decorator.py for tasks to queue
[2023-03-01 17:56:58,757] {logging_mixin.py:115} INFO - [2023-03-01 17:56:58,757] {dagbag.py:507} INFO - Filling up the DagBag from /Users/giovannisabarreto/Desktop/repositorios/airflow_k/venv/lib/python3.10/site-packages/airflow/example_dags/example_dag_decorator.py
[2023-03-01 17:56:58,845] {processor.py:651} INFO - DAG(s) dict_keys(['example_dag_decorator']) retrieved from /Users/giovannisabarreto/Desktop/repositorios/airflow_k/venv/lib/python3.10/site-packages/airflow/example_dags/example_dag_decorator.py
[2023-03-01 17:56:59,014] {logging_mixin.py:115} INFO - [2023-03-01 17:56:59,014] {dag.py:2379} INFO - Sync 1 DAGs
[2023-03-01 17:56:59,019] {logging_mixin.py:115} INFO - [2023-03-01 17:56:59,019] {dag.py:2927} INFO - Setting next_dagrun for example_dag_decorator to None, run_after=None
[2023-03-01 17:56:59,023] {processor.py:161} INFO - Processing /Users/giovannisabarreto/Desktop/repositorios/airflow_k/venv/lib/python3.10/site-packages/airflow/example_dags/example_dag_decorator.py took 0.267 seconds
[2023-03-01 19:22:28,981] {processor.py:153} INFO - Started process (PID=33708) to work on /Users/giovannisabarreto/Desktop/repositorios/airflow_k/venv/lib/python3.10/site-packages/airflow/example_dags/example_dag_decorator.py
[2023-03-01 19:22:28,981] {processor.py:641} INFO - Processing file /Users/giovannisabarreto/Desktop/repositorios/airflow_k/venv/lib/python3.10/site-packages/airflow/example_dags/example_dag_decorator.py for tasks to queue
[2023-03-01 19:22:28,981] {logging_mixin.py:115} INFO - [2023-03-01 19:22:28,981] {dagbag.py:507} INFO - Filling up the DagBag from /Users/giovannisabarreto/Desktop/repositorios/airflow_k/venv/lib/python3.10/site-packages/airflow/example_dags/example_dag_decorator.py
[2023-03-01 19:22:29,068] {processor.py:651} INFO - DAG(s) dict_keys(['example_dag_decorator']) retrieved from /Users/giovannisabarreto/Desktop/repositorios/airflow_k/venv/lib/python3.10/site-packages/airflow/example_dags/example_dag_decorator.py
[2023-03-01 19:22:29,237] {logging_mixin.py:115} INFO - [2023-03-01 19:22:29,237] {dag.py:2379} INFO - Sync 1 DAGs
[2023-03-01 19:22:29,242] {logging_mixin.py:115} INFO - [2023-03-01 19:22:29,242] {dag.py:2927} INFO - Setting next_dagrun for example_dag_decorator to None, run_after=None
[2023-03-01 19:22:29,246] {processor.py:161} INFO - Processing /Users/giovannisabarreto/Desktop/repositorios/airflow_k/venv/lib/python3.10/site-packages/airflow/example_dags/example_dag_decorator.py took 0.266 seconds
