[2023-03-01 10:45:31,244] {processor.py:153} INFO - Started process (PID=25657) to work on /Users/giovannisabarreto/Desktop/repositorios/airflow_k/venv/lib/python3.10/site-packages/airflow/example_dags/example_branch_operator.py
[2023-03-01 10:45:31,244] {processor.py:641} INFO - Processing file /Users/giovannisabarreto/Desktop/repositorios/airflow_k/venv/lib/python3.10/site-packages/airflow/example_dags/example_branch_operator.py for tasks to queue
[2023-03-01 10:45:31,244] {logging_mixin.py:115} INFO - [2023-03-01 10:45:31,244] {dagbag.py:507} INFO - Filling up the DagBag from /Users/giovannisabarreto/Desktop/repositorios/airflow_k/venv/lib/python3.10/site-packages/airflow/example_dags/example_branch_operator.py
[2023-03-01 10:45:31,255] {processor.py:651} INFO - DAG(s) dict_keys(['example_branch_operator']) retrieved from /Users/giovannisabarreto/Desktop/repositorios/airflow_k/venv/lib/python3.10/site-packages/airflow/example_dags/example_branch_operator.py
[2023-03-01 10:45:31,532] {logging_mixin.py:115} INFO - [2023-03-01 10:45:31,532] {manager.py:508} INFO - Created Permission View: can delete on DAG:example_branch_operator
[2023-03-01 10:45:31,534] {logging_mixin.py:115} INFO - [2023-03-01 10:45:31,534] {manager.py:508} INFO - Created Permission View: can read on DAG:example_branch_operator
[2023-03-01 10:45:31,536] {logging_mixin.py:115} INFO - [2023-03-01 10:45:31,536] {manager.py:508} INFO - Created Permission View: can edit on DAG:example_branch_operator
[2023-03-01 10:45:31,536] {logging_mixin.py:115} INFO - [2023-03-01 10:45:31,536] {dag.py:2379} INFO - Sync 1 DAGs
[2023-03-01 10:45:31,539] {logging_mixin.py:115} INFO - [2023-03-01 10:45:31,539] {dag.py:2398} INFO - Creating ORM DAG for example_branch_operator
[2023-03-01 10:45:31,543] {logging_mixin.py:115} INFO - [2023-03-01 10:45:31,543] {dag.py:2927} INFO - Setting next_dagrun for example_branch_operator to 2023-02-28T00:00:00+00:00, run_after=2023-03-01T00:00:00+00:00
[2023-03-01 10:45:31,547] {processor.py:161} INFO - Processing /Users/giovannisabarreto/Desktop/repositorios/airflow_k/venv/lib/python3.10/site-packages/airflow/example_dags/example_branch_operator.py took 0.303 seconds
[2023-03-01 10:46:22,633] {processor.py:153} INFO - Started process (PID=25746) to work on /Users/giovannisabarreto/Desktop/repositorios/airflow_k/venv/lib/python3.10/site-packages/airflow/example_dags/example_branch_operator.py
[2023-03-01 10:46:22,634] {processor.py:641} INFO - Processing file /Users/giovannisabarreto/Desktop/repositorios/airflow_k/venv/lib/python3.10/site-packages/airflow/example_dags/example_branch_operator.py for tasks to queue
[2023-03-01 10:46:22,634] {logging_mixin.py:115} INFO - [2023-03-01 10:46:22,634] {dagbag.py:507} INFO - Filling up the DagBag from /Users/giovannisabarreto/Desktop/repositorios/airflow_k/venv/lib/python3.10/site-packages/airflow/example_dags/example_branch_operator.py
[2023-03-01 10:46:22,644] {processor.py:651} INFO - DAG(s) dict_keys(['example_branch_operator']) retrieved from /Users/giovannisabarreto/Desktop/repositorios/airflow_k/venv/lib/python3.10/site-packages/airflow/example_dags/example_branch_operator.py
[2023-03-01 10:46:22,667] {logging_mixin.py:115} INFO - [2023-03-01 10:46:22,666] {dag.py:2379} INFO - Sync 1 DAGs
[2023-03-01 10:46:22,672] {logging_mixin.py:115} INFO - [2023-03-01 10:46:22,672] {dag.py:2927} INFO - Setting next_dagrun for example_branch_operator to 2023-02-28T00:00:00+00:00, run_after=2023-03-01T00:00:00+00:00
[2023-03-01 10:46:22,675] {processor.py:161} INFO - Processing /Users/giovannisabarreto/Desktop/repositorios/airflow_k/venv/lib/python3.10/site-packages/airflow/example_dags/example_branch_operator.py took 0.043 seconds
[2023-03-01 10:47:08,620] {processor.py:153} INFO - Started process (PID=25824) to work on /Users/giovannisabarreto/Desktop/repositorios/airflow_k/venv/lib/python3.10/site-packages/airflow/example_dags/example_branch_operator.py
[2023-03-01 10:47:08,621] {processor.py:641} INFO - Processing file /Users/giovannisabarreto/Desktop/repositorios/airflow_k/venv/lib/python3.10/site-packages/airflow/example_dags/example_branch_operator.py for tasks to queue
[2023-03-01 10:47:08,621] {logging_mixin.py:115} INFO - [2023-03-01 10:47:08,621] {dagbag.py:507} INFO - Filling up the DagBag from /Users/giovannisabarreto/Desktop/repositorios/airflow_k/venv/lib/python3.10/site-packages/airflow/example_dags/example_branch_operator.py
[2023-03-01 10:47:08,632] {processor.py:651} INFO - DAG(s) dict_keys(['example_branch_operator']) retrieved from /Users/giovannisabarreto/Desktop/repositorios/airflow_k/venv/lib/python3.10/site-packages/airflow/example_dags/example_branch_operator.py
[2023-03-01 10:47:08,655] {logging_mixin.py:115} INFO - [2023-03-01 10:47:08,655] {dag.py:2379} INFO - Sync 1 DAGs
[2023-03-01 10:47:08,660] {logging_mixin.py:115} INFO - [2023-03-01 10:47:08,660] {dag.py:2927} INFO - Setting next_dagrun for example_branch_operator to 2023-02-28T00:00:00+00:00, run_after=2023-03-01T00:00:00+00:00
[2023-03-01 10:47:08,664] {processor.py:161} INFO - Processing /Users/giovannisabarreto/Desktop/repositorios/airflow_k/venv/lib/python3.10/site-packages/airflow/example_dags/example_branch_operator.py took 0.044 seconds
[2023-03-01 10:47:53,589] {processor.py:153} INFO - Started process (PID=25906) to work on /Users/giovannisabarreto/Desktop/repositorios/airflow_k/venv/lib/python3.10/site-packages/airflow/example_dags/example_branch_operator.py
[2023-03-01 10:47:53,590] {processor.py:641} INFO - Processing file /Users/giovannisabarreto/Desktop/repositorios/airflow_k/venv/lib/python3.10/site-packages/airflow/example_dags/example_branch_operator.py for tasks to queue
[2023-03-01 10:47:53,590] {logging_mixin.py:115} INFO - [2023-03-01 10:47:53,590] {dagbag.py:507} INFO - Filling up the DagBag from /Users/giovannisabarreto/Desktop/repositorios/airflow_k/venv/lib/python3.10/site-packages/airflow/example_dags/example_branch_operator.py
[2023-03-01 10:47:53,601] {processor.py:651} INFO - DAG(s) dict_keys(['example_branch_operator']) retrieved from /Users/giovannisabarreto/Desktop/repositorios/airflow_k/venv/lib/python3.10/site-packages/airflow/example_dags/example_branch_operator.py
[2023-03-01 10:47:53,623] {logging_mixin.py:115} INFO - [2023-03-01 10:47:53,623] {dag.py:2379} INFO - Sync 1 DAGs
[2023-03-01 10:47:53,629] {logging_mixin.py:115} INFO - [2023-03-01 10:47:53,629] {dag.py:2927} INFO - Setting next_dagrun for example_branch_operator to 2023-02-28T00:00:00+00:00, run_after=2023-03-01T00:00:00+00:00
[2023-03-01 10:47:53,632] {processor.py:161} INFO - Processing /Users/giovannisabarreto/Desktop/repositorios/airflow_k/venv/lib/python3.10/site-packages/airflow/example_dags/example_branch_operator.py took 0.044 seconds
[2023-03-01 10:48:40,863] {processor.py:153} INFO - Started process (PID=25986) to work on /Users/giovannisabarreto/Desktop/repositorios/airflow_k/venv/lib/python3.10/site-packages/airflow/example_dags/example_branch_operator.py
[2023-03-01 10:48:40,863] {processor.py:641} INFO - Processing file /Users/giovannisabarreto/Desktop/repositorios/airflow_k/venv/lib/python3.10/site-packages/airflow/example_dags/example_branch_operator.py for tasks to queue
[2023-03-01 10:48:40,863] {logging_mixin.py:115} INFO - [2023-03-01 10:48:40,863] {dagbag.py:507} INFO - Filling up the DagBag from /Users/giovannisabarreto/Desktop/repositorios/airflow_k/venv/lib/python3.10/site-packages/airflow/example_dags/example_branch_operator.py
[2023-03-01 10:48:40,874] {processor.py:651} INFO - DAG(s) dict_keys(['example_branch_operator']) retrieved from /Users/giovannisabarreto/Desktop/repositorios/airflow_k/venv/lib/python3.10/site-packages/airflow/example_dags/example_branch_operator.py
[2023-03-01 10:48:40,897] {logging_mixin.py:115} INFO - [2023-03-01 10:48:40,896] {dag.py:2379} INFO - Sync 1 DAGs
[2023-03-01 10:48:40,902] {logging_mixin.py:115} INFO - [2023-03-01 10:48:40,902] {dag.py:2927} INFO - Setting next_dagrun for example_branch_operator to 2023-02-28T00:00:00+00:00, run_after=2023-03-01T00:00:00+00:00
[2023-03-01 10:48:40,905] {processor.py:161} INFO - Processing /Users/giovannisabarreto/Desktop/repositorios/airflow_k/venv/lib/python3.10/site-packages/airflow/example_dags/example_branch_operator.py took 0.043 seconds
[2023-03-01 10:49:27,712] {processor.py:153} INFO - Started process (PID=26084) to work on /Users/giovannisabarreto/Desktop/repositorios/airflow_k/venv/lib/python3.10/site-packages/airflow/example_dags/example_branch_operator.py
[2023-03-01 10:49:27,712] {processor.py:641} INFO - Processing file /Users/giovannisabarreto/Desktop/repositorios/airflow_k/venv/lib/python3.10/site-packages/airflow/example_dags/example_branch_operator.py for tasks to queue
[2023-03-01 10:49:27,712] {logging_mixin.py:115} INFO - [2023-03-01 10:49:27,712] {dagbag.py:507} INFO - Filling up the DagBag from /Users/giovannisabarreto/Desktop/repositorios/airflow_k/venv/lib/python3.10/site-packages/airflow/example_dags/example_branch_operator.py
[2023-03-01 10:49:27,723] {processor.py:651} INFO - DAG(s) dict_keys(['example_branch_operator']) retrieved from /Users/giovannisabarreto/Desktop/repositorios/airflow_k/venv/lib/python3.10/site-packages/airflow/example_dags/example_branch_operator.py
[2023-03-01 10:49:27,745] {logging_mixin.py:115} INFO - [2023-03-01 10:49:27,745] {dag.py:2379} INFO - Sync 1 DAGs
[2023-03-01 10:49:27,751] {logging_mixin.py:115} INFO - [2023-03-01 10:49:27,751] {dag.py:2927} INFO - Setting next_dagrun for example_branch_operator to 2023-02-28T00:00:00+00:00, run_after=2023-03-01T00:00:00+00:00
[2023-03-01 10:49:27,755] {processor.py:161} INFO - Processing /Users/giovannisabarreto/Desktop/repositorios/airflow_k/venv/lib/python3.10/site-packages/airflow/example_dags/example_branch_operator.py took 0.043 seconds
[2023-03-01 10:50:13,169] {processor.py:153} INFO - Started process (PID=26166) to work on /Users/giovannisabarreto/Desktop/repositorios/airflow_k/venv/lib/python3.10/site-packages/airflow/example_dags/example_branch_operator.py
[2023-03-01 10:50:13,169] {processor.py:641} INFO - Processing file /Users/giovannisabarreto/Desktop/repositorios/airflow_k/venv/lib/python3.10/site-packages/airflow/example_dags/example_branch_operator.py for tasks to queue
[2023-03-01 10:50:13,169] {logging_mixin.py:115} INFO - [2023-03-01 10:50:13,169] {dagbag.py:507} INFO - Filling up the DagBag from /Users/giovannisabarreto/Desktop/repositorios/airflow_k/venv/lib/python3.10/site-packages/airflow/example_dags/example_branch_operator.py
[2023-03-01 10:50:13,179] {processor.py:651} INFO - DAG(s) dict_keys(['example_branch_operator']) retrieved from /Users/giovannisabarreto/Desktop/repositorios/airflow_k/venv/lib/python3.10/site-packages/airflow/example_dags/example_branch_operator.py
[2023-03-01 10:50:13,202] {logging_mixin.py:115} INFO - [2023-03-01 10:50:13,202] {dag.py:2379} INFO - Sync 1 DAGs
[2023-03-01 10:50:13,207] {logging_mixin.py:115} INFO - [2023-03-01 10:50:13,207] {dag.py:2927} INFO - Setting next_dagrun for example_branch_operator to 2023-02-28T00:00:00+00:00, run_after=2023-03-01T00:00:00+00:00
[2023-03-01 10:50:13,211] {processor.py:161} INFO - Processing /Users/giovannisabarreto/Desktop/repositorios/airflow_k/venv/lib/python3.10/site-packages/airflow/example_dags/example_branch_operator.py took 0.043 seconds
[2023-03-01 10:51:01,197] {processor.py:153} INFO - Started process (PID=26246) to work on /Users/giovannisabarreto/Desktop/repositorios/airflow_k/venv/lib/python3.10/site-packages/airflow/example_dags/example_branch_operator.py
[2023-03-01 10:51:01,198] {processor.py:641} INFO - Processing file /Users/giovannisabarreto/Desktop/repositorios/airflow_k/venv/lib/python3.10/site-packages/airflow/example_dags/example_branch_operator.py for tasks to queue
[2023-03-01 10:51:01,198] {logging_mixin.py:115} INFO - [2023-03-01 10:51:01,198] {dagbag.py:507} INFO - Filling up the DagBag from /Users/giovannisabarreto/Desktop/repositorios/airflow_k/venv/lib/python3.10/site-packages/airflow/example_dags/example_branch_operator.py
[2023-03-01 10:51:01,208] {processor.py:651} INFO - DAG(s) dict_keys(['example_branch_operator']) retrieved from /Users/giovannisabarreto/Desktop/repositorios/airflow_k/venv/lib/python3.10/site-packages/airflow/example_dags/example_branch_operator.py
[2023-03-01 10:51:01,231] {logging_mixin.py:115} INFO - [2023-03-01 10:51:01,231] {dag.py:2379} INFO - Sync 1 DAGs
[2023-03-01 10:51:01,236] {logging_mixin.py:115} INFO - [2023-03-01 10:51:01,236] {dag.py:2927} INFO - Setting next_dagrun for example_branch_operator to 2023-02-28T00:00:00+00:00, run_after=2023-03-01T00:00:00+00:00
[2023-03-01 10:51:01,240] {processor.py:161} INFO - Processing /Users/giovannisabarreto/Desktop/repositorios/airflow_k/venv/lib/python3.10/site-packages/airflow/example_dags/example_branch_operator.py took 0.043 seconds
[2023-03-01 10:51:51,715] {processor.py:153} INFO - Started process (PID=26332) to work on /Users/giovannisabarreto/Desktop/repositorios/airflow_k/venv/lib/python3.10/site-packages/airflow/example_dags/example_branch_operator.py
[2023-03-01 10:51:51,716] {processor.py:641} INFO - Processing file /Users/giovannisabarreto/Desktop/repositorios/airflow_k/venv/lib/python3.10/site-packages/airflow/example_dags/example_branch_operator.py for tasks to queue
[2023-03-01 10:51:51,716] {logging_mixin.py:115} INFO - [2023-03-01 10:51:51,716] {dagbag.py:507} INFO - Filling up the DagBag from /Users/giovannisabarreto/Desktop/repositorios/airflow_k/venv/lib/python3.10/site-packages/airflow/example_dags/example_branch_operator.py
[2023-03-01 10:51:51,727] {processor.py:651} INFO - DAG(s) dict_keys(['example_branch_operator']) retrieved from /Users/giovannisabarreto/Desktop/repositorios/airflow_k/venv/lib/python3.10/site-packages/airflow/example_dags/example_branch_operator.py
[2023-03-01 10:51:51,749] {logging_mixin.py:115} INFO - [2023-03-01 10:51:51,749] {dag.py:2379} INFO - Sync 1 DAGs
[2023-03-01 10:51:51,755] {logging_mixin.py:115} INFO - [2023-03-01 10:51:51,755] {dag.py:2927} INFO - Setting next_dagrun for example_branch_operator to 2023-02-28T00:00:00+00:00, run_after=2023-03-01T00:00:00+00:00
[2023-03-01 10:51:51,758] {processor.py:161} INFO - Processing /Users/giovannisabarreto/Desktop/repositorios/airflow_k/venv/lib/python3.10/site-packages/airflow/example_dags/example_branch_operator.py took 0.043 seconds
[2023-03-01 10:52:41,809] {processor.py:153} INFO - Started process (PID=26417) to work on /Users/giovannisabarreto/Desktop/repositorios/airflow_k/venv/lib/python3.10/site-packages/airflow/example_dags/example_branch_operator.py
[2023-03-01 10:52:41,810] {processor.py:641} INFO - Processing file /Users/giovannisabarreto/Desktop/repositorios/airflow_k/venv/lib/python3.10/site-packages/airflow/example_dags/example_branch_operator.py for tasks to queue
[2023-03-01 10:52:41,810] {logging_mixin.py:115} INFO - [2023-03-01 10:52:41,810] {dagbag.py:507} INFO - Filling up the DagBag from /Users/giovannisabarreto/Desktop/repositorios/airflow_k/venv/lib/python3.10/site-packages/airflow/example_dags/example_branch_operator.py
[2023-03-01 10:52:41,820] {processor.py:651} INFO - DAG(s) dict_keys(['example_branch_operator']) retrieved from /Users/giovannisabarreto/Desktop/repositorios/airflow_k/venv/lib/python3.10/site-packages/airflow/example_dags/example_branch_operator.py
[2023-03-01 10:52:41,843] {logging_mixin.py:115} INFO - [2023-03-01 10:52:41,843] {dag.py:2379} INFO - Sync 1 DAGs
[2023-03-01 10:52:41,848] {logging_mixin.py:115} INFO - [2023-03-01 10:52:41,848] {dag.py:2927} INFO - Setting next_dagrun for example_branch_operator to 2023-02-28T00:00:00+00:00, run_after=2023-03-01T00:00:00+00:00
[2023-03-01 10:52:41,852] {processor.py:161} INFO - Processing /Users/giovannisabarreto/Desktop/repositorios/airflow_k/venv/lib/python3.10/site-packages/airflow/example_dags/example_branch_operator.py took 0.043 seconds
[2023-03-01 10:53:28,070] {processor.py:153} INFO - Started process (PID=26501) to work on /Users/giovannisabarreto/Desktop/repositorios/airflow_k/venv/lib/python3.10/site-packages/airflow/example_dags/example_branch_operator.py
[2023-03-01 10:53:28,071] {processor.py:641} INFO - Processing file /Users/giovannisabarreto/Desktop/repositorios/airflow_k/venv/lib/python3.10/site-packages/airflow/example_dags/example_branch_operator.py for tasks to queue
[2023-03-01 10:53:28,071] {logging_mixin.py:115} INFO - [2023-03-01 10:53:28,071] {dagbag.py:507} INFO - Filling up the DagBag from /Users/giovannisabarreto/Desktop/repositorios/airflow_k/venv/lib/python3.10/site-packages/airflow/example_dags/example_branch_operator.py
[2023-03-01 10:53:28,081] {processor.py:651} INFO - DAG(s) dict_keys(['example_branch_operator']) retrieved from /Users/giovannisabarreto/Desktop/repositorios/airflow_k/venv/lib/python3.10/site-packages/airflow/example_dags/example_branch_operator.py
[2023-03-01 10:53:28,104] {logging_mixin.py:115} INFO - [2023-03-01 10:53:28,104] {dag.py:2379} INFO - Sync 1 DAGs
[2023-03-01 10:53:28,110] {logging_mixin.py:115} INFO - [2023-03-01 10:53:28,110] {dag.py:2927} INFO - Setting next_dagrun for example_branch_operator to 2023-02-28T00:00:00+00:00, run_after=2023-03-01T00:00:00+00:00
[2023-03-01 10:53:28,113] {processor.py:161} INFO - Processing /Users/giovannisabarreto/Desktop/repositorios/airflow_k/venv/lib/python3.10/site-packages/airflow/example_dags/example_branch_operator.py took 0.043 seconds
[2023-03-01 10:54:15,918] {processor.py:153} INFO - Started process (PID=26597) to work on /Users/giovannisabarreto/Desktop/repositorios/airflow_k/venv/lib/python3.10/site-packages/airflow/example_dags/example_branch_operator.py
[2023-03-01 10:54:15,919] {processor.py:641} INFO - Processing file /Users/giovannisabarreto/Desktop/repositorios/airflow_k/venv/lib/python3.10/site-packages/airflow/example_dags/example_branch_operator.py for tasks to queue
[2023-03-01 10:54:15,919] {logging_mixin.py:115} INFO - [2023-03-01 10:54:15,919] {dagbag.py:507} INFO - Filling up the DagBag from /Users/giovannisabarreto/Desktop/repositorios/airflow_k/venv/lib/python3.10/site-packages/airflow/example_dags/example_branch_operator.py
[2023-03-01 10:54:15,929] {processor.py:651} INFO - DAG(s) dict_keys(['example_branch_operator']) retrieved from /Users/giovannisabarreto/Desktop/repositorios/airflow_k/venv/lib/python3.10/site-packages/airflow/example_dags/example_branch_operator.py
[2023-03-01 10:54:15,952] {logging_mixin.py:115} INFO - [2023-03-01 10:54:15,952] {dag.py:2379} INFO - Sync 1 DAGs
[2023-03-01 10:54:15,957] {logging_mixin.py:115} INFO - [2023-03-01 10:54:15,957] {dag.py:2927} INFO - Setting next_dagrun for example_branch_operator to 2023-02-28T00:00:00+00:00, run_after=2023-03-01T00:00:00+00:00
[2023-03-01 10:54:15,961] {processor.py:161} INFO - Processing /Users/giovannisabarreto/Desktop/repositorios/airflow_k/venv/lib/python3.10/site-packages/airflow/example_dags/example_branch_operator.py took 0.043 seconds
[2023-03-01 10:55:01,540] {processor.py:153} INFO - Started process (PID=26677) to work on /Users/giovannisabarreto/Desktop/repositorios/airflow_k/venv/lib/python3.10/site-packages/airflow/example_dags/example_branch_operator.py
[2023-03-01 10:55:01,541] {processor.py:641} INFO - Processing file /Users/giovannisabarreto/Desktop/repositorios/airflow_k/venv/lib/python3.10/site-packages/airflow/example_dags/example_branch_operator.py for tasks to queue
[2023-03-01 10:55:01,541] {logging_mixin.py:115} INFO - [2023-03-01 10:55:01,541] {dagbag.py:507} INFO - Filling up the DagBag from /Users/giovannisabarreto/Desktop/repositorios/airflow_k/venv/lib/python3.10/site-packages/airflow/example_dags/example_branch_operator.py
[2023-03-01 10:55:01,552] {processor.py:651} INFO - DAG(s) dict_keys(['example_branch_operator']) retrieved from /Users/giovannisabarreto/Desktop/repositorios/airflow_k/venv/lib/python3.10/site-packages/airflow/example_dags/example_branch_operator.py
[2023-03-01 10:55:01,574] {logging_mixin.py:115} INFO - [2023-03-01 10:55:01,574] {dag.py:2379} INFO - Sync 1 DAGs
[2023-03-01 10:55:01,579] {logging_mixin.py:115} INFO - [2023-03-01 10:55:01,579] {dag.py:2927} INFO - Setting next_dagrun for example_branch_operator to 2023-02-28T00:00:00+00:00, run_after=2023-03-01T00:00:00+00:00
[2023-03-01 10:55:01,583] {processor.py:161} INFO - Processing /Users/giovannisabarreto/Desktop/repositorios/airflow_k/venv/lib/python3.10/site-packages/airflow/example_dags/example_branch_operator.py took 0.043 seconds
[2023-03-01 10:55:48,107] {processor.py:153} INFO - Started process (PID=26757) to work on /Users/giovannisabarreto/Desktop/repositorios/airflow_k/venv/lib/python3.10/site-packages/airflow/example_dags/example_branch_operator.py
[2023-03-01 10:55:48,108] {processor.py:641} INFO - Processing file /Users/giovannisabarreto/Desktop/repositorios/airflow_k/venv/lib/python3.10/site-packages/airflow/example_dags/example_branch_operator.py for tasks to queue
[2023-03-01 10:55:48,108] {logging_mixin.py:115} INFO - [2023-03-01 10:55:48,108] {dagbag.py:507} INFO - Filling up the DagBag from /Users/giovannisabarreto/Desktop/repositorios/airflow_k/venv/lib/python3.10/site-packages/airflow/example_dags/example_branch_operator.py
[2023-03-01 10:55:48,118] {processor.py:651} INFO - DAG(s) dict_keys(['example_branch_operator']) retrieved from /Users/giovannisabarreto/Desktop/repositorios/airflow_k/venv/lib/python3.10/site-packages/airflow/example_dags/example_branch_operator.py
[2023-03-01 10:55:48,141] {logging_mixin.py:115} INFO - [2023-03-01 10:55:48,141] {dag.py:2379} INFO - Sync 1 DAGs
[2023-03-01 10:55:48,146] {logging_mixin.py:115} INFO - [2023-03-01 10:55:48,146] {dag.py:2927} INFO - Setting next_dagrun for example_branch_operator to 2023-02-28T00:00:00+00:00, run_after=2023-03-01T00:00:00+00:00
[2023-03-01 10:55:48,149] {processor.py:161} INFO - Processing /Users/giovannisabarreto/Desktop/repositorios/airflow_k/venv/lib/python3.10/site-packages/airflow/example_dags/example_branch_operator.py took 0.043 seconds
[2023-03-01 10:56:36,903] {processor.py:153} INFO - Started process (PID=26840) to work on /Users/giovannisabarreto/Desktop/repositorios/airflow_k/venv/lib/python3.10/site-packages/airflow/example_dags/example_branch_operator.py
[2023-03-01 10:56:36,904] {processor.py:641} INFO - Processing file /Users/giovannisabarreto/Desktop/repositorios/airflow_k/venv/lib/python3.10/site-packages/airflow/example_dags/example_branch_operator.py for tasks to queue
[2023-03-01 10:56:36,904] {logging_mixin.py:115} INFO - [2023-03-01 10:56:36,904] {dagbag.py:507} INFO - Filling up the DagBag from /Users/giovannisabarreto/Desktop/repositorios/airflow_k/venv/lib/python3.10/site-packages/airflow/example_dags/example_branch_operator.py
[2023-03-01 10:56:36,915] {processor.py:651} INFO - DAG(s) dict_keys(['example_branch_operator']) retrieved from /Users/giovannisabarreto/Desktop/repositorios/airflow_k/venv/lib/python3.10/site-packages/airflow/example_dags/example_branch_operator.py
[2023-03-01 10:56:36,937] {logging_mixin.py:115} INFO - [2023-03-01 10:56:36,937] {dag.py:2379} INFO - Sync 1 DAGs
[2023-03-01 10:56:36,942] {logging_mixin.py:115} INFO - [2023-03-01 10:56:36,942] {dag.py:2927} INFO - Setting next_dagrun for example_branch_operator to 2023-02-28T00:00:00+00:00, run_after=2023-03-01T00:00:00+00:00
[2023-03-01 10:56:36,946] {processor.py:161} INFO - Processing /Users/giovannisabarreto/Desktop/repositorios/airflow_k/venv/lib/python3.10/site-packages/airflow/example_dags/example_branch_operator.py took 0.043 seconds
[2023-03-01 10:57:31,473] {processor.py:153} INFO - Started process (PID=26933) to work on /Users/giovannisabarreto/Desktop/repositorios/airflow_k/venv/lib/python3.10/site-packages/airflow/example_dags/example_branch_operator.py
[2023-03-01 10:57:31,474] {processor.py:641} INFO - Processing file /Users/giovannisabarreto/Desktop/repositorios/airflow_k/venv/lib/python3.10/site-packages/airflow/example_dags/example_branch_operator.py for tasks to queue
[2023-03-01 10:57:31,474] {logging_mixin.py:115} INFO - [2023-03-01 10:57:31,474] {dagbag.py:507} INFO - Filling up the DagBag from /Users/giovannisabarreto/Desktop/repositorios/airflow_k/venv/lib/python3.10/site-packages/airflow/example_dags/example_branch_operator.py
[2023-03-01 10:57:31,485] {processor.py:651} INFO - DAG(s) dict_keys(['example_branch_operator']) retrieved from /Users/giovannisabarreto/Desktop/repositorios/airflow_k/venv/lib/python3.10/site-packages/airflow/example_dags/example_branch_operator.py
[2023-03-01 10:57:31,508] {logging_mixin.py:115} INFO - [2023-03-01 10:57:31,508] {dag.py:2379} INFO - Sync 1 DAGs
[2023-03-01 10:57:31,513] {logging_mixin.py:115} INFO - [2023-03-01 10:57:31,513] {dag.py:2927} INFO - Setting next_dagrun for example_branch_operator to 2023-02-28T00:00:00+00:00, run_after=2023-03-01T00:00:00+00:00
[2023-03-01 10:57:31,517] {processor.py:161} INFO - Processing /Users/giovannisabarreto/Desktop/repositorios/airflow_k/venv/lib/python3.10/site-packages/airflow/example_dags/example_branch_operator.py took 0.044 seconds
[2023-03-01 10:58:17,157] {processor.py:153} INFO - Started process (PID=27023) to work on /Users/giovannisabarreto/Desktop/repositorios/airflow_k/venv/lib/python3.10/site-packages/airflow/example_dags/example_branch_operator.py
[2023-03-01 10:58:17,157] {processor.py:641} INFO - Processing file /Users/giovannisabarreto/Desktop/repositorios/airflow_k/venv/lib/python3.10/site-packages/airflow/example_dags/example_branch_operator.py for tasks to queue
[2023-03-01 10:58:17,157] {logging_mixin.py:115} INFO - [2023-03-01 10:58:17,157] {dagbag.py:507} INFO - Filling up the DagBag from /Users/giovannisabarreto/Desktop/repositorios/airflow_k/venv/lib/python3.10/site-packages/airflow/example_dags/example_branch_operator.py
[2023-03-01 10:58:17,168] {processor.py:651} INFO - DAG(s) dict_keys(['example_branch_operator']) retrieved from /Users/giovannisabarreto/Desktop/repositorios/airflow_k/venv/lib/python3.10/site-packages/airflow/example_dags/example_branch_operator.py
[2023-03-01 10:58:17,191] {logging_mixin.py:115} INFO - [2023-03-01 10:58:17,191] {dag.py:2379} INFO - Sync 1 DAGs
[2023-03-01 10:58:17,196] {logging_mixin.py:115} INFO - [2023-03-01 10:58:17,196] {dag.py:2927} INFO - Setting next_dagrun for example_branch_operator to 2023-02-28T00:00:00+00:00, run_after=2023-03-01T00:00:00+00:00
[2023-03-01 10:58:17,200] {processor.py:161} INFO - Processing /Users/giovannisabarreto/Desktop/repositorios/airflow_k/venv/lib/python3.10/site-packages/airflow/example_dags/example_branch_operator.py took 0.043 seconds
[2023-03-01 10:59:01,868] {processor.py:153} INFO - Started process (PID=27101) to work on /Users/giovannisabarreto/Desktop/repositorios/airflow_k/venv/lib/python3.10/site-packages/airflow/example_dags/example_branch_operator.py
[2023-03-01 10:59:01,868] {processor.py:641} INFO - Processing file /Users/giovannisabarreto/Desktop/repositorios/airflow_k/venv/lib/python3.10/site-packages/airflow/example_dags/example_branch_operator.py for tasks to queue
[2023-03-01 10:59:01,868] {logging_mixin.py:115} INFO - [2023-03-01 10:59:01,868] {dagbag.py:507} INFO - Filling up the DagBag from /Users/giovannisabarreto/Desktop/repositorios/airflow_k/venv/lib/python3.10/site-packages/airflow/example_dags/example_branch_operator.py
[2023-03-01 10:59:01,879] {processor.py:651} INFO - DAG(s) dict_keys(['example_branch_operator']) retrieved from /Users/giovannisabarreto/Desktop/repositorios/airflow_k/venv/lib/python3.10/site-packages/airflow/example_dags/example_branch_operator.py
[2023-03-01 10:59:01,901] {logging_mixin.py:115} INFO - [2023-03-01 10:59:01,901] {dag.py:2379} INFO - Sync 1 DAGs
[2023-03-01 10:59:01,907] {logging_mixin.py:115} INFO - [2023-03-01 10:59:01,907] {dag.py:2927} INFO - Setting next_dagrun for example_branch_operator to 2023-02-28T00:00:00+00:00, run_after=2023-03-01T00:00:00+00:00
[2023-03-01 10:59:01,910] {processor.py:161} INFO - Processing /Users/giovannisabarreto/Desktop/repositorios/airflow_k/venv/lib/python3.10/site-packages/airflow/example_dags/example_branch_operator.py took 0.043 seconds
[2023-03-01 10:59:45,913] {processor.py:153} INFO - Started process (PID=27193) to work on /Users/giovannisabarreto/Desktop/repositorios/airflow_k/venv/lib/python3.10/site-packages/airflow/example_dags/example_branch_operator.py
[2023-03-01 10:59:45,914] {processor.py:641} INFO - Processing file /Users/giovannisabarreto/Desktop/repositorios/airflow_k/venv/lib/python3.10/site-packages/airflow/example_dags/example_branch_operator.py for tasks to queue
[2023-03-01 10:59:45,914] {logging_mixin.py:115} INFO - [2023-03-01 10:59:45,914] {dagbag.py:507} INFO - Filling up the DagBag from /Users/giovannisabarreto/Desktop/repositorios/airflow_k/venv/lib/python3.10/site-packages/airflow/example_dags/example_branch_operator.py
[2023-03-01 10:59:45,924] {processor.py:651} INFO - DAG(s) dict_keys(['example_branch_operator']) retrieved from /Users/giovannisabarreto/Desktop/repositorios/airflow_k/venv/lib/python3.10/site-packages/airflow/example_dags/example_branch_operator.py
[2023-03-01 10:59:45,947] {logging_mixin.py:115} INFO - [2023-03-01 10:59:45,947] {dag.py:2379} INFO - Sync 1 DAGs
[2023-03-01 10:59:45,952] {logging_mixin.py:115} INFO - [2023-03-01 10:59:45,952] {dag.py:2927} INFO - Setting next_dagrun for example_branch_operator to 2023-02-28T00:00:00+00:00, run_after=2023-03-01T00:00:00+00:00
[2023-03-01 10:59:45,956] {processor.py:161} INFO - Processing /Users/giovannisabarreto/Desktop/repositorios/airflow_k/venv/lib/python3.10/site-packages/airflow/example_dags/example_branch_operator.py took 0.043 seconds
[2023-03-01 11:06:01,401] {processor.py:153} INFO - Started process (PID=27354) to work on /Users/giovannisabarreto/Desktop/repositorios/airflow_k/venv/lib/python3.10/site-packages/airflow/example_dags/example_branch_operator.py
[2023-03-01 11:06:01,401] {processor.py:641} INFO - Processing file /Users/giovannisabarreto/Desktop/repositorios/airflow_k/venv/lib/python3.10/site-packages/airflow/example_dags/example_branch_operator.py for tasks to queue
[2023-03-01 11:06:01,401] {logging_mixin.py:115} INFO - [2023-03-01 11:06:01,401] {dagbag.py:507} INFO - Filling up the DagBag from /Users/giovannisabarreto/Desktop/repositorios/airflow_k/venv/lib/python3.10/site-packages/airflow/example_dags/example_branch_operator.py
[2023-03-01 11:06:01,412] {processor.py:651} INFO - DAG(s) dict_keys(['example_branch_operator']) retrieved from /Users/giovannisabarreto/Desktop/repositorios/airflow_k/venv/lib/python3.10/site-packages/airflow/example_dags/example_branch_operator.py
[2023-03-01 11:06:01,435] {logging_mixin.py:115} INFO - [2023-03-01 11:06:01,435] {dag.py:2379} INFO - Sync 1 DAGs
[2023-03-01 11:06:01,440] {logging_mixin.py:115} INFO - [2023-03-01 11:06:01,440] {dag.py:2927} INFO - Setting next_dagrun for example_branch_operator to 2023-02-28T00:00:00+00:00, run_after=2023-03-01T00:00:00+00:00
[2023-03-01 11:06:01,444] {processor.py:161} INFO - Processing /Users/giovannisabarreto/Desktop/repositorios/airflow_k/venv/lib/python3.10/site-packages/airflow/example_dags/example_branch_operator.py took 0.043 seconds
[2023-03-01 11:06:44,864] {processor.py:153} INFO - Started process (PID=27431) to work on /Users/giovannisabarreto/Desktop/repositorios/airflow_k/venv/lib/python3.10/site-packages/airflow/example_dags/example_branch_operator.py
[2023-03-01 11:06:44,864] {processor.py:641} INFO - Processing file /Users/giovannisabarreto/Desktop/repositorios/airflow_k/venv/lib/python3.10/site-packages/airflow/example_dags/example_branch_operator.py for tasks to queue
[2023-03-01 11:06:44,864] {logging_mixin.py:115} INFO - [2023-03-01 11:06:44,864] {dagbag.py:507} INFO - Filling up the DagBag from /Users/giovannisabarreto/Desktop/repositorios/airflow_k/venv/lib/python3.10/site-packages/airflow/example_dags/example_branch_operator.py
[2023-03-01 11:06:44,874] {processor.py:651} INFO - DAG(s) dict_keys(['example_branch_operator']) retrieved from /Users/giovannisabarreto/Desktop/repositorios/airflow_k/venv/lib/python3.10/site-packages/airflow/example_dags/example_branch_operator.py
[2023-03-01 11:06:44,897] {logging_mixin.py:115} INFO - [2023-03-01 11:06:44,897] {dag.py:2379} INFO - Sync 1 DAGs
[2023-03-01 11:06:44,902] {logging_mixin.py:115} INFO - [2023-03-01 11:06:44,902] {dag.py:2927} INFO - Setting next_dagrun for example_branch_operator to 2023-02-28T00:00:00+00:00, run_after=2023-03-01T00:00:00+00:00
[2023-03-01 11:06:44,906] {processor.py:161} INFO - Processing /Users/giovannisabarreto/Desktop/repositorios/airflow_k/venv/lib/python3.10/site-packages/airflow/example_dags/example_branch_operator.py took 0.042 seconds
[2023-03-01 11:07:29,883] {processor.py:153} INFO - Started process (PID=28242) to work on /Users/giovannisabarreto/Desktop/repositorios/airflow_k/venv/lib/python3.10/site-packages/airflow/example_dags/example_branch_operator.py
[2023-03-01 11:07:29,884] {processor.py:641} INFO - Processing file /Users/giovannisabarreto/Desktop/repositorios/airflow_k/venv/lib/python3.10/site-packages/airflow/example_dags/example_branch_operator.py for tasks to queue
[2023-03-01 11:07:29,884] {logging_mixin.py:115} INFO - [2023-03-01 11:07:29,884] {dagbag.py:507} INFO - Filling up the DagBag from /Users/giovannisabarreto/Desktop/repositorios/airflow_k/venv/lib/python3.10/site-packages/airflow/example_dags/example_branch_operator.py
[2023-03-01 11:07:29,896] {processor.py:651} INFO - DAG(s) dict_keys(['example_branch_operator']) retrieved from /Users/giovannisabarreto/Desktop/repositorios/airflow_k/venv/lib/python3.10/site-packages/airflow/example_dags/example_branch_operator.py
[2023-03-01 11:07:29,920] {logging_mixin.py:115} INFO - [2023-03-01 11:07:29,920] {dag.py:2379} INFO - Sync 1 DAGs
[2023-03-01 11:07:29,926] {logging_mixin.py:115} INFO - [2023-03-01 11:07:29,926] {dag.py:2927} INFO - Setting next_dagrun for example_branch_operator to 2023-02-28T00:00:00+00:00, run_after=2023-03-01T00:00:00+00:00
[2023-03-01 11:07:29,929] {processor.py:161} INFO - Processing /Users/giovannisabarreto/Desktop/repositorios/airflow_k/venv/lib/python3.10/site-packages/airflow/example_dags/example_branch_operator.py took 0.046 seconds
[2023-03-01 11:08:13,020] {processor.py:153} INFO - Started process (PID=29087) to work on /Users/giovannisabarreto/Desktop/repositorios/airflow_k/venv/lib/python3.10/site-packages/airflow/example_dags/example_branch_operator.py
[2023-03-01 11:08:13,020] {processor.py:641} INFO - Processing file /Users/giovannisabarreto/Desktop/repositorios/airflow_k/venv/lib/python3.10/site-packages/airflow/example_dags/example_branch_operator.py for tasks to queue
[2023-03-01 11:08:13,020] {logging_mixin.py:115} INFO - [2023-03-01 11:08:13,020] {dagbag.py:507} INFO - Filling up the DagBag from /Users/giovannisabarreto/Desktop/repositorios/airflow_k/venv/lib/python3.10/site-packages/airflow/example_dags/example_branch_operator.py
[2023-03-01 11:08:13,032] {processor.py:651} INFO - DAG(s) dict_keys(['example_branch_operator']) retrieved from /Users/giovannisabarreto/Desktop/repositorios/airflow_k/venv/lib/python3.10/site-packages/airflow/example_dags/example_branch_operator.py
[2023-03-01 11:08:13,055] {logging_mixin.py:115} INFO - [2023-03-01 11:08:13,055] {dag.py:2379} INFO - Sync 1 DAGs
[2023-03-01 11:08:13,060] {logging_mixin.py:115} INFO - [2023-03-01 11:08:13,060] {dag.py:2927} INFO - Setting next_dagrun for example_branch_operator to 2023-02-28T00:00:00+00:00, run_after=2023-03-01T00:00:00+00:00
[2023-03-01 11:08:13,064] {processor.py:161} INFO - Processing /Users/giovannisabarreto/Desktop/repositorios/airflow_k/venv/lib/python3.10/site-packages/airflow/example_dags/example_branch_operator.py took 0.044 seconds
[2023-03-01 11:08:57,729] {processor.py:153} INFO - Started process (PID=29250) to work on /Users/giovannisabarreto/Desktop/repositorios/airflow_k/venv/lib/python3.10/site-packages/airflow/example_dags/example_branch_operator.py
[2023-03-01 11:08:57,729] {processor.py:641} INFO - Processing file /Users/giovannisabarreto/Desktop/repositorios/airflow_k/venv/lib/python3.10/site-packages/airflow/example_dags/example_branch_operator.py for tasks to queue
[2023-03-01 11:08:57,729] {logging_mixin.py:115} INFO - [2023-03-01 11:08:57,729] {dagbag.py:507} INFO - Filling up the DagBag from /Users/giovannisabarreto/Desktop/repositorios/airflow_k/venv/lib/python3.10/site-packages/airflow/example_dags/example_branch_operator.py
[2023-03-01 11:08:57,740] {processor.py:651} INFO - DAG(s) dict_keys(['example_branch_operator']) retrieved from /Users/giovannisabarreto/Desktop/repositorios/airflow_k/venv/lib/python3.10/site-packages/airflow/example_dags/example_branch_operator.py
[2023-03-01 11:08:57,764] {logging_mixin.py:115} INFO - [2023-03-01 11:08:57,764] {dag.py:2379} INFO - Sync 1 DAGs
[2023-03-01 11:08:57,769] {logging_mixin.py:115} INFO - [2023-03-01 11:08:57,769] {dag.py:2927} INFO - Setting next_dagrun for example_branch_operator to 2023-02-28T00:00:00+00:00, run_after=2023-03-01T00:00:00+00:00
[2023-03-01 11:08:57,773] {processor.py:161} INFO - Processing /Users/giovannisabarreto/Desktop/repositorios/airflow_k/venv/lib/python3.10/site-packages/airflow/example_dags/example_branch_operator.py took 0.044 seconds
[2023-03-01 11:09:41,270] {processor.py:153} INFO - Started process (PID=29434) to work on /Users/giovannisabarreto/Desktop/repositorios/airflow_k/venv/lib/python3.10/site-packages/airflow/example_dags/example_branch_operator.py
[2023-03-01 11:09:41,271] {processor.py:641} INFO - Processing file /Users/giovannisabarreto/Desktop/repositorios/airflow_k/venv/lib/python3.10/site-packages/airflow/example_dags/example_branch_operator.py for tasks to queue
[2023-03-01 11:09:41,271] {logging_mixin.py:115} INFO - [2023-03-01 11:09:41,271] {dagbag.py:507} INFO - Filling up the DagBag from /Users/giovannisabarreto/Desktop/repositorios/airflow_k/venv/lib/python3.10/site-packages/airflow/example_dags/example_branch_operator.py
[2023-03-01 11:09:41,282] {processor.py:651} INFO - DAG(s) dict_keys(['example_branch_operator']) retrieved from /Users/giovannisabarreto/Desktop/repositorios/airflow_k/venv/lib/python3.10/site-packages/airflow/example_dags/example_branch_operator.py
[2023-03-01 11:09:41,304] {logging_mixin.py:115} INFO - [2023-03-01 11:09:41,304] {dag.py:2379} INFO - Sync 1 DAGs
[2023-03-01 11:09:41,309] {logging_mixin.py:115} INFO - [2023-03-01 11:09:41,309] {dag.py:2927} INFO - Setting next_dagrun for example_branch_operator to 2023-02-28T00:00:00+00:00, run_after=2023-03-01T00:00:00+00:00
[2023-03-01 11:09:41,313] {processor.py:161} INFO - Processing /Users/giovannisabarreto/Desktop/repositorios/airflow_k/venv/lib/python3.10/site-packages/airflow/example_dags/example_branch_operator.py took 0.043 seconds
[2023-03-01 11:10:23,595] {processor.py:153} INFO - Started process (PID=29595) to work on /Users/giovannisabarreto/Desktop/repositorios/airflow_k/venv/lib/python3.10/site-packages/airflow/example_dags/example_branch_operator.py
[2023-03-01 11:10:23,595] {processor.py:641} INFO - Processing file /Users/giovannisabarreto/Desktop/repositorios/airflow_k/venv/lib/python3.10/site-packages/airflow/example_dags/example_branch_operator.py for tasks to queue
[2023-03-01 11:10:23,595] {logging_mixin.py:115} INFO - [2023-03-01 11:10:23,595] {dagbag.py:507} INFO - Filling up the DagBag from /Users/giovannisabarreto/Desktop/repositorios/airflow_k/venv/lib/python3.10/site-packages/airflow/example_dags/example_branch_operator.py
[2023-03-01 11:10:23,606] {processor.py:651} INFO - DAG(s) dict_keys(['example_branch_operator']) retrieved from /Users/giovannisabarreto/Desktop/repositorios/airflow_k/venv/lib/python3.10/site-packages/airflow/example_dags/example_branch_operator.py
[2023-03-01 11:10:23,629] {logging_mixin.py:115} INFO - [2023-03-01 11:10:23,629] {dag.py:2379} INFO - Sync 1 DAGs
[2023-03-01 11:10:23,635] {logging_mixin.py:115} INFO - [2023-03-01 11:10:23,635] {dag.py:2927} INFO - Setting next_dagrun for example_branch_operator to 2023-02-28T00:00:00+00:00, run_after=2023-03-01T00:00:00+00:00
[2023-03-01 11:10:23,638] {processor.py:161} INFO - Processing /Users/giovannisabarreto/Desktop/repositorios/airflow_k/venv/lib/python3.10/site-packages/airflow/example_dags/example_branch_operator.py took 0.044 seconds
[2023-03-01 11:11:07,134] {processor.py:153} INFO - Started process (PID=29684) to work on /Users/giovannisabarreto/Desktop/repositorios/airflow_k/venv/lib/python3.10/site-packages/airflow/example_dags/example_branch_operator.py
[2023-03-01 11:11:07,135] {processor.py:641} INFO - Processing file /Users/giovannisabarreto/Desktop/repositorios/airflow_k/venv/lib/python3.10/site-packages/airflow/example_dags/example_branch_operator.py for tasks to queue
[2023-03-01 11:11:07,135] {logging_mixin.py:115} INFO - [2023-03-01 11:11:07,135] {dagbag.py:507} INFO - Filling up the DagBag from /Users/giovannisabarreto/Desktop/repositorios/airflow_k/venv/lib/python3.10/site-packages/airflow/example_dags/example_branch_operator.py
[2023-03-01 11:11:07,147] {processor.py:651} INFO - DAG(s) dict_keys(['example_branch_operator']) retrieved from /Users/giovannisabarreto/Desktop/repositorios/airflow_k/venv/lib/python3.10/site-packages/airflow/example_dags/example_branch_operator.py
[2023-03-01 11:11:07,170] {logging_mixin.py:115} INFO - [2023-03-01 11:11:07,170] {dag.py:2379} INFO - Sync 1 DAGs
[2023-03-01 11:11:07,176] {logging_mixin.py:115} INFO - [2023-03-01 11:11:07,176] {dag.py:2927} INFO - Setting next_dagrun for example_branch_operator to 2023-02-28T00:00:00+00:00, run_after=2023-03-01T00:00:00+00:00
[2023-03-01 11:11:07,179] {processor.py:161} INFO - Processing /Users/giovannisabarreto/Desktop/repositorios/airflow_k/venv/lib/python3.10/site-packages/airflow/example_dags/example_branch_operator.py took 0.045 seconds
[2023-03-01 11:11:54,496] {processor.py:153} INFO - Started process (PID=29868) to work on /Users/giovannisabarreto/Desktop/repositorios/airflow_k/venv/lib/python3.10/site-packages/airflow/example_dags/example_branch_operator.py
[2023-03-01 11:11:54,496] {processor.py:641} INFO - Processing file /Users/giovannisabarreto/Desktop/repositorios/airflow_k/venv/lib/python3.10/site-packages/airflow/example_dags/example_branch_operator.py for tasks to queue
[2023-03-01 11:11:54,496] {logging_mixin.py:115} INFO - [2023-03-01 11:11:54,496] {dagbag.py:507} INFO - Filling up the DagBag from /Users/giovannisabarreto/Desktop/repositorios/airflow_k/venv/lib/python3.10/site-packages/airflow/example_dags/example_branch_operator.py
[2023-03-01 11:11:54,507] {processor.py:651} INFO - DAG(s) dict_keys(['example_branch_operator']) retrieved from /Users/giovannisabarreto/Desktop/repositorios/airflow_k/venv/lib/python3.10/site-packages/airflow/example_dags/example_branch_operator.py
[2023-03-01 11:11:54,529] {logging_mixin.py:115} INFO - [2023-03-01 11:11:54,529] {dag.py:2379} INFO - Sync 1 DAGs
[2023-03-01 11:11:54,535] {logging_mixin.py:115} INFO - [2023-03-01 11:11:54,535] {dag.py:2927} INFO - Setting next_dagrun for example_branch_operator to 2023-02-28T00:00:00+00:00, run_after=2023-03-01T00:00:00+00:00
[2023-03-01 11:11:54,538] {processor.py:161} INFO - Processing /Users/giovannisabarreto/Desktop/repositorios/airflow_k/venv/lib/python3.10/site-packages/airflow/example_dags/example_branch_operator.py took 0.043 seconds
[2023-03-01 11:12:41,242] {processor.py:153} INFO - Started process (PID=29948) to work on /Users/giovannisabarreto/Desktop/repositorios/airflow_k/venv/lib/python3.10/site-packages/airflow/example_dags/example_branch_operator.py
[2023-03-01 11:12:41,243] {processor.py:641} INFO - Processing file /Users/giovannisabarreto/Desktop/repositorios/airflow_k/venv/lib/python3.10/site-packages/airflow/example_dags/example_branch_operator.py for tasks to queue
[2023-03-01 11:12:41,243] {logging_mixin.py:115} INFO - [2023-03-01 11:12:41,243] {dagbag.py:507} INFO - Filling up the DagBag from /Users/giovannisabarreto/Desktop/repositorios/airflow_k/venv/lib/python3.10/site-packages/airflow/example_dags/example_branch_operator.py
[2023-03-01 11:12:41,254] {processor.py:651} INFO - DAG(s) dict_keys(['example_branch_operator']) retrieved from /Users/giovannisabarreto/Desktop/repositorios/airflow_k/venv/lib/python3.10/site-packages/airflow/example_dags/example_branch_operator.py
[2023-03-01 11:12:41,276] {logging_mixin.py:115} INFO - [2023-03-01 11:12:41,276] {dag.py:2379} INFO - Sync 1 DAGs
[2023-03-01 11:12:41,281] {logging_mixin.py:115} INFO - [2023-03-01 11:12:41,281] {dag.py:2927} INFO - Setting next_dagrun for example_branch_operator to 2023-02-28T00:00:00+00:00, run_after=2023-03-01T00:00:00+00:00
[2023-03-01 11:12:41,285] {processor.py:161} INFO - Processing /Users/giovannisabarreto/Desktop/repositorios/airflow_k/venv/lib/python3.10/site-packages/airflow/example_dags/example_branch_operator.py took 0.043 seconds
[2023-03-01 11:13:24,991] {processor.py:153} INFO - Started process (PID=30025) to work on /Users/giovannisabarreto/Desktop/repositorios/airflow_k/venv/lib/python3.10/site-packages/airflow/example_dags/example_branch_operator.py
[2023-03-01 11:13:24,992] {processor.py:641} INFO - Processing file /Users/giovannisabarreto/Desktop/repositorios/airflow_k/venv/lib/python3.10/site-packages/airflow/example_dags/example_branch_operator.py for tasks to queue
[2023-03-01 11:13:24,992] {logging_mixin.py:115} INFO - [2023-03-01 11:13:24,992] {dagbag.py:507} INFO - Filling up the DagBag from /Users/giovannisabarreto/Desktop/repositorios/airflow_k/venv/lib/python3.10/site-packages/airflow/example_dags/example_branch_operator.py
[2023-03-01 11:13:25,003] {processor.py:651} INFO - DAG(s) dict_keys(['example_branch_operator']) retrieved from /Users/giovannisabarreto/Desktop/repositorios/airflow_k/venv/lib/python3.10/site-packages/airflow/example_dags/example_branch_operator.py
[2023-03-01 11:13:25,026] {logging_mixin.py:115} INFO - [2023-03-01 11:13:25,026] {dag.py:2379} INFO - Sync 1 DAGs
[2023-03-01 11:13:25,032] {logging_mixin.py:115} INFO - [2023-03-01 11:13:25,032] {dag.py:2927} INFO - Setting next_dagrun for example_branch_operator to 2023-02-28T00:00:00+00:00, run_after=2023-03-01T00:00:00+00:00
[2023-03-01 11:13:25,035] {processor.py:161} INFO - Processing /Users/giovannisabarreto/Desktop/repositorios/airflow_k/venv/lib/python3.10/site-packages/airflow/example_dags/example_branch_operator.py took 0.045 seconds
[2023-03-01 11:14:13,199] {processor.py:153} INFO - Started process (PID=30108) to work on /Users/giovannisabarreto/Desktop/repositorios/airflow_k/venv/lib/python3.10/site-packages/airflow/example_dags/example_branch_operator.py
[2023-03-01 11:14:13,200] {processor.py:641} INFO - Processing file /Users/giovannisabarreto/Desktop/repositorios/airflow_k/venv/lib/python3.10/site-packages/airflow/example_dags/example_branch_operator.py for tasks to queue
[2023-03-01 11:14:13,200] {logging_mixin.py:115} INFO - [2023-03-01 11:14:13,200] {dagbag.py:507} INFO - Filling up the DagBag from /Users/giovannisabarreto/Desktop/repositorios/airflow_k/venv/lib/python3.10/site-packages/airflow/example_dags/example_branch_operator.py
[2023-03-01 11:14:13,211] {processor.py:651} INFO - DAG(s) dict_keys(['example_branch_operator']) retrieved from /Users/giovannisabarreto/Desktop/repositorios/airflow_k/venv/lib/python3.10/site-packages/airflow/example_dags/example_branch_operator.py
[2023-03-01 11:14:13,233] {logging_mixin.py:115} INFO - [2023-03-01 11:14:13,233] {dag.py:2379} INFO - Sync 1 DAGs
[2023-03-01 11:14:13,239] {logging_mixin.py:115} INFO - [2023-03-01 11:14:13,239] {dag.py:2927} INFO - Setting next_dagrun for example_branch_operator to 2023-02-28T00:00:00+00:00, run_after=2023-03-01T00:00:00+00:00
[2023-03-01 11:14:13,242] {processor.py:161} INFO - Processing /Users/giovannisabarreto/Desktop/repositorios/airflow_k/venv/lib/python3.10/site-packages/airflow/example_dags/example_branch_operator.py took 0.043 seconds
[2023-03-01 11:14:57,955] {processor.py:153} INFO - Started process (PID=30255) to work on /Users/giovannisabarreto/Desktop/repositorios/airflow_k/venv/lib/python3.10/site-packages/airflow/example_dags/example_branch_operator.py
[2023-03-01 11:14:57,956] {processor.py:641} INFO - Processing file /Users/giovannisabarreto/Desktop/repositorios/airflow_k/venv/lib/python3.10/site-packages/airflow/example_dags/example_branch_operator.py for tasks to queue
[2023-03-01 11:14:57,956] {logging_mixin.py:115} INFO - [2023-03-01 11:14:57,956] {dagbag.py:507} INFO - Filling up the DagBag from /Users/giovannisabarreto/Desktop/repositorios/airflow_k/venv/lib/python3.10/site-packages/airflow/example_dags/example_branch_operator.py
[2023-03-01 11:14:57,967] {processor.py:651} INFO - DAG(s) dict_keys(['example_branch_operator']) retrieved from /Users/giovannisabarreto/Desktop/repositorios/airflow_k/venv/lib/python3.10/site-packages/airflow/example_dags/example_branch_operator.py
[2023-03-01 11:14:57,989] {logging_mixin.py:115} INFO - [2023-03-01 11:14:57,989] {dag.py:2379} INFO - Sync 1 DAGs
[2023-03-01 11:14:57,995] {logging_mixin.py:115} INFO - [2023-03-01 11:14:57,995] {dag.py:2927} INFO - Setting next_dagrun for example_branch_operator to 2023-02-28T00:00:00+00:00, run_after=2023-03-01T00:00:00+00:00
[2023-03-01 11:14:57,998] {processor.py:161} INFO - Processing /Users/giovannisabarreto/Desktop/repositorios/airflow_k/venv/lib/python3.10/site-packages/airflow/example_dags/example_branch_operator.py took 0.043 seconds
[2023-03-01 11:15:54,241] {processor.py:153} INFO - Started process (PID=30382) to work on /Users/giovannisabarreto/Desktop/repositorios/airflow_k/venv/lib/python3.10/site-packages/airflow/example_dags/example_branch_operator.py
[2023-03-01 11:15:54,241] {processor.py:641} INFO - Processing file /Users/giovannisabarreto/Desktop/repositorios/airflow_k/venv/lib/python3.10/site-packages/airflow/example_dags/example_branch_operator.py for tasks to queue
[2023-03-01 11:15:54,242] {logging_mixin.py:115} INFO - [2023-03-01 11:15:54,242] {dagbag.py:507} INFO - Filling up the DagBag from /Users/giovannisabarreto/Desktop/repositorios/airflow_k/venv/lib/python3.10/site-packages/airflow/example_dags/example_branch_operator.py
[2023-03-01 11:15:54,253] {processor.py:651} INFO - DAG(s) dict_keys(['example_branch_operator']) retrieved from /Users/giovannisabarreto/Desktop/repositorios/airflow_k/venv/lib/python3.10/site-packages/airflow/example_dags/example_branch_operator.py
[2023-03-01 11:15:54,276] {logging_mixin.py:115} INFO - [2023-03-01 11:15:54,276] {dag.py:2379} INFO - Sync 1 DAGs
[2023-03-01 11:15:54,281] {logging_mixin.py:115} INFO - [2023-03-01 11:15:54,281] {dag.py:2927} INFO - Setting next_dagrun for example_branch_operator to 2023-02-28T00:00:00+00:00, run_after=2023-03-01T00:00:00+00:00
[2023-03-01 11:15:54,285] {processor.py:161} INFO - Processing /Users/giovannisabarreto/Desktop/repositorios/airflow_k/venv/lib/python3.10/site-packages/airflow/example_dags/example_branch_operator.py took 0.044 seconds
[2023-03-01 11:16:38,333] {processor.py:153} INFO - Started process (PID=30458) to work on /Users/giovannisabarreto/Desktop/repositorios/airflow_k/venv/lib/python3.10/site-packages/airflow/example_dags/example_branch_operator.py
[2023-03-01 11:16:38,334] {processor.py:641} INFO - Processing file /Users/giovannisabarreto/Desktop/repositorios/airflow_k/venv/lib/python3.10/site-packages/airflow/example_dags/example_branch_operator.py for tasks to queue
[2023-03-01 11:16:38,334] {logging_mixin.py:115} INFO - [2023-03-01 11:16:38,334] {dagbag.py:507} INFO - Filling up the DagBag from /Users/giovannisabarreto/Desktop/repositorios/airflow_k/venv/lib/python3.10/site-packages/airflow/example_dags/example_branch_operator.py
[2023-03-01 11:16:38,346] {processor.py:651} INFO - DAG(s) dict_keys(['example_branch_operator']) retrieved from /Users/giovannisabarreto/Desktop/repositorios/airflow_k/venv/lib/python3.10/site-packages/airflow/example_dags/example_branch_operator.py
[2023-03-01 11:16:38,369] {logging_mixin.py:115} INFO - [2023-03-01 11:16:38,369] {dag.py:2379} INFO - Sync 1 DAGs
[2023-03-01 11:16:38,375] {logging_mixin.py:115} INFO - [2023-03-01 11:16:38,375] {dag.py:2927} INFO - Setting next_dagrun for example_branch_operator to 2023-02-28T00:00:00+00:00, run_after=2023-03-01T00:00:00+00:00
[2023-03-01 11:16:38,378] {processor.py:161} INFO - Processing /Users/giovannisabarreto/Desktop/repositorios/airflow_k/venv/lib/python3.10/site-packages/airflow/example_dags/example_branch_operator.py took 0.045 seconds
[2023-03-01 11:17:23,316] {processor.py:153} INFO - Started process (PID=30546) to work on /Users/giovannisabarreto/Desktop/repositorios/airflow_k/venv/lib/python3.10/site-packages/airflow/example_dags/example_branch_operator.py
[2023-03-01 11:17:23,316] {processor.py:641} INFO - Processing file /Users/giovannisabarreto/Desktop/repositorios/airflow_k/venv/lib/python3.10/site-packages/airflow/example_dags/example_branch_operator.py for tasks to queue
[2023-03-01 11:17:23,316] {logging_mixin.py:115} INFO - [2023-03-01 11:17:23,316] {dagbag.py:507} INFO - Filling up the DagBag from /Users/giovannisabarreto/Desktop/repositorios/airflow_k/venv/lib/python3.10/site-packages/airflow/example_dags/example_branch_operator.py
[2023-03-01 11:17:23,327] {processor.py:651} INFO - DAG(s) dict_keys(['example_branch_operator']) retrieved from /Users/giovannisabarreto/Desktop/repositorios/airflow_k/venv/lib/python3.10/site-packages/airflow/example_dags/example_branch_operator.py
[2023-03-01 11:17:23,349] {logging_mixin.py:115} INFO - [2023-03-01 11:17:23,349] {dag.py:2379} INFO - Sync 1 DAGs
[2023-03-01 11:17:23,354] {logging_mixin.py:115} INFO - [2023-03-01 11:17:23,354] {dag.py:2927} INFO - Setting next_dagrun for example_branch_operator to 2023-02-28T00:00:00+00:00, run_after=2023-03-01T00:00:00+00:00
[2023-03-01 11:17:23,358] {processor.py:161} INFO - Processing /Users/giovannisabarreto/Desktop/repositorios/airflow_k/venv/lib/python3.10/site-packages/airflow/example_dags/example_branch_operator.py took 0.043 seconds
[2023-03-01 11:18:07,266] {processor.py:153} INFO - Started process (PID=30628) to work on /Users/giovannisabarreto/Desktop/repositorios/airflow_k/venv/lib/python3.10/site-packages/airflow/example_dags/example_branch_operator.py
[2023-03-01 11:18:07,267] {processor.py:641} INFO - Processing file /Users/giovannisabarreto/Desktop/repositorios/airflow_k/venv/lib/python3.10/site-packages/airflow/example_dags/example_branch_operator.py for tasks to queue
[2023-03-01 11:18:07,267] {logging_mixin.py:115} INFO - [2023-03-01 11:18:07,267] {dagbag.py:507} INFO - Filling up the DagBag from /Users/giovannisabarreto/Desktop/repositorios/airflow_k/venv/lib/python3.10/site-packages/airflow/example_dags/example_branch_operator.py
[2023-03-01 11:18:07,278] {processor.py:651} INFO - DAG(s) dict_keys(['example_branch_operator']) retrieved from /Users/giovannisabarreto/Desktop/repositorios/airflow_k/venv/lib/python3.10/site-packages/airflow/example_dags/example_branch_operator.py
[2023-03-01 11:18:07,300] {logging_mixin.py:115} INFO - [2023-03-01 11:18:07,300] {dag.py:2379} INFO - Sync 1 DAGs
[2023-03-01 11:18:07,305] {logging_mixin.py:115} INFO - [2023-03-01 11:18:07,305] {dag.py:2927} INFO - Setting next_dagrun for example_branch_operator to 2023-02-28T00:00:00+00:00, run_after=2023-03-01T00:00:00+00:00
[2023-03-01 11:18:07,309] {processor.py:161} INFO - Processing /Users/giovannisabarreto/Desktop/repositorios/airflow_k/venv/lib/python3.10/site-packages/airflow/example_dags/example_branch_operator.py took 0.043 seconds
[2023-03-01 11:18:56,338] {processor.py:153} INFO - Started process (PID=30717) to work on /Users/giovannisabarreto/Desktop/repositorios/airflow_k/venv/lib/python3.10/site-packages/airflow/example_dags/example_branch_operator.py
[2023-03-01 11:18:56,339] {processor.py:641} INFO - Processing file /Users/giovannisabarreto/Desktop/repositorios/airflow_k/venv/lib/python3.10/site-packages/airflow/example_dags/example_branch_operator.py for tasks to queue
[2023-03-01 11:18:56,339] {logging_mixin.py:115} INFO - [2023-03-01 11:18:56,339] {dagbag.py:507} INFO - Filling up the DagBag from /Users/giovannisabarreto/Desktop/repositorios/airflow_k/venv/lib/python3.10/site-packages/airflow/example_dags/example_branch_operator.py
[2023-03-01 11:18:56,350] {processor.py:651} INFO - DAG(s) dict_keys(['example_branch_operator']) retrieved from /Users/giovannisabarreto/Desktop/repositorios/airflow_k/venv/lib/python3.10/site-packages/airflow/example_dags/example_branch_operator.py
[2023-03-01 11:18:56,373] {logging_mixin.py:115} INFO - [2023-03-01 11:18:56,373] {dag.py:2379} INFO - Sync 1 DAGs
[2023-03-01 11:18:56,378] {logging_mixin.py:115} INFO - [2023-03-01 11:18:56,378] {dag.py:2927} INFO - Setting next_dagrun for example_branch_operator to 2023-02-28T00:00:00+00:00, run_after=2023-03-01T00:00:00+00:00
[2023-03-01 11:18:56,381] {processor.py:161} INFO - Processing /Users/giovannisabarreto/Desktop/repositorios/airflow_k/venv/lib/python3.10/site-packages/airflow/example_dags/example_branch_operator.py took 0.043 seconds
[2023-03-01 11:19:43,732] {processor.py:153} INFO - Started process (PID=30814) to work on /Users/giovannisabarreto/Desktop/repositorios/airflow_k/venv/lib/python3.10/site-packages/airflow/example_dags/example_branch_operator.py
[2023-03-01 11:19:43,732] {processor.py:641} INFO - Processing file /Users/giovannisabarreto/Desktop/repositorios/airflow_k/venv/lib/python3.10/site-packages/airflow/example_dags/example_branch_operator.py for tasks to queue
[2023-03-01 11:19:43,732] {logging_mixin.py:115} INFO - [2023-03-01 11:19:43,732] {dagbag.py:507} INFO - Filling up the DagBag from /Users/giovannisabarreto/Desktop/repositorios/airflow_k/venv/lib/python3.10/site-packages/airflow/example_dags/example_branch_operator.py
[2023-03-01 11:19:43,743] {processor.py:651} INFO - DAG(s) dict_keys(['example_branch_operator']) retrieved from /Users/giovannisabarreto/Desktop/repositorios/airflow_k/venv/lib/python3.10/site-packages/airflow/example_dags/example_branch_operator.py
[2023-03-01 11:19:43,766] {logging_mixin.py:115} INFO - [2023-03-01 11:19:43,765] {dag.py:2379} INFO - Sync 1 DAGs
[2023-03-01 11:19:43,771] {logging_mixin.py:115} INFO - [2023-03-01 11:19:43,771] {dag.py:2927} INFO - Setting next_dagrun for example_branch_operator to 2023-02-28T00:00:00+00:00, run_after=2023-03-01T00:00:00+00:00
[2023-03-01 11:19:43,774] {processor.py:161} INFO - Processing /Users/giovannisabarreto/Desktop/repositorios/airflow_k/venv/lib/python3.10/site-packages/airflow/example_dags/example_branch_operator.py took 0.043 seconds
[2023-03-01 11:20:30,719] {processor.py:153} INFO - Started process (PID=30895) to work on /Users/giovannisabarreto/Desktop/repositorios/airflow_k/venv/lib/python3.10/site-packages/airflow/example_dags/example_branch_operator.py
[2023-03-01 11:20:30,720] {processor.py:641} INFO - Processing file /Users/giovannisabarreto/Desktop/repositorios/airflow_k/venv/lib/python3.10/site-packages/airflow/example_dags/example_branch_operator.py for tasks to queue
[2023-03-01 11:20:30,720] {logging_mixin.py:115} INFO - [2023-03-01 11:20:30,720] {dagbag.py:507} INFO - Filling up the DagBag from /Users/giovannisabarreto/Desktop/repositorios/airflow_k/venv/lib/python3.10/site-packages/airflow/example_dags/example_branch_operator.py
[2023-03-01 11:20:30,732] {processor.py:651} INFO - DAG(s) dict_keys(['example_branch_operator']) retrieved from /Users/giovannisabarreto/Desktop/repositorios/airflow_k/venv/lib/python3.10/site-packages/airflow/example_dags/example_branch_operator.py
[2023-03-01 11:20:30,754] {logging_mixin.py:115} INFO - [2023-03-01 11:20:30,754] {dag.py:2379} INFO - Sync 1 DAGs
[2023-03-01 11:20:30,760] {logging_mixin.py:115} INFO - [2023-03-01 11:20:30,760] {dag.py:2927} INFO - Setting next_dagrun for example_branch_operator to 2023-02-28T00:00:00+00:00, run_after=2023-03-01T00:00:00+00:00
[2023-03-01 11:20:30,763] {processor.py:161} INFO - Processing /Users/giovannisabarreto/Desktop/repositorios/airflow_k/venv/lib/python3.10/site-packages/airflow/example_dags/example_branch_operator.py took 0.045 seconds
[2023-03-01 11:21:13,184] {processor.py:153} INFO - Started process (PID=30970) to work on /Users/giovannisabarreto/Desktop/repositorios/airflow_k/venv/lib/python3.10/site-packages/airflow/example_dags/example_branch_operator.py
[2023-03-01 11:21:13,185] {processor.py:641} INFO - Processing file /Users/giovannisabarreto/Desktop/repositorios/airflow_k/venv/lib/python3.10/site-packages/airflow/example_dags/example_branch_operator.py for tasks to queue
[2023-03-01 11:21:13,185] {logging_mixin.py:115} INFO - [2023-03-01 11:21:13,185] {dagbag.py:507} INFO - Filling up the DagBag from /Users/giovannisabarreto/Desktop/repositorios/airflow_k/venv/lib/python3.10/site-packages/airflow/example_dags/example_branch_operator.py
[2023-03-01 11:21:13,196] {processor.py:651} INFO - DAG(s) dict_keys(['example_branch_operator']) retrieved from /Users/giovannisabarreto/Desktop/repositorios/airflow_k/venv/lib/python3.10/site-packages/airflow/example_dags/example_branch_operator.py
[2023-03-01 11:21:13,218] {logging_mixin.py:115} INFO - [2023-03-01 11:21:13,218] {dag.py:2379} INFO - Sync 1 DAGs
[2023-03-01 11:21:13,223] {logging_mixin.py:115} INFO - [2023-03-01 11:21:13,223] {dag.py:2927} INFO - Setting next_dagrun for example_branch_operator to 2023-02-28T00:00:00+00:00, run_after=2023-03-01T00:00:00+00:00
[2023-03-01 11:21:13,226] {processor.py:161} INFO - Processing /Users/giovannisabarreto/Desktop/repositorios/airflow_k/venv/lib/python3.10/site-packages/airflow/example_dags/example_branch_operator.py took 0.043 seconds
[2023-03-01 11:21:56,309] {processor.py:153} INFO - Started process (PID=31075) to work on /Users/giovannisabarreto/Desktop/repositorios/airflow_k/venv/lib/python3.10/site-packages/airflow/example_dags/example_branch_operator.py
[2023-03-01 11:21:56,310] {processor.py:641} INFO - Processing file /Users/giovannisabarreto/Desktop/repositorios/airflow_k/venv/lib/python3.10/site-packages/airflow/example_dags/example_branch_operator.py for tasks to queue
[2023-03-01 11:21:56,310] {logging_mixin.py:115} INFO - [2023-03-01 11:21:56,310] {dagbag.py:507} INFO - Filling up the DagBag from /Users/giovannisabarreto/Desktop/repositorios/airflow_k/venv/lib/python3.10/site-packages/airflow/example_dags/example_branch_operator.py
[2023-03-01 11:21:56,321] {processor.py:651} INFO - DAG(s) dict_keys(['example_branch_operator']) retrieved from /Users/giovannisabarreto/Desktop/repositorios/airflow_k/venv/lib/python3.10/site-packages/airflow/example_dags/example_branch_operator.py
[2023-03-01 11:21:56,343] {logging_mixin.py:115} INFO - [2023-03-01 11:21:56,343] {dag.py:2379} INFO - Sync 1 DAGs
[2023-03-01 11:21:56,349] {logging_mixin.py:115} INFO - [2023-03-01 11:21:56,349] {dag.py:2927} INFO - Setting next_dagrun for example_branch_operator to 2023-02-28T00:00:00+00:00, run_after=2023-03-01T00:00:00+00:00
[2023-03-01 11:21:56,352] {processor.py:161} INFO - Processing /Users/giovannisabarreto/Desktop/repositorios/airflow_k/venv/lib/python3.10/site-packages/airflow/example_dags/example_branch_operator.py took 0.043 seconds
[2023-03-01 11:22:41,044] {processor.py:153} INFO - Started process (PID=31178) to work on /Users/giovannisabarreto/Desktop/repositorios/airflow_k/venv/lib/python3.10/site-packages/airflow/example_dags/example_branch_operator.py
[2023-03-01 11:22:41,045] {processor.py:641} INFO - Processing file /Users/giovannisabarreto/Desktop/repositorios/airflow_k/venv/lib/python3.10/site-packages/airflow/example_dags/example_branch_operator.py for tasks to queue
[2023-03-01 11:22:41,045] {logging_mixin.py:115} INFO - [2023-03-01 11:22:41,045] {dagbag.py:507} INFO - Filling up the DagBag from /Users/giovannisabarreto/Desktop/repositorios/airflow_k/venv/lib/python3.10/site-packages/airflow/example_dags/example_branch_operator.py
[2023-03-01 11:22:41,056] {processor.py:651} INFO - DAG(s) dict_keys(['example_branch_operator']) retrieved from /Users/giovannisabarreto/Desktop/repositorios/airflow_k/venv/lib/python3.10/site-packages/airflow/example_dags/example_branch_operator.py
[2023-03-01 11:22:41,079] {logging_mixin.py:115} INFO - [2023-03-01 11:22:41,079] {dag.py:2379} INFO - Sync 1 DAGs
[2023-03-01 11:22:41,084] {logging_mixin.py:115} INFO - [2023-03-01 11:22:41,084] {dag.py:2927} INFO - Setting next_dagrun for example_branch_operator to 2023-02-28T00:00:00+00:00, run_after=2023-03-01T00:00:00+00:00
[2023-03-01 11:22:41,088] {processor.py:161} INFO - Processing /Users/giovannisabarreto/Desktop/repositorios/airflow_k/venv/lib/python3.10/site-packages/airflow/example_dags/example_branch_operator.py took 0.044 seconds
[2023-03-01 11:23:27,750] {processor.py:153} INFO - Started process (PID=31257) to work on /Users/giovannisabarreto/Desktop/repositorios/airflow_k/venv/lib/python3.10/site-packages/airflow/example_dags/example_branch_operator.py
[2023-03-01 11:23:27,750] {processor.py:641} INFO - Processing file /Users/giovannisabarreto/Desktop/repositorios/airflow_k/venv/lib/python3.10/site-packages/airflow/example_dags/example_branch_operator.py for tasks to queue
[2023-03-01 11:23:27,750] {logging_mixin.py:115} INFO - [2023-03-01 11:23:27,750] {dagbag.py:507} INFO - Filling up the DagBag from /Users/giovannisabarreto/Desktop/repositorios/airflow_k/venv/lib/python3.10/site-packages/airflow/example_dags/example_branch_operator.py
[2023-03-01 11:23:27,761] {processor.py:651} INFO - DAG(s) dict_keys(['example_branch_operator']) retrieved from /Users/giovannisabarreto/Desktop/repositorios/airflow_k/venv/lib/python3.10/site-packages/airflow/example_dags/example_branch_operator.py
[2023-03-01 11:23:27,783] {logging_mixin.py:115} INFO - [2023-03-01 11:23:27,783] {dag.py:2379} INFO - Sync 1 DAGs
[2023-03-01 11:23:27,788] {logging_mixin.py:115} INFO - [2023-03-01 11:23:27,788] {dag.py:2927} INFO - Setting next_dagrun for example_branch_operator to 2023-02-28T00:00:00+00:00, run_after=2023-03-01T00:00:00+00:00
[2023-03-01 11:23:27,792] {processor.py:161} INFO - Processing /Users/giovannisabarreto/Desktop/repositorios/airflow_k/venv/lib/python3.10/site-packages/airflow/example_dags/example_branch_operator.py took 0.043 seconds
[2023-03-01 11:24:14,268] {processor.py:153} INFO - Started process (PID=31341) to work on /Users/giovannisabarreto/Desktop/repositorios/airflow_k/venv/lib/python3.10/site-packages/airflow/example_dags/example_branch_operator.py
[2023-03-01 11:24:14,268] {processor.py:641} INFO - Processing file /Users/giovannisabarreto/Desktop/repositorios/airflow_k/venv/lib/python3.10/site-packages/airflow/example_dags/example_branch_operator.py for tasks to queue
[2023-03-01 11:24:14,269] {logging_mixin.py:115} INFO - [2023-03-01 11:24:14,269] {dagbag.py:507} INFO - Filling up the DagBag from /Users/giovannisabarreto/Desktop/repositorios/airflow_k/venv/lib/python3.10/site-packages/airflow/example_dags/example_branch_operator.py
[2023-03-01 11:24:14,280] {processor.py:651} INFO - DAG(s) dict_keys(['example_branch_operator']) retrieved from /Users/giovannisabarreto/Desktop/repositorios/airflow_k/venv/lib/python3.10/site-packages/airflow/example_dags/example_branch_operator.py
[2023-03-01 11:24:14,302] {logging_mixin.py:115} INFO - [2023-03-01 11:24:14,302] {dag.py:2379} INFO - Sync 1 DAGs
[2023-03-01 11:24:14,307] {logging_mixin.py:115} INFO - [2023-03-01 11:24:14,307] {dag.py:2927} INFO - Setting next_dagrun for example_branch_operator to 2023-02-28T00:00:00+00:00, run_after=2023-03-01T00:00:00+00:00
[2023-03-01 11:24:14,311] {processor.py:161} INFO - Processing /Users/giovannisabarreto/Desktop/repositorios/airflow_k/venv/lib/python3.10/site-packages/airflow/example_dags/example_branch_operator.py took 0.043 seconds
[2023-03-01 11:25:01,979] {processor.py:153} INFO - Started process (PID=31445) to work on /Users/giovannisabarreto/Desktop/repositorios/airflow_k/venv/lib/python3.10/site-packages/airflow/example_dags/example_branch_operator.py
[2023-03-01 11:25:01,980] {processor.py:641} INFO - Processing file /Users/giovannisabarreto/Desktop/repositorios/airflow_k/venv/lib/python3.10/site-packages/airflow/example_dags/example_branch_operator.py for tasks to queue
[2023-03-01 11:25:01,980] {logging_mixin.py:115} INFO - [2023-03-01 11:25:01,980] {dagbag.py:507} INFO - Filling up the DagBag from /Users/giovannisabarreto/Desktop/repositorios/airflow_k/venv/lib/python3.10/site-packages/airflow/example_dags/example_branch_operator.py
[2023-03-01 11:25:01,991] {processor.py:651} INFO - DAG(s) dict_keys(['example_branch_operator']) retrieved from /Users/giovannisabarreto/Desktop/repositorios/airflow_k/venv/lib/python3.10/site-packages/airflow/example_dags/example_branch_operator.py
[2023-03-01 11:25:02,014] {logging_mixin.py:115} INFO - [2023-03-01 11:25:02,014] {dag.py:2379} INFO - Sync 1 DAGs
[2023-03-01 11:25:02,020] {logging_mixin.py:115} INFO - [2023-03-01 11:25:02,019] {dag.py:2927} INFO - Setting next_dagrun for example_branch_operator to 2023-02-28T00:00:00+00:00, run_after=2023-03-01T00:00:00+00:00
[2023-03-01 11:25:02,023] {processor.py:161} INFO - Processing /Users/giovannisabarreto/Desktop/repositorios/airflow_k/venv/lib/python3.10/site-packages/airflow/example_dags/example_branch_operator.py took 0.044 seconds
[2023-03-01 11:25:56,492] {processor.py:153} INFO - Started process (PID=31544) to work on /Users/giovannisabarreto/Desktop/repositorios/airflow_k/venv/lib/python3.10/site-packages/airflow/example_dags/example_branch_operator.py
[2023-03-01 11:25:56,493] {processor.py:641} INFO - Processing file /Users/giovannisabarreto/Desktop/repositorios/airflow_k/venv/lib/python3.10/site-packages/airflow/example_dags/example_branch_operator.py for tasks to queue
[2023-03-01 11:25:56,493] {logging_mixin.py:115} INFO - [2023-03-01 11:25:56,493] {dagbag.py:507} INFO - Filling up the DagBag from /Users/giovannisabarreto/Desktop/repositorios/airflow_k/venv/lib/python3.10/site-packages/airflow/example_dags/example_branch_operator.py
[2023-03-01 11:25:56,505] {processor.py:651} INFO - DAG(s) dict_keys(['example_branch_operator']) retrieved from /Users/giovannisabarreto/Desktop/repositorios/airflow_k/venv/lib/python3.10/site-packages/airflow/example_dags/example_branch_operator.py
[2023-03-01 11:25:56,527] {logging_mixin.py:115} INFO - [2023-03-01 11:25:56,527] {dag.py:2379} INFO - Sync 1 DAGs
[2023-03-01 11:25:56,533] {logging_mixin.py:115} INFO - [2023-03-01 11:25:56,533] {dag.py:2927} INFO - Setting next_dagrun for example_branch_operator to 2023-02-28T00:00:00+00:00, run_after=2023-03-01T00:00:00+00:00
[2023-03-01 11:25:56,536] {processor.py:161} INFO - Processing /Users/giovannisabarreto/Desktop/repositorios/airflow_k/venv/lib/python3.10/site-packages/airflow/example_dags/example_branch_operator.py took 0.044 seconds
[2023-03-01 11:26:40,870] {processor.py:153} INFO - Started process (PID=31622) to work on /Users/giovannisabarreto/Desktop/repositorios/airflow_k/venv/lib/python3.10/site-packages/airflow/example_dags/example_branch_operator.py
[2023-03-01 11:26:40,870] {processor.py:641} INFO - Processing file /Users/giovannisabarreto/Desktop/repositorios/airflow_k/venv/lib/python3.10/site-packages/airflow/example_dags/example_branch_operator.py for tasks to queue
[2023-03-01 11:26:40,870] {logging_mixin.py:115} INFO - [2023-03-01 11:26:40,870] {dagbag.py:507} INFO - Filling up the DagBag from /Users/giovannisabarreto/Desktop/repositorios/airflow_k/venv/lib/python3.10/site-packages/airflow/example_dags/example_branch_operator.py
[2023-03-01 11:26:40,882] {processor.py:651} INFO - DAG(s) dict_keys(['example_branch_operator']) retrieved from /Users/giovannisabarreto/Desktop/repositorios/airflow_k/venv/lib/python3.10/site-packages/airflow/example_dags/example_branch_operator.py
[2023-03-01 11:26:40,904] {logging_mixin.py:115} INFO - [2023-03-01 11:26:40,904] {dag.py:2379} INFO - Sync 1 DAGs
[2023-03-01 11:26:40,909] {logging_mixin.py:115} INFO - [2023-03-01 11:26:40,909] {dag.py:2927} INFO - Setting next_dagrun for example_branch_operator to 2023-02-28T00:00:00+00:00, run_after=2023-03-01T00:00:00+00:00
[2023-03-01 11:26:40,913] {processor.py:161} INFO - Processing /Users/giovannisabarreto/Desktop/repositorios/airflow_k/venv/lib/python3.10/site-packages/airflow/example_dags/example_branch_operator.py took 0.044 seconds
[2023-03-01 11:27:23,707] {processor.py:153} INFO - Started process (PID=31711) to work on /Users/giovannisabarreto/Desktop/repositorios/airflow_k/venv/lib/python3.10/site-packages/airflow/example_dags/example_branch_operator.py
[2023-03-01 11:27:23,707] {processor.py:641} INFO - Processing file /Users/giovannisabarreto/Desktop/repositorios/airflow_k/venv/lib/python3.10/site-packages/airflow/example_dags/example_branch_operator.py for tasks to queue
[2023-03-01 11:27:23,708] {logging_mixin.py:115} INFO - [2023-03-01 11:27:23,708] {dagbag.py:507} INFO - Filling up the DagBag from /Users/giovannisabarreto/Desktop/repositorios/airflow_k/venv/lib/python3.10/site-packages/airflow/example_dags/example_branch_operator.py
[2023-03-01 11:27:23,719] {processor.py:651} INFO - DAG(s) dict_keys(['example_branch_operator']) retrieved from /Users/giovannisabarreto/Desktop/repositorios/airflow_k/venv/lib/python3.10/site-packages/airflow/example_dags/example_branch_operator.py
[2023-03-01 11:27:23,742] {logging_mixin.py:115} INFO - [2023-03-01 11:27:23,742] {dag.py:2379} INFO - Sync 1 DAGs
[2023-03-01 11:27:23,747] {logging_mixin.py:115} INFO - [2023-03-01 11:27:23,747] {dag.py:2927} INFO - Setting next_dagrun for example_branch_operator to 2023-02-28T00:00:00+00:00, run_after=2023-03-01T00:00:00+00:00
[2023-03-01 11:27:23,751] {processor.py:161} INFO - Processing /Users/giovannisabarreto/Desktop/repositorios/airflow_k/venv/lib/python3.10/site-packages/airflow/example_dags/example_branch_operator.py took 0.044 seconds
[2023-03-01 11:28:09,993] {processor.py:153} INFO - Started process (PID=31820) to work on /Users/giovannisabarreto/Desktop/repositorios/airflow_k/venv/lib/python3.10/site-packages/airflow/example_dags/example_branch_operator.py
[2023-03-01 11:28:09,993] {processor.py:641} INFO - Processing file /Users/giovannisabarreto/Desktop/repositorios/airflow_k/venv/lib/python3.10/site-packages/airflow/example_dags/example_branch_operator.py for tasks to queue
[2023-03-01 11:28:09,993] {logging_mixin.py:115} INFO - [2023-03-01 11:28:09,993] {dagbag.py:507} INFO - Filling up the DagBag from /Users/giovannisabarreto/Desktop/repositorios/airflow_k/venv/lib/python3.10/site-packages/airflow/example_dags/example_branch_operator.py
[2023-03-01 11:28:10,004] {processor.py:651} INFO - DAG(s) dict_keys(['example_branch_operator']) retrieved from /Users/giovannisabarreto/Desktop/repositorios/airflow_k/venv/lib/python3.10/site-packages/airflow/example_dags/example_branch_operator.py
[2023-03-01 11:28:10,026] {logging_mixin.py:115} INFO - [2023-03-01 11:28:10,026] {dag.py:2379} INFO - Sync 1 DAGs
[2023-03-01 11:28:10,032] {logging_mixin.py:115} INFO - [2023-03-01 11:28:10,032] {dag.py:2927} INFO - Setting next_dagrun for example_branch_operator to 2023-02-28T00:00:00+00:00, run_after=2023-03-01T00:00:00+00:00
[2023-03-01 11:28:10,035] {processor.py:161} INFO - Processing /Users/giovannisabarreto/Desktop/repositorios/airflow_k/venv/lib/python3.10/site-packages/airflow/example_dags/example_branch_operator.py took 0.043 seconds
[2023-03-01 11:28:56,430] {processor.py:153} INFO - Started process (PID=31902) to work on /Users/giovannisabarreto/Desktop/repositorios/airflow_k/venv/lib/python3.10/site-packages/airflow/example_dags/example_branch_operator.py
[2023-03-01 11:28:56,431] {processor.py:641} INFO - Processing file /Users/giovannisabarreto/Desktop/repositorios/airflow_k/venv/lib/python3.10/site-packages/airflow/example_dags/example_branch_operator.py for tasks to queue
[2023-03-01 11:28:56,431] {logging_mixin.py:115} INFO - [2023-03-01 11:28:56,431] {dagbag.py:507} INFO - Filling up the DagBag from /Users/giovannisabarreto/Desktop/repositorios/airflow_k/venv/lib/python3.10/site-packages/airflow/example_dags/example_branch_operator.py
[2023-03-01 11:28:56,442] {processor.py:651} INFO - DAG(s) dict_keys(['example_branch_operator']) retrieved from /Users/giovannisabarreto/Desktop/repositorios/airflow_k/venv/lib/python3.10/site-packages/airflow/example_dags/example_branch_operator.py
[2023-03-01 11:28:56,464] {logging_mixin.py:115} INFO - [2023-03-01 11:28:56,464] {dag.py:2379} INFO - Sync 1 DAGs
[2023-03-01 11:28:56,469] {logging_mixin.py:115} INFO - [2023-03-01 11:28:56,469] {dag.py:2927} INFO - Setting next_dagrun for example_branch_operator to 2023-02-28T00:00:00+00:00, run_after=2023-03-01T00:00:00+00:00
[2023-03-01 11:28:56,473] {processor.py:161} INFO - Processing /Users/giovannisabarreto/Desktop/repositorios/airflow_k/venv/lib/python3.10/site-packages/airflow/example_dags/example_branch_operator.py took 0.043 seconds
[2023-03-01 11:29:52,234] {processor.py:153} INFO - Started process (PID=32027) to work on /Users/giovannisabarreto/Desktop/repositorios/airflow_k/venv/lib/python3.10/site-packages/airflow/example_dags/example_branch_operator.py
[2023-03-01 11:29:52,234] {processor.py:641} INFO - Processing file /Users/giovannisabarreto/Desktop/repositorios/airflow_k/venv/lib/python3.10/site-packages/airflow/example_dags/example_branch_operator.py for tasks to queue
[2023-03-01 11:29:52,235] {logging_mixin.py:115} INFO - [2023-03-01 11:29:52,235] {dagbag.py:507} INFO - Filling up the DagBag from /Users/giovannisabarreto/Desktop/repositorios/airflow_k/venv/lib/python3.10/site-packages/airflow/example_dags/example_branch_operator.py
[2023-03-01 11:29:52,246] {processor.py:651} INFO - DAG(s) dict_keys(['example_branch_operator']) retrieved from /Users/giovannisabarreto/Desktop/repositorios/airflow_k/venv/lib/python3.10/site-packages/airflow/example_dags/example_branch_operator.py
[2023-03-01 11:29:52,268] {logging_mixin.py:115} INFO - [2023-03-01 11:29:52,268] {dag.py:2379} INFO - Sync 1 DAGs
[2023-03-01 11:29:52,274] {logging_mixin.py:115} INFO - [2023-03-01 11:29:52,274] {dag.py:2927} INFO - Setting next_dagrun for example_branch_operator to 2023-02-28T00:00:00+00:00, run_after=2023-03-01T00:00:00+00:00
[2023-03-01 11:29:52,277] {processor.py:161} INFO - Processing /Users/giovannisabarreto/Desktop/repositorios/airflow_k/venv/lib/python3.10/site-packages/airflow/example_dags/example_branch_operator.py took 0.043 seconds
[2023-03-01 11:30:47,329] {processor.py:153} INFO - Started process (PID=32128) to work on /Users/giovannisabarreto/Desktop/repositorios/airflow_k/venv/lib/python3.10/site-packages/airflow/example_dags/example_branch_operator.py
[2023-03-01 11:30:47,329] {processor.py:641} INFO - Processing file /Users/giovannisabarreto/Desktop/repositorios/airflow_k/venv/lib/python3.10/site-packages/airflow/example_dags/example_branch_operator.py for tasks to queue
[2023-03-01 11:30:47,329] {logging_mixin.py:115} INFO - [2023-03-01 11:30:47,329] {dagbag.py:507} INFO - Filling up the DagBag from /Users/giovannisabarreto/Desktop/repositorios/airflow_k/venv/lib/python3.10/site-packages/airflow/example_dags/example_branch_operator.py
[2023-03-01 11:30:47,339] {processor.py:651} INFO - DAG(s) dict_keys(['example_branch_operator']) retrieved from /Users/giovannisabarreto/Desktop/repositorios/airflow_k/venv/lib/python3.10/site-packages/airflow/example_dags/example_branch_operator.py
[2023-03-01 11:30:47,362] {logging_mixin.py:115} INFO - [2023-03-01 11:30:47,362] {dag.py:2379} INFO - Sync 1 DAGs
[2023-03-01 11:30:47,367] {logging_mixin.py:115} INFO - [2023-03-01 11:30:47,367] {dag.py:2927} INFO - Setting next_dagrun for example_branch_operator to 2023-02-28T00:00:00+00:00, run_after=2023-03-01T00:00:00+00:00
[2023-03-01 11:30:47,371] {processor.py:161} INFO - Processing /Users/giovannisabarreto/Desktop/repositorios/airflow_k/venv/lib/python3.10/site-packages/airflow/example_dags/example_branch_operator.py took 0.043 seconds
[2023-03-01 11:31:33,041] {processor.py:153} INFO - Started process (PID=32213) to work on /Users/giovannisabarreto/Desktop/repositorios/airflow_k/venv/lib/python3.10/site-packages/airflow/example_dags/example_branch_operator.py
[2023-03-01 11:31:33,042] {processor.py:641} INFO - Processing file /Users/giovannisabarreto/Desktop/repositorios/airflow_k/venv/lib/python3.10/site-packages/airflow/example_dags/example_branch_operator.py for tasks to queue
[2023-03-01 11:31:33,042] {logging_mixin.py:115} INFO - [2023-03-01 11:31:33,042] {dagbag.py:507} INFO - Filling up the DagBag from /Users/giovannisabarreto/Desktop/repositorios/airflow_k/venv/lib/python3.10/site-packages/airflow/example_dags/example_branch_operator.py
[2023-03-01 11:31:33,053] {processor.py:651} INFO - DAG(s) dict_keys(['example_branch_operator']) retrieved from /Users/giovannisabarreto/Desktop/repositorios/airflow_k/venv/lib/python3.10/site-packages/airflow/example_dags/example_branch_operator.py
[2023-03-01 11:31:33,076] {logging_mixin.py:115} INFO - [2023-03-01 11:31:33,076] {dag.py:2379} INFO - Sync 1 DAGs
[2023-03-01 11:31:33,081] {logging_mixin.py:115} INFO - [2023-03-01 11:31:33,081] {dag.py:2927} INFO - Setting next_dagrun for example_branch_operator to 2023-02-28T00:00:00+00:00, run_after=2023-03-01T00:00:00+00:00
[2023-03-01 11:31:33,085] {processor.py:161} INFO - Processing /Users/giovannisabarreto/Desktop/repositorios/airflow_k/venv/lib/python3.10/site-packages/airflow/example_dags/example_branch_operator.py took 0.044 seconds
[2023-03-01 11:32:20,392] {processor.py:153} INFO - Started process (PID=32298) to work on /Users/giovannisabarreto/Desktop/repositorios/airflow_k/venv/lib/python3.10/site-packages/airflow/example_dags/example_branch_operator.py
[2023-03-01 11:32:20,393] {processor.py:641} INFO - Processing file /Users/giovannisabarreto/Desktop/repositorios/airflow_k/venv/lib/python3.10/site-packages/airflow/example_dags/example_branch_operator.py for tasks to queue
[2023-03-01 11:32:20,393] {logging_mixin.py:115} INFO - [2023-03-01 11:32:20,393] {dagbag.py:507} INFO - Filling up the DagBag from /Users/giovannisabarreto/Desktop/repositorios/airflow_k/venv/lib/python3.10/site-packages/airflow/example_dags/example_branch_operator.py
[2023-03-01 11:32:20,404] {processor.py:651} INFO - DAG(s) dict_keys(['example_branch_operator']) retrieved from /Users/giovannisabarreto/Desktop/repositorios/airflow_k/venv/lib/python3.10/site-packages/airflow/example_dags/example_branch_operator.py
[2023-03-01 11:32:20,427] {logging_mixin.py:115} INFO - [2023-03-01 11:32:20,427] {dag.py:2379} INFO - Sync 1 DAGs
[2023-03-01 11:32:20,433] {logging_mixin.py:115} INFO - [2023-03-01 11:32:20,433] {dag.py:2927} INFO - Setting next_dagrun for example_branch_operator to 2023-02-28T00:00:00+00:00, run_after=2023-03-01T00:00:00+00:00
[2023-03-01 11:32:20,436] {processor.py:161} INFO - Processing /Users/giovannisabarreto/Desktop/repositorios/airflow_k/venv/lib/python3.10/site-packages/airflow/example_dags/example_branch_operator.py took 0.044 seconds
[2023-03-01 11:33:05,010] {processor.py:153} INFO - Started process (PID=32386) to work on /Users/giovannisabarreto/Desktop/repositorios/airflow_k/venv/lib/python3.10/site-packages/airflow/example_dags/example_branch_operator.py
[2023-03-01 11:33:05,010] {processor.py:641} INFO - Processing file /Users/giovannisabarreto/Desktop/repositorios/airflow_k/venv/lib/python3.10/site-packages/airflow/example_dags/example_branch_operator.py for tasks to queue
[2023-03-01 11:33:05,011] {logging_mixin.py:115} INFO - [2023-03-01 11:33:05,011] {dagbag.py:507} INFO - Filling up the DagBag from /Users/giovannisabarreto/Desktop/repositorios/airflow_k/venv/lib/python3.10/site-packages/airflow/example_dags/example_branch_operator.py
[2023-03-01 11:33:05,022] {processor.py:651} INFO - DAG(s) dict_keys(['example_branch_operator']) retrieved from /Users/giovannisabarreto/Desktop/repositorios/airflow_k/venv/lib/python3.10/site-packages/airflow/example_dags/example_branch_operator.py
[2023-03-01 11:33:05,045] {logging_mixin.py:115} INFO - [2023-03-01 11:33:05,045] {dag.py:2379} INFO - Sync 1 DAGs
[2023-03-01 11:33:05,051] {logging_mixin.py:115} INFO - [2023-03-01 11:33:05,051] {dag.py:2927} INFO - Setting next_dagrun for example_branch_operator to 2023-02-28T00:00:00+00:00, run_after=2023-03-01T00:00:00+00:00
[2023-03-01 11:33:05,054] {processor.py:161} INFO - Processing /Users/giovannisabarreto/Desktop/repositorios/airflow_k/venv/lib/python3.10/site-packages/airflow/example_dags/example_branch_operator.py took 0.044 seconds
[2023-03-01 11:33:49,349] {processor.py:153} INFO - Started process (PID=32471) to work on /Users/giovannisabarreto/Desktop/repositorios/airflow_k/venv/lib/python3.10/site-packages/airflow/example_dags/example_branch_operator.py
[2023-03-01 11:33:49,350] {processor.py:641} INFO - Processing file /Users/giovannisabarreto/Desktop/repositorios/airflow_k/venv/lib/python3.10/site-packages/airflow/example_dags/example_branch_operator.py for tasks to queue
[2023-03-01 11:33:49,350] {logging_mixin.py:115} INFO - [2023-03-01 11:33:49,350] {dagbag.py:507} INFO - Filling up the DagBag from /Users/giovannisabarreto/Desktop/repositorios/airflow_k/venv/lib/python3.10/site-packages/airflow/example_dags/example_branch_operator.py
[2023-03-01 11:33:49,361] {processor.py:651} INFO - DAG(s) dict_keys(['example_branch_operator']) retrieved from /Users/giovannisabarreto/Desktop/repositorios/airflow_k/venv/lib/python3.10/site-packages/airflow/example_dags/example_branch_operator.py
[2023-03-01 11:33:49,383] {logging_mixin.py:115} INFO - [2023-03-01 11:33:49,383] {dag.py:2379} INFO - Sync 1 DAGs
[2023-03-01 11:33:49,389] {logging_mixin.py:115} INFO - [2023-03-01 11:33:49,388] {dag.py:2927} INFO - Setting next_dagrun for example_branch_operator to 2023-02-28T00:00:00+00:00, run_after=2023-03-01T00:00:00+00:00
[2023-03-01 11:33:49,392] {processor.py:161} INFO - Processing /Users/giovannisabarreto/Desktop/repositorios/airflow_k/venv/lib/python3.10/site-packages/airflow/example_dags/example_branch_operator.py took 0.043 seconds
[2023-03-01 11:34:38,446] {processor.py:153} INFO - Started process (PID=32570) to work on /Users/giovannisabarreto/Desktop/repositorios/airflow_k/venv/lib/python3.10/site-packages/airflow/example_dags/example_branch_operator.py
[2023-03-01 11:34:38,446] {processor.py:641} INFO - Processing file /Users/giovannisabarreto/Desktop/repositorios/airflow_k/venv/lib/python3.10/site-packages/airflow/example_dags/example_branch_operator.py for tasks to queue
[2023-03-01 11:34:38,447] {logging_mixin.py:115} INFO - [2023-03-01 11:34:38,447] {dagbag.py:507} INFO - Filling up the DagBag from /Users/giovannisabarreto/Desktop/repositorios/airflow_k/venv/lib/python3.10/site-packages/airflow/example_dags/example_branch_operator.py
[2023-03-01 11:34:38,458] {processor.py:651} INFO - DAG(s) dict_keys(['example_branch_operator']) retrieved from /Users/giovannisabarreto/Desktop/repositorios/airflow_k/venv/lib/python3.10/site-packages/airflow/example_dags/example_branch_operator.py
[2023-03-01 11:34:38,480] {logging_mixin.py:115} INFO - [2023-03-01 11:34:38,480] {dag.py:2379} INFO - Sync 1 DAGs
[2023-03-01 11:34:38,486] {logging_mixin.py:115} INFO - [2023-03-01 11:34:38,485] {dag.py:2927} INFO - Setting next_dagrun for example_branch_operator to 2023-02-28T00:00:00+00:00, run_after=2023-03-01T00:00:00+00:00
[2023-03-01 11:34:38,489] {processor.py:161} INFO - Processing /Users/giovannisabarreto/Desktop/repositorios/airflow_k/venv/lib/python3.10/site-packages/airflow/example_dags/example_branch_operator.py took 0.044 seconds
[2023-03-01 11:35:25,725] {processor.py:153} INFO - Started process (PID=32657) to work on /Users/giovannisabarreto/Desktop/repositorios/airflow_k/venv/lib/python3.10/site-packages/airflow/example_dags/example_branch_operator.py
[2023-03-01 11:35:25,726] {processor.py:641} INFO - Processing file /Users/giovannisabarreto/Desktop/repositorios/airflow_k/venv/lib/python3.10/site-packages/airflow/example_dags/example_branch_operator.py for tasks to queue
[2023-03-01 11:35:25,726] {logging_mixin.py:115} INFO - [2023-03-01 11:35:25,726] {dagbag.py:507} INFO - Filling up the DagBag from /Users/giovannisabarreto/Desktop/repositorios/airflow_k/venv/lib/python3.10/site-packages/airflow/example_dags/example_branch_operator.py
[2023-03-01 11:35:25,737] {processor.py:651} INFO - DAG(s) dict_keys(['example_branch_operator']) retrieved from /Users/giovannisabarreto/Desktop/repositorios/airflow_k/venv/lib/python3.10/site-packages/airflow/example_dags/example_branch_operator.py
[2023-03-01 11:35:25,759] {logging_mixin.py:115} INFO - [2023-03-01 11:35:25,759] {dag.py:2379} INFO - Sync 1 DAGs
[2023-03-01 11:35:25,764] {logging_mixin.py:115} INFO - [2023-03-01 11:35:25,764] {dag.py:2927} INFO - Setting next_dagrun for example_branch_operator to 2023-02-28T00:00:00+00:00, run_after=2023-03-01T00:00:00+00:00
[2023-03-01 11:35:25,768] {processor.py:161} INFO - Processing /Users/giovannisabarreto/Desktop/repositorios/airflow_k/venv/lib/python3.10/site-packages/airflow/example_dags/example_branch_operator.py took 0.043 seconds
[2023-03-01 11:36:14,332] {processor.py:153} INFO - Started process (PID=32739) to work on /Users/giovannisabarreto/Desktop/repositorios/airflow_k/venv/lib/python3.10/site-packages/airflow/example_dags/example_branch_operator.py
[2023-03-01 11:36:14,333] {processor.py:641} INFO - Processing file /Users/giovannisabarreto/Desktop/repositorios/airflow_k/venv/lib/python3.10/site-packages/airflow/example_dags/example_branch_operator.py for tasks to queue
[2023-03-01 11:36:14,333] {logging_mixin.py:115} INFO - [2023-03-01 11:36:14,333] {dagbag.py:507} INFO - Filling up the DagBag from /Users/giovannisabarreto/Desktop/repositorios/airflow_k/venv/lib/python3.10/site-packages/airflow/example_dags/example_branch_operator.py
[2023-03-01 11:36:14,344] {processor.py:651} INFO - DAG(s) dict_keys(['example_branch_operator']) retrieved from /Users/giovannisabarreto/Desktop/repositorios/airflow_k/venv/lib/python3.10/site-packages/airflow/example_dags/example_branch_operator.py
[2023-03-01 11:36:14,366] {logging_mixin.py:115} INFO - [2023-03-01 11:36:14,366] {dag.py:2379} INFO - Sync 1 DAGs
[2023-03-01 11:36:14,372] {logging_mixin.py:115} INFO - [2023-03-01 11:36:14,372] {dag.py:2927} INFO - Setting next_dagrun for example_branch_operator to 2023-02-28T00:00:00+00:00, run_after=2023-03-01T00:00:00+00:00
[2023-03-01 11:36:14,375] {processor.py:161} INFO - Processing /Users/giovannisabarreto/Desktop/repositorios/airflow_k/venv/lib/python3.10/site-packages/airflow/example_dags/example_branch_operator.py took 0.044 seconds
[2023-03-01 11:36:58,388] {processor.py:153} INFO - Started process (PID=32815) to work on /Users/giovannisabarreto/Desktop/repositorios/airflow_k/venv/lib/python3.10/site-packages/airflow/example_dags/example_branch_operator.py
[2023-03-01 11:36:58,389] {processor.py:641} INFO - Processing file /Users/giovannisabarreto/Desktop/repositorios/airflow_k/venv/lib/python3.10/site-packages/airflow/example_dags/example_branch_operator.py for tasks to queue
[2023-03-01 11:36:58,389] {logging_mixin.py:115} INFO - [2023-03-01 11:36:58,389] {dagbag.py:507} INFO - Filling up the DagBag from /Users/giovannisabarreto/Desktop/repositorios/airflow_k/venv/lib/python3.10/site-packages/airflow/example_dags/example_branch_operator.py
[2023-03-01 11:36:58,400] {processor.py:651} INFO - DAG(s) dict_keys(['example_branch_operator']) retrieved from /Users/giovannisabarreto/Desktop/repositorios/airflow_k/venv/lib/python3.10/site-packages/airflow/example_dags/example_branch_operator.py
[2023-03-01 11:36:58,422] {logging_mixin.py:115} INFO - [2023-03-01 11:36:58,422] {dag.py:2379} INFO - Sync 1 DAGs
[2023-03-01 11:36:58,427] {logging_mixin.py:115} INFO - [2023-03-01 11:36:58,427] {dag.py:2927} INFO - Setting next_dagrun for example_branch_operator to 2023-02-28T00:00:00+00:00, run_after=2023-03-01T00:00:00+00:00
[2023-03-01 11:36:58,431] {processor.py:161} INFO - Processing /Users/giovannisabarreto/Desktop/repositorios/airflow_k/venv/lib/python3.10/site-packages/airflow/example_dags/example_branch_operator.py took 0.042 seconds
[2023-03-01 13:36:49,278] {processor.py:153} INFO - Started process (PID=33070) to work on /Users/giovannisabarreto/Desktop/repositorios/airflow_k/venv/lib/python3.10/site-packages/airflow/example_dags/example_branch_operator.py
[2023-03-01 13:36:49,279] {processor.py:641} INFO - Processing file /Users/giovannisabarreto/Desktop/repositorios/airflow_k/venv/lib/python3.10/site-packages/airflow/example_dags/example_branch_operator.py for tasks to queue
[2023-03-01 13:36:49,279] {logging_mixin.py:115} INFO - [2023-03-01 13:36:49,279] {dagbag.py:507} INFO - Filling up the DagBag from /Users/giovannisabarreto/Desktop/repositorios/airflow_k/venv/lib/python3.10/site-packages/airflow/example_dags/example_branch_operator.py
[2023-03-01 13:36:49,291] {processor.py:651} INFO - DAG(s) dict_keys(['example_branch_operator']) retrieved from /Users/giovannisabarreto/Desktop/repositorios/airflow_k/venv/lib/python3.10/site-packages/airflow/example_dags/example_branch_operator.py
[2023-03-01 13:36:49,333] {logging_mixin.py:115} INFO - [2023-03-01 13:36:49,333] {dag.py:2379} INFO - Sync 1 DAGs
[2023-03-01 13:36:49,339] {logging_mixin.py:115} INFO - [2023-03-01 13:36:49,339] {dag.py:2927} INFO - Setting next_dagrun for example_branch_operator to 2023-02-28T00:00:00+00:00, run_after=2023-03-01T00:00:00+00:00
[2023-03-01 13:36:49,347] {processor.py:161} INFO - Processing /Users/giovannisabarreto/Desktop/repositorios/airflow_k/venv/lib/python3.10/site-packages/airflow/example_dags/example_branch_operator.py took 0.069 seconds
[2023-03-01 16:35:22,421] {processor.py:153} INFO - Started process (PID=33410) to work on /Users/giovannisabarreto/Desktop/repositorios/airflow_k/venv/lib/python3.10/site-packages/airflow/example_dags/example_branch_operator.py
[2023-03-01 16:35:22,421] {processor.py:641} INFO - Processing file /Users/giovannisabarreto/Desktop/repositorios/airflow_k/venv/lib/python3.10/site-packages/airflow/example_dags/example_branch_operator.py for tasks to queue
[2023-03-01 16:35:22,421] {logging_mixin.py:115} INFO - [2023-03-01 16:35:22,421] {dagbag.py:507} INFO - Filling up the DagBag from /Users/giovannisabarreto/Desktop/repositorios/airflow_k/venv/lib/python3.10/site-packages/airflow/example_dags/example_branch_operator.py
[2023-03-01 16:35:22,433] {processor.py:651} INFO - DAG(s) dict_keys(['example_branch_operator']) retrieved from /Users/giovannisabarreto/Desktop/repositorios/airflow_k/venv/lib/python3.10/site-packages/airflow/example_dags/example_branch_operator.py
[2023-03-01 16:35:22,465] {logging_mixin.py:115} INFO - [2023-03-01 16:35:22,465] {dag.py:2379} INFO - Sync 1 DAGs
[2023-03-01 16:35:22,471] {logging_mixin.py:115} INFO - [2023-03-01 16:35:22,471] {dag.py:2927} INFO - Setting next_dagrun for example_branch_operator to 2023-02-28T00:00:00+00:00, run_after=2023-03-01T00:00:00+00:00
[2023-03-01 16:35:22,475] {processor.py:161} INFO - Processing /Users/giovannisabarreto/Desktop/repositorios/airflow_k/venv/lib/python3.10/site-packages/airflow/example_dags/example_branch_operator.py took 0.055 seconds
[2023-03-01 19:40:18,135] {processor.py:153} INFO - Started process (PID=33725) to work on /Users/giovannisabarreto/Desktop/repositorios/airflow_k/venv/lib/python3.10/site-packages/airflow/example_dags/example_branch_operator.py
[2023-03-01 19:40:18,136] {processor.py:641} INFO - Processing file /Users/giovannisabarreto/Desktop/repositorios/airflow_k/venv/lib/python3.10/site-packages/airflow/example_dags/example_branch_operator.py for tasks to queue
[2023-03-01 19:40:18,136] {logging_mixin.py:115} INFO - [2023-03-01 19:40:18,136] {dagbag.py:507} INFO - Filling up the DagBag from /Users/giovannisabarreto/Desktop/repositorios/airflow_k/venv/lib/python3.10/site-packages/airflow/example_dags/example_branch_operator.py
[2023-03-01 19:40:18,149] {processor.py:651} INFO - DAG(s) dict_keys(['example_branch_operator']) retrieved from /Users/giovannisabarreto/Desktop/repositorios/airflow_k/venv/lib/python3.10/site-packages/airflow/example_dags/example_branch_operator.py
[2023-03-01 19:40:18,183] {logging_mixin.py:115} INFO - [2023-03-01 19:40:18,183] {dag.py:2379} INFO - Sync 1 DAGs
[2023-03-01 19:40:18,189] {logging_mixin.py:115} INFO - [2023-03-01 19:40:18,189] {dag.py:2927} INFO - Setting next_dagrun for example_branch_operator to 2023-02-28T00:00:00+00:00, run_after=2023-03-01T00:00:00+00:00
[2023-03-01 19:40:18,195] {processor.py:161} INFO - Processing /Users/giovannisabarreto/Desktop/repositorios/airflow_k/venv/lib/python3.10/site-packages/airflow/example_dags/example_branch_operator.py took 0.060 seconds
