[2023-03-02 16:34:29,140] {taskinstance.py:1159} INFO - Dependencies all met for <TaskInstance: get_stocks_dag.TSLA scheduled__2023-02-02T00:00:00+00:00 [queued]>
[2023-03-02 16:34:29,150] {taskinstance.py:1159} INFO - Dependencies all met for <TaskInstance: get_stocks_dag.TSLA scheduled__2023-02-02T00:00:00+00:00 [queued]>
[2023-03-02 16:34:29,150] {taskinstance.py:1356} INFO - 
--------------------------------------------------------------------------------
[2023-03-02 16:34:29,150] {taskinstance.py:1357} INFO - Starting attempt 1 of 1
[2023-03-02 16:34:29,151] {taskinstance.py:1358} INFO - 
--------------------------------------------------------------------------------
[2023-03-02 16:34:29,165] {taskinstance.py:1377} INFO - Executing <Task(_PythonDecoratedOperator): TSLA> on 2023-02-02 00:00:00+00:00
[2023-03-02 16:34:29,169] {standard_task_runner.py:52} INFO - Started process 50657 to run task
[2023-03-02 16:34:29,173] {standard_task_runner.py:79} INFO - Running: ['airflow', 'tasks', 'run', 'get_stocks_dag', 'TSLA', 'scheduled__2023-02-02T00:00:00+00:00', '--job-id', '32', '--raw', '--subdir', 'DAGS_FOLDER/get_stocks.py', '--cfg-path', '/var/folders/8z/6d7zf4153pgfqk4ygy8by4rh0000gn/T/tmp3erxskih', '--error-file', '/var/folders/8z/6d7zf4153pgfqk4ygy8by4rh0000gn/T/tmplbrrew01']
[2023-03-02 16:34:29,175] {standard_task_runner.py:80} INFO - Job 32: Subtask TSLA
[2023-03-02 16:34:34,217] {task_command.py:370} INFO - Running <TaskInstance: get_stocks_dag.TSLA scheduled__2023-02-02T00:00:00+00:00 [running]> on host AZ026.local
[2023-03-02 16:34:39,283] {taskinstance.py:1569} INFO - Exporting the following env vars:
AIRFLOW_CTX_DAG_OWNER=airflow
AIRFLOW_CTX_DAG_ID=get_stocks_dag
AIRFLOW_CTX_TASK_ID=TSLA
AIRFLOW_CTX_EXECUTION_DATE=2023-02-02T00:00:00+00:00
AIRFLOW_CTX_TRY_NUMBER=1
AIRFLOW_CTX_DAG_RUN_ID=scheduled__2023-02-02T00:00:00+00:00
[2023-03-02 16:34:39,393] {local_task_job.py:156} INFO - Task exited with return code Negsignal.SIGABRT
[2023-03-02 16:34:39,396] {taskinstance.py:1395} INFO - Marking task as FAILED. dag_id=get_stocks_dag, task_id=TSLA, execution_date=20230202T000000, start_date=20230302T193429, end_date=20230302T193439
[2023-03-02 16:34:39,404] {local_task_job.py:273} INFO - 0 downstream tasks scheduled from follow-on schedule check
