[2023-03-02 16:29:54,066] {taskinstance.py:1159} INFO - Dependencies all met for <TaskInstance: get_stocks_dag.TSLA scheduled__2023-01-03T00:00:00+00:00 [queued]>
[2023-03-02 16:29:54,074] {taskinstance.py:1159} INFO - Dependencies all met for <TaskInstance: get_stocks_dag.TSLA scheduled__2023-01-03T00:00:00+00:00 [queued]>
[2023-03-02 16:29:54,074] {taskinstance.py:1356} INFO - 
--------------------------------------------------------------------------------
[2023-03-02 16:29:54,074] {taskinstance.py:1357} INFO - Starting attempt 2 of 1
[2023-03-02 16:29:54,074] {taskinstance.py:1358} INFO - 
--------------------------------------------------------------------------------
[2023-03-02 16:29:54,090] {taskinstance.py:1377} INFO - Executing <Task(_PythonDecoratedOperator): TSLA> on 2023-01-03 00:00:00+00:00
[2023-03-02 16:29:54,094] {standard_task_runner.py:52} INFO - Started process 50073 to run task
[2023-03-02 16:29:54,099] {standard_task_runner.py:79} INFO - Running: ['airflow', 'tasks', 'run', 'get_stocks_dag', 'TSLA', 'scheduled__2023-01-03T00:00:00+00:00', '--job-id', '14', '--raw', '--subdir', 'DAGS_FOLDER/get_stocks.py', '--cfg-path', '/var/folders/8z/6d7zf4153pgfqk4ygy8by4rh0000gn/T/tmprhhgzgzw', '--error-file', '/var/folders/8z/6d7zf4153pgfqk4ygy8by4rh0000gn/T/tmp39d63p6c']
[2023-03-02 16:29:54,101] {standard_task_runner.py:80} INFO - Job 14: Subtask TSLA
[2023-03-02 16:29:59,131] {task_command.py:370} INFO - Running <TaskInstance: get_stocks_dag.TSLA scheduled__2023-01-03T00:00:00+00:00 [running]> on host AZ026.local
[2023-03-02 16:30:04,180] {taskinstance.py:1569} INFO - Exporting the following env vars:
AIRFLOW_CTX_DAG_OWNER=airflow
AIRFLOW_CTX_DAG_ID=get_stocks_dag
AIRFLOW_CTX_TASK_ID=TSLA
AIRFLOW_CTX_EXECUTION_DATE=2023-01-03T00:00:00+00:00
AIRFLOW_CTX_TRY_NUMBER=2
AIRFLOW_CTX_DAG_RUN_ID=scheduled__2023-01-03T00:00:00+00:00
[2023-03-02 16:30:04,285] {local_task_job.py:156} INFO - Task exited with return code Negsignal.SIGABRT
[2023-03-02 16:30:04,289] {taskinstance.py:1395} INFO - Marking task as FAILED. dag_id=get_stocks_dag, task_id=TSLA, execution_date=20230103T000000, start_date=20230302T192954, end_date=20230302T193004
[2023-03-02 16:30:04,296] {local_task_job.py:273} INFO - 0 downstream tasks scheduled from follow-on schedule check
