[2023-03-02 16:38:54,224] {taskinstance.py:1159} INFO - Dependencies all met for <TaskInstance: get_stocks_dag.AAPL scheduled__2023-02-22T00:00:00+00:00 [queued]>
[2023-03-02 16:38:54,236] {taskinstance.py:1159} INFO - Dependencies all met for <TaskInstance: get_stocks_dag.AAPL scheduled__2023-02-22T00:00:00+00:00 [queued]>
[2023-03-02 16:38:54,236] {taskinstance.py:1356} INFO - 
--------------------------------------------------------------------------------
[2023-03-02 16:38:54,236] {taskinstance.py:1357} INFO - Starting attempt 1 of 1
[2023-03-02 16:38:54,237] {taskinstance.py:1358} INFO - 
--------------------------------------------------------------------------------
[2023-03-02 16:38:54,250] {taskinstance.py:1377} INFO - Executing <Task(_PythonDecoratedOperator): AAPL> on 2023-02-22 00:00:00+00:00
[2023-03-02 16:38:54,253] {standard_task_runner.py:52} INFO - Started process 51204 to run task
[2023-03-02 16:38:54,257] {standard_task_runner.py:79} INFO - Running: ['airflow', 'tasks', 'run', 'get_stocks_dag', 'AAPL', 'scheduled__2023-02-22T00:00:00+00:00', '--job-id', '49', '--raw', '--subdir', 'DAGS_FOLDER/get_stocks.py', '--cfg-path', '/var/folders/8z/6d7zf4153pgfqk4ygy8by4rh0000gn/T/tmp6yb9udu7', '--error-file', '/var/folders/8z/6d7zf4153pgfqk4ygy8by4rh0000gn/T/tmpl30vr08n']
[2023-03-02 16:38:54,259] {standard_task_runner.py:80} INFO - Job 49: Subtask AAPL
[2023-03-02 16:38:59,291] {task_command.py:370} INFO - Running <TaskInstance: get_stocks_dag.AAPL scheduled__2023-02-22T00:00:00+00:00 [running]> on host AZ026.local
[2023-03-02 16:39:04,321] {taskinstance.py:1569} INFO - Exporting the following env vars:
AIRFLOW_CTX_DAG_OWNER=airflow
AIRFLOW_CTX_DAG_ID=get_stocks_dag
AIRFLOW_CTX_TASK_ID=AAPL
AIRFLOW_CTX_EXECUTION_DATE=2023-02-22T00:00:00+00:00
AIRFLOW_CTX_TRY_NUMBER=1
AIRFLOW_CTX_DAG_RUN_ID=scheduled__2023-02-22T00:00:00+00:00
[2023-03-02 16:39:04,412] {local_task_job.py:156} INFO - Task exited with return code Negsignal.SIGABRT
[2023-03-02 16:39:04,415] {taskinstance.py:1395} INFO - Marking task as FAILED. dag_id=get_stocks_dag, task_id=AAPL, execution_date=20230222T000000, start_date=20230302T193854, end_date=20230302T193904
[2023-03-02 16:39:04,422] {local_task_job.py:273} INFO - 0 downstream tasks scheduled from follow-on schedule check
