[2023-03-02 16:35:49,680] {taskinstance.py:1159} INFO - Dependencies all met for <TaskInstance: get_stocks_dag.GOOG scheduled__2023-02-04T00:00:00+00:00 [queued]>
[2023-03-02 16:35:49,682] {taskinstance.py:1159} INFO - Dependencies all met for <TaskInstance: get_stocks_dag.GOOG scheduled__2023-02-04T00:00:00+00:00 [queued]>
[2023-03-02 16:35:49,682] {taskinstance.py:1356} INFO - 
--------------------------------------------------------------------------------
[2023-03-02 16:35:49,682] {taskinstance.py:1357} INFO - Starting attempt 1 of 1
[2023-03-02 16:35:49,682] {taskinstance.py:1358} INFO - 
--------------------------------------------------------------------------------
[2023-03-02 16:35:49,687] {taskinstance.py:1377} INFO - Executing <Task(_PythonDecoratedOperator): GOOG> on 2023-02-04 00:00:00+00:00
[2023-03-02 16:35:49,688] {standard_task_runner.py:52} INFO - Started process 50794 to run task
[2023-03-02 16:35:49,691] {standard_task_runner.py:79} INFO - Running: ['airflow', 'tasks', 'run', 'get_stocks_dag', 'GOOG', 'scheduled__2023-02-04T00:00:00+00:00', '--job-id', '38', '--raw', '--subdir', 'DAGS_FOLDER/get_stocks.py', '--cfg-path', '/var/folders/8z/6d7zf4153pgfqk4ygy8by4rh0000gn/T/tmpp9b1dtfv', '--error-file', '/var/folders/8z/6d7zf4153pgfqk4ygy8by4rh0000gn/T/tmp66f5u0i1']
[2023-03-02 16:35:49,692] {standard_task_runner.py:80} INFO - Job 38: Subtask GOOG
[2023-03-02 16:35:54,715] {task_command.py:370} INFO - Running <TaskInstance: get_stocks_dag.GOOG scheduled__2023-02-04T00:00:00+00:00 [running]> on host AZ026.local
[2023-03-02 16:35:59,772] {taskinstance.py:1569} INFO - Exporting the following env vars:
AIRFLOW_CTX_DAG_OWNER=airflow
AIRFLOW_CTX_DAG_ID=get_stocks_dag
AIRFLOW_CTX_TASK_ID=GOOG
AIRFLOW_CTX_EXECUTION_DATE=2023-02-04T00:00:00+00:00
AIRFLOW_CTX_TRY_NUMBER=1
AIRFLOW_CTX_DAG_RUN_ID=scheduled__2023-02-04T00:00:00+00:00
[2023-03-02 16:35:59,875] {local_task_job.py:156} INFO - Task exited with return code Negsignal.SIGABRT
[2023-03-02 16:35:59,878] {taskinstance.py:1395} INFO - Marking task as FAILED. dag_id=get_stocks_dag, task_id=GOOG, execution_date=20230204T000000, start_date=20230302T193549, end_date=20230302T193559
[2023-03-02 16:35:59,884] {local_task_job.py:273} INFO - 0 downstream tasks scheduled from follow-on schedule check
