[2023-03-01 10:44:46,105] {processor.py:153} INFO - Started process (PID=25565) to work on /Users/giovannisabarreto/Desktop/repositorios/airflow_k/venv/lib/python3.10/site-packages/airflow/example_dags/subdags/subdag.py
[2023-03-01 10:44:46,106] {processor.py:641} INFO - Processing file /Users/giovannisabarreto/Desktop/repositorios/airflow_k/venv/lib/python3.10/site-packages/airflow/example_dags/subdags/subdag.py for tasks to queue
[2023-03-01 10:44:46,106] {logging_mixin.py:115} INFO - [2023-03-01 10:44:46,106] {dagbag.py:507} INFO - Filling up the DagBag from /Users/giovannisabarreto/Desktop/repositorios/airflow_k/venv/lib/python3.10/site-packages/airflow/example_dags/subdags/subdag.py
[2023-03-01 10:44:46,106] {processor.py:653} WARNING - No viable dags retrieved from /Users/giovannisabarreto/Desktop/repositorios/airflow_k/venv/lib/python3.10/site-packages/airflow/example_dags/subdags/subdag.py
[2023-03-01 10:44:46,120] {processor.py:161} INFO - Processing /Users/giovannisabarreto/Desktop/repositorios/airflow_k/venv/lib/python3.10/site-packages/airflow/example_dags/subdags/subdag.py took 0.015 seconds
[2023-03-01 10:45:38,482] {processor.py:153} INFO - Started process (PID=25669) to work on /Users/giovannisabarreto/Desktop/repositorios/airflow_k/venv/lib/python3.10/site-packages/airflow/example_dags/subdags/subdag.py
[2023-03-01 10:45:38,482] {processor.py:641} INFO - Processing file /Users/giovannisabarreto/Desktop/repositorios/airflow_k/venv/lib/python3.10/site-packages/airflow/example_dags/subdags/subdag.py for tasks to queue
[2023-03-01 10:45:38,483] {logging_mixin.py:115} INFO - [2023-03-01 10:45:38,482] {dagbag.py:507} INFO - Filling up the DagBag from /Users/giovannisabarreto/Desktop/repositorios/airflow_k/venv/lib/python3.10/site-packages/airflow/example_dags/subdags/subdag.py
[2023-03-01 10:45:38,483] {processor.py:653} WARNING - No viable dags retrieved from /Users/giovannisabarreto/Desktop/repositorios/airflow_k/venv/lib/python3.10/site-packages/airflow/example_dags/subdags/subdag.py
[2023-03-01 10:45:38,497] {processor.py:161} INFO - Processing /Users/giovannisabarreto/Desktop/repositorios/airflow_k/venv/lib/python3.10/site-packages/airflow/example_dags/subdags/subdag.py took 0.016 seconds
[2023-03-01 10:46:14,393] {processor.py:153} INFO - Started process (PID=25730) to work on /Users/giovannisabarreto/Desktop/repositorios/airflow_k/venv/lib/python3.10/site-packages/airflow/example_dags/subdags/subdag.py
[2023-03-01 10:46:14,393] {processor.py:641} INFO - Processing file /Users/giovannisabarreto/Desktop/repositorios/airflow_k/venv/lib/python3.10/site-packages/airflow/example_dags/subdags/subdag.py for tasks to queue
[2023-03-01 10:46:14,394] {logging_mixin.py:115} INFO - [2023-03-01 10:46:14,394] {dagbag.py:507} INFO - Filling up the DagBag from /Users/giovannisabarreto/Desktop/repositorios/airflow_k/venv/lib/python3.10/site-packages/airflow/example_dags/subdags/subdag.py
[2023-03-01 10:46:14,394] {processor.py:653} WARNING - No viable dags retrieved from /Users/giovannisabarreto/Desktop/repositorios/airflow_k/venv/lib/python3.10/site-packages/airflow/example_dags/subdags/subdag.py
[2023-03-01 10:46:14,408] {processor.py:161} INFO - Processing /Users/giovannisabarreto/Desktop/repositorios/airflow_k/venv/lib/python3.10/site-packages/airflow/example_dags/subdags/subdag.py took 0.015 seconds
[2023-03-01 10:46:45,449] {processor.py:153} INFO - Started process (PID=25784) to work on /Users/giovannisabarreto/Desktop/repositorios/airflow_k/venv/lib/python3.10/site-packages/airflow/example_dags/subdags/subdag.py
[2023-03-01 10:46:45,450] {processor.py:641} INFO - Processing file /Users/giovannisabarreto/Desktop/repositorios/airflow_k/venv/lib/python3.10/site-packages/airflow/example_dags/subdags/subdag.py for tasks to queue
[2023-03-01 10:46:45,450] {logging_mixin.py:115} INFO - [2023-03-01 10:46:45,450] {dagbag.py:507} INFO - Filling up the DagBag from /Users/giovannisabarreto/Desktop/repositorios/airflow_k/venv/lib/python3.10/site-packages/airflow/example_dags/subdags/subdag.py
[2023-03-01 10:46:45,451] {processor.py:653} WARNING - No viable dags retrieved from /Users/giovannisabarreto/Desktop/repositorios/airflow_k/venv/lib/python3.10/site-packages/airflow/example_dags/subdags/subdag.py
[2023-03-01 10:46:45,465] {processor.py:161} INFO - Processing /Users/giovannisabarreto/Desktop/repositorios/airflow_k/venv/lib/python3.10/site-packages/airflow/example_dags/subdags/subdag.py took 0.016 seconds
[2023-03-01 10:47:30,365] {processor.py:153} INFO - Started process (PID=25865) to work on /Users/giovannisabarreto/Desktop/repositorios/airflow_k/venv/lib/python3.10/site-packages/airflow/example_dags/subdags/subdag.py
[2023-03-01 10:47:30,365] {processor.py:641} INFO - Processing file /Users/giovannisabarreto/Desktop/repositorios/airflow_k/venv/lib/python3.10/site-packages/airflow/example_dags/subdags/subdag.py for tasks to queue
[2023-03-01 10:47:30,365] {logging_mixin.py:115} INFO - [2023-03-01 10:47:30,365] {dagbag.py:507} INFO - Filling up the DagBag from /Users/giovannisabarreto/Desktop/repositorios/airflow_k/venv/lib/python3.10/site-packages/airflow/example_dags/subdags/subdag.py
[2023-03-01 10:47:30,366] {processor.py:653} WARNING - No viable dags retrieved from /Users/giovannisabarreto/Desktop/repositorios/airflow_k/venv/lib/python3.10/site-packages/airflow/example_dags/subdags/subdag.py
[2023-03-01 10:47:30,381] {processor.py:161} INFO - Processing /Users/giovannisabarreto/Desktop/repositorios/airflow_k/venv/lib/python3.10/site-packages/airflow/example_dags/subdags/subdag.py took 0.016 seconds
[2023-03-01 10:48:14,936] {processor.py:153} INFO - Started process (PID=25942) to work on /Users/giovannisabarreto/Desktop/repositorios/airflow_k/venv/lib/python3.10/site-packages/airflow/example_dags/subdags/subdag.py
[2023-03-01 10:48:14,936] {processor.py:641} INFO - Processing file /Users/giovannisabarreto/Desktop/repositorios/airflow_k/venv/lib/python3.10/site-packages/airflow/example_dags/subdags/subdag.py for tasks to queue
[2023-03-01 10:48:14,936] {logging_mixin.py:115} INFO - [2023-03-01 10:48:14,936] {dagbag.py:507} INFO - Filling up the DagBag from /Users/giovannisabarreto/Desktop/repositorios/airflow_k/venv/lib/python3.10/site-packages/airflow/example_dags/subdags/subdag.py
[2023-03-01 10:48:14,938] {processor.py:653} WARNING - No viable dags retrieved from /Users/giovannisabarreto/Desktop/repositorios/airflow_k/venv/lib/python3.10/site-packages/airflow/example_dags/subdags/subdag.py
[2023-03-01 10:48:14,952] {processor.py:161} INFO - Processing /Users/giovannisabarreto/Desktop/repositorios/airflow_k/venv/lib/python3.10/site-packages/airflow/example_dags/subdags/subdag.py took 0.016 seconds
[2023-03-01 10:48:47,526] {processor.py:153} INFO - Started process (PID=25997) to work on /Users/giovannisabarreto/Desktop/repositorios/airflow_k/venv/lib/python3.10/site-packages/airflow/example_dags/subdags/subdag.py
[2023-03-01 10:48:47,526] {processor.py:641} INFO - Processing file /Users/giovannisabarreto/Desktop/repositorios/airflow_k/venv/lib/python3.10/site-packages/airflow/example_dags/subdags/subdag.py for tasks to queue
[2023-03-01 10:48:47,526] {logging_mixin.py:115} INFO - [2023-03-01 10:48:47,526] {dagbag.py:507} INFO - Filling up the DagBag from /Users/giovannisabarreto/Desktop/repositorios/airflow_k/venv/lib/python3.10/site-packages/airflow/example_dags/subdags/subdag.py
[2023-03-01 10:48:47,527] {processor.py:653} WARNING - No viable dags retrieved from /Users/giovannisabarreto/Desktop/repositorios/airflow_k/venv/lib/python3.10/site-packages/airflow/example_dags/subdags/subdag.py
[2023-03-01 10:48:47,541] {processor.py:161} INFO - Processing /Users/giovannisabarreto/Desktop/repositorios/airflow_k/venv/lib/python3.10/site-packages/airflow/example_dags/subdags/subdag.py took 0.015 seconds
[2023-03-01 10:49:19,764] {processor.py:153} INFO - Started process (PID=26068) to work on /Users/giovannisabarreto/Desktop/repositorios/airflow_k/venv/lib/python3.10/site-packages/airflow/example_dags/subdags/subdag.py
[2023-03-01 10:49:19,764] {processor.py:641} INFO - Processing file /Users/giovannisabarreto/Desktop/repositorios/airflow_k/venv/lib/python3.10/site-packages/airflow/example_dags/subdags/subdag.py for tasks to queue
[2023-03-01 10:49:19,764] {logging_mixin.py:115} INFO - [2023-03-01 10:49:19,764] {dagbag.py:507} INFO - Filling up the DagBag from /Users/giovannisabarreto/Desktop/repositorios/airflow_k/venv/lib/python3.10/site-packages/airflow/example_dags/subdags/subdag.py
[2023-03-01 10:49:19,765] {processor.py:653} WARNING - No viable dags retrieved from /Users/giovannisabarreto/Desktop/repositorios/airflow_k/venv/lib/python3.10/site-packages/airflow/example_dags/subdags/subdag.py
[2023-03-01 10:49:19,779] {processor.py:161} INFO - Processing /Users/giovannisabarreto/Desktop/repositorios/airflow_k/venv/lib/python3.10/site-packages/airflow/example_dags/subdags/subdag.py took 0.016 seconds
[2023-03-01 10:50:02,265] {processor.py:153} INFO - Started process (PID=26148) to work on /Users/giovannisabarreto/Desktop/repositorios/airflow_k/venv/lib/python3.10/site-packages/airflow/example_dags/subdags/subdag.py
[2023-03-01 10:50:02,266] {processor.py:641} INFO - Processing file /Users/giovannisabarreto/Desktop/repositorios/airflow_k/venv/lib/python3.10/site-packages/airflow/example_dags/subdags/subdag.py for tasks to queue
[2023-03-01 10:50:02,266] {logging_mixin.py:115} INFO - [2023-03-01 10:50:02,266] {dagbag.py:507} INFO - Filling up the DagBag from /Users/giovannisabarreto/Desktop/repositorios/airflow_k/venv/lib/python3.10/site-packages/airflow/example_dags/subdags/subdag.py
[2023-03-01 10:50:02,267] {processor.py:653} WARNING - No viable dags retrieved from /Users/giovannisabarreto/Desktop/repositorios/airflow_k/venv/lib/python3.10/site-packages/airflow/example_dags/subdags/subdag.py
[2023-03-01 10:50:02,281] {processor.py:161} INFO - Processing /Users/giovannisabarreto/Desktop/repositorios/airflow_k/venv/lib/python3.10/site-packages/airflow/example_dags/subdags/subdag.py took 0.016 seconds
[2023-03-01 10:50:48,965] {processor.py:153} INFO - Started process (PID=26226) to work on /Users/giovannisabarreto/Desktop/repositorios/airflow_k/venv/lib/python3.10/site-packages/airflow/example_dags/subdags/subdag.py
[2023-03-01 10:50:48,965] {processor.py:641} INFO - Processing file /Users/giovannisabarreto/Desktop/repositorios/airflow_k/venv/lib/python3.10/site-packages/airflow/example_dags/subdags/subdag.py for tasks to queue
[2023-03-01 10:50:48,965] {logging_mixin.py:115} INFO - [2023-03-01 10:50:48,965] {dagbag.py:507} INFO - Filling up the DagBag from /Users/giovannisabarreto/Desktop/repositorios/airflow_k/venv/lib/python3.10/site-packages/airflow/example_dags/subdags/subdag.py
[2023-03-01 10:50:48,966] {processor.py:653} WARNING - No viable dags retrieved from /Users/giovannisabarreto/Desktop/repositorios/airflow_k/venv/lib/python3.10/site-packages/airflow/example_dags/subdags/subdag.py
[2023-03-01 10:50:48,980] {processor.py:161} INFO - Processing /Users/giovannisabarreto/Desktop/repositorios/airflow_k/venv/lib/python3.10/site-packages/airflow/example_dags/subdags/subdag.py took 0.015 seconds
[2023-03-01 10:51:22,031] {processor.py:153} INFO - Started process (PID=26282) to work on /Users/giovannisabarreto/Desktop/repositorios/airflow_k/venv/lib/python3.10/site-packages/airflow/example_dags/subdags/subdag.py
[2023-03-01 10:51:22,032] {processor.py:641} INFO - Processing file /Users/giovannisabarreto/Desktop/repositorios/airflow_k/venv/lib/python3.10/site-packages/airflow/example_dags/subdags/subdag.py for tasks to queue
[2023-03-01 10:51:22,032] {logging_mixin.py:115} INFO - [2023-03-01 10:51:22,032] {dagbag.py:507} INFO - Filling up the DagBag from /Users/giovannisabarreto/Desktop/repositorios/airflow_k/venv/lib/python3.10/site-packages/airflow/example_dags/subdags/subdag.py
[2023-03-01 10:51:22,033] {processor.py:653} WARNING - No viable dags retrieved from /Users/giovannisabarreto/Desktop/repositorios/airflow_k/venv/lib/python3.10/site-packages/airflow/example_dags/subdags/subdag.py
[2023-03-01 10:51:22,047] {processor.py:161} INFO - Processing /Users/giovannisabarreto/Desktop/repositorios/airflow_k/venv/lib/python3.10/site-packages/airflow/example_dags/subdags/subdag.py took 0.016 seconds
[2023-03-01 10:51:55,719] {processor.py:153} INFO - Started process (PID=26339) to work on /Users/giovannisabarreto/Desktop/repositorios/airflow_k/venv/lib/python3.10/site-packages/airflow/example_dags/subdags/subdag.py
[2023-03-01 10:51:55,719] {processor.py:641} INFO - Processing file /Users/giovannisabarreto/Desktop/repositorios/airflow_k/venv/lib/python3.10/site-packages/airflow/example_dags/subdags/subdag.py for tasks to queue
[2023-03-01 10:51:55,719] {logging_mixin.py:115} INFO - [2023-03-01 10:51:55,719] {dagbag.py:507} INFO - Filling up the DagBag from /Users/giovannisabarreto/Desktop/repositorios/airflow_k/venv/lib/python3.10/site-packages/airflow/example_dags/subdags/subdag.py
[2023-03-01 10:51:55,720] {processor.py:653} WARNING - No viable dags retrieved from /Users/giovannisabarreto/Desktop/repositorios/airflow_k/venv/lib/python3.10/site-packages/airflow/example_dags/subdags/subdag.py
[2023-03-01 10:51:55,734] {processor.py:161} INFO - Processing /Users/giovannisabarreto/Desktop/repositorios/airflow_k/venv/lib/python3.10/site-packages/airflow/example_dags/subdags/subdag.py took 0.016 seconds
[2023-03-01 10:52:29,495] {processor.py:153} INFO - Started process (PID=26396) to work on /Users/giovannisabarreto/Desktop/repositorios/airflow_k/venv/lib/python3.10/site-packages/airflow/example_dags/subdags/subdag.py
[2023-03-01 10:52:29,496] {processor.py:641} INFO - Processing file /Users/giovannisabarreto/Desktop/repositorios/airflow_k/venv/lib/python3.10/site-packages/airflow/example_dags/subdags/subdag.py for tasks to queue
[2023-03-01 10:52:29,496] {logging_mixin.py:115} INFO - [2023-03-01 10:52:29,496] {dagbag.py:507} INFO - Filling up the DagBag from /Users/giovannisabarreto/Desktop/repositorios/airflow_k/venv/lib/python3.10/site-packages/airflow/example_dags/subdags/subdag.py
[2023-03-01 10:52:29,497] {processor.py:653} WARNING - No viable dags retrieved from /Users/giovannisabarreto/Desktop/repositorios/airflow_k/venv/lib/python3.10/site-packages/airflow/example_dags/subdags/subdag.py
[2023-03-01 10:52:29,511] {processor.py:161} INFO - Processing /Users/giovannisabarreto/Desktop/repositorios/airflow_k/venv/lib/python3.10/site-packages/airflow/example_dags/subdags/subdag.py took 0.016 seconds
[2023-03-01 10:53:00,067] {processor.py:153} INFO - Started process (PID=26451) to work on /Users/giovannisabarreto/Desktop/repositorios/airflow_k/venv/lib/python3.10/site-packages/airflow/example_dags/subdags/subdag.py
[2023-03-01 10:53:00,068] {processor.py:641} INFO - Processing file /Users/giovannisabarreto/Desktop/repositorios/airflow_k/venv/lib/python3.10/site-packages/airflow/example_dags/subdags/subdag.py for tasks to queue
[2023-03-01 10:53:00,068] {logging_mixin.py:115} INFO - [2023-03-01 10:53:00,068] {dagbag.py:507} INFO - Filling up the DagBag from /Users/giovannisabarreto/Desktop/repositorios/airflow_k/venv/lib/python3.10/site-packages/airflow/example_dags/subdags/subdag.py
[2023-03-01 10:53:00,069] {processor.py:653} WARNING - No viable dags retrieved from /Users/giovannisabarreto/Desktop/repositorios/airflow_k/venv/lib/python3.10/site-packages/airflow/example_dags/subdags/subdag.py
[2023-03-01 10:53:00,082] {processor.py:161} INFO - Processing /Users/giovannisabarreto/Desktop/repositorios/airflow_k/venv/lib/python3.10/site-packages/airflow/example_dags/subdags/subdag.py took 0.016 seconds
[2023-03-01 10:53:32,491] {processor.py:153} INFO - Started process (PID=26508) to work on /Users/giovannisabarreto/Desktop/repositorios/airflow_k/venv/lib/python3.10/site-packages/airflow/example_dags/subdags/subdag.py
[2023-03-01 10:53:32,492] {processor.py:641} INFO - Processing file /Users/giovannisabarreto/Desktop/repositorios/airflow_k/venv/lib/python3.10/site-packages/airflow/example_dags/subdags/subdag.py for tasks to queue
[2023-03-01 10:53:32,492] {logging_mixin.py:115} INFO - [2023-03-01 10:53:32,492] {dagbag.py:507} INFO - Filling up the DagBag from /Users/giovannisabarreto/Desktop/repositorios/airflow_k/venv/lib/python3.10/site-packages/airflow/example_dags/subdags/subdag.py
[2023-03-01 10:53:32,493] {processor.py:653} WARNING - No viable dags retrieved from /Users/giovannisabarreto/Desktop/repositorios/airflow_k/venv/lib/python3.10/site-packages/airflow/example_dags/subdags/subdag.py
[2023-03-01 10:53:32,507] {processor.py:161} INFO - Processing /Users/giovannisabarreto/Desktop/repositorios/airflow_k/venv/lib/python3.10/site-packages/airflow/example_dags/subdags/subdag.py took 0.016 seconds
[2023-03-01 10:54:04,532] {processor.py:153} INFO - Started process (PID=26576) to work on /Users/giovannisabarreto/Desktop/repositorios/airflow_k/venv/lib/python3.10/site-packages/airflow/example_dags/subdags/subdag.py
[2023-03-01 10:54:04,533] {processor.py:641} INFO - Processing file /Users/giovannisabarreto/Desktop/repositorios/airflow_k/venv/lib/python3.10/site-packages/airflow/example_dags/subdags/subdag.py for tasks to queue
[2023-03-01 10:54:04,533] {logging_mixin.py:115} INFO - [2023-03-01 10:54:04,533] {dagbag.py:507} INFO - Filling up the DagBag from /Users/giovannisabarreto/Desktop/repositorios/airflow_k/venv/lib/python3.10/site-packages/airflow/example_dags/subdags/subdag.py
[2023-03-01 10:54:04,534] {processor.py:653} WARNING - No viable dags retrieved from /Users/giovannisabarreto/Desktop/repositorios/airflow_k/venv/lib/python3.10/site-packages/airflow/example_dags/subdags/subdag.py
[2023-03-01 10:54:04,547] {processor.py:161} INFO - Processing /Users/giovannisabarreto/Desktop/repositorios/airflow_k/venv/lib/python3.10/site-packages/airflow/example_dags/subdags/subdag.py took 0.015 seconds
[2023-03-01 10:54:47,419] {processor.py:153} INFO - Started process (PID=26651) to work on /Users/giovannisabarreto/Desktop/repositorios/airflow_k/venv/lib/python3.10/site-packages/airflow/example_dags/subdags/subdag.py
[2023-03-01 10:54:47,420] {processor.py:641} INFO - Processing file /Users/giovannisabarreto/Desktop/repositorios/airflow_k/venv/lib/python3.10/site-packages/airflow/example_dags/subdags/subdag.py for tasks to queue
[2023-03-01 10:54:47,420] {logging_mixin.py:115} INFO - [2023-03-01 10:54:47,420] {dagbag.py:507} INFO - Filling up the DagBag from /Users/giovannisabarreto/Desktop/repositorios/airflow_k/venv/lib/python3.10/site-packages/airflow/example_dags/subdags/subdag.py
[2023-03-01 10:54:47,420] {processor.py:653} WARNING - No viable dags retrieved from /Users/giovannisabarreto/Desktop/repositorios/airflow_k/venv/lib/python3.10/site-packages/airflow/example_dags/subdags/subdag.py
[2023-03-01 10:54:47,434] {processor.py:161} INFO - Processing /Users/giovannisabarreto/Desktop/repositorios/airflow_k/venv/lib/python3.10/site-packages/airflow/example_dags/subdags/subdag.py took 0.015 seconds
[2023-03-01 10:55:18,903] {processor.py:153} INFO - Started process (PID=26706) to work on /Users/giovannisabarreto/Desktop/repositorios/airflow_k/venv/lib/python3.10/site-packages/airflow/example_dags/subdags/subdag.py
[2023-03-01 10:55:18,904] {processor.py:641} INFO - Processing file /Users/giovannisabarreto/Desktop/repositorios/airflow_k/venv/lib/python3.10/site-packages/airflow/example_dags/subdags/subdag.py for tasks to queue
[2023-03-01 10:55:18,904] {logging_mixin.py:115} INFO - [2023-03-01 10:55:18,904] {dagbag.py:507} INFO - Filling up the DagBag from /Users/giovannisabarreto/Desktop/repositorios/airflow_k/venv/lib/python3.10/site-packages/airflow/example_dags/subdags/subdag.py
[2023-03-01 10:55:18,905] {processor.py:653} WARNING - No viable dags retrieved from /Users/giovannisabarreto/Desktop/repositorios/airflow_k/venv/lib/python3.10/site-packages/airflow/example_dags/subdags/subdag.py
[2023-03-01 10:55:18,919] {processor.py:161} INFO - Processing /Users/giovannisabarreto/Desktop/repositorios/airflow_k/venv/lib/python3.10/site-packages/airflow/example_dags/subdags/subdag.py took 0.016 seconds
[2023-03-01 10:55:49,602] {processor.py:153} INFO - Started process (PID=26759) to work on /Users/giovannisabarreto/Desktop/repositorios/airflow_k/venv/lib/python3.10/site-packages/airflow/example_dags/subdags/subdag.py
[2023-03-01 10:55:49,603] {processor.py:641} INFO - Processing file /Users/giovannisabarreto/Desktop/repositorios/airflow_k/venv/lib/python3.10/site-packages/airflow/example_dags/subdags/subdag.py for tasks to queue
[2023-03-01 10:55:49,603] {logging_mixin.py:115} INFO - [2023-03-01 10:55:49,603] {dagbag.py:507} INFO - Filling up the DagBag from /Users/giovannisabarreto/Desktop/repositorios/airflow_k/venv/lib/python3.10/site-packages/airflow/example_dags/subdags/subdag.py
[2023-03-01 10:55:49,604] {processor.py:653} WARNING - No viable dags retrieved from /Users/giovannisabarreto/Desktop/repositorios/airflow_k/venv/lib/python3.10/site-packages/airflow/example_dags/subdags/subdag.py
[2023-03-01 10:55:49,618] {processor.py:161} INFO - Processing /Users/giovannisabarreto/Desktop/repositorios/airflow_k/venv/lib/python3.10/site-packages/airflow/example_dags/subdags/subdag.py took 0.016 seconds
[2023-03-01 10:56:21,801] {processor.py:153} INFO - Started process (PID=26814) to work on /Users/giovannisabarreto/Desktop/repositorios/airflow_k/venv/lib/python3.10/site-packages/airflow/example_dags/subdags/subdag.py
[2023-03-01 10:56:21,802] {processor.py:641} INFO - Processing file /Users/giovannisabarreto/Desktop/repositorios/airflow_k/venv/lib/python3.10/site-packages/airflow/example_dags/subdags/subdag.py for tasks to queue
[2023-03-01 10:56:21,802] {logging_mixin.py:115} INFO - [2023-03-01 10:56:21,802] {dagbag.py:507} INFO - Filling up the DagBag from /Users/giovannisabarreto/Desktop/repositorios/airflow_k/venv/lib/python3.10/site-packages/airflow/example_dags/subdags/subdag.py
[2023-03-01 10:56:21,803] {processor.py:653} WARNING - No viable dags retrieved from /Users/giovannisabarreto/Desktop/repositorios/airflow_k/venv/lib/python3.10/site-packages/airflow/example_dags/subdags/subdag.py
[2023-03-01 10:56:21,816] {processor.py:161} INFO - Processing /Users/giovannisabarreto/Desktop/repositorios/airflow_k/venv/lib/python3.10/site-packages/airflow/example_dags/subdags/subdag.py took 0.016 seconds
[2023-03-01 10:57:05,214] {processor.py:153} INFO - Started process (PID=26889) to work on /Users/giovannisabarreto/Desktop/repositorios/airflow_k/venv/lib/python3.10/site-packages/airflow/example_dags/subdags/subdag.py
[2023-03-01 10:57:05,215] {processor.py:641} INFO - Processing file /Users/giovannisabarreto/Desktop/repositorios/airflow_k/venv/lib/python3.10/site-packages/airflow/example_dags/subdags/subdag.py for tasks to queue
[2023-03-01 10:57:05,215] {logging_mixin.py:115} INFO - [2023-03-01 10:57:05,215] {dagbag.py:507} INFO - Filling up the DagBag from /Users/giovannisabarreto/Desktop/repositorios/airflow_k/venv/lib/python3.10/site-packages/airflow/example_dags/subdags/subdag.py
[2023-03-01 10:57:05,216] {processor.py:653} WARNING - No viable dags retrieved from /Users/giovannisabarreto/Desktop/repositorios/airflow_k/venv/lib/python3.10/site-packages/airflow/example_dags/subdags/subdag.py
[2023-03-01 10:57:05,230] {processor.py:161} INFO - Processing /Users/giovannisabarreto/Desktop/repositorios/airflow_k/venv/lib/python3.10/site-packages/airflow/example_dags/subdags/subdag.py took 0.016 seconds
[2023-03-01 10:57:50,419] {processor.py:153} INFO - Started process (PID=26966) to work on /Users/giovannisabarreto/Desktop/repositorios/airflow_k/venv/lib/python3.10/site-packages/airflow/example_dags/subdags/subdag.py
[2023-03-01 10:57:50,419] {processor.py:641} INFO - Processing file /Users/giovannisabarreto/Desktop/repositorios/airflow_k/venv/lib/python3.10/site-packages/airflow/example_dags/subdags/subdag.py for tasks to queue
[2023-03-01 10:57:50,419] {logging_mixin.py:115} INFO - [2023-03-01 10:57:50,419] {dagbag.py:507} INFO - Filling up the DagBag from /Users/giovannisabarreto/Desktop/repositorios/airflow_k/venv/lib/python3.10/site-packages/airflow/example_dags/subdags/subdag.py
[2023-03-01 10:57:50,420] {processor.py:653} WARNING - No viable dags retrieved from /Users/giovannisabarreto/Desktop/repositorios/airflow_k/venv/lib/python3.10/site-packages/airflow/example_dags/subdags/subdag.py
[2023-03-01 10:57:50,434] {processor.py:161} INFO - Processing /Users/giovannisabarreto/Desktop/repositorios/airflow_k/venv/lib/python3.10/site-packages/airflow/example_dags/subdags/subdag.py took 0.015 seconds
[2023-03-01 10:58:21,256] {processor.py:153} INFO - Started process (PID=27032) to work on /Users/giovannisabarreto/Desktop/repositorios/airflow_k/venv/lib/python3.10/site-packages/airflow/example_dags/subdags/subdag.py
[2023-03-01 10:58:21,257] {processor.py:641} INFO - Processing file /Users/giovannisabarreto/Desktop/repositorios/airflow_k/venv/lib/python3.10/site-packages/airflow/example_dags/subdags/subdag.py for tasks to queue
[2023-03-01 10:58:21,257] {logging_mixin.py:115} INFO - [2023-03-01 10:58:21,257] {dagbag.py:507} INFO - Filling up the DagBag from /Users/giovannisabarreto/Desktop/repositorios/airflow_k/venv/lib/python3.10/site-packages/airflow/example_dags/subdags/subdag.py
[2023-03-01 10:58:21,258] {processor.py:653} WARNING - No viable dags retrieved from /Users/giovannisabarreto/Desktop/repositorios/airflow_k/venv/lib/python3.10/site-packages/airflow/example_dags/subdags/subdag.py
[2023-03-01 10:58:21,272] {processor.py:161} INFO - Processing /Users/giovannisabarreto/Desktop/repositorios/airflow_k/venv/lib/python3.10/site-packages/airflow/example_dags/subdags/subdag.py took 0.016 seconds
[2023-03-01 10:59:06,232] {processor.py:153} INFO - Started process (PID=27122) to work on /Users/giovannisabarreto/Desktop/repositorios/airflow_k/venv/lib/python3.10/site-packages/airflow/example_dags/subdags/subdag.py
[2023-03-01 10:59:06,233] {processor.py:641} INFO - Processing file /Users/giovannisabarreto/Desktop/repositorios/airflow_k/venv/lib/python3.10/site-packages/airflow/example_dags/subdags/subdag.py for tasks to queue
[2023-03-01 10:59:06,233] {logging_mixin.py:115} INFO - [2023-03-01 10:59:06,233] {dagbag.py:507} INFO - Filling up the DagBag from /Users/giovannisabarreto/Desktop/repositorios/airflow_k/venv/lib/python3.10/site-packages/airflow/example_dags/subdags/subdag.py
[2023-03-01 10:59:06,234] {processor.py:653} WARNING - No viable dags retrieved from /Users/giovannisabarreto/Desktop/repositorios/airflow_k/venv/lib/python3.10/site-packages/airflow/example_dags/subdags/subdag.py
[2023-03-01 10:59:06,248] {processor.py:161} INFO - Processing /Users/giovannisabarreto/Desktop/repositorios/airflow_k/venv/lib/python3.10/site-packages/airflow/example_dags/subdags/subdag.py took 0.016 seconds
[2023-03-01 10:59:47,799] {processor.py:153} INFO - Started process (PID=27196) to work on /Users/giovannisabarreto/Desktop/repositorios/airflow_k/venv/lib/python3.10/site-packages/airflow/example_dags/subdags/subdag.py
[2023-03-01 10:59:47,799] {processor.py:641} INFO - Processing file /Users/giovannisabarreto/Desktop/repositorios/airflow_k/venv/lib/python3.10/site-packages/airflow/example_dags/subdags/subdag.py for tasks to queue
[2023-03-01 10:59:47,799] {logging_mixin.py:115} INFO - [2023-03-01 10:59:47,799] {dagbag.py:507} INFO - Filling up the DagBag from /Users/giovannisabarreto/Desktop/repositorios/airflow_k/venv/lib/python3.10/site-packages/airflow/example_dags/subdags/subdag.py
[2023-03-01 10:59:47,800] {processor.py:653} WARNING - No viable dags retrieved from /Users/giovannisabarreto/Desktop/repositorios/airflow_k/venv/lib/python3.10/site-packages/airflow/example_dags/subdags/subdag.py
[2023-03-01 10:59:47,814] {processor.py:161} INFO - Processing /Users/giovannisabarreto/Desktop/repositorios/airflow_k/venv/lib/python3.10/site-packages/airflow/example_dags/subdags/subdag.py took 0.015 seconds
[2023-03-01 11:05:18,021] {processor.py:153} INFO - Started process (PID=27226) to work on /Users/giovannisabarreto/Desktop/repositorios/airflow_k/venv/lib/python3.10/site-packages/airflow/example_dags/subdags/subdag.py
[2023-03-01 11:05:18,025] {processor.py:641} INFO - Processing file /Users/giovannisabarreto/Desktop/repositorios/airflow_k/venv/lib/python3.10/site-packages/airflow/example_dags/subdags/subdag.py for tasks to queue
[2023-03-01 11:05:18,025] {logging_mixin.py:115} INFO - [2023-03-01 11:05:18,025] {dagbag.py:507} INFO - Filling up the DagBag from /Users/giovannisabarreto/Desktop/repositorios/airflow_k/venv/lib/python3.10/site-packages/airflow/example_dags/subdags/subdag.py
[2023-03-01 11:05:18,029] {processor.py:653} WARNING - No viable dags retrieved from /Users/giovannisabarreto/Desktop/repositorios/airflow_k/venv/lib/python3.10/site-packages/airflow/example_dags/subdags/subdag.py
[2023-03-01 11:05:18,189] {processor.py:161} INFO - Processing /Users/giovannisabarreto/Desktop/repositorios/airflow_k/venv/lib/python3.10/site-packages/airflow/example_dags/subdags/subdag.py took 0.168 seconds
[2023-03-01 11:06:07,512] {processor.py:153} INFO - Started process (PID=27365) to work on /Users/giovannisabarreto/Desktop/repositorios/airflow_k/venv/lib/python3.10/site-packages/airflow/example_dags/subdags/subdag.py
[2023-03-01 11:06:07,512] {processor.py:641} INFO - Processing file /Users/giovannisabarreto/Desktop/repositorios/airflow_k/venv/lib/python3.10/site-packages/airflow/example_dags/subdags/subdag.py for tasks to queue
[2023-03-01 11:06:07,512] {logging_mixin.py:115} INFO - [2023-03-01 11:06:07,512] {dagbag.py:507} INFO - Filling up the DagBag from /Users/giovannisabarreto/Desktop/repositorios/airflow_k/venv/lib/python3.10/site-packages/airflow/example_dags/subdags/subdag.py
[2023-03-01 11:06:07,513] {processor.py:653} WARNING - No viable dags retrieved from /Users/giovannisabarreto/Desktop/repositorios/airflow_k/venv/lib/python3.10/site-packages/airflow/example_dags/subdags/subdag.py
[2023-03-01 11:06:07,527] {processor.py:161} INFO - Processing /Users/giovannisabarreto/Desktop/repositorios/airflow_k/venv/lib/python3.10/site-packages/airflow/example_dags/subdags/subdag.py took 0.015 seconds
[2023-03-01 11:06:50,313] {processor.py:153} INFO - Started process (PID=27441) to work on /Users/giovannisabarreto/Desktop/repositorios/airflow_k/venv/lib/python3.10/site-packages/airflow/example_dags/subdags/subdag.py
[2023-03-01 11:06:50,313] {processor.py:641} INFO - Processing file /Users/giovannisabarreto/Desktop/repositorios/airflow_k/venv/lib/python3.10/site-packages/airflow/example_dags/subdags/subdag.py for tasks to queue
[2023-03-01 11:06:50,314] {logging_mixin.py:115} INFO - [2023-03-01 11:06:50,314] {dagbag.py:507} INFO - Filling up the DagBag from /Users/giovannisabarreto/Desktop/repositorios/airflow_k/venv/lib/python3.10/site-packages/airflow/example_dags/subdags/subdag.py
[2023-03-01 11:06:50,314] {processor.py:653} WARNING - No viable dags retrieved from /Users/giovannisabarreto/Desktop/repositorios/airflow_k/venv/lib/python3.10/site-packages/airflow/example_dags/subdags/subdag.py
[2023-03-01 11:06:50,328] {processor.py:161} INFO - Processing /Users/giovannisabarreto/Desktop/repositorios/airflow_k/venv/lib/python3.10/site-packages/airflow/example_dags/subdags/subdag.py took 0.015 seconds
[2023-03-01 11:07:33,487] {processor.py:153} INFO - Started process (PID=28269) to work on /Users/giovannisabarreto/Desktop/repositorios/airflow_k/venv/lib/python3.10/site-packages/airflow/example_dags/subdags/subdag.py
[2023-03-01 11:07:33,487] {processor.py:641} INFO - Processing file /Users/giovannisabarreto/Desktop/repositorios/airflow_k/venv/lib/python3.10/site-packages/airflow/example_dags/subdags/subdag.py for tasks to queue
[2023-03-01 11:07:33,487] {logging_mixin.py:115} INFO - [2023-03-01 11:07:33,487] {dagbag.py:507} INFO - Filling up the DagBag from /Users/giovannisabarreto/Desktop/repositorios/airflow_k/venv/lib/python3.10/site-packages/airflow/example_dags/subdags/subdag.py
[2023-03-01 11:07:33,488] {processor.py:653} WARNING - No viable dags retrieved from /Users/giovannisabarreto/Desktop/repositorios/airflow_k/venv/lib/python3.10/site-packages/airflow/example_dags/subdags/subdag.py
[2023-03-01 11:07:33,504] {processor.py:161} INFO - Processing /Users/giovannisabarreto/Desktop/repositorios/airflow_k/venv/lib/python3.10/site-packages/airflow/example_dags/subdags/subdag.py took 0.017 seconds
[2023-03-01 11:08:17,356] {processor.py:153} INFO - Started process (PID=29110) to work on /Users/giovannisabarreto/Desktop/repositorios/airflow_k/venv/lib/python3.10/site-packages/airflow/example_dags/subdags/subdag.py
[2023-03-01 11:08:17,357] {processor.py:641} INFO - Processing file /Users/giovannisabarreto/Desktop/repositorios/airflow_k/venv/lib/python3.10/site-packages/airflow/example_dags/subdags/subdag.py for tasks to queue
[2023-03-01 11:08:17,357] {logging_mixin.py:115} INFO - [2023-03-01 11:08:17,357] {dagbag.py:507} INFO - Filling up the DagBag from /Users/giovannisabarreto/Desktop/repositorios/airflow_k/venv/lib/python3.10/site-packages/airflow/example_dags/subdags/subdag.py
[2023-03-01 11:08:17,358] {processor.py:653} WARNING - No viable dags retrieved from /Users/giovannisabarreto/Desktop/repositorios/airflow_k/venv/lib/python3.10/site-packages/airflow/example_dags/subdags/subdag.py
[2023-03-01 11:08:17,372] {processor.py:161} INFO - Processing /Users/giovannisabarreto/Desktop/repositorios/airflow_k/venv/lib/python3.10/site-packages/airflow/example_dags/subdags/subdag.py took 0.016 seconds
[2023-03-01 11:09:01,736] {processor.py:153} INFO - Started process (PID=29262) to work on /Users/giovannisabarreto/Desktop/repositorios/airflow_k/venv/lib/python3.10/site-packages/airflow/example_dags/subdags/subdag.py
[2023-03-01 11:09:01,737] {processor.py:641} INFO - Processing file /Users/giovannisabarreto/Desktop/repositorios/airflow_k/venv/lib/python3.10/site-packages/airflow/example_dags/subdags/subdag.py for tasks to queue
[2023-03-01 11:09:01,737] {logging_mixin.py:115} INFO - [2023-03-01 11:09:01,737] {dagbag.py:507} INFO - Filling up the DagBag from /Users/giovannisabarreto/Desktop/repositorios/airflow_k/venv/lib/python3.10/site-packages/airflow/example_dags/subdags/subdag.py
[2023-03-01 11:09:01,738] {processor.py:653} WARNING - No viable dags retrieved from /Users/giovannisabarreto/Desktop/repositorios/airflow_k/venv/lib/python3.10/site-packages/airflow/example_dags/subdags/subdag.py
[2023-03-01 11:09:01,752] {processor.py:161} INFO - Processing /Users/giovannisabarreto/Desktop/repositorios/airflow_k/venv/lib/python3.10/site-packages/airflow/example_dags/subdags/subdag.py took 0.016 seconds
[2023-03-01 11:09:43,958] {processor.py:153} INFO - Started process (PID=29438) to work on /Users/giovannisabarreto/Desktop/repositorios/airflow_k/venv/lib/python3.10/site-packages/airflow/example_dags/subdags/subdag.py
[2023-03-01 11:09:43,959] {processor.py:641} INFO - Processing file /Users/giovannisabarreto/Desktop/repositorios/airflow_k/venv/lib/python3.10/site-packages/airflow/example_dags/subdags/subdag.py for tasks to queue
[2023-03-01 11:09:43,959] {logging_mixin.py:115} INFO - [2023-03-01 11:09:43,959] {dagbag.py:507} INFO - Filling up the DagBag from /Users/giovannisabarreto/Desktop/repositorios/airflow_k/venv/lib/python3.10/site-packages/airflow/example_dags/subdags/subdag.py
[2023-03-01 11:09:43,960] {processor.py:653} WARNING - No viable dags retrieved from /Users/giovannisabarreto/Desktop/repositorios/airflow_k/venv/lib/python3.10/site-packages/airflow/example_dags/subdags/subdag.py
[2023-03-01 11:09:43,974] {processor.py:161} INFO - Processing /Users/giovannisabarreto/Desktop/repositorios/airflow_k/venv/lib/python3.10/site-packages/airflow/example_dags/subdags/subdag.py took 0.016 seconds
[2023-03-01 11:10:26,488] {processor.py:153} INFO - Started process (PID=29609) to work on /Users/giovannisabarreto/Desktop/repositorios/airflow_k/venv/lib/python3.10/site-packages/airflow/example_dags/subdags/subdag.py
[2023-03-01 11:10:26,488] {processor.py:641} INFO - Processing file /Users/giovannisabarreto/Desktop/repositorios/airflow_k/venv/lib/python3.10/site-packages/airflow/example_dags/subdags/subdag.py for tasks to queue
[2023-03-01 11:10:26,488] {logging_mixin.py:115} INFO - [2023-03-01 11:10:26,488] {dagbag.py:507} INFO - Filling up the DagBag from /Users/giovannisabarreto/Desktop/repositorios/airflow_k/venv/lib/python3.10/site-packages/airflow/example_dags/subdags/subdag.py
[2023-03-01 11:10:26,488] {processor.py:653} WARNING - No viable dags retrieved from /Users/giovannisabarreto/Desktop/repositorios/airflow_k/venv/lib/python3.10/site-packages/airflow/example_dags/subdags/subdag.py
[2023-03-01 11:10:26,502] {processor.py:161} INFO - Processing /Users/giovannisabarreto/Desktop/repositorios/airflow_k/venv/lib/python3.10/site-packages/airflow/example_dags/subdags/subdag.py took 0.015 seconds
[2023-03-01 11:11:10,040] {processor.py:153} INFO - Started process (PID=29705) to work on /Users/giovannisabarreto/Desktop/repositorios/airflow_k/venv/lib/python3.10/site-packages/airflow/example_dags/subdags/subdag.py
[2023-03-01 11:11:10,040] {processor.py:641} INFO - Processing file /Users/giovannisabarreto/Desktop/repositorios/airflow_k/venv/lib/python3.10/site-packages/airflow/example_dags/subdags/subdag.py for tasks to queue
[2023-03-01 11:11:10,040] {logging_mixin.py:115} INFO - [2023-03-01 11:11:10,040] {dagbag.py:507} INFO - Filling up the DagBag from /Users/giovannisabarreto/Desktop/repositorios/airflow_k/venv/lib/python3.10/site-packages/airflow/example_dags/subdags/subdag.py
[2023-03-01 11:11:10,041] {processor.py:653} WARNING - No viable dags retrieved from /Users/giovannisabarreto/Desktop/repositorios/airflow_k/venv/lib/python3.10/site-packages/airflow/example_dags/subdags/subdag.py
[2023-03-01 11:11:10,055] {processor.py:161} INFO - Processing /Users/giovannisabarreto/Desktop/repositorios/airflow_k/venv/lib/python3.10/site-packages/airflow/example_dags/subdags/subdag.py took 0.016 seconds
[2023-03-01 11:11:41,192] {processor.py:153} INFO - Started process (PID=29846) to work on /Users/giovannisabarreto/Desktop/repositorios/airflow_k/venv/lib/python3.10/site-packages/airflow/example_dags/subdags/subdag.py
[2023-03-01 11:11:41,192] {processor.py:641} INFO - Processing file /Users/giovannisabarreto/Desktop/repositorios/airflow_k/venv/lib/python3.10/site-packages/airflow/example_dags/subdags/subdag.py for tasks to queue
[2023-03-01 11:11:41,192] {logging_mixin.py:115} INFO - [2023-03-01 11:11:41,192] {dagbag.py:507} INFO - Filling up the DagBag from /Users/giovannisabarreto/Desktop/repositorios/airflow_k/venv/lib/python3.10/site-packages/airflow/example_dags/subdags/subdag.py
[2023-03-01 11:11:41,194] {processor.py:653} WARNING - No viable dags retrieved from /Users/giovannisabarreto/Desktop/repositorios/airflow_k/venv/lib/python3.10/site-packages/airflow/example_dags/subdags/subdag.py
[2023-03-01 11:11:41,208] {processor.py:161} INFO - Processing /Users/giovannisabarreto/Desktop/repositorios/airflow_k/venv/lib/python3.10/site-packages/airflow/example_dags/subdags/subdag.py took 0.016 seconds
[2023-03-01 11:12:12,483] {processor.py:153} INFO - Started process (PID=29899) to work on /Users/giovannisabarreto/Desktop/repositorios/airflow_k/venv/lib/python3.10/site-packages/airflow/example_dags/subdags/subdag.py
[2023-03-01 11:12:12,484] {processor.py:641} INFO - Processing file /Users/giovannisabarreto/Desktop/repositorios/airflow_k/venv/lib/python3.10/site-packages/airflow/example_dags/subdags/subdag.py for tasks to queue
[2023-03-01 11:12:12,484] {logging_mixin.py:115} INFO - [2023-03-01 11:12:12,484] {dagbag.py:507} INFO - Filling up the DagBag from /Users/giovannisabarreto/Desktop/repositorios/airflow_k/venv/lib/python3.10/site-packages/airflow/example_dags/subdags/subdag.py
[2023-03-01 11:12:12,485] {processor.py:653} WARNING - No viable dags retrieved from /Users/giovannisabarreto/Desktop/repositorios/airflow_k/venv/lib/python3.10/site-packages/airflow/example_dags/subdags/subdag.py
[2023-03-01 11:12:12,499] {processor.py:161} INFO - Processing /Users/giovannisabarreto/Desktop/repositorios/airflow_k/venv/lib/python3.10/site-packages/airflow/example_dags/subdags/subdag.py took 0.016 seconds
[2023-03-01 11:12:43,342] {processor.py:153} INFO - Started process (PID=29951) to work on /Users/giovannisabarreto/Desktop/repositorios/airflow_k/venv/lib/python3.10/site-packages/airflow/example_dags/subdags/subdag.py
[2023-03-01 11:12:43,343] {processor.py:641} INFO - Processing file /Users/giovannisabarreto/Desktop/repositorios/airflow_k/venv/lib/python3.10/site-packages/airflow/example_dags/subdags/subdag.py for tasks to queue
[2023-03-01 11:12:43,343] {logging_mixin.py:115} INFO - [2023-03-01 11:12:43,343] {dagbag.py:507} INFO - Filling up the DagBag from /Users/giovannisabarreto/Desktop/repositorios/airflow_k/venv/lib/python3.10/site-packages/airflow/example_dags/subdags/subdag.py
[2023-03-01 11:12:43,344] {processor.py:653} WARNING - No viable dags retrieved from /Users/giovannisabarreto/Desktop/repositorios/airflow_k/venv/lib/python3.10/site-packages/airflow/example_dags/subdags/subdag.py
[2023-03-01 11:12:43,358] {processor.py:161} INFO - Processing /Users/giovannisabarreto/Desktop/repositorios/airflow_k/venv/lib/python3.10/site-packages/airflow/example_dags/subdags/subdag.py took 0.016 seconds
[2023-03-01 11:13:26,447] {processor.py:153} INFO - Started process (PID=30028) to work on /Users/giovannisabarreto/Desktop/repositorios/airflow_k/venv/lib/python3.10/site-packages/airflow/example_dags/subdags/subdag.py
[2023-03-01 11:13:26,448] {processor.py:641} INFO - Processing file /Users/giovannisabarreto/Desktop/repositorios/airflow_k/venv/lib/python3.10/site-packages/airflow/example_dags/subdags/subdag.py for tasks to queue
[2023-03-01 11:13:26,448] {logging_mixin.py:115} INFO - [2023-03-01 11:13:26,448] {dagbag.py:507} INFO - Filling up the DagBag from /Users/giovannisabarreto/Desktop/repositorios/airflow_k/venv/lib/python3.10/site-packages/airflow/example_dags/subdags/subdag.py
[2023-03-01 11:13:26,449] {processor.py:653} WARNING - No viable dags retrieved from /Users/giovannisabarreto/Desktop/repositorios/airflow_k/venv/lib/python3.10/site-packages/airflow/example_dags/subdags/subdag.py
[2023-03-01 11:13:26,463] {processor.py:161} INFO - Processing /Users/giovannisabarreto/Desktop/repositorios/airflow_k/venv/lib/python3.10/site-packages/airflow/example_dags/subdags/subdag.py took 0.017 seconds
[2023-03-01 11:13:59,217] {processor.py:153} INFO - Started process (PID=30083) to work on /Users/giovannisabarreto/Desktop/repositorios/airflow_k/venv/lib/python3.10/site-packages/airflow/example_dags/subdags/subdag.py
[2023-03-01 11:13:59,218] {processor.py:641} INFO - Processing file /Users/giovannisabarreto/Desktop/repositorios/airflow_k/venv/lib/python3.10/site-packages/airflow/example_dags/subdags/subdag.py for tasks to queue
[2023-03-01 11:13:59,218] {logging_mixin.py:115} INFO - [2023-03-01 11:13:59,218] {dagbag.py:507} INFO - Filling up the DagBag from /Users/giovannisabarreto/Desktop/repositorios/airflow_k/venv/lib/python3.10/site-packages/airflow/example_dags/subdags/subdag.py
[2023-03-01 11:13:59,219] {processor.py:653} WARNING - No viable dags retrieved from /Users/giovannisabarreto/Desktop/repositorios/airflow_k/venv/lib/python3.10/site-packages/airflow/example_dags/subdags/subdag.py
[2023-03-01 11:13:59,233] {processor.py:161} INFO - Processing /Users/giovannisabarreto/Desktop/repositorios/airflow_k/venv/lib/python3.10/site-packages/airflow/example_dags/subdags/subdag.py took 0.016 seconds
[2023-03-01 11:14:44,283] {processor.py:153} INFO - Started process (PID=30224) to work on /Users/giovannisabarreto/Desktop/repositorios/airflow_k/venv/lib/python3.10/site-packages/airflow/example_dags/subdags/subdag.py
[2023-03-01 11:14:44,283] {processor.py:641} INFO - Processing file /Users/giovannisabarreto/Desktop/repositorios/airflow_k/venv/lib/python3.10/site-packages/airflow/example_dags/subdags/subdag.py for tasks to queue
[2023-03-01 11:14:44,283] {logging_mixin.py:115} INFO - [2023-03-01 11:14:44,283] {dagbag.py:507} INFO - Filling up the DagBag from /Users/giovannisabarreto/Desktop/repositorios/airflow_k/venv/lib/python3.10/site-packages/airflow/example_dags/subdags/subdag.py
[2023-03-01 11:14:44,284] {processor.py:653} WARNING - No viable dags retrieved from /Users/giovannisabarreto/Desktop/repositorios/airflow_k/venv/lib/python3.10/site-packages/airflow/example_dags/subdags/subdag.py
[2023-03-01 11:14:44,299] {processor.py:161} INFO - Processing /Users/giovannisabarreto/Desktop/repositorios/airflow_k/venv/lib/python3.10/site-packages/airflow/example_dags/subdags/subdag.py took 0.016 seconds
[2023-03-01 11:15:26,495] {processor.py:153} INFO - Started process (PID=30333) to work on /Users/giovannisabarreto/Desktop/repositorios/airflow_k/venv/lib/python3.10/site-packages/airflow/example_dags/subdags/subdag.py
[2023-03-01 11:15:26,496] {processor.py:641} INFO - Processing file /Users/giovannisabarreto/Desktop/repositorios/airflow_k/venv/lib/python3.10/site-packages/airflow/example_dags/subdags/subdag.py for tasks to queue
[2023-03-01 11:15:26,496] {logging_mixin.py:115} INFO - [2023-03-01 11:15:26,496] {dagbag.py:507} INFO - Filling up the DagBag from /Users/giovannisabarreto/Desktop/repositorios/airflow_k/venv/lib/python3.10/site-packages/airflow/example_dags/subdags/subdag.py
[2023-03-01 11:15:26,496] {processor.py:653} WARNING - No viable dags retrieved from /Users/giovannisabarreto/Desktop/repositorios/airflow_k/venv/lib/python3.10/site-packages/airflow/example_dags/subdags/subdag.py
[2023-03-01 11:15:26,510] {processor.py:161} INFO - Processing /Users/giovannisabarreto/Desktop/repositorios/airflow_k/venv/lib/python3.10/site-packages/airflow/example_dags/subdags/subdag.py took 0.016 seconds
[2023-03-01 11:16:09,691] {processor.py:153} INFO - Started process (PID=30408) to work on /Users/giovannisabarreto/Desktop/repositorios/airflow_k/venv/lib/python3.10/site-packages/airflow/example_dags/subdags/subdag.py
[2023-03-01 11:16:09,692] {processor.py:641} INFO - Processing file /Users/giovannisabarreto/Desktop/repositorios/airflow_k/venv/lib/python3.10/site-packages/airflow/example_dags/subdags/subdag.py for tasks to queue
[2023-03-01 11:16:09,692] {logging_mixin.py:115} INFO - [2023-03-01 11:16:09,692] {dagbag.py:507} INFO - Filling up the DagBag from /Users/giovannisabarreto/Desktop/repositorios/airflow_k/venv/lib/python3.10/site-packages/airflow/example_dags/subdags/subdag.py
[2023-03-01 11:16:09,693] {processor.py:653} WARNING - No viable dags retrieved from /Users/giovannisabarreto/Desktop/repositorios/airflow_k/venv/lib/python3.10/site-packages/airflow/example_dags/subdags/subdag.py
[2023-03-01 11:16:09,708] {processor.py:161} INFO - Processing /Users/giovannisabarreto/Desktop/repositorios/airflow_k/venv/lib/python3.10/site-packages/airflow/example_dags/subdags/subdag.py took 0.017 seconds
[2023-03-01 11:16:40,338] {processor.py:153} INFO - Started process (PID=30462) to work on /Users/giovannisabarreto/Desktop/repositorios/airflow_k/venv/lib/python3.10/site-packages/airflow/example_dags/subdags/subdag.py
[2023-03-01 11:16:40,338] {processor.py:641} INFO - Processing file /Users/giovannisabarreto/Desktop/repositorios/airflow_k/venv/lib/python3.10/site-packages/airflow/example_dags/subdags/subdag.py for tasks to queue
[2023-03-01 11:16:40,338] {logging_mixin.py:115} INFO - [2023-03-01 11:16:40,338] {dagbag.py:507} INFO - Filling up the DagBag from /Users/giovannisabarreto/Desktop/repositorios/airflow_k/venv/lib/python3.10/site-packages/airflow/example_dags/subdags/subdag.py
[2023-03-01 11:16:40,340] {processor.py:653} WARNING - No viable dags retrieved from /Users/giovannisabarreto/Desktop/repositorios/airflow_k/venv/lib/python3.10/site-packages/airflow/example_dags/subdags/subdag.py
[2023-03-01 11:16:40,362] {processor.py:161} INFO - Processing /Users/giovannisabarreto/Desktop/repositorios/airflow_k/venv/lib/python3.10/site-packages/airflow/example_dags/subdags/subdag.py took 0.025 seconds
[2023-03-01 11:17:25,363] {processor.py:153} INFO - Started process (PID=30550) to work on /Users/giovannisabarreto/Desktop/repositorios/airflow_k/venv/lib/python3.10/site-packages/airflow/example_dags/subdags/subdag.py
[2023-03-01 11:17:25,363] {processor.py:641} INFO - Processing file /Users/giovannisabarreto/Desktop/repositorios/airflow_k/venv/lib/python3.10/site-packages/airflow/example_dags/subdags/subdag.py for tasks to queue
[2023-03-01 11:17:25,364] {logging_mixin.py:115} INFO - [2023-03-01 11:17:25,364] {dagbag.py:507} INFO - Filling up the DagBag from /Users/giovannisabarreto/Desktop/repositorios/airflow_k/venv/lib/python3.10/site-packages/airflow/example_dags/subdags/subdag.py
[2023-03-01 11:17:25,364] {processor.py:653} WARNING - No viable dags retrieved from /Users/giovannisabarreto/Desktop/repositorios/airflow_k/venv/lib/python3.10/site-packages/airflow/example_dags/subdags/subdag.py
[2023-03-01 11:17:25,378] {processor.py:161} INFO - Processing /Users/giovannisabarreto/Desktop/repositorios/airflow_k/venv/lib/python3.10/site-packages/airflow/example_dags/subdags/subdag.py took 0.015 seconds
[2023-03-01 11:18:11,277] {processor.py:153} INFO - Started process (PID=30634) to work on /Users/giovannisabarreto/Desktop/repositorios/airflow_k/venv/lib/python3.10/site-packages/airflow/example_dags/subdags/subdag.py
[2023-03-01 11:18:11,278] {processor.py:641} INFO - Processing file /Users/giovannisabarreto/Desktop/repositorios/airflow_k/venv/lib/python3.10/site-packages/airflow/example_dags/subdags/subdag.py for tasks to queue
[2023-03-01 11:18:11,278] {logging_mixin.py:115} INFO - [2023-03-01 11:18:11,278] {dagbag.py:507} INFO - Filling up the DagBag from /Users/giovannisabarreto/Desktop/repositorios/airflow_k/venv/lib/python3.10/site-packages/airflow/example_dags/subdags/subdag.py
[2023-03-01 11:18:11,279] {processor.py:653} WARNING - No viable dags retrieved from /Users/giovannisabarreto/Desktop/repositorios/airflow_k/venv/lib/python3.10/site-packages/airflow/example_dags/subdags/subdag.py
[2023-03-01 11:18:11,293] {processor.py:161} INFO - Processing /Users/giovannisabarreto/Desktop/repositorios/airflow_k/venv/lib/python3.10/site-packages/airflow/example_dags/subdags/subdag.py took 0.016 seconds
[2023-03-01 11:18:43,858] {processor.py:153} INFO - Started process (PID=30696) to work on /Users/giovannisabarreto/Desktop/repositorios/airflow_k/venv/lib/python3.10/site-packages/airflow/example_dags/subdags/subdag.py
[2023-03-01 11:18:43,859] {processor.py:641} INFO - Processing file /Users/giovannisabarreto/Desktop/repositorios/airflow_k/venv/lib/python3.10/site-packages/airflow/example_dags/subdags/subdag.py for tasks to queue
[2023-03-01 11:18:43,859] {logging_mixin.py:115} INFO - [2023-03-01 11:18:43,859] {dagbag.py:507} INFO - Filling up the DagBag from /Users/giovannisabarreto/Desktop/repositorios/airflow_k/venv/lib/python3.10/site-packages/airflow/example_dags/subdags/subdag.py
[2023-03-01 11:18:43,860] {processor.py:653} WARNING - No viable dags retrieved from /Users/giovannisabarreto/Desktop/repositorios/airflow_k/venv/lib/python3.10/site-packages/airflow/example_dags/subdags/subdag.py
[2023-03-01 11:18:43,873] {processor.py:161} INFO - Processing /Users/giovannisabarreto/Desktop/repositorios/airflow_k/venv/lib/python3.10/site-packages/airflow/example_dags/subdags/subdag.py took 0.016 seconds
[2023-03-01 11:19:16,532] {processor.py:153} INFO - Started process (PID=30752) to work on /Users/giovannisabarreto/Desktop/repositorios/airflow_k/venv/lib/python3.10/site-packages/airflow/example_dags/subdags/subdag.py
[2023-03-01 11:19:16,532] {processor.py:641} INFO - Processing file /Users/giovannisabarreto/Desktop/repositorios/airflow_k/venv/lib/python3.10/site-packages/airflow/example_dags/subdags/subdag.py for tasks to queue
[2023-03-01 11:19:16,532] {logging_mixin.py:115} INFO - [2023-03-01 11:19:16,532] {dagbag.py:507} INFO - Filling up the DagBag from /Users/giovannisabarreto/Desktop/repositorios/airflow_k/venv/lib/python3.10/site-packages/airflow/example_dags/subdags/subdag.py
[2023-03-01 11:19:16,533] {processor.py:653} WARNING - No viable dags retrieved from /Users/giovannisabarreto/Desktop/repositorios/airflow_k/venv/lib/python3.10/site-packages/airflow/example_dags/subdags/subdag.py
[2023-03-01 11:19:16,547] {processor.py:161} INFO - Processing /Users/giovannisabarreto/Desktop/repositorios/airflow_k/venv/lib/python3.10/site-packages/airflow/example_dags/subdags/subdag.py took 0.016 seconds
[2023-03-01 11:19:48,023] {processor.py:153} INFO - Started process (PID=30821) to work on /Users/giovannisabarreto/Desktop/repositorios/airflow_k/venv/lib/python3.10/site-packages/airflow/example_dags/subdags/subdag.py
[2023-03-01 11:19:48,023] {processor.py:641} INFO - Processing file /Users/giovannisabarreto/Desktop/repositorios/airflow_k/venv/lib/python3.10/site-packages/airflow/example_dags/subdags/subdag.py for tasks to queue
[2023-03-01 11:19:48,024] {logging_mixin.py:115} INFO - [2023-03-01 11:19:48,024] {dagbag.py:507} INFO - Filling up the DagBag from /Users/giovannisabarreto/Desktop/repositorios/airflow_k/venv/lib/python3.10/site-packages/airflow/example_dags/subdags/subdag.py
[2023-03-01 11:19:48,025] {processor.py:653} WARNING - No viable dags retrieved from /Users/giovannisabarreto/Desktop/repositorios/airflow_k/venv/lib/python3.10/site-packages/airflow/example_dags/subdags/subdag.py
[2023-03-01 11:19:48,038] {processor.py:161} INFO - Processing /Users/giovannisabarreto/Desktop/repositorios/airflow_k/venv/lib/python3.10/site-packages/airflow/example_dags/subdags/subdag.py took 0.015 seconds
[2023-03-01 11:20:19,304] {processor.py:153} INFO - Started process (PID=30876) to work on /Users/giovannisabarreto/Desktop/repositorios/airflow_k/venv/lib/python3.10/site-packages/airflow/example_dags/subdags/subdag.py
[2023-03-01 11:20:19,305] {processor.py:641} INFO - Processing file /Users/giovannisabarreto/Desktop/repositorios/airflow_k/venv/lib/python3.10/site-packages/airflow/example_dags/subdags/subdag.py for tasks to queue
[2023-03-01 11:20:19,305] {logging_mixin.py:115} INFO - [2023-03-01 11:20:19,305] {dagbag.py:507} INFO - Filling up the DagBag from /Users/giovannisabarreto/Desktop/repositorios/airflow_k/venv/lib/python3.10/site-packages/airflow/example_dags/subdags/subdag.py
[2023-03-01 11:20:19,305] {processor.py:653} WARNING - No viable dags retrieved from /Users/giovannisabarreto/Desktop/repositorios/airflow_k/venv/lib/python3.10/site-packages/airflow/example_dags/subdags/subdag.py
[2023-03-01 11:20:19,319] {processor.py:161} INFO - Processing /Users/giovannisabarreto/Desktop/repositorios/airflow_k/venv/lib/python3.10/site-packages/airflow/example_dags/subdags/subdag.py took 0.016 seconds
[2023-03-01 11:21:02,078] {processor.py:153} INFO - Started process (PID=30951) to work on /Users/giovannisabarreto/Desktop/repositorios/airflow_k/venv/lib/python3.10/site-packages/airflow/example_dags/subdags/subdag.py
[2023-03-01 11:21:02,079] {processor.py:641} INFO - Processing file /Users/giovannisabarreto/Desktop/repositorios/airflow_k/venv/lib/python3.10/site-packages/airflow/example_dags/subdags/subdag.py for tasks to queue
[2023-03-01 11:21:02,079] {logging_mixin.py:115} INFO - [2023-03-01 11:21:02,079] {dagbag.py:507} INFO - Filling up the DagBag from /Users/giovannisabarreto/Desktop/repositorios/airflow_k/venv/lib/python3.10/site-packages/airflow/example_dags/subdags/subdag.py
[2023-03-01 11:21:02,080] {processor.py:653} WARNING - No viable dags retrieved from /Users/giovannisabarreto/Desktop/repositorios/airflow_k/venv/lib/python3.10/site-packages/airflow/example_dags/subdags/subdag.py
[2023-03-01 11:21:02,094] {processor.py:161} INFO - Processing /Users/giovannisabarreto/Desktop/repositorios/airflow_k/venv/lib/python3.10/site-packages/airflow/example_dags/subdags/subdag.py took 0.017 seconds
[2023-03-01 11:21:45,312] {processor.py:153} INFO - Started process (PID=31047) to work on /Users/giovannisabarreto/Desktop/repositorios/airflow_k/venv/lib/python3.10/site-packages/airflow/example_dags/subdags/subdag.py
[2023-03-01 11:21:45,312] {processor.py:641} INFO - Processing file /Users/giovannisabarreto/Desktop/repositorios/airflow_k/venv/lib/python3.10/site-packages/airflow/example_dags/subdags/subdag.py for tasks to queue
[2023-03-01 11:21:45,312] {logging_mixin.py:115} INFO - [2023-03-01 11:21:45,312] {dagbag.py:507} INFO - Filling up the DagBag from /Users/giovannisabarreto/Desktop/repositorios/airflow_k/venv/lib/python3.10/site-packages/airflow/example_dags/subdags/subdag.py
[2023-03-01 11:21:45,313] {processor.py:653} WARNING - No viable dags retrieved from /Users/giovannisabarreto/Desktop/repositorios/airflow_k/venv/lib/python3.10/site-packages/airflow/example_dags/subdags/subdag.py
[2023-03-01 11:21:45,327] {processor.py:161} INFO - Processing /Users/giovannisabarreto/Desktop/repositorios/airflow_k/venv/lib/python3.10/site-packages/airflow/example_dags/subdags/subdag.py took 0.016 seconds
[2023-03-01 11:22:28,451] {processor.py:153} INFO - Started process (PID=31156) to work on /Users/giovannisabarreto/Desktop/repositorios/airflow_k/venv/lib/python3.10/site-packages/airflow/example_dags/subdags/subdag.py
[2023-03-01 11:22:28,452] {processor.py:641} INFO - Processing file /Users/giovannisabarreto/Desktop/repositorios/airflow_k/venv/lib/python3.10/site-packages/airflow/example_dags/subdags/subdag.py for tasks to queue
[2023-03-01 11:22:28,452] {logging_mixin.py:115} INFO - [2023-03-01 11:22:28,452] {dagbag.py:507} INFO - Filling up the DagBag from /Users/giovannisabarreto/Desktop/repositorios/airflow_k/venv/lib/python3.10/site-packages/airflow/example_dags/subdags/subdag.py
[2023-03-01 11:22:28,453] {processor.py:653} WARNING - No viable dags retrieved from /Users/giovannisabarreto/Desktop/repositorios/airflow_k/venv/lib/python3.10/site-packages/airflow/example_dags/subdags/subdag.py
[2023-03-01 11:22:28,467] {processor.py:161} INFO - Processing /Users/giovannisabarreto/Desktop/repositorios/airflow_k/venv/lib/python3.10/site-packages/airflow/example_dags/subdags/subdag.py took 0.016 seconds
[2023-03-01 11:22:59,612] {processor.py:153} INFO - Started process (PID=31209) to work on /Users/giovannisabarreto/Desktop/repositorios/airflow_k/venv/lib/python3.10/site-packages/airflow/example_dags/subdags/subdag.py
[2023-03-01 11:22:59,612] {processor.py:641} INFO - Processing file /Users/giovannisabarreto/Desktop/repositorios/airflow_k/venv/lib/python3.10/site-packages/airflow/example_dags/subdags/subdag.py for tasks to queue
[2023-03-01 11:22:59,613] {logging_mixin.py:115} INFO - [2023-03-01 11:22:59,613] {dagbag.py:507} INFO - Filling up the DagBag from /Users/giovannisabarreto/Desktop/repositorios/airflow_k/venv/lib/python3.10/site-packages/airflow/example_dags/subdags/subdag.py
[2023-03-01 11:22:59,613] {processor.py:653} WARNING - No viable dags retrieved from /Users/giovannisabarreto/Desktop/repositorios/airflow_k/venv/lib/python3.10/site-packages/airflow/example_dags/subdags/subdag.py
[2023-03-01 11:22:59,627] {processor.py:161} INFO - Processing /Users/giovannisabarreto/Desktop/repositorios/airflow_k/venv/lib/python3.10/site-packages/airflow/example_dags/subdags/subdag.py took 0.015 seconds
[2023-03-01 11:23:30,303] {processor.py:153} INFO - Started process (PID=31262) to work on /Users/giovannisabarreto/Desktop/repositorios/airflow_k/venv/lib/python3.10/site-packages/airflow/example_dags/subdags/subdag.py
[2023-03-01 11:23:30,303] {processor.py:641} INFO - Processing file /Users/giovannisabarreto/Desktop/repositorios/airflow_k/venv/lib/python3.10/site-packages/airflow/example_dags/subdags/subdag.py for tasks to queue
[2023-03-01 11:23:30,303] {logging_mixin.py:115} INFO - [2023-03-01 11:23:30,303] {dagbag.py:507} INFO - Filling up the DagBag from /Users/giovannisabarreto/Desktop/repositorios/airflow_k/venv/lib/python3.10/site-packages/airflow/example_dags/subdags/subdag.py
[2023-03-01 11:23:30,304] {processor.py:653} WARNING - No viable dags retrieved from /Users/giovannisabarreto/Desktop/repositorios/airflow_k/venv/lib/python3.10/site-packages/airflow/example_dags/subdags/subdag.py
[2023-03-01 11:23:30,318] {processor.py:161} INFO - Processing /Users/giovannisabarreto/Desktop/repositorios/airflow_k/venv/lib/python3.10/site-packages/airflow/example_dags/subdags/subdag.py took 0.015 seconds
[2023-03-01 11:24:02,029] {processor.py:153} INFO - Started process (PID=31319) to work on /Users/giovannisabarreto/Desktop/repositorios/airflow_k/venv/lib/python3.10/site-packages/airflow/example_dags/subdags/subdag.py
[2023-03-01 11:24:02,030] {processor.py:641} INFO - Processing file /Users/giovannisabarreto/Desktop/repositorios/airflow_k/venv/lib/python3.10/site-packages/airflow/example_dags/subdags/subdag.py for tasks to queue
[2023-03-01 11:24:02,030] {logging_mixin.py:115} INFO - [2023-03-01 11:24:02,030] {dagbag.py:507} INFO - Filling up the DagBag from /Users/giovannisabarreto/Desktop/repositorios/airflow_k/venv/lib/python3.10/site-packages/airflow/example_dags/subdags/subdag.py
[2023-03-01 11:24:02,031] {processor.py:653} WARNING - No viable dags retrieved from /Users/giovannisabarreto/Desktop/repositorios/airflow_k/venv/lib/python3.10/site-packages/airflow/example_dags/subdags/subdag.py
[2023-03-01 11:24:02,045] {processor.py:161} INFO - Processing /Users/giovannisabarreto/Desktop/repositorios/airflow_k/venv/lib/python3.10/site-packages/airflow/example_dags/subdags/subdag.py took 0.016 seconds
[2023-03-01 11:24:33,292] {processor.py:153} INFO - Started process (PID=31392) to work on /Users/giovannisabarreto/Desktop/repositorios/airflow_k/venv/lib/python3.10/site-packages/airflow/example_dags/subdags/subdag.py
[2023-03-01 11:24:33,293] {processor.py:641} INFO - Processing file /Users/giovannisabarreto/Desktop/repositorios/airflow_k/venv/lib/python3.10/site-packages/airflow/example_dags/subdags/subdag.py for tasks to queue
[2023-03-01 11:24:33,293] {logging_mixin.py:115} INFO - [2023-03-01 11:24:33,293] {dagbag.py:507} INFO - Filling up the DagBag from /Users/giovannisabarreto/Desktop/repositorios/airflow_k/venv/lib/python3.10/site-packages/airflow/example_dags/subdags/subdag.py
[2023-03-01 11:24:33,294] {processor.py:653} WARNING - No viable dags retrieved from /Users/giovannisabarreto/Desktop/repositorios/airflow_k/venv/lib/python3.10/site-packages/airflow/example_dags/subdags/subdag.py
[2023-03-01 11:24:33,308] {processor.py:161} INFO - Processing /Users/giovannisabarreto/Desktop/repositorios/airflow_k/venv/lib/python3.10/site-packages/airflow/example_dags/subdags/subdag.py took 0.016 seconds
[2023-03-01 11:25:03,825] {processor.py:153} INFO - Started process (PID=31451) to work on /Users/giovannisabarreto/Desktop/repositorios/airflow_k/venv/lib/python3.10/site-packages/airflow/example_dags/subdags/subdag.py
[2023-03-01 11:25:03,826] {processor.py:641} INFO - Processing file /Users/giovannisabarreto/Desktop/repositorios/airflow_k/venv/lib/python3.10/site-packages/airflow/example_dags/subdags/subdag.py for tasks to queue
[2023-03-01 11:25:03,826] {logging_mixin.py:115} INFO - [2023-03-01 11:25:03,826] {dagbag.py:507} INFO - Filling up the DagBag from /Users/giovannisabarreto/Desktop/repositorios/airflow_k/venv/lib/python3.10/site-packages/airflow/example_dags/subdags/subdag.py
[2023-03-01 11:25:03,827] {processor.py:653} WARNING - No viable dags retrieved from /Users/giovannisabarreto/Desktop/repositorios/airflow_k/venv/lib/python3.10/site-packages/airflow/example_dags/subdags/subdag.py
[2023-03-01 11:25:03,841] {processor.py:161} INFO - Processing /Users/giovannisabarreto/Desktop/repositorios/airflow_k/venv/lib/python3.10/site-packages/airflow/example_dags/subdags/subdag.py took 0.016 seconds
[2023-03-01 11:25:43,962] {processor.py:153} INFO - Started process (PID=31522) to work on /Users/giovannisabarreto/Desktop/repositorios/airflow_k/venv/lib/python3.10/site-packages/airflow/example_dags/subdags/subdag.py
[2023-03-01 11:25:43,963] {processor.py:641} INFO - Processing file /Users/giovannisabarreto/Desktop/repositorios/airflow_k/venv/lib/python3.10/site-packages/airflow/example_dags/subdags/subdag.py for tasks to queue
[2023-03-01 11:25:43,963] {logging_mixin.py:115} INFO - [2023-03-01 11:25:43,963] {dagbag.py:507} INFO - Filling up the DagBag from /Users/giovannisabarreto/Desktop/repositorios/airflow_k/venv/lib/python3.10/site-packages/airflow/example_dags/subdags/subdag.py
[2023-03-01 11:25:43,964] {processor.py:653} WARNING - No viable dags retrieved from /Users/giovannisabarreto/Desktop/repositorios/airflow_k/venv/lib/python3.10/site-packages/airflow/example_dags/subdags/subdag.py
[2023-03-01 11:25:43,979] {processor.py:161} INFO - Processing /Users/giovannisabarreto/Desktop/repositorios/airflow_k/venv/lib/python3.10/site-packages/airflow/example_dags/subdags/subdag.py took 0.017 seconds
[2023-03-01 11:26:29,415] {processor.py:153} INFO - Started process (PID=31599) to work on /Users/giovannisabarreto/Desktop/repositorios/airflow_k/venv/lib/python3.10/site-packages/airflow/example_dags/subdags/subdag.py
[2023-03-01 11:26:29,416] {processor.py:641} INFO - Processing file /Users/giovannisabarreto/Desktop/repositorios/airflow_k/venv/lib/python3.10/site-packages/airflow/example_dags/subdags/subdag.py for tasks to queue
[2023-03-01 11:26:29,416] {logging_mixin.py:115} INFO - [2023-03-01 11:26:29,416] {dagbag.py:507} INFO - Filling up the DagBag from /Users/giovannisabarreto/Desktop/repositorios/airflow_k/venv/lib/python3.10/site-packages/airflow/example_dags/subdags/subdag.py
[2023-03-01 11:26:29,417] {processor.py:653} WARNING - No viable dags retrieved from /Users/giovannisabarreto/Desktop/repositorios/airflow_k/venv/lib/python3.10/site-packages/airflow/example_dags/subdags/subdag.py
[2023-03-01 11:26:29,431] {processor.py:161} INFO - Processing /Users/giovannisabarreto/Desktop/repositorios/airflow_k/venv/lib/python3.10/site-packages/airflow/example_dags/subdags/subdag.py took 0.016 seconds
[2023-03-01 11:27:11,488] {processor.py:153} INFO - Started process (PID=31688) to work on /Users/giovannisabarreto/Desktop/repositorios/airflow_k/venv/lib/python3.10/site-packages/airflow/example_dags/subdags/subdag.py
[2023-03-01 11:27:11,489] {processor.py:641} INFO - Processing file /Users/giovannisabarreto/Desktop/repositorios/airflow_k/venv/lib/python3.10/site-packages/airflow/example_dags/subdags/subdag.py for tasks to queue
[2023-03-01 11:27:11,490] {logging_mixin.py:115} INFO - [2023-03-01 11:27:11,490] {dagbag.py:507} INFO - Filling up the DagBag from /Users/giovannisabarreto/Desktop/repositorios/airflow_k/venv/lib/python3.10/site-packages/airflow/example_dags/subdags/subdag.py
[2023-03-01 11:27:11,491] {processor.py:653} WARNING - No viable dags retrieved from /Users/giovannisabarreto/Desktop/repositorios/airflow_k/venv/lib/python3.10/site-packages/airflow/example_dags/subdags/subdag.py
[2023-03-01 11:27:11,505] {processor.py:161} INFO - Processing /Users/giovannisabarreto/Desktop/repositorios/airflow_k/venv/lib/python3.10/site-packages/airflow/example_dags/subdags/subdag.py took 0.017 seconds
[2023-03-01 11:27:56,477] {processor.py:153} INFO - Started process (PID=31797) to work on /Users/giovannisabarreto/Desktop/repositorios/airflow_k/venv/lib/python3.10/site-packages/airflow/example_dags/subdags/subdag.py
[2023-03-01 11:27:56,478] {processor.py:641} INFO - Processing file /Users/giovannisabarreto/Desktop/repositorios/airflow_k/venv/lib/python3.10/site-packages/airflow/example_dags/subdags/subdag.py for tasks to queue
[2023-03-01 11:27:56,478] {logging_mixin.py:115} INFO - [2023-03-01 11:27:56,478] {dagbag.py:507} INFO - Filling up the DagBag from /Users/giovannisabarreto/Desktop/repositorios/airflow_k/venv/lib/python3.10/site-packages/airflow/example_dags/subdags/subdag.py
[2023-03-01 11:27:56,479] {processor.py:653} WARNING - No viable dags retrieved from /Users/giovannisabarreto/Desktop/repositorios/airflow_k/venv/lib/python3.10/site-packages/airflow/example_dags/subdags/subdag.py
[2023-03-01 11:27:56,493] {processor.py:161} INFO - Processing /Users/giovannisabarreto/Desktop/repositorios/airflow_k/venv/lib/python3.10/site-packages/airflow/example_dags/subdags/subdag.py took 0.016 seconds
[2023-03-01 11:28:28,793] {processor.py:153} INFO - Started process (PID=31851) to work on /Users/giovannisabarreto/Desktop/repositorios/airflow_k/venv/lib/python3.10/site-packages/airflow/example_dags/subdags/subdag.py
[2023-03-01 11:28:28,793] {processor.py:641} INFO - Processing file /Users/giovannisabarreto/Desktop/repositorios/airflow_k/venv/lib/python3.10/site-packages/airflow/example_dags/subdags/subdag.py for tasks to queue
[2023-03-01 11:28:28,793] {logging_mixin.py:115} INFO - [2023-03-01 11:28:28,793] {dagbag.py:507} INFO - Filling up the DagBag from /Users/giovannisabarreto/Desktop/repositorios/airflow_k/venv/lib/python3.10/site-packages/airflow/example_dags/subdags/subdag.py
[2023-03-01 11:28:28,794] {processor.py:653} WARNING - No viable dags retrieved from /Users/giovannisabarreto/Desktop/repositorios/airflow_k/venv/lib/python3.10/site-packages/airflow/example_dags/subdags/subdag.py
[2023-03-01 11:28:28,808] {processor.py:161} INFO - Processing /Users/giovannisabarreto/Desktop/repositorios/airflow_k/venv/lib/python3.10/site-packages/airflow/example_dags/subdags/subdag.py took 0.015 seconds
[2023-03-01 11:28:59,326] {processor.py:153} INFO - Started process (PID=31907) to work on /Users/giovannisabarreto/Desktop/repositorios/airflow_k/venv/lib/python3.10/site-packages/airflow/example_dags/subdags/subdag.py
[2023-03-01 11:28:59,327] {processor.py:641} INFO - Processing file /Users/giovannisabarreto/Desktop/repositorios/airflow_k/venv/lib/python3.10/site-packages/airflow/example_dags/subdags/subdag.py for tasks to queue
[2023-03-01 11:28:59,327] {logging_mixin.py:115} INFO - [2023-03-01 11:28:59,327] {dagbag.py:507} INFO - Filling up the DagBag from /Users/giovannisabarreto/Desktop/repositorios/airflow_k/venv/lib/python3.10/site-packages/airflow/example_dags/subdags/subdag.py
[2023-03-01 11:28:59,327] {processor.py:653} WARNING - No viable dags retrieved from /Users/giovannisabarreto/Desktop/repositorios/airflow_k/venv/lib/python3.10/site-packages/airflow/example_dags/subdags/subdag.py
[2023-03-01 11:28:59,341] {processor.py:161} INFO - Processing /Users/giovannisabarreto/Desktop/repositorios/airflow_k/venv/lib/python3.10/site-packages/airflow/example_dags/subdags/subdag.py took 0.015 seconds
[2023-03-01 11:29:39,674] {processor.py:153} INFO - Started process (PID=31998) to work on /Users/giovannisabarreto/Desktop/repositorios/airflow_k/venv/lib/python3.10/site-packages/airflow/example_dags/subdags/subdag.py
[2023-03-01 11:29:39,675] {processor.py:641} INFO - Processing file /Users/giovannisabarreto/Desktop/repositorios/airflow_k/venv/lib/python3.10/site-packages/airflow/example_dags/subdags/subdag.py for tasks to queue
[2023-03-01 11:29:39,675] {logging_mixin.py:115} INFO - [2023-03-01 11:29:39,675] {dagbag.py:507} INFO - Filling up the DagBag from /Users/giovannisabarreto/Desktop/repositorios/airflow_k/venv/lib/python3.10/site-packages/airflow/example_dags/subdags/subdag.py
[2023-03-01 11:29:39,676] {processor.py:653} WARNING - No viable dags retrieved from /Users/giovannisabarreto/Desktop/repositorios/airflow_k/venv/lib/python3.10/site-packages/airflow/example_dags/subdags/subdag.py
[2023-03-01 11:29:39,690] {processor.py:161} INFO - Processing /Users/giovannisabarreto/Desktop/repositorios/airflow_k/venv/lib/python3.10/site-packages/airflow/example_dags/subdags/subdag.py took 0.016 seconds
[2023-03-01 11:30:22,476] {processor.py:153} INFO - Started process (PID=32086) to work on /Users/giovannisabarreto/Desktop/repositorios/airflow_k/venv/lib/python3.10/site-packages/airflow/example_dags/subdags/subdag.py
[2023-03-01 11:30:22,476] {processor.py:641} INFO - Processing file /Users/giovannisabarreto/Desktop/repositorios/airflow_k/venv/lib/python3.10/site-packages/airflow/example_dags/subdags/subdag.py for tasks to queue
[2023-03-01 11:30:22,477] {logging_mixin.py:115} INFO - [2023-03-01 11:30:22,477] {dagbag.py:507} INFO - Filling up the DagBag from /Users/giovannisabarreto/Desktop/repositorios/airflow_k/venv/lib/python3.10/site-packages/airflow/example_dags/subdags/subdag.py
[2023-03-01 11:30:22,477] {processor.py:653} WARNING - No viable dags retrieved from /Users/giovannisabarreto/Desktop/repositorios/airflow_k/venv/lib/python3.10/site-packages/airflow/example_dags/subdags/subdag.py
[2023-03-01 11:30:22,491] {processor.py:161} INFO - Processing /Users/giovannisabarreto/Desktop/repositorios/airflow_k/venv/lib/python3.10/site-packages/airflow/example_dags/subdags/subdag.py took 0.015 seconds
[2023-03-01 11:31:05,079] {processor.py:153} INFO - Started process (PID=32163) to work on /Users/giovannisabarreto/Desktop/repositorios/airflow_k/venv/lib/python3.10/site-packages/airflow/example_dags/subdags/subdag.py
[2023-03-01 11:31:05,079] {processor.py:641} INFO - Processing file /Users/giovannisabarreto/Desktop/repositorios/airflow_k/venv/lib/python3.10/site-packages/airflow/example_dags/subdags/subdag.py for tasks to queue
[2023-03-01 11:31:05,079] {logging_mixin.py:115} INFO - [2023-03-01 11:31:05,079] {dagbag.py:507} INFO - Filling up the DagBag from /Users/giovannisabarreto/Desktop/repositorios/airflow_k/venv/lib/python3.10/site-packages/airflow/example_dags/subdags/subdag.py
[2023-03-01 11:31:05,082] {processor.py:653} WARNING - No viable dags retrieved from /Users/giovannisabarreto/Desktop/repositorios/airflow_k/venv/lib/python3.10/site-packages/airflow/example_dags/subdags/subdag.py
[2023-03-01 11:31:05,096] {processor.py:161} INFO - Processing /Users/giovannisabarreto/Desktop/repositorios/airflow_k/venv/lib/python3.10/site-packages/airflow/example_dags/subdags/subdag.py took 0.017 seconds
[2023-03-01 11:31:35,963] {processor.py:153} INFO - Started process (PID=32220) to work on /Users/giovannisabarreto/Desktop/repositorios/airflow_k/venv/lib/python3.10/site-packages/airflow/example_dags/subdags/subdag.py
[2023-03-01 11:31:35,963] {processor.py:641} INFO - Processing file /Users/giovannisabarreto/Desktop/repositorios/airflow_k/venv/lib/python3.10/site-packages/airflow/example_dags/subdags/subdag.py for tasks to queue
[2023-03-01 11:31:35,963] {logging_mixin.py:115} INFO - [2023-03-01 11:31:35,963] {dagbag.py:507} INFO - Filling up the DagBag from /Users/giovannisabarreto/Desktop/repositorios/airflow_k/venv/lib/python3.10/site-packages/airflow/example_dags/subdags/subdag.py
[2023-03-01 11:31:35,964] {processor.py:653} WARNING - No viable dags retrieved from /Users/giovannisabarreto/Desktop/repositorios/airflow_k/venv/lib/python3.10/site-packages/airflow/example_dags/subdags/subdag.py
[2023-03-01 11:31:35,979] {processor.py:161} INFO - Processing /Users/giovannisabarreto/Desktop/repositorios/airflow_k/venv/lib/python3.10/site-packages/airflow/example_dags/subdags/subdag.py took 0.016 seconds
[2023-03-01 11:32:08,281] {processor.py:153} INFO - Started process (PID=32278) to work on /Users/giovannisabarreto/Desktop/repositorios/airflow_k/venv/lib/python3.10/site-packages/airflow/example_dags/subdags/subdag.py
[2023-03-01 11:32:08,281] {processor.py:641} INFO - Processing file /Users/giovannisabarreto/Desktop/repositorios/airflow_k/venv/lib/python3.10/site-packages/airflow/example_dags/subdags/subdag.py for tasks to queue
[2023-03-01 11:32:08,281] {logging_mixin.py:115} INFO - [2023-03-01 11:32:08,281] {dagbag.py:507} INFO - Filling up the DagBag from /Users/giovannisabarreto/Desktop/repositorios/airflow_k/venv/lib/python3.10/site-packages/airflow/example_dags/subdags/subdag.py
[2023-03-01 11:32:08,282] {processor.py:653} WARNING - No viable dags retrieved from /Users/giovannisabarreto/Desktop/repositorios/airflow_k/venv/lib/python3.10/site-packages/airflow/example_dags/subdags/subdag.py
[2023-03-01 11:32:08,296] {processor.py:161} INFO - Processing /Users/giovannisabarreto/Desktop/repositorios/airflow_k/venv/lib/python3.10/site-packages/airflow/example_dags/subdags/subdag.py took 0.016 seconds
[2023-03-01 11:32:52,735] {processor.py:153} INFO - Started process (PID=32365) to work on /Users/giovannisabarreto/Desktop/repositorios/airflow_k/venv/lib/python3.10/site-packages/airflow/example_dags/subdags/subdag.py
[2023-03-01 11:32:52,736] {processor.py:641} INFO - Processing file /Users/giovannisabarreto/Desktop/repositorios/airflow_k/venv/lib/python3.10/site-packages/airflow/example_dags/subdags/subdag.py for tasks to queue
[2023-03-01 11:32:52,736] {logging_mixin.py:115} INFO - [2023-03-01 11:32:52,736] {dagbag.py:507} INFO - Filling up the DagBag from /Users/giovannisabarreto/Desktop/repositorios/airflow_k/venv/lib/python3.10/site-packages/airflow/example_dags/subdags/subdag.py
[2023-03-01 11:32:52,737] {processor.py:653} WARNING - No viable dags retrieved from /Users/giovannisabarreto/Desktop/repositorios/airflow_k/venv/lib/python3.10/site-packages/airflow/example_dags/subdags/subdag.py
[2023-03-01 11:32:52,751] {processor.py:161} INFO - Processing /Users/giovannisabarreto/Desktop/repositorios/airflow_k/venv/lib/python3.10/site-packages/airflow/example_dags/subdags/subdag.py took 0.015 seconds
[2023-03-01 11:33:36,998] {processor.py:153} INFO - Started process (PID=32448) to work on /Users/giovannisabarreto/Desktop/repositorios/airflow_k/venv/lib/python3.10/site-packages/airflow/example_dags/subdags/subdag.py
[2023-03-01 11:33:36,999] {processor.py:641} INFO - Processing file /Users/giovannisabarreto/Desktop/repositorios/airflow_k/venv/lib/python3.10/site-packages/airflow/example_dags/subdags/subdag.py for tasks to queue
[2023-03-01 11:33:36,999] {logging_mixin.py:115} INFO - [2023-03-01 11:33:36,999] {dagbag.py:507} INFO - Filling up the DagBag from /Users/giovannisabarreto/Desktop/repositorios/airflow_k/venv/lib/python3.10/site-packages/airflow/example_dags/subdags/subdag.py
[2023-03-01 11:33:37,000] {processor.py:653} WARNING - No viable dags retrieved from /Users/giovannisabarreto/Desktop/repositorios/airflow_k/venv/lib/python3.10/site-packages/airflow/example_dags/subdags/subdag.py
[2023-03-01 11:33:37,015] {processor.py:161} INFO - Processing /Users/giovannisabarreto/Desktop/repositorios/airflow_k/venv/lib/python3.10/site-packages/airflow/example_dags/subdags/subdag.py took 0.017 seconds
[2023-03-01 11:34:08,474] {processor.py:153} INFO - Started process (PID=32504) to work on /Users/giovannisabarreto/Desktop/repositorios/airflow_k/venv/lib/python3.10/site-packages/airflow/example_dags/subdags/subdag.py
[2023-03-01 11:34:08,474] {processor.py:641} INFO - Processing file /Users/giovannisabarreto/Desktop/repositorios/airflow_k/venv/lib/python3.10/site-packages/airflow/example_dags/subdags/subdag.py for tasks to queue
[2023-03-01 11:34:08,474] {logging_mixin.py:115} INFO - [2023-03-01 11:34:08,474] {dagbag.py:507} INFO - Filling up the DagBag from /Users/giovannisabarreto/Desktop/repositorios/airflow_k/venv/lib/python3.10/site-packages/airflow/example_dags/subdags/subdag.py
[2023-03-01 11:34:08,475] {processor.py:653} WARNING - No viable dags retrieved from /Users/giovannisabarreto/Desktop/repositorios/airflow_k/venv/lib/python3.10/site-packages/airflow/example_dags/subdags/subdag.py
[2023-03-01 11:34:08,490] {processor.py:161} INFO - Processing /Users/giovannisabarreto/Desktop/repositorios/airflow_k/venv/lib/python3.10/site-packages/airflow/example_dags/subdags/subdag.py took 0.016 seconds
[2023-03-01 11:34:40,747] {processor.py:153} INFO - Started process (PID=32574) to work on /Users/giovannisabarreto/Desktop/repositorios/airflow_k/venv/lib/python3.10/site-packages/airflow/example_dags/subdags/subdag.py
[2023-03-01 11:34:40,748] {processor.py:641} INFO - Processing file /Users/giovannisabarreto/Desktop/repositorios/airflow_k/venv/lib/python3.10/site-packages/airflow/example_dags/subdags/subdag.py for tasks to queue
[2023-03-01 11:34:40,749] {logging_mixin.py:115} INFO - [2023-03-01 11:34:40,748] {dagbag.py:507} INFO - Filling up the DagBag from /Users/giovannisabarreto/Desktop/repositorios/airflow_k/venv/lib/python3.10/site-packages/airflow/example_dags/subdags/subdag.py
[2023-03-01 11:34:40,749] {processor.py:653} WARNING - No viable dags retrieved from /Users/giovannisabarreto/Desktop/repositorios/airflow_k/venv/lib/python3.10/site-packages/airflow/example_dags/subdags/subdag.py
[2023-03-01 11:34:40,763] {processor.py:161} INFO - Processing /Users/giovannisabarreto/Desktop/repositorios/airflow_k/venv/lib/python3.10/site-packages/airflow/example_dags/subdags/subdag.py took 0.016 seconds
[2023-03-01 11:35:12,278] {processor.py:153} INFO - Started process (PID=32634) to work on /Users/giovannisabarreto/Desktop/repositorios/airflow_k/venv/lib/python3.10/site-packages/airflow/example_dags/subdags/subdag.py
[2023-03-01 11:35:12,279] {processor.py:641} INFO - Processing file /Users/giovannisabarreto/Desktop/repositorios/airflow_k/venv/lib/python3.10/site-packages/airflow/example_dags/subdags/subdag.py for tasks to queue
[2023-03-01 11:35:12,279] {logging_mixin.py:115} INFO - [2023-03-01 11:35:12,279] {dagbag.py:507} INFO - Filling up the DagBag from /Users/giovannisabarreto/Desktop/repositorios/airflow_k/venv/lib/python3.10/site-packages/airflow/example_dags/subdags/subdag.py
[2023-03-01 11:35:12,280] {processor.py:653} WARNING - No viable dags retrieved from /Users/giovannisabarreto/Desktop/repositorios/airflow_k/venv/lib/python3.10/site-packages/airflow/example_dags/subdags/subdag.py
[2023-03-01 11:35:12,294] {processor.py:161} INFO - Processing /Users/giovannisabarreto/Desktop/repositorios/airflow_k/venv/lib/python3.10/site-packages/airflow/example_dags/subdags/subdag.py took 0.016 seconds
[2023-03-01 11:35:44,626] {processor.py:153} INFO - Started process (PID=32689) to work on /Users/giovannisabarreto/Desktop/repositorios/airflow_k/venv/lib/python3.10/site-packages/airflow/example_dags/subdags/subdag.py
[2023-03-01 11:35:44,627] {processor.py:641} INFO - Processing file /Users/giovannisabarreto/Desktop/repositorios/airflow_k/venv/lib/python3.10/site-packages/airflow/example_dags/subdags/subdag.py for tasks to queue
[2023-03-01 11:35:44,627] {logging_mixin.py:115} INFO - [2023-03-01 11:35:44,627] {dagbag.py:507} INFO - Filling up the DagBag from /Users/giovannisabarreto/Desktop/repositorios/airflow_k/venv/lib/python3.10/site-packages/airflow/example_dags/subdags/subdag.py
[2023-03-01 11:35:44,628] {processor.py:653} WARNING - No viable dags retrieved from /Users/giovannisabarreto/Desktop/repositorios/airflow_k/venv/lib/python3.10/site-packages/airflow/example_dags/subdags/subdag.py
[2023-03-01 11:35:44,642] {processor.py:161} INFO - Processing /Users/giovannisabarreto/Desktop/repositorios/airflow_k/venv/lib/python3.10/site-packages/airflow/example_dags/subdags/subdag.py took 0.016 seconds
[2023-03-01 11:36:16,889] {processor.py:153} INFO - Started process (PID=32743) to work on /Users/giovannisabarreto/Desktop/repositorios/airflow_k/venv/lib/python3.10/site-packages/airflow/example_dags/subdags/subdag.py
[2023-03-01 11:36:16,889] {processor.py:641} INFO - Processing file /Users/giovannisabarreto/Desktop/repositorios/airflow_k/venv/lib/python3.10/site-packages/airflow/example_dags/subdags/subdag.py for tasks to queue
[2023-03-01 11:36:16,890] {logging_mixin.py:115} INFO - [2023-03-01 11:36:16,890] {dagbag.py:507} INFO - Filling up the DagBag from /Users/giovannisabarreto/Desktop/repositorios/airflow_k/venv/lib/python3.10/site-packages/airflow/example_dags/subdags/subdag.py
[2023-03-01 11:36:16,890] {processor.py:653} WARNING - No viable dags retrieved from /Users/giovannisabarreto/Desktop/repositorios/airflow_k/venv/lib/python3.10/site-packages/airflow/example_dags/subdags/subdag.py
[2023-03-01 11:36:16,904] {processor.py:161} INFO - Processing /Users/giovannisabarreto/Desktop/repositorios/airflow_k/venv/lib/python3.10/site-packages/airflow/example_dags/subdags/subdag.py took 0.016 seconds
[2023-03-01 11:37:01,270] {processor.py:153} INFO - Started process (PID=32819) to work on /Users/giovannisabarreto/Desktop/repositorios/airflow_k/venv/lib/python3.10/site-packages/airflow/example_dags/subdags/subdag.py
[2023-03-01 11:37:01,271] {processor.py:641} INFO - Processing file /Users/giovannisabarreto/Desktop/repositorios/airflow_k/venv/lib/python3.10/site-packages/airflow/example_dags/subdags/subdag.py for tasks to queue
[2023-03-01 11:37:01,271] {logging_mixin.py:115} INFO - [2023-03-01 11:37:01,271] {dagbag.py:507} INFO - Filling up the DagBag from /Users/giovannisabarreto/Desktop/repositorios/airflow_k/venv/lib/python3.10/site-packages/airflow/example_dags/subdags/subdag.py
[2023-03-01 11:37:01,272] {processor.py:653} WARNING - No viable dags retrieved from /Users/giovannisabarreto/Desktop/repositorios/airflow_k/venv/lib/python3.10/site-packages/airflow/example_dags/subdags/subdag.py
[2023-03-01 11:37:01,286] {processor.py:161} INFO - Processing /Users/giovannisabarreto/Desktop/repositorios/airflow_k/venv/lib/python3.10/site-packages/airflow/example_dags/subdags/subdag.py took 0.016 seconds
[2023-03-01 11:53:46,945] {processor.py:153} INFO - Started process (PID=32894) to work on /Users/giovannisabarreto/Desktop/repositorios/airflow_k/venv/lib/python3.10/site-packages/airflow/example_dags/subdags/subdag.py
[2023-03-01 11:53:46,945] {processor.py:641} INFO - Processing file /Users/giovannisabarreto/Desktop/repositorios/airflow_k/venv/lib/python3.10/site-packages/airflow/example_dags/subdags/subdag.py for tasks to queue
[2023-03-01 11:53:46,945] {logging_mixin.py:115} INFO - [2023-03-01 11:53:46,945] {dagbag.py:507} INFO - Filling up the DagBag from /Users/giovannisabarreto/Desktop/repositorios/airflow_k/venv/lib/python3.10/site-packages/airflow/example_dags/subdags/subdag.py
[2023-03-01 11:53:46,946] {processor.py:653} WARNING - No viable dags retrieved from /Users/giovannisabarreto/Desktop/repositorios/airflow_k/venv/lib/python3.10/site-packages/airflow/example_dags/subdags/subdag.py
[2023-03-01 11:53:46,960] {processor.py:161} INFO - Processing /Users/giovannisabarreto/Desktop/repositorios/airflow_k/venv/lib/python3.10/site-packages/airflow/example_dags/subdags/subdag.py took 0.015 seconds
[2023-03-01 13:36:53,437] {processor.py:153} INFO - Started process (PID=33078) to work on /Users/giovannisabarreto/Desktop/repositorios/airflow_k/venv/lib/python3.10/site-packages/airflow/example_dags/subdags/subdag.py
[2023-03-01 13:36:53,437] {processor.py:641} INFO - Processing file /Users/giovannisabarreto/Desktop/repositorios/airflow_k/venv/lib/python3.10/site-packages/airflow/example_dags/subdags/subdag.py for tasks to queue
[2023-03-01 13:36:53,437] {logging_mixin.py:115} INFO - [2023-03-01 13:36:53,437] {dagbag.py:507} INFO - Filling up the DagBag from /Users/giovannisabarreto/Desktop/repositorios/airflow_k/venv/lib/python3.10/site-packages/airflow/example_dags/subdags/subdag.py
[2023-03-01 13:36:53,438] {processor.py:653} WARNING - No viable dags retrieved from /Users/giovannisabarreto/Desktop/repositorios/airflow_k/venv/lib/python3.10/site-packages/airflow/example_dags/subdags/subdag.py
[2023-03-01 13:36:53,453] {processor.py:161} INFO - Processing /Users/giovannisabarreto/Desktop/repositorios/airflow_k/venv/lib/python3.10/site-packages/airflow/example_dags/subdags/subdag.py took 0.016 seconds
[2023-03-01 14:54:52,075] {processor.py:153} INFO - Started process (PID=33231) to work on /Users/giovannisabarreto/Desktop/repositorios/airflow_k/venv/lib/python3.10/site-packages/airflow/example_dags/subdags/subdag.py
[2023-03-01 14:54:52,076] {processor.py:641} INFO - Processing file /Users/giovannisabarreto/Desktop/repositorios/airflow_k/venv/lib/python3.10/site-packages/airflow/example_dags/subdags/subdag.py for tasks to queue
[2023-03-01 14:54:52,076] {logging_mixin.py:115} INFO - [2023-03-01 14:54:52,076] {dagbag.py:507} INFO - Filling up the DagBag from /Users/giovannisabarreto/Desktop/repositorios/airflow_k/venv/lib/python3.10/site-packages/airflow/example_dags/subdags/subdag.py
[2023-03-01 14:54:52,076] {processor.py:653} WARNING - No viable dags retrieved from /Users/giovannisabarreto/Desktop/repositorios/airflow_k/venv/lib/python3.10/site-packages/airflow/example_dags/subdags/subdag.py
[2023-03-01 14:54:52,090] {processor.py:161} INFO - Processing /Users/giovannisabarreto/Desktop/repositorios/airflow_k/venv/lib/python3.10/site-packages/airflow/example_dags/subdags/subdag.py took 0.016 seconds
[2023-03-01 16:50:42,869] {processor.py:153} INFO - Started process (PID=33429) to work on /Users/giovannisabarreto/Desktop/repositorios/airflow_k/venv/lib/python3.10/site-packages/airflow/example_dags/subdags/subdag.py
[2023-03-01 16:50:42,869] {processor.py:641} INFO - Processing file /Users/giovannisabarreto/Desktop/repositorios/airflow_k/venv/lib/python3.10/site-packages/airflow/example_dags/subdags/subdag.py for tasks to queue
[2023-03-01 16:50:42,869] {logging_mixin.py:115} INFO - [2023-03-01 16:50:42,869] {dagbag.py:507} INFO - Filling up the DagBag from /Users/giovannisabarreto/Desktop/repositorios/airflow_k/venv/lib/python3.10/site-packages/airflow/example_dags/subdags/subdag.py
[2023-03-01 16:50:42,870] {processor.py:653} WARNING - No viable dags retrieved from /Users/giovannisabarreto/Desktop/repositorios/airflow_k/venv/lib/python3.10/site-packages/airflow/example_dags/subdags/subdag.py
[2023-03-01 16:50:42,884] {processor.py:161} INFO - Processing /Users/giovannisabarreto/Desktop/repositorios/airflow_k/venv/lib/python3.10/site-packages/airflow/example_dags/subdags/subdag.py took 0.016 seconds
[2023-03-01 18:14:11,421] {processor.py:153} INFO - Started process (PID=33573) to work on /Users/giovannisabarreto/Desktop/repositorios/airflow_k/venv/lib/python3.10/site-packages/airflow/example_dags/subdags/subdag.py
[2023-03-01 18:14:11,421] {processor.py:641} INFO - Processing file /Users/giovannisabarreto/Desktop/repositorios/airflow_k/venv/lib/python3.10/site-packages/airflow/example_dags/subdags/subdag.py for tasks to queue
[2023-03-01 18:14:11,421] {logging_mixin.py:115} INFO - [2023-03-01 18:14:11,421] {dagbag.py:507} INFO - Filling up the DagBag from /Users/giovannisabarreto/Desktop/repositorios/airflow_k/venv/lib/python3.10/site-packages/airflow/example_dags/subdags/subdag.py
[2023-03-01 18:14:11,422] {processor.py:653} WARNING - No viable dags retrieved from /Users/giovannisabarreto/Desktop/repositorios/airflow_k/venv/lib/python3.10/site-packages/airflow/example_dags/subdags/subdag.py
[2023-03-01 18:14:11,436] {processor.py:161} INFO - Processing /Users/giovannisabarreto/Desktop/repositorios/airflow_k/venv/lib/python3.10/site-packages/airflow/example_dags/subdags/subdag.py took 0.015 seconds
[2023-03-01 19:57:03,058] {processor.py:153} INFO - Started process (PID=33739) to work on /Users/giovannisabarreto/Desktop/repositorios/airflow_k/venv/lib/python3.10/site-packages/airflow/example_dags/subdags/subdag.py
[2023-03-01 19:57:03,058] {processor.py:641} INFO - Processing file /Users/giovannisabarreto/Desktop/repositorios/airflow_k/venv/lib/python3.10/site-packages/airflow/example_dags/subdags/subdag.py for tasks to queue
[2023-03-01 19:57:03,058] {logging_mixin.py:115} INFO - [2023-03-01 19:57:03,058] {dagbag.py:507} INFO - Filling up the DagBag from /Users/giovannisabarreto/Desktop/repositorios/airflow_k/venv/lib/python3.10/site-packages/airflow/example_dags/subdags/subdag.py
[2023-03-01 19:57:03,059] {processor.py:653} WARNING - No viable dags retrieved from /Users/giovannisabarreto/Desktop/repositorios/airflow_k/venv/lib/python3.10/site-packages/airflow/example_dags/subdags/subdag.py
[2023-03-01 19:57:03,073] {processor.py:161} INFO - Processing /Users/giovannisabarreto/Desktop/repositorios/airflow_k/venv/lib/python3.10/site-packages/airflow/example_dags/subdags/subdag.py took 0.015 seconds
