[2023-03-02 16:39:46,747] {taskinstance.py:1159} INFO - Dependencies all met for <TaskInstance: get_stocks_dag.MSFT scheduled__2023-02-21T00:00:00+00:00 [queued]>
[2023-03-02 16:39:46,755] {taskinstance.py:1159} INFO - Dependencies all met for <TaskInstance: get_stocks_dag.MSFT scheduled__2023-02-21T00:00:00+00:00 [queued]>
[2023-03-02 16:39:46,755] {taskinstance.py:1356} INFO - 
--------------------------------------------------------------------------------
[2023-03-02 16:39:46,755] {taskinstance.py:1357} INFO - Starting attempt 1 of 1
[2023-03-02 16:39:46,755] {taskinstance.py:1358} INFO - 
--------------------------------------------------------------------------------
[2023-03-02 16:39:46,770] {taskinstance.py:1377} INFO - Executing <Task(_PythonDecoratedOperator): MSFT> on 2023-02-21 00:00:00+00:00
[2023-03-02 16:39:46,774] {standard_task_runner.py:52} INFO - Started process 51303 to run task
[2023-03-02 16:39:46,778] {standard_task_runner.py:79} INFO - Running: ['airflow', 'tasks', 'run', 'get_stocks_dag', 'MSFT', 'scheduled__2023-02-21T00:00:00+00:00', '--job-id', '52', '--raw', '--subdir', 'DAGS_FOLDER/get_stocks.py', '--cfg-path', '/var/folders/8z/6d7zf4153pgfqk4ygy8by4rh0000gn/T/tmpa_d9gqnd', '--error-file', '/var/folders/8z/6d7zf4153pgfqk4ygy8by4rh0000gn/T/tmpj9r42_gv']
[2023-03-02 16:39:46,780] {standard_task_runner.py:80} INFO - Job 52: Subtask MSFT
[2023-03-02 16:39:51,810] {task_command.py:370} INFO - Running <TaskInstance: get_stocks_dag.MSFT scheduled__2023-02-21T00:00:00+00:00 [running]> on host AZ026.local
[2023-03-02 16:39:56,872] {taskinstance.py:1569} INFO - Exporting the following env vars:
AIRFLOW_CTX_DAG_OWNER=airflow
AIRFLOW_CTX_DAG_ID=get_stocks_dag
AIRFLOW_CTX_TASK_ID=MSFT
AIRFLOW_CTX_EXECUTION_DATE=2023-02-21T00:00:00+00:00
AIRFLOW_CTX_TRY_NUMBER=1
AIRFLOW_CTX_DAG_RUN_ID=scheduled__2023-02-21T00:00:00+00:00
[2023-03-02 16:39:56,981] {local_task_job.py:156} INFO - Task exited with return code Negsignal.SIGABRT
[2023-03-02 16:39:56,985] {taskinstance.py:1395} INFO - Marking task as FAILED. dag_id=get_stocks_dag, task_id=MSFT, execution_date=20230221T000000, start_date=20230302T193946, end_date=20230302T193956
[2023-03-02 16:39:56,992] {local_task_job.py:273} INFO - 0 downstream tasks scheduled from follow-on schedule check
