[2023-03-02 16:28:06,426] {taskinstance.py:1159} INFO - Dependencies all met for <TaskInstance: get_stocks_dag.AAPL scheduled__2023-01-04T00:00:00+00:00 [queued]>
[2023-03-02 16:28:06,430] {taskinstance.py:1159} INFO - Dependencies all met for <TaskInstance: get_stocks_dag.AAPL scheduled__2023-01-04T00:00:00+00:00 [queued]>
[2023-03-02 16:28:06,430] {taskinstance.py:1356} INFO - 
--------------------------------------------------------------------------------
[2023-03-02 16:28:06,430] {taskinstance.py:1357} INFO - Starting attempt 1 of 1
[2023-03-02 16:28:06,430] {taskinstance.py:1358} INFO - 
--------------------------------------------------------------------------------
[2023-03-02 16:28:06,437] {taskinstance.py:1377} INFO - Executing <Task(_PythonDecoratedOperator): AAPL> on 2023-01-04 00:00:00+00:00
[2023-03-02 16:28:06,439] {standard_task_runner.py:52} INFO - Started process 49798 to run task
[2023-03-02 16:28:06,442] {standard_task_runner.py:79} INFO - Running: ['airflow', 'tasks', 'run', 'get_stocks_dag', 'AAPL', 'scheduled__2023-01-04T00:00:00+00:00', '--job-id', '6', '--raw', '--subdir', 'DAGS_FOLDER/get_stocks.py', '--cfg-path', '/var/folders/8z/6d7zf4153pgfqk4ygy8by4rh0000gn/T/tmphu3ps2vv', '--error-file', '/var/folders/8z/6d7zf4153pgfqk4ygy8by4rh0000gn/T/tmphrqhnd9d']
[2023-03-02 16:28:06,443] {standard_task_runner.py:80} INFO - Job 6: Subtask AAPL
[2023-03-02 16:28:11,466] {task_command.py:370} INFO - Running <TaskInstance: get_stocks_dag.AAPL scheduled__2023-01-04T00:00:00+00:00 [running]> on host AZ026.local
[2023-03-02 16:28:16,550] {taskinstance.py:1569} INFO - Exporting the following env vars:
AIRFLOW_CTX_DAG_OWNER=airflow
AIRFLOW_CTX_DAG_ID=get_stocks_dag
AIRFLOW_CTX_TASK_ID=AAPL
AIRFLOW_CTX_EXECUTION_DATE=2023-01-04T00:00:00+00:00
AIRFLOW_CTX_TRY_NUMBER=1
AIRFLOW_CTX_DAG_RUN_ID=scheduled__2023-01-04T00:00:00+00:00
[2023-03-02 16:28:16,727] {local_task_job.py:156} INFO - Task exited with return code Negsignal.SIGABRT
[2023-03-02 16:28:16,734] {taskinstance.py:1395} INFO - Marking task as FAILED. dag_id=get_stocks_dag, task_id=AAPL, execution_date=20230104T000000, start_date=20230302T192806, end_date=20230302T192816
[2023-03-02 16:28:16,743] {local_task_job.py:273} INFO - 0 downstream tasks scheduled from follow-on schedule check
