[2023-03-02 16:33:37,118] {taskinstance.py:1159} INFO - Dependencies all met for <TaskInstance: get_stocks_dag.MSFT scheduled__2023-02-03T00:00:00+00:00 [queued]>
[2023-03-02 16:33:37,126] {taskinstance.py:1159} INFO - Dependencies all met for <TaskInstance: get_stocks_dag.MSFT scheduled__2023-02-03T00:00:00+00:00 [queued]>
[2023-03-02 16:33:37,126] {taskinstance.py:1356} INFO - 
--------------------------------------------------------------------------------
[2023-03-02 16:33:37,126] {taskinstance.py:1357} INFO - Starting attempt 1 of 1
[2023-03-02 16:33:37,127] {taskinstance.py:1358} INFO - 
--------------------------------------------------------------------------------
[2023-03-02 16:33:37,141] {taskinstance.py:1377} INFO - Executing <Task(_PythonDecoratedOperator): MSFT> on 2023-02-03 00:00:00+00:00
[2023-03-02 16:33:37,144] {standard_task_runner.py:52} INFO - Started process 50570 to run task
[2023-03-02 16:33:37,149] {standard_task_runner.py:79} INFO - Running: ['airflow', 'tasks', 'run', 'get_stocks_dag', 'MSFT', 'scheduled__2023-02-03T00:00:00+00:00', '--job-id', '29', '--raw', '--subdir', 'DAGS_FOLDER/get_stocks.py', '--cfg-path', '/var/folders/8z/6d7zf4153pgfqk4ygy8by4rh0000gn/T/tmpv4es0ovk', '--error-file', '/var/folders/8z/6d7zf4153pgfqk4ygy8by4rh0000gn/T/tmp6vcuo8k2']
[2023-03-02 16:33:37,151] {standard_task_runner.py:80} INFO - Job 29: Subtask MSFT
[2023-03-02 16:33:42,176] {task_command.py:370} INFO - Running <TaskInstance: get_stocks_dag.MSFT scheduled__2023-02-03T00:00:00+00:00 [running]> on host AZ026.local
[2023-03-02 16:33:47,207] {taskinstance.py:1569} INFO - Exporting the following env vars:
AIRFLOW_CTX_DAG_OWNER=airflow
AIRFLOW_CTX_DAG_ID=get_stocks_dag
AIRFLOW_CTX_TASK_ID=MSFT
AIRFLOW_CTX_EXECUTION_DATE=2023-02-03T00:00:00+00:00
AIRFLOW_CTX_TRY_NUMBER=1
AIRFLOW_CTX_DAG_RUN_ID=scheduled__2023-02-03T00:00:00+00:00
[2023-03-02 16:33:47,290] {local_task_job.py:156} INFO - Task exited with return code Negsignal.SIGABRT
[2023-03-02 16:33:47,293] {taskinstance.py:1395} INFO - Marking task as FAILED. dag_id=get_stocks_dag, task_id=MSFT, execution_date=20230203T000000, start_date=20230302T193337, end_date=20230302T193347
[2023-03-02 16:33:47,301] {local_task_job.py:273} INFO - 0 downstream tasks scheduled from follow-on schedule check
