[2023-03-02 16:46:55,879] {taskinstance.py:1159} INFO - Dependencies all met for <TaskInstance: get_stocks_dag.GOOG scheduled__2023-03-01T00:00:00+00:00 [queued]>
[2023-03-02 16:46:55,887] {taskinstance.py:1159} INFO - Dependencies all met for <TaskInstance: get_stocks_dag.GOOG scheduled__2023-03-01T00:00:00+00:00 [queued]>
[2023-03-02 16:46:55,887] {taskinstance.py:1356} INFO - 
--------------------------------------------------------------------------------
[2023-03-02 16:46:55,887] {taskinstance.py:1357} INFO - Starting attempt 1 of 1
[2023-03-02 16:46:55,887] {taskinstance.py:1358} INFO - 
--------------------------------------------------------------------------------
[2023-03-02 16:46:55,899] {taskinstance.py:1377} INFO - Executing <Task(_PythonDecoratedOperator): GOOG> on 2023-03-01 00:00:00+00:00
[2023-03-02 16:46:55,902] {standard_task_runner.py:52} INFO - Started process 52160 to run task
[2023-03-02 16:46:55,906] {standard_task_runner.py:79} INFO - Running: ['airflow', 'tasks', 'run', 'get_stocks_dag', 'GOOG', 'scheduled__2023-03-01T00:00:00+00:00', '--job-id', '83', '--raw', '--subdir', 'DAGS_FOLDER/get_stocks.py', '--cfg-path', '/var/folders/8z/6d7zf4153pgfqk4ygy8by4rh0000gn/T/tmpz7cgvkl9', '--error-file', '/var/folders/8z/6d7zf4153pgfqk4ygy8by4rh0000gn/T/tmp9pzbmlug']
[2023-03-02 16:46:55,908] {standard_task_runner.py:80} INFO - Job 83: Subtask GOOG
[2023-03-02 16:47:00,932] {task_command.py:370} INFO - Running <TaskInstance: get_stocks_dag.GOOG scheduled__2023-03-01T00:00:00+00:00 [running]> on host AZ026.local
[2023-03-02 16:47:05,967] {taskinstance.py:1569} INFO - Exporting the following env vars:
AIRFLOW_CTX_DAG_OWNER=airflow
AIRFLOW_CTX_DAG_ID=get_stocks_dag
AIRFLOW_CTX_TASK_ID=GOOG
AIRFLOW_CTX_EXECUTION_DATE=2023-03-01T00:00:00+00:00
AIRFLOW_CTX_TRY_NUMBER=1
AIRFLOW_CTX_DAG_RUN_ID=scheduled__2023-03-01T00:00:00+00:00
[2023-03-02 16:47:06,945] {python.py:173} INFO - Done. Returned value was: None
[2023-03-02 16:47:06,951] {taskinstance.py:1395} INFO - Marking task as SUCCESS. dag_id=get_stocks_dag, task_id=GOOG, execution_date=20230301T000000, start_date=20230302T194655, end_date=20230302T194706
[2023-03-02 16:47:06,984] {local_task_job.py:156} INFO - Task exited with return code 0
[2023-03-02 16:47:06,992] {local_task_job.py:273} INFO - 0 downstream tasks scheduled from follow-on schedule check
