[2023-03-02 16:30:20,249] {taskinstance.py:1159} INFO - Dependencies all met for <TaskInstance: get_stocks_dag.AAPL scheduled__2023-02-01T00:00:00+00:00 [queued]>
[2023-03-02 16:30:20,256] {taskinstance.py:1159} INFO - Dependencies all met for <TaskInstance: get_stocks_dag.AAPL scheduled__2023-02-01T00:00:00+00:00 [queued]>
[2023-03-02 16:30:20,256] {taskinstance.py:1356} INFO - 
--------------------------------------------------------------------------------
[2023-03-02 16:30:20,256] {taskinstance.py:1357} INFO - Starting attempt 1 of 1
[2023-03-02 16:30:20,256] {taskinstance.py:1358} INFO - 
--------------------------------------------------------------------------------
[2023-03-02 16:30:20,266] {taskinstance.py:1377} INFO - Executing <Task(_PythonDecoratedOperator): AAPL> on 2023-02-01 00:00:00+00:00
[2023-03-02 16:30:20,270] {standard_task_runner.py:52} INFO - Started process 50114 to run task
[2023-03-02 16:30:20,274] {standard_task_runner.py:79} INFO - Running: ['airflow', 'tasks', 'run', 'get_stocks_dag', 'AAPL', 'scheduled__2023-02-01T00:00:00+00:00', '--job-id', '17', '--raw', '--subdir', 'DAGS_FOLDER/get_stocks.py', '--cfg-path', '/var/folders/8z/6d7zf4153pgfqk4ygy8by4rh0000gn/T/tmpgmdqcjlo', '--error-file', '/var/folders/8z/6d7zf4153pgfqk4ygy8by4rh0000gn/T/tmpwjefut8m']
[2023-03-02 16:30:20,275] {standard_task_runner.py:80} INFO - Job 17: Subtask AAPL
[2023-03-02 16:30:25,305] {task_command.py:370} INFO - Running <TaskInstance: get_stocks_dag.AAPL scheduled__2023-02-01T00:00:00+00:00 [running]> on host AZ026.local
[2023-03-02 16:30:30,356] {taskinstance.py:1569} INFO - Exporting the following env vars:
AIRFLOW_CTX_DAG_OWNER=airflow
AIRFLOW_CTX_DAG_ID=get_stocks_dag
AIRFLOW_CTX_TASK_ID=AAPL
AIRFLOW_CTX_EXECUTION_DATE=2023-02-01T00:00:00+00:00
AIRFLOW_CTX_TRY_NUMBER=1
AIRFLOW_CTX_DAG_RUN_ID=scheduled__2023-02-01T00:00:00+00:00
[2023-03-02 16:30:30,440] {local_task_job.py:156} INFO - Task exited with return code Negsignal.SIGABRT
[2023-03-02 16:30:30,443] {taskinstance.py:1395} INFO - Marking task as FAILED. dag_id=get_stocks_dag, task_id=AAPL, execution_date=20230201T000000, start_date=20230302T193020, end_date=20230302T193030
[2023-03-02 16:30:30,449] {local_task_job.py:273} INFO - 0 downstream tasks scheduled from follow-on schedule check
