[2023-03-01 10:44:47,514] {processor.py:153} INFO - Started process (PID=25569) to work on /Users/giovannisabarreto/Desktop/repositorios/airflow_k/venv/lib/python3.10/site-packages/airflow/example_dags/plugins/workday.py
[2023-03-01 10:44:47,514] {processor.py:641} INFO - Processing file /Users/giovannisabarreto/Desktop/repositorios/airflow_k/venv/lib/python3.10/site-packages/airflow/example_dags/plugins/workday.py for tasks to queue
[2023-03-01 10:44:47,515] {logging_mixin.py:115} INFO - [2023-03-01 10:44:47,515] {dagbag.py:507} INFO - Filling up the DagBag from /Users/giovannisabarreto/Desktop/repositorios/airflow_k/venv/lib/python3.10/site-packages/airflow/example_dags/plugins/workday.py
[2023-03-01 10:44:47,515] {processor.py:653} WARNING - No viable dags retrieved from /Users/giovannisabarreto/Desktop/repositorios/airflow_k/venv/lib/python3.10/site-packages/airflow/example_dags/plugins/workday.py
[2023-03-01 10:44:47,530] {processor.py:161} INFO - Processing /Users/giovannisabarreto/Desktop/repositorios/airflow_k/venv/lib/python3.10/site-packages/airflow/example_dags/plugins/workday.py took 0.016 seconds
[2023-03-01 10:45:39,245] {processor.py:153} INFO - Started process (PID=25671) to work on /Users/giovannisabarreto/Desktop/repositorios/airflow_k/venv/lib/python3.10/site-packages/airflow/example_dags/plugins/workday.py
[2023-03-01 10:45:39,246] {processor.py:641} INFO - Processing file /Users/giovannisabarreto/Desktop/repositorios/airflow_k/venv/lib/python3.10/site-packages/airflow/example_dags/plugins/workday.py for tasks to queue
[2023-03-01 10:45:39,246] {logging_mixin.py:115} INFO - [2023-03-01 10:45:39,246] {dagbag.py:507} INFO - Filling up the DagBag from /Users/giovannisabarreto/Desktop/repositorios/airflow_k/venv/lib/python3.10/site-packages/airflow/example_dags/plugins/workday.py
[2023-03-01 10:45:39,246] {processor.py:653} WARNING - No viable dags retrieved from /Users/giovannisabarreto/Desktop/repositorios/airflow_k/venv/lib/python3.10/site-packages/airflow/example_dags/plugins/workday.py
[2023-03-01 10:45:39,261] {processor.py:161} INFO - Processing /Users/giovannisabarreto/Desktop/repositorios/airflow_k/venv/lib/python3.10/site-packages/airflow/example_dags/plugins/workday.py took 0.016 seconds
[2023-03-01 10:46:15,784] {processor.py:153} INFO - Started process (PID=25733) to work on /Users/giovannisabarreto/Desktop/repositorios/airflow_k/venv/lib/python3.10/site-packages/airflow/example_dags/plugins/workday.py
[2023-03-01 10:46:15,785] {processor.py:641} INFO - Processing file /Users/giovannisabarreto/Desktop/repositorios/airflow_k/venv/lib/python3.10/site-packages/airflow/example_dags/plugins/workday.py for tasks to queue
[2023-03-01 10:46:15,785] {logging_mixin.py:115} INFO - [2023-03-01 10:46:15,785] {dagbag.py:507} INFO - Filling up the DagBag from /Users/giovannisabarreto/Desktop/repositorios/airflow_k/venv/lib/python3.10/site-packages/airflow/example_dags/plugins/workday.py
[2023-03-01 10:46:15,786] {processor.py:653} WARNING - No viable dags retrieved from /Users/giovannisabarreto/Desktop/repositorios/airflow_k/venv/lib/python3.10/site-packages/airflow/example_dags/plugins/workday.py
[2023-03-01 10:46:15,799] {processor.py:161} INFO - Processing /Users/giovannisabarreto/Desktop/repositorios/airflow_k/venv/lib/python3.10/site-packages/airflow/example_dags/plugins/workday.py took 0.015 seconds
[2023-03-01 10:47:00,269] {processor.py:153} INFO - Started process (PID=25811) to work on /Users/giovannisabarreto/Desktop/repositorios/airflow_k/venv/lib/python3.10/site-packages/airflow/example_dags/plugins/workday.py
[2023-03-01 10:47:00,269] {processor.py:641} INFO - Processing file /Users/giovannisabarreto/Desktop/repositorios/airflow_k/venv/lib/python3.10/site-packages/airflow/example_dags/plugins/workday.py for tasks to queue
[2023-03-01 10:47:00,269] {logging_mixin.py:115} INFO - [2023-03-01 10:47:00,269] {dagbag.py:507} INFO - Filling up the DagBag from /Users/giovannisabarreto/Desktop/repositorios/airflow_k/venv/lib/python3.10/site-packages/airflow/example_dags/plugins/workday.py
[2023-03-01 10:47:00,270] {processor.py:653} WARNING - No viable dags retrieved from /Users/giovannisabarreto/Desktop/repositorios/airflow_k/venv/lib/python3.10/site-packages/airflow/example_dags/plugins/workday.py
[2023-03-01 10:47:00,284] {processor.py:161} INFO - Processing /Users/giovannisabarreto/Desktop/repositorios/airflow_k/venv/lib/python3.10/site-packages/airflow/example_dags/plugins/workday.py took 0.015 seconds
[2023-03-01 10:47:45,241] {processor.py:153} INFO - Started process (PID=25892) to work on /Users/giovannisabarreto/Desktop/repositorios/airflow_k/venv/lib/python3.10/site-packages/airflow/example_dags/plugins/workday.py
[2023-03-01 10:47:45,241] {processor.py:641} INFO - Processing file /Users/giovannisabarreto/Desktop/repositorios/airflow_k/venv/lib/python3.10/site-packages/airflow/example_dags/plugins/workday.py for tasks to queue
[2023-03-01 10:47:45,242] {logging_mixin.py:115} INFO - [2023-03-01 10:47:45,242] {dagbag.py:507} INFO - Filling up the DagBag from /Users/giovannisabarreto/Desktop/repositorios/airflow_k/venv/lib/python3.10/site-packages/airflow/example_dags/plugins/workday.py
[2023-03-01 10:47:45,243] {processor.py:653} WARNING - No viable dags retrieved from /Users/giovannisabarreto/Desktop/repositorios/airflow_k/venv/lib/python3.10/site-packages/airflow/example_dags/plugins/workday.py
[2023-03-01 10:47:45,256] {processor.py:161} INFO - Processing /Users/giovannisabarreto/Desktop/repositorios/airflow_k/venv/lib/python3.10/site-packages/airflow/example_dags/plugins/workday.py took 0.016 seconds
[2023-03-01 10:48:31,413] {processor.py:153} INFO - Started process (PID=25970) to work on /Users/giovannisabarreto/Desktop/repositorios/airflow_k/venv/lib/python3.10/site-packages/airflow/example_dags/plugins/workday.py
[2023-03-01 10:48:31,413] {processor.py:641} INFO - Processing file /Users/giovannisabarreto/Desktop/repositorios/airflow_k/venv/lib/python3.10/site-packages/airflow/example_dags/plugins/workday.py for tasks to queue
[2023-03-01 10:48:31,413] {logging_mixin.py:115} INFO - [2023-03-01 10:48:31,413] {dagbag.py:507} INFO - Filling up the DagBag from /Users/giovannisabarreto/Desktop/repositorios/airflow_k/venv/lib/python3.10/site-packages/airflow/example_dags/plugins/workday.py
[2023-03-01 10:48:31,414] {processor.py:653} WARNING - No viable dags retrieved from /Users/giovannisabarreto/Desktop/repositorios/airflow_k/venv/lib/python3.10/site-packages/airflow/example_dags/plugins/workday.py
[2023-03-01 10:48:31,428] {processor.py:161} INFO - Processing /Users/giovannisabarreto/Desktop/repositorios/airflow_k/venv/lib/python3.10/site-packages/airflow/example_dags/plugins/workday.py took 0.015 seconds
[2023-03-01 10:49:04,344] {processor.py:153} INFO - Started process (PID=26038) to work on /Users/giovannisabarreto/Desktop/repositorios/airflow_k/venv/lib/python3.10/site-packages/airflow/example_dags/plugins/workday.py
[2023-03-01 10:49:04,344] {processor.py:641} INFO - Processing file /Users/giovannisabarreto/Desktop/repositorios/airflow_k/venv/lib/python3.10/site-packages/airflow/example_dags/plugins/workday.py for tasks to queue
[2023-03-01 10:49:04,344] {logging_mixin.py:115} INFO - [2023-03-01 10:49:04,344] {dagbag.py:507} INFO - Filling up the DagBag from /Users/giovannisabarreto/Desktop/repositorios/airflow_k/venv/lib/python3.10/site-packages/airflow/example_dags/plugins/workday.py
[2023-03-01 10:49:04,345] {processor.py:653} WARNING - No viable dags retrieved from /Users/giovannisabarreto/Desktop/repositorios/airflow_k/venv/lib/python3.10/site-packages/airflow/example_dags/plugins/workday.py
[2023-03-01 10:49:04,359] {processor.py:161} INFO - Processing /Users/giovannisabarreto/Desktop/repositorios/airflow_k/venv/lib/python3.10/site-packages/airflow/example_dags/plugins/workday.py took 0.015 seconds
[2023-03-01 10:49:48,208] {processor.py:153} INFO - Started process (PID=26123) to work on /Users/giovannisabarreto/Desktop/repositorios/airflow_k/venv/lib/python3.10/site-packages/airflow/example_dags/plugins/workday.py
[2023-03-01 10:49:48,209] {processor.py:641} INFO - Processing file /Users/giovannisabarreto/Desktop/repositorios/airflow_k/venv/lib/python3.10/site-packages/airflow/example_dags/plugins/workday.py for tasks to queue
[2023-03-01 10:49:48,209] {logging_mixin.py:115} INFO - [2023-03-01 10:49:48,209] {dagbag.py:507} INFO - Filling up the DagBag from /Users/giovannisabarreto/Desktop/repositorios/airflow_k/venv/lib/python3.10/site-packages/airflow/example_dags/plugins/workday.py
[2023-03-01 10:49:48,210] {processor.py:653} WARNING - No viable dags retrieved from /Users/giovannisabarreto/Desktop/repositorios/airflow_k/venv/lib/python3.10/site-packages/airflow/example_dags/plugins/workday.py
[2023-03-01 10:49:48,223] {processor.py:161} INFO - Processing /Users/giovannisabarreto/Desktop/repositorios/airflow_k/venv/lib/python3.10/site-packages/airflow/example_dags/plugins/workday.py took 0.015 seconds
[2023-03-01 10:50:32,488] {processor.py:153} INFO - Started process (PID=26199) to work on /Users/giovannisabarreto/Desktop/repositorios/airflow_k/venv/lib/python3.10/site-packages/airflow/example_dags/plugins/workday.py
[2023-03-01 10:50:32,488] {processor.py:641} INFO - Processing file /Users/giovannisabarreto/Desktop/repositorios/airflow_k/venv/lib/python3.10/site-packages/airflow/example_dags/plugins/workday.py for tasks to queue
[2023-03-01 10:50:32,488] {logging_mixin.py:115} INFO - [2023-03-01 10:50:32,488] {dagbag.py:507} INFO - Filling up the DagBag from /Users/giovannisabarreto/Desktop/repositorios/airflow_k/venv/lib/python3.10/site-packages/airflow/example_dags/plugins/workday.py
[2023-03-01 10:50:32,488] {processor.py:653} WARNING - No viable dags retrieved from /Users/giovannisabarreto/Desktop/repositorios/airflow_k/venv/lib/python3.10/site-packages/airflow/example_dags/plugins/workday.py
[2023-03-01 10:50:32,502] {processor.py:161} INFO - Processing /Users/giovannisabarreto/Desktop/repositorios/airflow_k/venv/lib/python3.10/site-packages/airflow/example_dags/plugins/workday.py took 0.015 seconds
[2023-03-01 10:51:05,551] {processor.py:153} INFO - Started process (PID=26253) to work on /Users/giovannisabarreto/Desktop/repositorios/airflow_k/venv/lib/python3.10/site-packages/airflow/example_dags/plugins/workday.py
[2023-03-01 10:51:05,552] {processor.py:641} INFO - Processing file /Users/giovannisabarreto/Desktop/repositorios/airflow_k/venv/lib/python3.10/site-packages/airflow/example_dags/plugins/workday.py for tasks to queue
[2023-03-01 10:51:05,552] {logging_mixin.py:115} INFO - [2023-03-01 10:51:05,552] {dagbag.py:507} INFO - Filling up the DagBag from /Users/giovannisabarreto/Desktop/repositorios/airflow_k/venv/lib/python3.10/site-packages/airflow/example_dags/plugins/workday.py
[2023-03-01 10:51:05,553] {processor.py:653} WARNING - No viable dags retrieved from /Users/giovannisabarreto/Desktop/repositorios/airflow_k/venv/lib/python3.10/site-packages/airflow/example_dags/plugins/workday.py
[2023-03-01 10:51:05,567] {processor.py:161} INFO - Processing /Users/giovannisabarreto/Desktop/repositorios/airflow_k/venv/lib/python3.10/site-packages/airflow/example_dags/plugins/workday.py took 0.016 seconds
[2023-03-01 10:51:39,388] {processor.py:153} INFO - Started process (PID=26312) to work on /Users/giovannisabarreto/Desktop/repositorios/airflow_k/venv/lib/python3.10/site-packages/airflow/example_dags/plugins/workday.py
[2023-03-01 10:51:39,389] {processor.py:641} INFO - Processing file /Users/giovannisabarreto/Desktop/repositorios/airflow_k/venv/lib/python3.10/site-packages/airflow/example_dags/plugins/workday.py for tasks to queue
[2023-03-01 10:51:39,389] {logging_mixin.py:115} INFO - [2023-03-01 10:51:39,389] {dagbag.py:507} INFO - Filling up the DagBag from /Users/giovannisabarreto/Desktop/repositorios/airflow_k/venv/lib/python3.10/site-packages/airflow/example_dags/plugins/workday.py
[2023-03-01 10:51:39,389] {processor.py:653} WARNING - No viable dags retrieved from /Users/giovannisabarreto/Desktop/repositorios/airflow_k/venv/lib/python3.10/site-packages/airflow/example_dags/plugins/workday.py
[2023-03-01 10:51:39,403] {processor.py:161} INFO - Processing /Users/giovannisabarreto/Desktop/repositorios/airflow_k/venv/lib/python3.10/site-packages/airflow/example_dags/plugins/workday.py took 0.015 seconds
[2023-03-01 10:52:12,020] {processor.py:153} INFO - Started process (PID=26366) to work on /Users/giovannisabarreto/Desktop/repositorios/airflow_k/venv/lib/python3.10/site-packages/airflow/example_dags/plugins/workday.py
[2023-03-01 10:52:12,021] {processor.py:641} INFO - Processing file /Users/giovannisabarreto/Desktop/repositorios/airflow_k/venv/lib/python3.10/site-packages/airflow/example_dags/plugins/workday.py for tasks to queue
[2023-03-01 10:52:12,021] {logging_mixin.py:115} INFO - [2023-03-01 10:52:12,021] {dagbag.py:507} INFO - Filling up the DagBag from /Users/giovannisabarreto/Desktop/repositorios/airflow_k/venv/lib/python3.10/site-packages/airflow/example_dags/plugins/workday.py
[2023-03-01 10:52:12,021] {processor.py:653} WARNING - No viable dags retrieved from /Users/giovannisabarreto/Desktop/repositorios/airflow_k/venv/lib/python3.10/site-packages/airflow/example_dags/plugins/workday.py
[2023-03-01 10:52:12,035] {processor.py:161} INFO - Processing /Users/giovannisabarreto/Desktop/repositorios/airflow_k/venv/lib/python3.10/site-packages/airflow/example_dags/plugins/workday.py took 0.016 seconds
[2023-03-01 10:52:44,561] {processor.py:153} INFO - Started process (PID=26422) to work on /Users/giovannisabarreto/Desktop/repositorios/airflow_k/venv/lib/python3.10/site-packages/airflow/example_dags/plugins/workday.py
[2023-03-01 10:52:44,561] {processor.py:641} INFO - Processing file /Users/giovannisabarreto/Desktop/repositorios/airflow_k/venv/lib/python3.10/site-packages/airflow/example_dags/plugins/workday.py for tasks to queue
[2023-03-01 10:52:44,562] {logging_mixin.py:115} INFO - [2023-03-01 10:52:44,562] {dagbag.py:507} INFO - Filling up the DagBag from /Users/giovannisabarreto/Desktop/repositorios/airflow_k/venv/lib/python3.10/site-packages/airflow/example_dags/plugins/workday.py
[2023-03-01 10:52:44,562] {processor.py:653} WARNING - No viable dags retrieved from /Users/giovannisabarreto/Desktop/repositorios/airflow_k/venv/lib/python3.10/site-packages/airflow/example_dags/plugins/workday.py
[2023-03-01 10:52:44,576] {processor.py:161} INFO - Processing /Users/giovannisabarreto/Desktop/repositorios/airflow_k/venv/lib/python3.10/site-packages/airflow/example_dags/plugins/workday.py took 0.016 seconds
[2023-03-01 10:53:15,549] {processor.py:153} INFO - Started process (PID=26480) to work on /Users/giovannisabarreto/Desktop/repositorios/airflow_k/venv/lib/python3.10/site-packages/airflow/example_dags/plugins/workday.py
[2023-03-01 10:53:15,549] {processor.py:641} INFO - Processing file /Users/giovannisabarreto/Desktop/repositorios/airflow_k/venv/lib/python3.10/site-packages/airflow/example_dags/plugins/workday.py for tasks to queue
[2023-03-01 10:53:15,549] {logging_mixin.py:115} INFO - [2023-03-01 10:53:15,549] {dagbag.py:507} INFO - Filling up the DagBag from /Users/giovannisabarreto/Desktop/repositorios/airflow_k/venv/lib/python3.10/site-packages/airflow/example_dags/plugins/workday.py
[2023-03-01 10:53:15,550] {processor.py:653} WARNING - No viable dags retrieved from /Users/giovannisabarreto/Desktop/repositorios/airflow_k/venv/lib/python3.10/site-packages/airflow/example_dags/plugins/workday.py
[2023-03-01 10:53:15,564] {processor.py:161} INFO - Processing /Users/giovannisabarreto/Desktop/repositorios/airflow_k/venv/lib/python3.10/site-packages/airflow/example_dags/plugins/workday.py took 0.015 seconds
[2023-03-01 10:53:49,113] {processor.py:153} INFO - Started process (PID=26536) to work on /Users/giovannisabarreto/Desktop/repositorios/airflow_k/venv/lib/python3.10/site-packages/airflow/example_dags/plugins/workday.py
[2023-03-01 10:53:49,114] {processor.py:641} INFO - Processing file /Users/giovannisabarreto/Desktop/repositorios/airflow_k/venv/lib/python3.10/site-packages/airflow/example_dags/plugins/workday.py for tasks to queue
[2023-03-01 10:53:49,114] {logging_mixin.py:115} INFO - [2023-03-01 10:53:49,114] {dagbag.py:507} INFO - Filling up the DagBag from /Users/giovannisabarreto/Desktop/repositorios/airflow_k/venv/lib/python3.10/site-packages/airflow/example_dags/plugins/workday.py
[2023-03-01 10:53:49,114] {processor.py:653} WARNING - No viable dags retrieved from /Users/giovannisabarreto/Desktop/repositorios/airflow_k/venv/lib/python3.10/site-packages/airflow/example_dags/plugins/workday.py
[2023-03-01 10:53:49,128] {processor.py:161} INFO - Processing /Users/giovannisabarreto/Desktop/repositorios/airflow_k/venv/lib/python3.10/site-packages/airflow/example_dags/plugins/workday.py took 0.016 seconds
[2023-03-01 10:54:32,851] {processor.py:153} INFO - Started process (PID=26626) to work on /Users/giovannisabarreto/Desktop/repositorios/airflow_k/venv/lib/python3.10/site-packages/airflow/example_dags/plugins/workday.py
[2023-03-01 10:54:32,852] {processor.py:641} INFO - Processing file /Users/giovannisabarreto/Desktop/repositorios/airflow_k/venv/lib/python3.10/site-packages/airflow/example_dags/plugins/workday.py for tasks to queue
[2023-03-01 10:54:32,852] {logging_mixin.py:115} INFO - [2023-03-01 10:54:32,852] {dagbag.py:507} INFO - Filling up the DagBag from /Users/giovannisabarreto/Desktop/repositorios/airflow_k/venv/lib/python3.10/site-packages/airflow/example_dags/plugins/workday.py
[2023-03-01 10:54:32,853] {processor.py:653} WARNING - No viable dags retrieved from /Users/giovannisabarreto/Desktop/repositorios/airflow_k/venv/lib/python3.10/site-packages/airflow/example_dags/plugins/workday.py
[2023-03-01 10:54:32,867] {processor.py:161} INFO - Processing /Users/giovannisabarreto/Desktop/repositorios/airflow_k/venv/lib/python3.10/site-packages/airflow/example_dags/plugins/workday.py took 0.016 seconds
[2023-03-01 10:55:19,941] {processor.py:153} INFO - Started process (PID=26709) to work on /Users/giovannisabarreto/Desktop/repositorios/airflow_k/venv/lib/python3.10/site-packages/airflow/example_dags/plugins/workday.py
[2023-03-01 10:55:19,942] {processor.py:641} INFO - Processing file /Users/giovannisabarreto/Desktop/repositorios/airflow_k/venv/lib/python3.10/site-packages/airflow/example_dags/plugins/workday.py for tasks to queue
[2023-03-01 10:55:19,942] {logging_mixin.py:115} INFO - [2023-03-01 10:55:19,942] {dagbag.py:507} INFO - Filling up the DagBag from /Users/giovannisabarreto/Desktop/repositorios/airflow_k/venv/lib/python3.10/site-packages/airflow/example_dags/plugins/workday.py
[2023-03-01 10:55:19,942] {processor.py:653} WARNING - No viable dags retrieved from /Users/giovannisabarreto/Desktop/repositorios/airflow_k/venv/lib/python3.10/site-packages/airflow/example_dags/plugins/workday.py
[2023-03-01 10:55:19,956] {processor.py:161} INFO - Processing /Users/giovannisabarreto/Desktop/repositorios/airflow_k/venv/lib/python3.10/site-packages/airflow/example_dags/plugins/workday.py took 0.016 seconds
[2023-03-01 10:56:05,066] {processor.py:153} INFO - Started process (PID=26785) to work on /Users/giovannisabarreto/Desktop/repositorios/airflow_k/venv/lib/python3.10/site-packages/airflow/example_dags/plugins/workday.py
[2023-03-01 10:56:05,066] {processor.py:641} INFO - Processing file /Users/giovannisabarreto/Desktop/repositorios/airflow_k/venv/lib/python3.10/site-packages/airflow/example_dags/plugins/workday.py for tasks to queue
[2023-03-01 10:56:05,066] {logging_mixin.py:115} INFO - [2023-03-01 10:56:05,066] {dagbag.py:507} INFO - Filling up the DagBag from /Users/giovannisabarreto/Desktop/repositorios/airflow_k/venv/lib/python3.10/site-packages/airflow/example_dags/plugins/workday.py
[2023-03-01 10:56:05,067] {processor.py:653} WARNING - No viable dags retrieved from /Users/giovannisabarreto/Desktop/repositorios/airflow_k/venv/lib/python3.10/site-packages/airflow/example_dags/plugins/workday.py
[2023-03-01 10:56:05,081] {processor.py:161} INFO - Processing /Users/giovannisabarreto/Desktop/repositorios/airflow_k/venv/lib/python3.10/site-packages/airflow/example_dags/plugins/workday.py took 0.015 seconds
[2023-03-01 10:56:38,366] {processor.py:153} INFO - Started process (PID=26842) to work on /Users/giovannisabarreto/Desktop/repositorios/airflow_k/venv/lib/python3.10/site-packages/airflow/example_dags/plugins/workday.py
[2023-03-01 10:56:38,367] {processor.py:641} INFO - Processing file /Users/giovannisabarreto/Desktop/repositorios/airflow_k/venv/lib/python3.10/site-packages/airflow/example_dags/plugins/workday.py for tasks to queue
[2023-03-01 10:56:38,367] {logging_mixin.py:115} INFO - [2023-03-01 10:56:38,367] {dagbag.py:507} INFO - Filling up the DagBag from /Users/giovannisabarreto/Desktop/repositorios/airflow_k/venv/lib/python3.10/site-packages/airflow/example_dags/plugins/workday.py
[2023-03-01 10:56:38,368] {processor.py:653} WARNING - No viable dags retrieved from /Users/giovannisabarreto/Desktop/repositorios/airflow_k/venv/lib/python3.10/site-packages/airflow/example_dags/plugins/workday.py
[2023-03-01 10:56:38,382] {processor.py:161} INFO - Processing /Users/giovannisabarreto/Desktop/repositorios/airflow_k/venv/lib/python3.10/site-packages/airflow/example_dags/plugins/workday.py took 0.016 seconds
[2023-03-01 10:57:20,316] {processor.py:153} INFO - Started process (PID=26915) to work on /Users/giovannisabarreto/Desktop/repositorios/airflow_k/venv/lib/python3.10/site-packages/airflow/example_dags/plugins/workday.py
[2023-03-01 10:57:20,317] {processor.py:641} INFO - Processing file /Users/giovannisabarreto/Desktop/repositorios/airflow_k/venv/lib/python3.10/site-packages/airflow/example_dags/plugins/workday.py for tasks to queue
[2023-03-01 10:57:20,318] {logging_mixin.py:115} INFO - [2023-03-01 10:57:20,318] {dagbag.py:507} INFO - Filling up the DagBag from /Users/giovannisabarreto/Desktop/repositorios/airflow_k/venv/lib/python3.10/site-packages/airflow/example_dags/plugins/workday.py
[2023-03-01 10:57:20,318] {processor.py:653} WARNING - No viable dags retrieved from /Users/giovannisabarreto/Desktop/repositorios/airflow_k/venv/lib/python3.10/site-packages/airflow/example_dags/plugins/workday.py
[2023-03-01 10:57:20,332] {processor.py:161} INFO - Processing /Users/giovannisabarreto/Desktop/repositorios/airflow_k/venv/lib/python3.10/site-packages/airflow/example_dags/plugins/workday.py took 0.016 seconds
[2023-03-01 10:58:06,060] {processor.py:153} INFO - Started process (PID=26998) to work on /Users/giovannisabarreto/Desktop/repositorios/airflow_k/venv/lib/python3.10/site-packages/airflow/example_dags/plugins/workday.py
[2023-03-01 10:58:06,061] {processor.py:641} INFO - Processing file /Users/giovannisabarreto/Desktop/repositorios/airflow_k/venv/lib/python3.10/site-packages/airflow/example_dags/plugins/workday.py for tasks to queue
[2023-03-01 10:58:06,061] {logging_mixin.py:115} INFO - [2023-03-01 10:58:06,061] {dagbag.py:507} INFO - Filling up the DagBag from /Users/giovannisabarreto/Desktop/repositorios/airflow_k/venv/lib/python3.10/site-packages/airflow/example_dags/plugins/workday.py
[2023-03-01 10:58:06,061] {processor.py:653} WARNING - No viable dags retrieved from /Users/giovannisabarreto/Desktop/repositorios/airflow_k/venv/lib/python3.10/site-packages/airflow/example_dags/plugins/workday.py
[2023-03-01 10:58:06,075] {processor.py:161} INFO - Processing /Users/giovannisabarreto/Desktop/repositorios/airflow_k/venv/lib/python3.10/site-packages/airflow/example_dags/plugins/workday.py took 0.015 seconds
[2023-03-01 10:58:36,734] {processor.py:153} INFO - Started process (PID=27059) to work on /Users/giovannisabarreto/Desktop/repositorios/airflow_k/venv/lib/python3.10/site-packages/airflow/example_dags/plugins/workday.py
[2023-03-01 10:58:36,735] {processor.py:641} INFO - Processing file /Users/giovannisabarreto/Desktop/repositorios/airflow_k/venv/lib/python3.10/site-packages/airflow/example_dags/plugins/workday.py for tasks to queue
[2023-03-01 10:58:36,735] {logging_mixin.py:115} INFO - [2023-03-01 10:58:36,735] {dagbag.py:507} INFO - Filling up the DagBag from /Users/giovannisabarreto/Desktop/repositorios/airflow_k/venv/lib/python3.10/site-packages/airflow/example_dags/plugins/workday.py
[2023-03-01 10:58:36,735] {processor.py:653} WARNING - No viable dags retrieved from /Users/giovannisabarreto/Desktop/repositorios/airflow_k/venv/lib/python3.10/site-packages/airflow/example_dags/plugins/workday.py
[2023-03-01 10:58:36,749] {processor.py:161} INFO - Processing /Users/giovannisabarreto/Desktop/repositorios/airflow_k/venv/lib/python3.10/site-packages/airflow/example_dags/plugins/workday.py took 0.016 seconds
[2023-03-01 10:59:21,118] {processor.py:153} INFO - Started process (PID=27149) to work on /Users/giovannisabarreto/Desktop/repositorios/airflow_k/venv/lib/python3.10/site-packages/airflow/example_dags/plugins/workday.py
[2023-03-01 10:59:21,118] {processor.py:641} INFO - Processing file /Users/giovannisabarreto/Desktop/repositorios/airflow_k/venv/lib/python3.10/site-packages/airflow/example_dags/plugins/workday.py for tasks to queue
[2023-03-01 10:59:21,119] {logging_mixin.py:115} INFO - [2023-03-01 10:59:21,119] {dagbag.py:507} INFO - Filling up the DagBag from /Users/giovannisabarreto/Desktop/repositorios/airflow_k/venv/lib/python3.10/site-packages/airflow/example_dags/plugins/workday.py
[2023-03-01 10:59:21,119] {processor.py:653} WARNING - No viable dags retrieved from /Users/giovannisabarreto/Desktop/repositorios/airflow_k/venv/lib/python3.10/site-packages/airflow/example_dags/plugins/workday.py
[2023-03-01 10:59:21,133] {processor.py:161} INFO - Processing /Users/giovannisabarreto/Desktop/repositorios/airflow_k/venv/lib/python3.10/site-packages/airflow/example_dags/plugins/workday.py took 0.015 seconds
[2023-03-01 11:05:20,589] {processor.py:153} INFO - Started process (PID=27243) to work on /Users/giovannisabarreto/Desktop/repositorios/airflow_k/venv/lib/python3.10/site-packages/airflow/example_dags/plugins/workday.py
[2023-03-01 11:05:20,589] {processor.py:641} INFO - Processing file /Users/giovannisabarreto/Desktop/repositorios/airflow_k/venv/lib/python3.10/site-packages/airflow/example_dags/plugins/workday.py for tasks to queue
[2023-03-01 11:05:20,589] {logging_mixin.py:115} INFO - [2023-03-01 11:05:20,589] {dagbag.py:507} INFO - Filling up the DagBag from /Users/giovannisabarreto/Desktop/repositorios/airflow_k/venv/lib/python3.10/site-packages/airflow/example_dags/plugins/workday.py
[2023-03-01 11:05:20,590] {processor.py:653} WARNING - No viable dags retrieved from /Users/giovannisabarreto/Desktop/repositorios/airflow_k/venv/lib/python3.10/site-packages/airflow/example_dags/plugins/workday.py
[2023-03-01 11:05:20,622] {processor.py:161} INFO - Processing /Users/giovannisabarreto/Desktop/repositorios/airflow_k/venv/lib/python3.10/site-packages/airflow/example_dags/plugins/workday.py took 0.034 seconds
[2023-03-01 11:06:07,911] {processor.py:153} INFO - Started process (PID=27366) to work on /Users/giovannisabarreto/Desktop/repositorios/airflow_k/venv/lib/python3.10/site-packages/airflow/example_dags/plugins/workday.py
[2023-03-01 11:06:07,911] {processor.py:641} INFO - Processing file /Users/giovannisabarreto/Desktop/repositorios/airflow_k/venv/lib/python3.10/site-packages/airflow/example_dags/plugins/workday.py for tasks to queue
[2023-03-01 11:06:07,911] {logging_mixin.py:115} INFO - [2023-03-01 11:06:07,911] {dagbag.py:507} INFO - Filling up the DagBag from /Users/giovannisabarreto/Desktop/repositorios/airflow_k/venv/lib/python3.10/site-packages/airflow/example_dags/plugins/workday.py
[2023-03-01 11:06:07,912] {processor.py:653} WARNING - No viable dags retrieved from /Users/giovannisabarreto/Desktop/repositorios/airflow_k/venv/lib/python3.10/site-packages/airflow/example_dags/plugins/workday.py
[2023-03-01 11:06:07,926] {processor.py:161} INFO - Processing /Users/giovannisabarreto/Desktop/repositorios/airflow_k/venv/lib/python3.10/site-packages/airflow/example_dags/plugins/workday.py took 0.015 seconds
[2023-03-01 11:06:51,424] {processor.py:153} INFO - Started process (PID=27443) to work on /Users/giovannisabarreto/Desktop/repositorios/airflow_k/venv/lib/python3.10/site-packages/airflow/example_dags/plugins/workday.py
[2023-03-01 11:06:51,424] {processor.py:641} INFO - Processing file /Users/giovannisabarreto/Desktop/repositorios/airflow_k/venv/lib/python3.10/site-packages/airflow/example_dags/plugins/workday.py for tasks to queue
[2023-03-01 11:06:51,424] {logging_mixin.py:115} INFO - [2023-03-01 11:06:51,424] {dagbag.py:507} INFO - Filling up the DagBag from /Users/giovannisabarreto/Desktop/repositorios/airflow_k/venv/lib/python3.10/site-packages/airflow/example_dags/plugins/workday.py
[2023-03-01 11:06:51,424] {processor.py:653} WARNING - No viable dags retrieved from /Users/giovannisabarreto/Desktop/repositorios/airflow_k/venv/lib/python3.10/site-packages/airflow/example_dags/plugins/workday.py
[2023-03-01 11:06:51,438] {processor.py:161} INFO - Processing /Users/giovannisabarreto/Desktop/repositorios/airflow_k/venv/lib/python3.10/site-packages/airflow/example_dags/plugins/workday.py took 0.015 seconds
[2023-03-01 11:07:34,938] {processor.py:153} INFO - Started process (PID=28368) to work on /Users/giovannisabarreto/Desktop/repositorios/airflow_k/venv/lib/python3.10/site-packages/airflow/example_dags/plugins/workday.py
[2023-03-01 11:07:34,939] {processor.py:641} INFO - Processing file /Users/giovannisabarreto/Desktop/repositorios/airflow_k/venv/lib/python3.10/site-packages/airflow/example_dags/plugins/workday.py for tasks to queue
[2023-03-01 11:07:34,939] {logging_mixin.py:115} INFO - [2023-03-01 11:07:34,939] {dagbag.py:507} INFO - Filling up the DagBag from /Users/giovannisabarreto/Desktop/repositorios/airflow_k/venv/lib/python3.10/site-packages/airflow/example_dags/plugins/workday.py
[2023-03-01 11:07:34,939] {processor.py:653} WARNING - No viable dags retrieved from /Users/giovannisabarreto/Desktop/repositorios/airflow_k/venv/lib/python3.10/site-packages/airflow/example_dags/plugins/workday.py
[2023-03-01 11:07:34,955] {processor.py:161} INFO - Processing /Users/giovannisabarreto/Desktop/repositorios/airflow_k/venv/lib/python3.10/site-packages/airflow/example_dags/plugins/workday.py took 0.017 seconds
[2023-03-01 11:08:18,458] {processor.py:153} INFO - Started process (PID=29112) to work on /Users/giovannisabarreto/Desktop/repositorios/airflow_k/venv/lib/python3.10/site-packages/airflow/example_dags/plugins/workday.py
[2023-03-01 11:08:18,459] {processor.py:641} INFO - Processing file /Users/giovannisabarreto/Desktop/repositorios/airflow_k/venv/lib/python3.10/site-packages/airflow/example_dags/plugins/workday.py for tasks to queue
[2023-03-01 11:08:18,459] {logging_mixin.py:115} INFO - [2023-03-01 11:08:18,459] {dagbag.py:507} INFO - Filling up the DagBag from /Users/giovannisabarreto/Desktop/repositorios/airflow_k/venv/lib/python3.10/site-packages/airflow/example_dags/plugins/workday.py
[2023-03-01 11:08:18,460] {processor.py:653} WARNING - No viable dags retrieved from /Users/giovannisabarreto/Desktop/repositorios/airflow_k/venv/lib/python3.10/site-packages/airflow/example_dags/plugins/workday.py
[2023-03-01 11:08:18,474] {processor.py:161} INFO - Processing /Users/giovannisabarreto/Desktop/repositorios/airflow_k/venv/lib/python3.10/site-packages/airflow/example_dags/plugins/workday.py took 0.016 seconds
[2023-03-01 11:09:03,166] {processor.py:153} INFO - Started process (PID=29264) to work on /Users/giovannisabarreto/Desktop/repositorios/airflow_k/venv/lib/python3.10/site-packages/airflow/example_dags/plugins/workday.py
[2023-03-01 11:09:03,166] {processor.py:641} INFO - Processing file /Users/giovannisabarreto/Desktop/repositorios/airflow_k/venv/lib/python3.10/site-packages/airflow/example_dags/plugins/workday.py for tasks to queue
[2023-03-01 11:09:03,166] {logging_mixin.py:115} INFO - [2023-03-01 11:09:03,166] {dagbag.py:507} INFO - Filling up the DagBag from /Users/giovannisabarreto/Desktop/repositorios/airflow_k/venv/lib/python3.10/site-packages/airflow/example_dags/plugins/workday.py
[2023-03-01 11:09:03,167] {processor.py:653} WARNING - No viable dags retrieved from /Users/giovannisabarreto/Desktop/repositorios/airflow_k/venv/lib/python3.10/site-packages/airflow/example_dags/plugins/workday.py
[2023-03-01 11:09:03,181] {processor.py:161} INFO - Processing /Users/giovannisabarreto/Desktop/repositorios/airflow_k/venv/lib/python3.10/site-packages/airflow/example_dags/plugins/workday.py took 0.016 seconds
[2023-03-01 11:09:45,274] {processor.py:153} INFO - Started process (PID=29441) to work on /Users/giovannisabarreto/Desktop/repositorios/airflow_k/venv/lib/python3.10/site-packages/airflow/example_dags/plugins/workday.py
[2023-03-01 11:09:45,275] {processor.py:641} INFO - Processing file /Users/giovannisabarreto/Desktop/repositorios/airflow_k/venv/lib/python3.10/site-packages/airflow/example_dags/plugins/workday.py for tasks to queue
[2023-03-01 11:09:45,275] {logging_mixin.py:115} INFO - [2023-03-01 11:09:45,275] {dagbag.py:507} INFO - Filling up the DagBag from /Users/giovannisabarreto/Desktop/repositorios/airflow_k/venv/lib/python3.10/site-packages/airflow/example_dags/plugins/workday.py
[2023-03-01 11:09:45,276] {processor.py:653} WARNING - No viable dags retrieved from /Users/giovannisabarreto/Desktop/repositorios/airflow_k/venv/lib/python3.10/site-packages/airflow/example_dags/plugins/workday.py
[2023-03-01 11:09:45,290] {processor.py:161} INFO - Processing /Users/giovannisabarreto/Desktop/repositorios/airflow_k/venv/lib/python3.10/site-packages/airflow/example_dags/plugins/workday.py took 0.016 seconds
[2023-03-01 11:10:27,885] {processor.py:153} INFO - Started process (PID=29611) to work on /Users/giovannisabarreto/Desktop/repositorios/airflow_k/venv/lib/python3.10/site-packages/airflow/example_dags/plugins/workday.py
[2023-03-01 11:10:27,885] {processor.py:641} INFO - Processing file /Users/giovannisabarreto/Desktop/repositorios/airflow_k/venv/lib/python3.10/site-packages/airflow/example_dags/plugins/workday.py for tasks to queue
[2023-03-01 11:10:27,886] {logging_mixin.py:115} INFO - [2023-03-01 11:10:27,886] {dagbag.py:507} INFO - Filling up the DagBag from /Users/giovannisabarreto/Desktop/repositorios/airflow_k/venv/lib/python3.10/site-packages/airflow/example_dags/plugins/workday.py
[2023-03-01 11:10:27,886] {processor.py:653} WARNING - No viable dags retrieved from /Users/giovannisabarreto/Desktop/repositorios/airflow_k/venv/lib/python3.10/site-packages/airflow/example_dags/plugins/workday.py
[2023-03-01 11:10:27,900] {processor.py:161} INFO - Processing /Users/giovannisabarreto/Desktop/repositorios/airflow_k/venv/lib/python3.10/site-packages/airflow/example_dags/plugins/workday.py took 0.015 seconds
[2023-03-01 11:11:11,445] {processor.py:153} INFO - Started process (PID=29715) to work on /Users/giovannisabarreto/Desktop/repositorios/airflow_k/venv/lib/python3.10/site-packages/airflow/example_dags/plugins/workday.py
[2023-03-01 11:11:11,445] {processor.py:641} INFO - Processing file /Users/giovannisabarreto/Desktop/repositorios/airflow_k/venv/lib/python3.10/site-packages/airflow/example_dags/plugins/workday.py for tasks to queue
[2023-03-01 11:11:11,445] {logging_mixin.py:115} INFO - [2023-03-01 11:11:11,445] {dagbag.py:507} INFO - Filling up the DagBag from /Users/giovannisabarreto/Desktop/repositorios/airflow_k/venv/lib/python3.10/site-packages/airflow/example_dags/plugins/workday.py
[2023-03-01 11:11:11,446] {processor.py:653} WARNING - No viable dags retrieved from /Users/giovannisabarreto/Desktop/repositorios/airflow_k/venv/lib/python3.10/site-packages/airflow/example_dags/plugins/workday.py
[2023-03-01 11:11:11,461] {processor.py:161} INFO - Processing /Users/giovannisabarreto/Desktop/repositorios/airflow_k/venv/lib/python3.10/site-packages/airflow/example_dags/plugins/workday.py took 0.016 seconds
[2023-03-01 11:11:57,381] {processor.py:153} INFO - Started process (PID=29873) to work on /Users/giovannisabarreto/Desktop/repositorios/airflow_k/venv/lib/python3.10/site-packages/airflow/example_dags/plugins/workday.py
[2023-03-01 11:11:57,382] {processor.py:641} INFO - Processing file /Users/giovannisabarreto/Desktop/repositorios/airflow_k/venv/lib/python3.10/site-packages/airflow/example_dags/plugins/workday.py for tasks to queue
[2023-03-01 11:11:57,382] {logging_mixin.py:115} INFO - [2023-03-01 11:11:57,382] {dagbag.py:507} INFO - Filling up the DagBag from /Users/giovannisabarreto/Desktop/repositorios/airflow_k/venv/lib/python3.10/site-packages/airflow/example_dags/plugins/workday.py
[2023-03-01 11:11:57,382] {processor.py:653} WARNING - No viable dags retrieved from /Users/giovannisabarreto/Desktop/repositorios/airflow_k/venv/lib/python3.10/site-packages/airflow/example_dags/plugins/workday.py
[2023-03-01 11:11:57,396] {processor.py:161} INFO - Processing /Users/giovannisabarreto/Desktop/repositorios/airflow_k/venv/lib/python3.10/site-packages/airflow/example_dags/plugins/workday.py took 0.016 seconds
[2023-03-01 11:12:27,904] {processor.py:153} INFO - Started process (PID=29924) to work on /Users/giovannisabarreto/Desktop/repositorios/airflow_k/venv/lib/python3.10/site-packages/airflow/example_dags/plugins/workday.py
[2023-03-01 11:12:27,904] {processor.py:641} INFO - Processing file /Users/giovannisabarreto/Desktop/repositorios/airflow_k/venv/lib/python3.10/site-packages/airflow/example_dags/plugins/workday.py for tasks to queue
[2023-03-01 11:12:27,904] {logging_mixin.py:115} INFO - [2023-03-01 11:12:27,904] {dagbag.py:507} INFO - Filling up the DagBag from /Users/giovannisabarreto/Desktop/repositorios/airflow_k/venv/lib/python3.10/site-packages/airflow/example_dags/plugins/workday.py
[2023-03-01 11:12:27,905] {processor.py:653} WARNING - No viable dags retrieved from /Users/giovannisabarreto/Desktop/repositorios/airflow_k/venv/lib/python3.10/site-packages/airflow/example_dags/plugins/workday.py
[2023-03-01 11:12:27,920] {processor.py:161} INFO - Processing /Users/giovannisabarreto/Desktop/repositorios/airflow_k/venv/lib/python3.10/site-packages/airflow/example_dags/plugins/workday.py took 0.016 seconds
[2023-03-01 11:12:59,354] {processor.py:153} INFO - Started process (PID=29978) to work on /Users/giovannisabarreto/Desktop/repositorios/airflow_k/venv/lib/python3.10/site-packages/airflow/example_dags/plugins/workday.py
[2023-03-01 11:12:59,355] {processor.py:641} INFO - Processing file /Users/giovannisabarreto/Desktop/repositorios/airflow_k/venv/lib/python3.10/site-packages/airflow/example_dags/plugins/workday.py for tasks to queue
[2023-03-01 11:12:59,355] {logging_mixin.py:115} INFO - [2023-03-01 11:12:59,355] {dagbag.py:507} INFO - Filling up the DagBag from /Users/giovannisabarreto/Desktop/repositorios/airflow_k/venv/lib/python3.10/site-packages/airflow/example_dags/plugins/workday.py
[2023-03-01 11:12:59,356] {processor.py:653} WARNING - No viable dags retrieved from /Users/giovannisabarreto/Desktop/repositorios/airflow_k/venv/lib/python3.10/site-packages/airflow/example_dags/plugins/workday.py
[2023-03-01 11:12:59,369] {processor.py:161} INFO - Processing /Users/giovannisabarreto/Desktop/repositorios/airflow_k/venv/lib/python3.10/site-packages/airflow/example_dags/plugins/workday.py took 0.016 seconds
[2023-03-01 11:13:42,126] {processor.py:153} INFO - Started process (PID=30054) to work on /Users/giovannisabarreto/Desktop/repositorios/airflow_k/venv/lib/python3.10/site-packages/airflow/example_dags/plugins/workday.py
[2023-03-01 11:13:42,127] {processor.py:641} INFO - Processing file /Users/giovannisabarreto/Desktop/repositorios/airflow_k/venv/lib/python3.10/site-packages/airflow/example_dags/plugins/workday.py for tasks to queue
[2023-03-01 11:13:42,127] {logging_mixin.py:115} INFO - [2023-03-01 11:13:42,127] {dagbag.py:507} INFO - Filling up the DagBag from /Users/giovannisabarreto/Desktop/repositorios/airflow_k/venv/lib/python3.10/site-packages/airflow/example_dags/plugins/workday.py
[2023-03-01 11:13:42,128] {processor.py:653} WARNING - No viable dags retrieved from /Users/giovannisabarreto/Desktop/repositorios/airflow_k/venv/lib/python3.10/site-packages/airflow/example_dags/plugins/workday.py
[2023-03-01 11:13:42,141] {processor.py:161} INFO - Processing /Users/giovannisabarreto/Desktop/repositorios/airflow_k/venv/lib/python3.10/site-packages/airflow/example_dags/plugins/workday.py took 0.016 seconds
[2023-03-01 11:14:14,649] {processor.py:153} INFO - Started process (PID=30110) to work on /Users/giovannisabarreto/Desktop/repositorios/airflow_k/venv/lib/python3.10/site-packages/airflow/example_dags/plugins/workday.py
[2023-03-01 11:14:14,649] {processor.py:641} INFO - Processing file /Users/giovannisabarreto/Desktop/repositorios/airflow_k/venv/lib/python3.10/site-packages/airflow/example_dags/plugins/workday.py for tasks to queue
[2023-03-01 11:14:14,649] {logging_mixin.py:115} INFO - [2023-03-01 11:14:14,649] {dagbag.py:507} INFO - Filling up the DagBag from /Users/giovannisabarreto/Desktop/repositorios/airflow_k/venv/lib/python3.10/site-packages/airflow/example_dags/plugins/workday.py
[2023-03-01 11:14:14,650] {processor.py:653} WARNING - No viable dags retrieved from /Users/giovannisabarreto/Desktop/repositorios/airflow_k/venv/lib/python3.10/site-packages/airflow/example_dags/plugins/workday.py
[2023-03-01 11:14:14,664] {processor.py:161} INFO - Processing /Users/giovannisabarreto/Desktop/repositorios/airflow_k/venv/lib/python3.10/site-packages/airflow/example_dags/plugins/workday.py took 0.015 seconds
[2023-03-01 11:14:59,401] {processor.py:153} INFO - Started process (PID=30257) to work on /Users/giovannisabarreto/Desktop/repositorios/airflow_k/venv/lib/python3.10/site-packages/airflow/example_dags/plugins/workday.py
[2023-03-01 11:14:59,402] {processor.py:641} INFO - Processing file /Users/giovannisabarreto/Desktop/repositorios/airflow_k/venv/lib/python3.10/site-packages/airflow/example_dags/plugins/workday.py for tasks to queue
[2023-03-01 11:14:59,402] {logging_mixin.py:115} INFO - [2023-03-01 11:14:59,402] {dagbag.py:507} INFO - Filling up the DagBag from /Users/giovannisabarreto/Desktop/repositorios/airflow_k/venv/lib/python3.10/site-packages/airflow/example_dags/plugins/workday.py
[2023-03-01 11:14:59,403] {processor.py:653} WARNING - No viable dags retrieved from /Users/giovannisabarreto/Desktop/repositorios/airflow_k/venv/lib/python3.10/site-packages/airflow/example_dags/plugins/workday.py
[2023-03-01 11:14:59,416] {processor.py:161} INFO - Processing /Users/giovannisabarreto/Desktop/repositorios/airflow_k/venv/lib/python3.10/site-packages/airflow/example_dags/plugins/workday.py took 0.016 seconds
[2023-03-01 11:15:40,948] {processor.py:153} INFO - Started process (PID=30360) to work on /Users/giovannisabarreto/Desktop/repositorios/airflow_k/venv/lib/python3.10/site-packages/airflow/example_dags/plugins/workday.py
[2023-03-01 11:15:40,949] {processor.py:641} INFO - Processing file /Users/giovannisabarreto/Desktop/repositorios/airflow_k/venv/lib/python3.10/site-packages/airflow/example_dags/plugins/workday.py for tasks to queue
[2023-03-01 11:15:40,949] {logging_mixin.py:115} INFO - [2023-03-01 11:15:40,949] {dagbag.py:507} INFO - Filling up the DagBag from /Users/giovannisabarreto/Desktop/repositorios/airflow_k/venv/lib/python3.10/site-packages/airflow/example_dags/plugins/workday.py
[2023-03-01 11:15:40,949] {processor.py:653} WARNING - No viable dags retrieved from /Users/giovannisabarreto/Desktop/repositorios/airflow_k/venv/lib/python3.10/site-packages/airflow/example_dags/plugins/workday.py
[2023-03-01 11:15:40,963] {processor.py:161} INFO - Processing /Users/giovannisabarreto/Desktop/repositorios/airflow_k/venv/lib/python3.10/site-packages/airflow/example_dags/plugins/workday.py took 0.015 seconds
[2023-03-01 11:16:24,880] {processor.py:153} INFO - Started process (PID=30434) to work on /Users/giovannisabarreto/Desktop/repositorios/airflow_k/venv/lib/python3.10/site-packages/airflow/example_dags/plugins/workday.py
[2023-03-01 11:16:24,880] {processor.py:641} INFO - Processing file /Users/giovannisabarreto/Desktop/repositorios/airflow_k/venv/lib/python3.10/site-packages/airflow/example_dags/plugins/workday.py for tasks to queue
[2023-03-01 11:16:24,880] {logging_mixin.py:115} INFO - [2023-03-01 11:16:24,880] {dagbag.py:507} INFO - Filling up the DagBag from /Users/giovannisabarreto/Desktop/repositorios/airflow_k/venv/lib/python3.10/site-packages/airflow/example_dags/plugins/workday.py
[2023-03-01 11:16:24,881] {processor.py:653} WARNING - No viable dags retrieved from /Users/giovannisabarreto/Desktop/repositorios/airflow_k/venv/lib/python3.10/site-packages/airflow/example_dags/plugins/workday.py
[2023-03-01 11:16:24,895] {processor.py:161} INFO - Processing /Users/giovannisabarreto/Desktop/repositorios/airflow_k/venv/lib/python3.10/site-packages/airflow/example_dags/plugins/workday.py took 0.015 seconds
[2023-03-01 11:16:56,905] {processor.py:153} INFO - Started process (PID=30501) to work on /Users/giovannisabarreto/Desktop/repositorios/airflow_k/venv/lib/python3.10/site-packages/airflow/example_dags/plugins/workday.py
[2023-03-01 11:16:56,906] {processor.py:641} INFO - Processing file /Users/giovannisabarreto/Desktop/repositorios/airflow_k/venv/lib/python3.10/site-packages/airflow/example_dags/plugins/workday.py for tasks to queue
[2023-03-01 11:16:56,906] {logging_mixin.py:115} INFO - [2023-03-01 11:16:56,906] {dagbag.py:507} INFO - Filling up the DagBag from /Users/giovannisabarreto/Desktop/repositorios/airflow_k/venv/lib/python3.10/site-packages/airflow/example_dags/plugins/workday.py
[2023-03-01 11:16:56,907] {processor.py:653} WARNING - No viable dags retrieved from /Users/giovannisabarreto/Desktop/repositorios/airflow_k/venv/lib/python3.10/site-packages/airflow/example_dags/plugins/workday.py
[2023-03-01 11:16:56,921] {processor.py:161} INFO - Processing /Users/giovannisabarreto/Desktop/repositorios/airflow_k/venv/lib/python3.10/site-packages/airflow/example_dags/plugins/workday.py took 0.016 seconds
[2023-03-01 11:17:39,674] {processor.py:153} INFO - Started process (PID=30576) to work on /Users/giovannisabarreto/Desktop/repositorios/airflow_k/venv/lib/python3.10/site-packages/airflow/example_dags/plugins/workday.py
[2023-03-01 11:17:39,674] {processor.py:641} INFO - Processing file /Users/giovannisabarreto/Desktop/repositorios/airflow_k/venv/lib/python3.10/site-packages/airflow/example_dags/plugins/workday.py for tasks to queue
[2023-03-01 11:17:39,674] {logging_mixin.py:115} INFO - [2023-03-01 11:17:39,674] {dagbag.py:507} INFO - Filling up the DagBag from /Users/giovannisabarreto/Desktop/repositorios/airflow_k/venv/lib/python3.10/site-packages/airflow/example_dags/plugins/workday.py
[2023-03-01 11:17:39,674] {processor.py:653} WARNING - No viable dags retrieved from /Users/giovannisabarreto/Desktop/repositorios/airflow_k/venv/lib/python3.10/site-packages/airflow/example_dags/plugins/workday.py
[2023-03-01 11:17:39,688] {processor.py:161} INFO - Processing /Users/giovannisabarreto/Desktop/repositorios/airflow_k/venv/lib/python3.10/site-packages/airflow/example_dags/plugins/workday.py took 0.015 seconds
[2023-03-01 11:18:12,729] {processor.py:153} INFO - Started process (PID=30637) to work on /Users/giovannisabarreto/Desktop/repositorios/airflow_k/venv/lib/python3.10/site-packages/airflow/example_dags/plugins/workday.py
[2023-03-01 11:18:12,730] {processor.py:641} INFO - Processing file /Users/giovannisabarreto/Desktop/repositorios/airflow_k/venv/lib/python3.10/site-packages/airflow/example_dags/plugins/workday.py for tasks to queue
[2023-03-01 11:18:12,730] {logging_mixin.py:115} INFO - [2023-03-01 11:18:12,730] {dagbag.py:507} INFO - Filling up the DagBag from /Users/giovannisabarreto/Desktop/repositorios/airflow_k/venv/lib/python3.10/site-packages/airflow/example_dags/plugins/workday.py
[2023-03-01 11:18:12,730] {processor.py:653} WARNING - No viable dags retrieved from /Users/giovannisabarreto/Desktop/repositorios/airflow_k/venv/lib/python3.10/site-packages/airflow/example_dags/plugins/workday.py
[2023-03-01 11:18:12,744] {processor.py:161} INFO - Processing /Users/giovannisabarreto/Desktop/repositorios/airflow_k/venv/lib/python3.10/site-packages/airflow/example_dags/plugins/workday.py took 0.016 seconds
[2023-03-01 11:18:45,308] {processor.py:153} INFO - Started process (PID=30698) to work on /Users/giovannisabarreto/Desktop/repositorios/airflow_k/venv/lib/python3.10/site-packages/airflow/example_dags/plugins/workday.py
[2023-03-01 11:18:45,309] {processor.py:641} INFO - Processing file /Users/giovannisabarreto/Desktop/repositorios/airflow_k/venv/lib/python3.10/site-packages/airflow/example_dags/plugins/workday.py for tasks to queue
[2023-03-01 11:18:45,309] {logging_mixin.py:115} INFO - [2023-03-01 11:18:45,309] {dagbag.py:507} INFO - Filling up the DagBag from /Users/giovannisabarreto/Desktop/repositorios/airflow_k/venv/lib/python3.10/site-packages/airflow/example_dags/plugins/workday.py
[2023-03-01 11:18:45,309] {processor.py:653} WARNING - No viable dags retrieved from /Users/giovannisabarreto/Desktop/repositorios/airflow_k/venv/lib/python3.10/site-packages/airflow/example_dags/plugins/workday.py
[2023-03-01 11:18:45,323] {processor.py:161} INFO - Processing /Users/giovannisabarreto/Desktop/repositorios/airflow_k/venv/lib/python3.10/site-packages/airflow/example_dags/plugins/workday.py took 0.016 seconds
[2023-03-01 11:19:17,217] {processor.py:153} INFO - Started process (PID=30758) to work on /Users/giovannisabarreto/Desktop/repositorios/airflow_k/venv/lib/python3.10/site-packages/airflow/example_dags/plugins/workday.py
[2023-03-01 11:19:17,217] {processor.py:641} INFO - Processing file /Users/giovannisabarreto/Desktop/repositorios/airflow_k/venv/lib/python3.10/site-packages/airflow/example_dags/plugins/workday.py for tasks to queue
[2023-03-01 11:19:17,218] {logging_mixin.py:115} INFO - [2023-03-01 11:19:17,218] {dagbag.py:507} INFO - Filling up the DagBag from /Users/giovannisabarreto/Desktop/repositorios/airflow_k/venv/lib/python3.10/site-packages/airflow/example_dags/plugins/workday.py
[2023-03-01 11:19:17,218] {processor.py:653} WARNING - No viable dags retrieved from /Users/giovannisabarreto/Desktop/repositorios/airflow_k/venv/lib/python3.10/site-packages/airflow/example_dags/plugins/workday.py
[2023-03-01 11:19:17,234] {processor.py:161} INFO - Processing /Users/giovannisabarreto/Desktop/repositorios/airflow_k/venv/lib/python3.10/site-packages/airflow/example_dags/plugins/workday.py took 0.017 seconds
[2023-03-01 11:19:49,172] {processor.py:153} INFO - Started process (PID=30823) to work on /Users/giovannisabarreto/Desktop/repositorios/airflow_k/venv/lib/python3.10/site-packages/airflow/example_dags/plugins/workday.py
[2023-03-01 11:19:49,173] {processor.py:641} INFO - Processing file /Users/giovannisabarreto/Desktop/repositorios/airflow_k/venv/lib/python3.10/site-packages/airflow/example_dags/plugins/workday.py for tasks to queue
[2023-03-01 11:19:49,173] {logging_mixin.py:115} INFO - [2023-03-01 11:19:49,173] {dagbag.py:507} INFO - Filling up the DagBag from /Users/giovannisabarreto/Desktop/repositorios/airflow_k/venv/lib/python3.10/site-packages/airflow/example_dags/plugins/workday.py
[2023-03-01 11:19:49,173] {processor.py:653} WARNING - No viable dags retrieved from /Users/giovannisabarreto/Desktop/repositorios/airflow_k/venv/lib/python3.10/site-packages/airflow/example_dags/plugins/workday.py
[2023-03-01 11:19:49,187] {processor.py:161} INFO - Processing /Users/giovannisabarreto/Desktop/repositorios/airflow_k/venv/lib/python3.10/site-packages/airflow/example_dags/plugins/workday.py took 0.016 seconds
[2023-03-01 11:20:33,257] {processor.py:153} INFO - Started process (PID=30900) to work on /Users/giovannisabarreto/Desktop/repositorios/airflow_k/venv/lib/python3.10/site-packages/airflow/example_dags/plugins/workday.py
[2023-03-01 11:20:33,257] {processor.py:641} INFO - Processing file /Users/giovannisabarreto/Desktop/repositorios/airflow_k/venv/lib/python3.10/site-packages/airflow/example_dags/plugins/workday.py for tasks to queue
[2023-03-01 11:20:33,257] {logging_mixin.py:115} INFO - [2023-03-01 11:20:33,257] {dagbag.py:507} INFO - Filling up the DagBag from /Users/giovannisabarreto/Desktop/repositorios/airflow_k/venv/lib/python3.10/site-packages/airflow/example_dags/plugins/workday.py
[2023-03-01 11:20:33,258] {processor.py:653} WARNING - No viable dags retrieved from /Users/giovannisabarreto/Desktop/repositorios/airflow_k/venv/lib/python3.10/site-packages/airflow/example_dags/plugins/workday.py
[2023-03-01 11:20:33,272] {processor.py:161} INFO - Processing /Users/giovannisabarreto/Desktop/repositorios/airflow_k/venv/lib/python3.10/site-packages/airflow/example_dags/plugins/workday.py took 0.015 seconds
[2023-03-01 11:21:17,200] {processor.py:153} INFO - Started process (PID=30977) to work on /Users/giovannisabarreto/Desktop/repositorios/airflow_k/venv/lib/python3.10/site-packages/airflow/example_dags/plugins/workday.py
[2023-03-01 11:21:17,201] {processor.py:641} INFO - Processing file /Users/giovannisabarreto/Desktop/repositorios/airflow_k/venv/lib/python3.10/site-packages/airflow/example_dags/plugins/workday.py for tasks to queue
[2023-03-01 11:21:17,201] {logging_mixin.py:115} INFO - [2023-03-01 11:21:17,201] {dagbag.py:507} INFO - Filling up the DagBag from /Users/giovannisabarreto/Desktop/repositorios/airflow_k/venv/lib/python3.10/site-packages/airflow/example_dags/plugins/workday.py
[2023-03-01 11:21:17,202] {processor.py:653} WARNING - No viable dags retrieved from /Users/giovannisabarreto/Desktop/repositorios/airflow_k/venv/lib/python3.10/site-packages/airflow/example_dags/plugins/workday.py
[2023-03-01 11:21:17,216] {processor.py:161} INFO - Processing /Users/giovannisabarreto/Desktop/repositorios/airflow_k/venv/lib/python3.10/site-packages/airflow/example_dags/plugins/workday.py took 0.016 seconds
[2023-03-01 11:22:00,305] {processor.py:153} INFO - Started process (PID=31084) to work on /Users/giovannisabarreto/Desktop/repositorios/airflow_k/venv/lib/python3.10/site-packages/airflow/example_dags/plugins/workday.py
[2023-03-01 11:22:00,306] {processor.py:641} INFO - Processing file /Users/giovannisabarreto/Desktop/repositorios/airflow_k/venv/lib/python3.10/site-packages/airflow/example_dags/plugins/workday.py for tasks to queue
[2023-03-01 11:22:00,306] {logging_mixin.py:115} INFO - [2023-03-01 11:22:00,306] {dagbag.py:507} INFO - Filling up the DagBag from /Users/giovannisabarreto/Desktop/repositorios/airflow_k/venv/lib/python3.10/site-packages/airflow/example_dags/plugins/workday.py
[2023-03-01 11:22:00,306] {processor.py:653} WARNING - No viable dags retrieved from /Users/giovannisabarreto/Desktop/repositorios/airflow_k/venv/lib/python3.10/site-packages/airflow/example_dags/plugins/workday.py
[2023-03-01 11:22:00,320] {processor.py:161} INFO - Processing /Users/giovannisabarreto/Desktop/repositorios/airflow_k/venv/lib/python3.10/site-packages/airflow/example_dags/plugins/workday.py took 0.016 seconds
[2023-03-01 11:22:43,588] {processor.py:153} INFO - Started process (PID=31182) to work on /Users/giovannisabarreto/Desktop/repositorios/airflow_k/venv/lib/python3.10/site-packages/airflow/example_dags/plugins/workday.py
[2023-03-01 11:22:43,589] {processor.py:641} INFO - Processing file /Users/giovannisabarreto/Desktop/repositorios/airflow_k/venv/lib/python3.10/site-packages/airflow/example_dags/plugins/workday.py for tasks to queue
[2023-03-01 11:22:43,589] {logging_mixin.py:115} INFO - [2023-03-01 11:22:43,589] {dagbag.py:507} INFO - Filling up the DagBag from /Users/giovannisabarreto/Desktop/repositorios/airflow_k/venv/lib/python3.10/site-packages/airflow/example_dags/plugins/workday.py
[2023-03-01 11:22:43,589] {processor.py:653} WARNING - No viable dags retrieved from /Users/giovannisabarreto/Desktop/repositorios/airflow_k/venv/lib/python3.10/site-packages/airflow/example_dags/plugins/workday.py
[2023-03-01 11:22:43,603] {processor.py:161} INFO - Processing /Users/giovannisabarreto/Desktop/repositorios/airflow_k/venv/lib/python3.10/site-packages/airflow/example_dags/plugins/workday.py took 0.016 seconds
[2023-03-01 11:23:14,440] {processor.py:153} INFO - Started process (PID=31236) to work on /Users/giovannisabarreto/Desktop/repositorios/airflow_k/venv/lib/python3.10/site-packages/airflow/example_dags/plugins/workday.py
[2023-03-01 11:23:14,440] {processor.py:641} INFO - Processing file /Users/giovannisabarreto/Desktop/repositorios/airflow_k/venv/lib/python3.10/site-packages/airflow/example_dags/plugins/workday.py for tasks to queue
[2023-03-01 11:23:14,441] {logging_mixin.py:115} INFO - [2023-03-01 11:23:14,440] {dagbag.py:507} INFO - Filling up the DagBag from /Users/giovannisabarreto/Desktop/repositorios/airflow_k/venv/lib/python3.10/site-packages/airflow/example_dags/plugins/workday.py
[2023-03-01 11:23:14,441] {processor.py:653} WARNING - No viable dags retrieved from /Users/giovannisabarreto/Desktop/repositorios/airflow_k/venv/lib/python3.10/site-packages/airflow/example_dags/plugins/workday.py
[2023-03-01 11:23:14,455] {processor.py:161} INFO - Processing /Users/giovannisabarreto/Desktop/repositorios/airflow_k/venv/lib/python3.10/site-packages/airflow/example_dags/plugins/workday.py took 0.015 seconds
[2023-03-01 11:23:46,544] {processor.py:153} INFO - Started process (PID=31293) to work on /Users/giovannisabarreto/Desktop/repositorios/airflow_k/venv/lib/python3.10/site-packages/airflow/example_dags/plugins/workday.py
[2023-03-01 11:23:46,544] {processor.py:641} INFO - Processing file /Users/giovannisabarreto/Desktop/repositorios/airflow_k/venv/lib/python3.10/site-packages/airflow/example_dags/plugins/workday.py for tasks to queue
[2023-03-01 11:23:46,544] {logging_mixin.py:115} INFO - [2023-03-01 11:23:46,544] {dagbag.py:507} INFO - Filling up the DagBag from /Users/giovannisabarreto/Desktop/repositorios/airflow_k/venv/lib/python3.10/site-packages/airflow/example_dags/plugins/workday.py
[2023-03-01 11:23:46,545] {processor.py:653} WARNING - No viable dags retrieved from /Users/giovannisabarreto/Desktop/repositorios/airflow_k/venv/lib/python3.10/site-packages/airflow/example_dags/plugins/workday.py
[2023-03-01 11:23:46,559] {processor.py:161} INFO - Processing /Users/giovannisabarreto/Desktop/repositorios/airflow_k/venv/lib/python3.10/site-packages/airflow/example_dags/plugins/workday.py took 0.015 seconds
[2023-03-01 11:24:17,148] {processor.py:153} INFO - Started process (PID=31348) to work on /Users/giovannisabarreto/Desktop/repositorios/airflow_k/venv/lib/python3.10/site-packages/airflow/example_dags/plugins/workday.py
[2023-03-01 11:24:17,148] {processor.py:641} INFO - Processing file /Users/giovannisabarreto/Desktop/repositorios/airflow_k/venv/lib/python3.10/site-packages/airflow/example_dags/plugins/workday.py for tasks to queue
[2023-03-01 11:24:17,148] {logging_mixin.py:115} INFO - [2023-03-01 11:24:17,148] {dagbag.py:507} INFO - Filling up the DagBag from /Users/giovannisabarreto/Desktop/repositorios/airflow_k/venv/lib/python3.10/site-packages/airflow/example_dags/plugins/workday.py
[2023-03-01 11:24:17,149] {processor.py:653} WARNING - No viable dags retrieved from /Users/giovannisabarreto/Desktop/repositorios/airflow_k/venv/lib/python3.10/site-packages/airflow/example_dags/plugins/workday.py
[2023-03-01 11:24:17,163] {processor.py:161} INFO - Processing /Users/giovannisabarreto/Desktop/repositorios/airflow_k/venv/lib/python3.10/site-packages/airflow/example_dags/plugins/workday.py took 0.016 seconds
[2023-03-01 11:24:49,242] {processor.py:153} INFO - Started process (PID=31423) to work on /Users/giovannisabarreto/Desktop/repositorios/airflow_k/venv/lib/python3.10/site-packages/airflow/example_dags/plugins/workday.py
[2023-03-01 11:24:49,242] {processor.py:641} INFO - Processing file /Users/giovannisabarreto/Desktop/repositorios/airflow_k/venv/lib/python3.10/site-packages/airflow/example_dags/plugins/workday.py for tasks to queue
[2023-03-01 11:24:49,242] {logging_mixin.py:115} INFO - [2023-03-01 11:24:49,242] {dagbag.py:507} INFO - Filling up the DagBag from /Users/giovannisabarreto/Desktop/repositorios/airflow_k/venv/lib/python3.10/site-packages/airflow/example_dags/plugins/workday.py
[2023-03-01 11:24:49,243] {processor.py:653} WARNING - No viable dags retrieved from /Users/giovannisabarreto/Desktop/repositorios/airflow_k/venv/lib/python3.10/site-packages/airflow/example_dags/plugins/workday.py
[2023-03-01 11:24:49,257] {processor.py:161} INFO - Processing /Users/giovannisabarreto/Desktop/repositorios/airflow_k/venv/lib/python3.10/site-packages/airflow/example_dags/plugins/workday.py took 0.015 seconds
[2023-03-01 11:25:30,815] {processor.py:153} INFO - Started process (PID=31499) to work on /Users/giovannisabarreto/Desktop/repositorios/airflow_k/venv/lib/python3.10/site-packages/airflow/example_dags/plugins/workday.py
[2023-03-01 11:25:30,816] {processor.py:641} INFO - Processing file /Users/giovannisabarreto/Desktop/repositorios/airflow_k/venv/lib/python3.10/site-packages/airflow/example_dags/plugins/workday.py for tasks to queue
[2023-03-01 11:25:30,816] {logging_mixin.py:115} INFO - [2023-03-01 11:25:30,816] {dagbag.py:507} INFO - Filling up the DagBag from /Users/giovannisabarreto/Desktop/repositorios/airflow_k/venv/lib/python3.10/site-packages/airflow/example_dags/plugins/workday.py
[2023-03-01 11:25:30,817] {processor.py:653} WARNING - No viable dags retrieved from /Users/giovannisabarreto/Desktop/repositorios/airflow_k/venv/lib/python3.10/site-packages/airflow/example_dags/plugins/workday.py
[2023-03-01 11:25:30,831] {processor.py:161} INFO - Processing /Users/giovannisabarreto/Desktop/repositorios/airflow_k/venv/lib/python3.10/site-packages/airflow/example_dags/plugins/workday.py took 0.016 seconds
[2023-03-01 11:26:13,837] {processor.py:153} INFO - Started process (PID=31573) to work on /Users/giovannisabarreto/Desktop/repositorios/airflow_k/venv/lib/python3.10/site-packages/airflow/example_dags/plugins/workday.py
[2023-03-01 11:26:13,838] {processor.py:641} INFO - Processing file /Users/giovannisabarreto/Desktop/repositorios/airflow_k/venv/lib/python3.10/site-packages/airflow/example_dags/plugins/workday.py for tasks to queue
[2023-03-01 11:26:13,838] {logging_mixin.py:115} INFO - [2023-03-01 11:26:13,838] {dagbag.py:507} INFO - Filling up the DagBag from /Users/giovannisabarreto/Desktop/repositorios/airflow_k/venv/lib/python3.10/site-packages/airflow/example_dags/plugins/workday.py
[2023-03-01 11:26:13,839] {processor.py:653} WARNING - No viable dags retrieved from /Users/giovannisabarreto/Desktop/repositorios/airflow_k/venv/lib/python3.10/site-packages/airflow/example_dags/plugins/workday.py
[2023-03-01 11:26:13,853] {processor.py:161} INFO - Processing /Users/giovannisabarreto/Desktop/repositorios/airflow_k/venv/lib/python3.10/site-packages/airflow/example_dags/plugins/workday.py took 0.016 seconds
[2023-03-01 11:26:57,786] {processor.py:153} INFO - Started process (PID=31652) to work on /Users/giovannisabarreto/Desktop/repositorios/airflow_k/venv/lib/python3.10/site-packages/airflow/example_dags/plugins/workday.py
[2023-03-01 11:26:57,786] {processor.py:641} INFO - Processing file /Users/giovannisabarreto/Desktop/repositorios/airflow_k/venv/lib/python3.10/site-packages/airflow/example_dags/plugins/workday.py for tasks to queue
[2023-03-01 11:26:57,786] {logging_mixin.py:115} INFO - [2023-03-01 11:26:57,786] {dagbag.py:507} INFO - Filling up the DagBag from /Users/giovannisabarreto/Desktop/repositorios/airflow_k/venv/lib/python3.10/site-packages/airflow/example_dags/plugins/workday.py
[2023-03-01 11:26:57,787] {processor.py:653} WARNING - No viable dags retrieved from /Users/giovannisabarreto/Desktop/repositorios/airflow_k/venv/lib/python3.10/site-packages/airflow/example_dags/plugins/workday.py
[2023-03-01 11:26:57,802] {processor.py:161} INFO - Processing /Users/giovannisabarreto/Desktop/repositorios/airflow_k/venv/lib/python3.10/site-packages/airflow/example_dags/plugins/workday.py took 0.016 seconds
[2023-03-01 11:27:41,511] {processor.py:153} INFO - Started process (PID=31760) to work on /Users/giovannisabarreto/Desktop/repositorios/airflow_k/venv/lib/python3.10/site-packages/airflow/example_dags/plugins/workday.py
[2023-03-01 11:27:41,512] {processor.py:641} INFO - Processing file /Users/giovannisabarreto/Desktop/repositorios/airflow_k/venv/lib/python3.10/site-packages/airflow/example_dags/plugins/workday.py for tasks to queue
[2023-03-01 11:27:41,512] {logging_mixin.py:115} INFO - [2023-03-01 11:27:41,512] {dagbag.py:507} INFO - Filling up the DagBag from /Users/giovannisabarreto/Desktop/repositorios/airflow_k/venv/lib/python3.10/site-packages/airflow/example_dags/plugins/workday.py
[2023-03-01 11:27:41,513] {processor.py:653} WARNING - No viable dags retrieved from /Users/giovannisabarreto/Desktop/repositorios/airflow_k/venv/lib/python3.10/site-packages/airflow/example_dags/plugins/workday.py
[2023-03-01 11:27:41,527] {processor.py:161} INFO - Processing /Users/giovannisabarreto/Desktop/repositorios/airflow_k/venv/lib/python3.10/site-packages/airflow/example_dags/plugins/workday.py took 0.016 seconds
[2023-03-01 11:28:12,774] {processor.py:153} INFO - Started process (PID=31824) to work on /Users/giovannisabarreto/Desktop/repositorios/airflow_k/venv/lib/python3.10/site-packages/airflow/example_dags/plugins/workday.py
[2023-03-01 11:28:12,774] {processor.py:641} INFO - Processing file /Users/giovannisabarreto/Desktop/repositorios/airflow_k/venv/lib/python3.10/site-packages/airflow/example_dags/plugins/workday.py for tasks to queue
[2023-03-01 11:28:12,774] {logging_mixin.py:115} INFO - [2023-03-01 11:28:12,774] {dagbag.py:507} INFO - Filling up the DagBag from /Users/giovannisabarreto/Desktop/repositorios/airflow_k/venv/lib/python3.10/site-packages/airflow/example_dags/plugins/workday.py
[2023-03-01 11:28:12,776] {processor.py:653} WARNING - No viable dags retrieved from /Users/giovannisabarreto/Desktop/repositorios/airflow_k/venv/lib/python3.10/site-packages/airflow/example_dags/plugins/workday.py
[2023-03-01 11:28:12,789] {processor.py:161} INFO - Processing /Users/giovannisabarreto/Desktop/repositorios/airflow_k/venv/lib/python3.10/site-packages/airflow/example_dags/plugins/workday.py took 0.016 seconds
[2023-03-01 11:28:44,846] {processor.py:153} INFO - Started process (PID=31879) to work on /Users/giovannisabarreto/Desktop/repositorios/airflow_k/venv/lib/python3.10/site-packages/airflow/example_dags/plugins/workday.py
[2023-03-01 11:28:44,847] {processor.py:641} INFO - Processing file /Users/giovannisabarreto/Desktop/repositorios/airflow_k/venv/lib/python3.10/site-packages/airflow/example_dags/plugins/workday.py for tasks to queue
[2023-03-01 11:28:44,847] {logging_mixin.py:115} INFO - [2023-03-01 11:28:44,847] {dagbag.py:507} INFO - Filling up the DagBag from /Users/giovannisabarreto/Desktop/repositorios/airflow_k/venv/lib/python3.10/site-packages/airflow/example_dags/plugins/workday.py
[2023-03-01 11:28:44,848] {processor.py:653} WARNING - No viable dags retrieved from /Users/giovannisabarreto/Desktop/repositorios/airflow_k/venv/lib/python3.10/site-packages/airflow/example_dags/plugins/workday.py
[2023-03-01 11:28:44,862] {processor.py:161} INFO - Processing /Users/giovannisabarreto/Desktop/repositorios/airflow_k/venv/lib/python3.10/site-packages/airflow/example_dags/plugins/workday.py took 0.016 seconds
[2023-03-01 11:29:25,117] {processor.py:153} INFO - Started process (PID=31965) to work on /Users/giovannisabarreto/Desktop/repositorios/airflow_k/venv/lib/python3.10/site-packages/airflow/example_dags/plugins/workday.py
[2023-03-01 11:29:25,118] {processor.py:641} INFO - Processing file /Users/giovannisabarreto/Desktop/repositorios/airflow_k/venv/lib/python3.10/site-packages/airflow/example_dags/plugins/workday.py for tasks to queue
[2023-03-01 11:29:25,118] {logging_mixin.py:115} INFO - [2023-03-01 11:29:25,118] {dagbag.py:507} INFO - Filling up the DagBag from /Users/giovannisabarreto/Desktop/repositorios/airflow_k/venv/lib/python3.10/site-packages/airflow/example_dags/plugins/workday.py
[2023-03-01 11:29:25,118] {processor.py:653} WARNING - No viable dags retrieved from /Users/giovannisabarreto/Desktop/repositorios/airflow_k/venv/lib/python3.10/site-packages/airflow/example_dags/plugins/workday.py
[2023-03-01 11:29:25,132] {processor.py:161} INFO - Processing /Users/giovannisabarreto/Desktop/repositorios/airflow_k/venv/lib/python3.10/site-packages/airflow/example_dags/plugins/workday.py took 0.016 seconds
[2023-03-01 11:30:09,081] {processor.py:153} INFO - Started process (PID=32062) to work on /Users/giovannisabarreto/Desktop/repositorios/airflow_k/venv/lib/python3.10/site-packages/airflow/example_dags/plugins/workday.py
[2023-03-01 11:30:09,082] {processor.py:641} INFO - Processing file /Users/giovannisabarreto/Desktop/repositorios/airflow_k/venv/lib/python3.10/site-packages/airflow/example_dags/plugins/workday.py for tasks to queue
[2023-03-01 11:30:09,082] {logging_mixin.py:115} INFO - [2023-03-01 11:30:09,082] {dagbag.py:507} INFO - Filling up the DagBag from /Users/giovannisabarreto/Desktop/repositorios/airflow_k/venv/lib/python3.10/site-packages/airflow/example_dags/plugins/workday.py
[2023-03-01 11:30:09,083] {processor.py:653} WARNING - No viable dags retrieved from /Users/giovannisabarreto/Desktop/repositorios/airflow_k/venv/lib/python3.10/site-packages/airflow/example_dags/plugins/workday.py
[2023-03-01 11:30:09,096] {processor.py:161} INFO - Processing /Users/giovannisabarreto/Desktop/repositorios/airflow_k/venv/lib/python3.10/site-packages/airflow/example_dags/plugins/workday.py took 0.016 seconds
[2023-03-01 11:30:49,651] {processor.py:153} INFO - Started process (PID=32132) to work on /Users/giovannisabarreto/Desktop/repositorios/airflow_k/venv/lib/python3.10/site-packages/airflow/example_dags/plugins/workday.py
[2023-03-01 11:30:49,651] {processor.py:641} INFO - Processing file /Users/giovannisabarreto/Desktop/repositorios/airflow_k/venv/lib/python3.10/site-packages/airflow/example_dags/plugins/workday.py for tasks to queue
[2023-03-01 11:30:49,651] {logging_mixin.py:115} INFO - [2023-03-01 11:30:49,651] {dagbag.py:507} INFO - Filling up the DagBag from /Users/giovannisabarreto/Desktop/repositorios/airflow_k/venv/lib/python3.10/site-packages/airflow/example_dags/plugins/workday.py
[2023-03-01 11:30:49,651] {processor.py:653} WARNING - No viable dags retrieved from /Users/giovannisabarreto/Desktop/repositorios/airflow_k/venv/lib/python3.10/site-packages/airflow/example_dags/plugins/workday.py
[2023-03-01 11:30:49,665] {processor.py:161} INFO - Processing /Users/giovannisabarreto/Desktop/repositorios/airflow_k/venv/lib/python3.10/site-packages/airflow/example_dags/plugins/workday.py took 0.015 seconds
[2023-03-01 11:31:20,785] {processor.py:153} INFO - Started process (PID=32193) to work on /Users/giovannisabarreto/Desktop/repositorios/airflow_k/venv/lib/python3.10/site-packages/airflow/example_dags/plugins/workday.py
[2023-03-01 11:31:20,786] {processor.py:641} INFO - Processing file /Users/giovannisabarreto/Desktop/repositorios/airflow_k/venv/lib/python3.10/site-packages/airflow/example_dags/plugins/workday.py for tasks to queue
[2023-03-01 11:31:20,786] {logging_mixin.py:115} INFO - [2023-03-01 11:31:20,786] {dagbag.py:507} INFO - Filling up the DagBag from /Users/giovannisabarreto/Desktop/repositorios/airflow_k/venv/lib/python3.10/site-packages/airflow/example_dags/plugins/workday.py
[2023-03-01 11:31:20,787] {processor.py:653} WARNING - No viable dags retrieved from /Users/giovannisabarreto/Desktop/repositorios/airflow_k/venv/lib/python3.10/site-packages/airflow/example_dags/plugins/workday.py
[2023-03-01 11:31:20,801] {processor.py:161} INFO - Processing /Users/giovannisabarreto/Desktop/repositorios/airflow_k/venv/lib/python3.10/site-packages/airflow/example_dags/plugins/workday.py took 0.016 seconds
[2023-03-01 11:31:52,833] {processor.py:153} INFO - Started process (PID=32252) to work on /Users/giovannisabarreto/Desktop/repositorios/airflow_k/venv/lib/python3.10/site-packages/airflow/example_dags/plugins/workday.py
[2023-03-01 11:31:52,834] {processor.py:641} INFO - Processing file /Users/giovannisabarreto/Desktop/repositorios/airflow_k/venv/lib/python3.10/site-packages/airflow/example_dags/plugins/workday.py for tasks to queue
[2023-03-01 11:31:52,834] {logging_mixin.py:115} INFO - [2023-03-01 11:31:52,834] {dagbag.py:507} INFO - Filling up the DagBag from /Users/giovannisabarreto/Desktop/repositorios/airflow_k/venv/lib/python3.10/site-packages/airflow/example_dags/plugins/workday.py
[2023-03-01 11:31:52,834] {processor.py:653} WARNING - No viable dags retrieved from /Users/giovannisabarreto/Desktop/repositorios/airflow_k/venv/lib/python3.10/site-packages/airflow/example_dags/plugins/workday.py
[2023-03-01 11:31:52,848] {processor.py:161} INFO - Processing /Users/giovannisabarreto/Desktop/repositorios/airflow_k/venv/lib/python3.10/site-packages/airflow/example_dags/plugins/workday.py took 0.016 seconds
[2023-03-01 11:32:37,291] {processor.py:153} INFO - Started process (PID=32339) to work on /Users/giovannisabarreto/Desktop/repositorios/airflow_k/venv/lib/python3.10/site-packages/airflow/example_dags/plugins/workday.py
[2023-03-01 11:32:37,291] {processor.py:641} INFO - Processing file /Users/giovannisabarreto/Desktop/repositorios/airflow_k/venv/lib/python3.10/site-packages/airflow/example_dags/plugins/workday.py for tasks to queue
[2023-03-01 11:32:37,291] {logging_mixin.py:115} INFO - [2023-03-01 11:32:37,291] {dagbag.py:507} INFO - Filling up the DagBag from /Users/giovannisabarreto/Desktop/repositorios/airflow_k/venv/lib/python3.10/site-packages/airflow/example_dags/plugins/workday.py
[2023-03-01 11:32:37,292] {processor.py:653} WARNING - No viable dags retrieved from /Users/giovannisabarreto/Desktop/repositorios/airflow_k/venv/lib/python3.10/site-packages/airflow/example_dags/plugins/workday.py
[2023-03-01 11:32:37,306] {processor.py:161} INFO - Processing /Users/giovannisabarreto/Desktop/repositorios/airflow_k/venv/lib/python3.10/site-packages/airflow/example_dags/plugins/workday.py took 0.016 seconds
[2023-03-01 11:33:07,911] {processor.py:153} INFO - Started process (PID=32391) to work on /Users/giovannisabarreto/Desktop/repositorios/airflow_k/venv/lib/python3.10/site-packages/airflow/example_dags/plugins/workday.py
[2023-03-01 11:33:07,911] {processor.py:641} INFO - Processing file /Users/giovannisabarreto/Desktop/repositorios/airflow_k/venv/lib/python3.10/site-packages/airflow/example_dags/plugins/workday.py for tasks to queue
[2023-03-01 11:33:07,911] {logging_mixin.py:115} INFO - [2023-03-01 11:33:07,911] {dagbag.py:507} INFO - Filling up the DagBag from /Users/giovannisabarreto/Desktop/repositorios/airflow_k/venv/lib/python3.10/site-packages/airflow/example_dags/plugins/workday.py
[2023-03-01 11:33:07,912] {processor.py:653} WARNING - No viable dags retrieved from /Users/giovannisabarreto/Desktop/repositorios/airflow_k/venv/lib/python3.10/site-packages/airflow/example_dags/plugins/workday.py
[2023-03-01 11:33:07,926] {processor.py:161} INFO - Processing /Users/giovannisabarreto/Desktop/repositorios/airflow_k/venv/lib/python3.10/site-packages/airflow/example_dags/plugins/workday.py took 0.015 seconds
[2023-03-01 11:33:52,242] {processor.py:153} INFO - Started process (PID=32477) to work on /Users/giovannisabarreto/Desktop/repositorios/airflow_k/venv/lib/python3.10/site-packages/airflow/example_dags/plugins/workday.py
[2023-03-01 11:33:52,242] {processor.py:641} INFO - Processing file /Users/giovannisabarreto/Desktop/repositorios/airflow_k/venv/lib/python3.10/site-packages/airflow/example_dags/plugins/workday.py for tasks to queue
[2023-03-01 11:33:52,242] {logging_mixin.py:115} INFO - [2023-03-01 11:33:52,242] {dagbag.py:507} INFO - Filling up the DagBag from /Users/giovannisabarreto/Desktop/repositorios/airflow_k/venv/lib/python3.10/site-packages/airflow/example_dags/plugins/workday.py
[2023-03-01 11:33:52,243] {processor.py:653} WARNING - No viable dags retrieved from /Users/giovannisabarreto/Desktop/repositorios/airflow_k/venv/lib/python3.10/site-packages/airflow/example_dags/plugins/workday.py
[2023-03-01 11:33:52,257] {processor.py:161} INFO - Processing /Users/giovannisabarreto/Desktop/repositorios/airflow_k/venv/lib/python3.10/site-packages/airflow/example_dags/plugins/workday.py took 0.016 seconds
[2023-03-01 11:34:25,296] {processor.py:153} INFO - Started process (PID=32547) to work on /Users/giovannisabarreto/Desktop/repositorios/airflow_k/venv/lib/python3.10/site-packages/airflow/example_dags/plugins/workday.py
[2023-03-01 11:34:25,297] {processor.py:641} INFO - Processing file /Users/giovannisabarreto/Desktop/repositorios/airflow_k/venv/lib/python3.10/site-packages/airflow/example_dags/plugins/workday.py for tasks to queue
[2023-03-01 11:34:25,297] {logging_mixin.py:115} INFO - [2023-03-01 11:34:25,297] {dagbag.py:507} INFO - Filling up the DagBag from /Users/giovannisabarreto/Desktop/repositorios/airflow_k/venv/lib/python3.10/site-packages/airflow/example_dags/plugins/workday.py
[2023-03-01 11:34:25,298] {processor.py:653} WARNING - No viable dags retrieved from /Users/giovannisabarreto/Desktop/repositorios/airflow_k/venv/lib/python3.10/site-packages/airflow/example_dags/plugins/workday.py
[2023-03-01 11:34:25,311] {processor.py:161} INFO - Processing /Users/giovannisabarreto/Desktop/repositorios/airflow_k/venv/lib/python3.10/site-packages/airflow/example_dags/plugins/workday.py took 0.016 seconds
[2023-03-01 11:34:55,771] {processor.py:153} INFO - Started process (PID=32605) to work on /Users/giovannisabarreto/Desktop/repositorios/airflow_k/venv/lib/python3.10/site-packages/airflow/example_dags/plugins/workday.py
[2023-03-01 11:34:55,771] {processor.py:641} INFO - Processing file /Users/giovannisabarreto/Desktop/repositorios/airflow_k/venv/lib/python3.10/site-packages/airflow/example_dags/plugins/workday.py for tasks to queue
[2023-03-01 11:34:55,771] {logging_mixin.py:115} INFO - [2023-03-01 11:34:55,771] {dagbag.py:507} INFO - Filling up the DagBag from /Users/giovannisabarreto/Desktop/repositorios/airflow_k/venv/lib/python3.10/site-packages/airflow/example_dags/plugins/workday.py
[2023-03-01 11:34:55,772] {processor.py:653} WARNING - No viable dags retrieved from /Users/giovannisabarreto/Desktop/repositorios/airflow_k/venv/lib/python3.10/site-packages/airflow/example_dags/plugins/workday.py
[2023-03-01 11:34:55,786] {processor.py:161} INFO - Processing /Users/giovannisabarreto/Desktop/repositorios/airflow_k/venv/lib/python3.10/site-packages/airflow/example_dags/plugins/workday.py took 0.016 seconds
[2023-03-01 11:35:28,628] {processor.py:153} INFO - Started process (PID=32661) to work on /Users/giovannisabarreto/Desktop/repositorios/airflow_k/venv/lib/python3.10/site-packages/airflow/example_dags/plugins/workday.py
[2023-03-01 11:35:28,630] {processor.py:641} INFO - Processing file /Users/giovannisabarreto/Desktop/repositorios/airflow_k/venv/lib/python3.10/site-packages/airflow/example_dags/plugins/workday.py for tasks to queue
[2023-03-01 11:35:28,630] {logging_mixin.py:115} INFO - [2023-03-01 11:35:28,630] {dagbag.py:507} INFO - Filling up the DagBag from /Users/giovannisabarreto/Desktop/repositorios/airflow_k/venv/lib/python3.10/site-packages/airflow/example_dags/plugins/workday.py
[2023-03-01 11:35:28,630] {processor.py:653} WARNING - No viable dags retrieved from /Users/giovannisabarreto/Desktop/repositorios/airflow_k/venv/lib/python3.10/site-packages/airflow/example_dags/plugins/workday.py
[2023-03-01 11:35:28,644] {processor.py:161} INFO - Processing /Users/giovannisabarreto/Desktop/repositorios/airflow_k/venv/lib/python3.10/site-packages/airflow/example_dags/plugins/workday.py took 0.016 seconds
[2023-03-01 11:36:00,971] {processor.py:153} INFO - Started process (PID=32716) to work on /Users/giovannisabarreto/Desktop/repositorios/airflow_k/venv/lib/python3.10/site-packages/airflow/example_dags/plugins/workday.py
[2023-03-01 11:36:00,972] {processor.py:641} INFO - Processing file /Users/giovannisabarreto/Desktop/repositorios/airflow_k/venv/lib/python3.10/site-packages/airflow/example_dags/plugins/workday.py for tasks to queue
[2023-03-01 11:36:00,972] {logging_mixin.py:115} INFO - [2023-03-01 11:36:00,972] {dagbag.py:507} INFO - Filling up the DagBag from /Users/giovannisabarreto/Desktop/repositorios/airflow_k/venv/lib/python3.10/site-packages/airflow/example_dags/plugins/workday.py
[2023-03-01 11:36:00,973] {processor.py:653} WARNING - No viable dags retrieved from /Users/giovannisabarreto/Desktop/repositorios/airflow_k/venv/lib/python3.10/site-packages/airflow/example_dags/plugins/workday.py
[2023-03-01 11:36:00,987] {processor.py:161} INFO - Processing /Users/giovannisabarreto/Desktop/repositorios/airflow_k/venv/lib/python3.10/site-packages/airflow/example_dags/plugins/workday.py took 0.016 seconds
[2023-03-01 11:36:32,076] {processor.py:153} INFO - Started process (PID=32769) to work on /Users/giovannisabarreto/Desktop/repositorios/airflow_k/venv/lib/python3.10/site-packages/airflow/example_dags/plugins/workday.py
[2023-03-01 11:36:32,077] {processor.py:641} INFO - Processing file /Users/giovannisabarreto/Desktop/repositorios/airflow_k/venv/lib/python3.10/site-packages/airflow/example_dags/plugins/workday.py for tasks to queue
[2023-03-01 11:36:32,077] {logging_mixin.py:115} INFO - [2023-03-01 11:36:32,077] {dagbag.py:507} INFO - Filling up the DagBag from /Users/giovannisabarreto/Desktop/repositorios/airflow_k/venv/lib/python3.10/site-packages/airflow/example_dags/plugins/workday.py
[2023-03-01 11:36:32,078] {processor.py:653} WARNING - No viable dags retrieved from /Users/giovannisabarreto/Desktop/repositorios/airflow_k/venv/lib/python3.10/site-packages/airflow/example_dags/plugins/workday.py
[2023-03-01 11:36:32,091] {processor.py:161} INFO - Processing /Users/giovannisabarreto/Desktop/repositorios/airflow_k/venv/lib/python3.10/site-packages/airflow/example_dags/plugins/workday.py took 0.015 seconds
[2023-03-01 11:37:17,277] {processor.py:153} INFO - Started process (PID=32846) to work on /Users/giovannisabarreto/Desktop/repositorios/airflow_k/venv/lib/python3.10/site-packages/airflow/example_dags/plugins/workday.py
[2023-03-01 11:37:17,277] {processor.py:641} INFO - Processing file /Users/giovannisabarreto/Desktop/repositorios/airflow_k/venv/lib/python3.10/site-packages/airflow/example_dags/plugins/workday.py for tasks to queue
[2023-03-01 11:37:17,278] {logging_mixin.py:115} INFO - [2023-03-01 11:37:17,278] {dagbag.py:507} INFO - Filling up the DagBag from /Users/giovannisabarreto/Desktop/repositorios/airflow_k/venv/lib/python3.10/site-packages/airflow/example_dags/plugins/workday.py
[2023-03-01 11:37:17,278] {processor.py:653} WARNING - No viable dags retrieved from /Users/giovannisabarreto/Desktop/repositorios/airflow_k/venv/lib/python3.10/site-packages/airflow/example_dags/plugins/workday.py
[2023-03-01 11:37:17,292] {processor.py:161} INFO - Processing /Users/giovannisabarreto/Desktop/repositorios/airflow_k/venv/lib/python3.10/site-packages/airflow/example_dags/plugins/workday.py took 0.016 seconds
[2023-03-01 11:53:48,352] {processor.py:153} INFO - Started process (PID=32897) to work on /Users/giovannisabarreto/Desktop/repositorios/airflow_k/venv/lib/python3.10/site-packages/airflow/example_dags/plugins/workday.py
[2023-03-01 11:53:48,352] {processor.py:641} INFO - Processing file /Users/giovannisabarreto/Desktop/repositorios/airflow_k/venv/lib/python3.10/site-packages/airflow/example_dags/plugins/workday.py for tasks to queue
[2023-03-01 11:53:48,353] {logging_mixin.py:115} INFO - [2023-03-01 11:53:48,353] {dagbag.py:507} INFO - Filling up the DagBag from /Users/giovannisabarreto/Desktop/repositorios/airflow_k/venv/lib/python3.10/site-packages/airflow/example_dags/plugins/workday.py
[2023-03-01 11:53:48,353] {processor.py:653} WARNING - No viable dags retrieved from /Users/giovannisabarreto/Desktop/repositorios/airflow_k/venv/lib/python3.10/site-packages/airflow/example_dags/plugins/workday.py
[2023-03-01 11:53:48,367] {processor.py:161} INFO - Processing /Users/giovannisabarreto/Desktop/repositorios/airflow_k/venv/lib/python3.10/site-packages/airflow/example_dags/plugins/workday.py took 0.015 seconds
[2023-03-01 13:53:21,313] {processor.py:153} INFO - Started process (PID=33083) to work on /Users/giovannisabarreto/Desktop/repositorios/airflow_k/venv/lib/python3.10/site-packages/airflow/example_dags/plugins/workday.py
[2023-03-01 13:53:21,313] {processor.py:641} INFO - Processing file /Users/giovannisabarreto/Desktop/repositorios/airflow_k/venv/lib/python3.10/site-packages/airflow/example_dags/plugins/workday.py for tasks to queue
[2023-03-01 13:53:21,313] {logging_mixin.py:115} INFO - [2023-03-01 13:53:21,313] {dagbag.py:507} INFO - Filling up the DagBag from /Users/giovannisabarreto/Desktop/repositorios/airflow_k/venv/lib/python3.10/site-packages/airflow/example_dags/plugins/workday.py
[2023-03-01 13:53:21,314] {processor.py:653} WARNING - No viable dags retrieved from /Users/giovannisabarreto/Desktop/repositorios/airflow_k/venv/lib/python3.10/site-packages/airflow/example_dags/plugins/workday.py
[2023-03-01 13:53:21,401] {processor.py:161} INFO - Processing /Users/giovannisabarreto/Desktop/repositorios/airflow_k/venv/lib/python3.10/site-packages/airflow/example_dags/plugins/workday.py took 0.089 seconds
[2023-03-01 15:10:59,659] {processor.py:153} INFO - Started process (PID=33235) to work on /Users/giovannisabarreto/Desktop/repositorios/airflow_k/venv/lib/python3.10/site-packages/airflow/example_dags/plugins/workday.py
[2023-03-01 15:10:59,660] {processor.py:641} INFO - Processing file /Users/giovannisabarreto/Desktop/repositorios/airflow_k/venv/lib/python3.10/site-packages/airflow/example_dags/plugins/workday.py for tasks to queue
[2023-03-01 15:10:59,660] {logging_mixin.py:115} INFO - [2023-03-01 15:10:59,660] {dagbag.py:507} INFO - Filling up the DagBag from /Users/giovannisabarreto/Desktop/repositorios/airflow_k/venv/lib/python3.10/site-packages/airflow/example_dags/plugins/workday.py
[2023-03-01 15:10:59,661] {processor.py:653} WARNING - No viable dags retrieved from /Users/giovannisabarreto/Desktop/repositorios/airflow_k/venv/lib/python3.10/site-packages/airflow/example_dags/plugins/workday.py
[2023-03-01 15:10:59,691] {processor.py:161} INFO - Processing /Users/giovannisabarreto/Desktop/repositorios/airflow_k/venv/lib/python3.10/site-packages/airflow/example_dags/plugins/workday.py took 0.033 seconds
[2023-03-01 16:50:44,347] {processor.py:153} INFO - Started process (PID=33442) to work on /Users/giovannisabarreto/Desktop/repositorios/airflow_k/venv/lib/python3.10/site-packages/airflow/example_dags/plugins/workday.py
[2023-03-01 16:50:44,348] {processor.py:641} INFO - Processing file /Users/giovannisabarreto/Desktop/repositorios/airflow_k/venv/lib/python3.10/site-packages/airflow/example_dags/plugins/workday.py for tasks to queue
[2023-03-01 16:50:44,348] {logging_mixin.py:115} INFO - [2023-03-01 16:50:44,348] {dagbag.py:507} INFO - Filling up the DagBag from /Users/giovannisabarreto/Desktop/repositorios/airflow_k/venv/lib/python3.10/site-packages/airflow/example_dags/plugins/workday.py
[2023-03-01 16:50:44,348] {processor.py:653} WARNING - No viable dags retrieved from /Users/giovannisabarreto/Desktop/repositorios/airflow_k/venv/lib/python3.10/site-packages/airflow/example_dags/plugins/workday.py
[2023-03-01 16:50:44,367] {processor.py:161} INFO - Processing /Users/giovannisabarreto/Desktop/repositorios/airflow_k/venv/lib/python3.10/site-packages/airflow/example_dags/plugins/workday.py took 0.020 seconds
[2023-03-01 18:14:12,821] {processor.py:153} INFO - Started process (PID=33575) to work on /Users/giovannisabarreto/Desktop/repositorios/airflow_k/venv/lib/python3.10/site-packages/airflow/example_dags/plugins/workday.py
[2023-03-01 18:14:12,822] {processor.py:641} INFO - Processing file /Users/giovannisabarreto/Desktop/repositorios/airflow_k/venv/lib/python3.10/site-packages/airflow/example_dags/plugins/workday.py for tasks to queue
[2023-03-01 18:14:12,822] {logging_mixin.py:115} INFO - [2023-03-01 18:14:12,822] {dagbag.py:507} INFO - Filling up the DagBag from /Users/giovannisabarreto/Desktop/repositorios/airflow_k/venv/lib/python3.10/site-packages/airflow/example_dags/plugins/workday.py
[2023-03-01 18:14:12,822] {processor.py:653} WARNING - No viable dags retrieved from /Users/giovannisabarreto/Desktop/repositorios/airflow_k/venv/lib/python3.10/site-packages/airflow/example_dags/plugins/workday.py
[2023-03-01 18:14:12,836] {processor.py:161} INFO - Processing /Users/giovannisabarreto/Desktop/repositorios/airflow_k/venv/lib/python3.10/site-packages/airflow/example_dags/plugins/workday.py took 0.015 seconds
[2023-03-01 19:57:04,116] {processor.py:153} INFO - Started process (PID=33745) to work on /Users/giovannisabarreto/Desktop/repositorios/airflow_k/venv/lib/python3.10/site-packages/airflow/example_dags/plugins/workday.py
[2023-03-01 19:57:04,116] {processor.py:641} INFO - Processing file /Users/giovannisabarreto/Desktop/repositorios/airflow_k/venv/lib/python3.10/site-packages/airflow/example_dags/plugins/workday.py for tasks to queue
[2023-03-01 19:57:04,117] {logging_mixin.py:115} INFO - [2023-03-01 19:57:04,116] {dagbag.py:507} INFO - Filling up the DagBag from /Users/giovannisabarreto/Desktop/repositorios/airflow_k/venv/lib/python3.10/site-packages/airflow/example_dags/plugins/workday.py
[2023-03-01 19:57:04,117] {processor.py:653} WARNING - No viable dags retrieved from /Users/giovannisabarreto/Desktop/repositorios/airflow_k/venv/lib/python3.10/site-packages/airflow/example_dags/plugins/workday.py
[2023-03-01 19:57:04,131] {processor.py:161} INFO - Processing /Users/giovannisabarreto/Desktop/repositorios/airflow_k/venv/lib/python3.10/site-packages/airflow/example_dags/plugins/workday.py took 0.015 seconds
