[2023-03-02 16:43:18,887] {taskinstance.py:1159} INFO - Dependencies all met for <TaskInstance: get_stocks_dag.GOOG scheduled__2023-02-24T00:00:00+00:00 [queued]>
[2023-03-02 16:43:18,894] {taskinstance.py:1159} INFO - Dependencies all met for <TaskInstance: get_stocks_dag.GOOG scheduled__2023-02-24T00:00:00+00:00 [queued]>
[2023-03-02 16:43:18,894] {taskinstance.py:1356} INFO - 
--------------------------------------------------------------------------------
[2023-03-02 16:43:18,894] {taskinstance.py:1357} INFO - Starting attempt 1 of 1
[2023-03-02 16:43:18,894] {taskinstance.py:1358} INFO - 
--------------------------------------------------------------------------------
[2023-03-02 16:43:18,905] {taskinstance.py:1377} INFO - Executing <Task(_PythonDecoratedOperator): GOOG> on 2023-02-24 00:00:00+00:00
[2023-03-02 16:43:18,908] {standard_task_runner.py:52} INFO - Started process 51699 to run task
[2023-03-02 16:43:18,914] {standard_task_runner.py:79} INFO - Running: ['airflow', 'tasks', 'run', 'get_stocks_dag', 'GOOG', 'scheduled__2023-02-24T00:00:00+00:00', '--job-id', '69', '--raw', '--subdir', 'DAGS_FOLDER/get_stocks.py', '--cfg-path', '/var/folders/8z/6d7zf4153pgfqk4ygy8by4rh0000gn/T/tmpv5u8bjb6', '--error-file', '/var/folders/8z/6d7zf4153pgfqk4ygy8by4rh0000gn/T/tmpkdb9svm4']
[2023-03-02 16:43:18,916] {standard_task_runner.py:80} INFO - Job 69: Subtask GOOG
[2023-03-02 16:43:23,945] {task_command.py:370} INFO - Running <TaskInstance: get_stocks_dag.GOOG scheduled__2023-02-24T00:00:00+00:00 [running]> on host AZ026.local
[2023-03-02 16:43:28,999] {taskinstance.py:1569} INFO - Exporting the following env vars:
AIRFLOW_CTX_DAG_OWNER=airflow
AIRFLOW_CTX_DAG_ID=get_stocks_dag
AIRFLOW_CTX_TASK_ID=GOOG
AIRFLOW_CTX_EXECUTION_DATE=2023-02-24T00:00:00+00:00
AIRFLOW_CTX_TRY_NUMBER=1
AIRFLOW_CTX_DAG_RUN_ID=scheduled__2023-02-24T00:00:00+00:00
[2023-03-02 16:43:29,082] {local_task_job.py:156} INFO - Task exited with return code Negsignal.SIGABRT
[2023-03-02 16:43:29,085] {taskinstance.py:1395} INFO - Marking task as FAILED. dag_id=get_stocks_dag, task_id=GOOG, execution_date=20230224T000000, start_date=20230302T194318, end_date=20230302T194329
[2023-03-02 16:43:29,091] {local_task_job.py:273} INFO - 0 downstream tasks scheduled from follow-on schedule check
