[2023-03-02 16:40:39,517] {taskinstance.py:1159} INFO - Dependencies all met for <TaskInstance: get_stocks_dag.TSLA scheduled__2023-02-21T00:00:00+00:00 [queued]>
[2023-03-02 16:40:39,527] {taskinstance.py:1159} INFO - Dependencies all met for <TaskInstance: get_stocks_dag.TSLA scheduled__2023-02-21T00:00:00+00:00 [queued]>
[2023-03-02 16:40:39,527] {taskinstance.py:1356} INFO - 
--------------------------------------------------------------------------------
[2023-03-02 16:40:39,527] {taskinstance.py:1357} INFO - Starting attempt 1 of 1
[2023-03-02 16:40:39,527] {taskinstance.py:1358} INFO - 
--------------------------------------------------------------------------------
[2023-03-02 16:40:39,542] {taskinstance.py:1377} INFO - Executing <Task(_PythonDecoratedOperator): TSLA> on 2023-02-21 00:00:00+00:00
[2023-03-02 16:40:39,547] {standard_task_runner.py:52} INFO - Started process 51404 to run task
[2023-03-02 16:40:39,551] {standard_task_runner.py:79} INFO - Running: ['airflow', 'tasks', 'run', 'get_stocks_dag', 'TSLA', 'scheduled__2023-02-21T00:00:00+00:00', '--job-id', '56', '--raw', '--subdir', 'DAGS_FOLDER/get_stocks.py', '--cfg-path', '/var/folders/8z/6d7zf4153pgfqk4ygy8by4rh0000gn/T/tmp3c20zbka', '--error-file', '/var/folders/8z/6d7zf4153pgfqk4ygy8by4rh0000gn/T/tmpvokw5d2_']
[2023-03-02 16:40:39,553] {standard_task_runner.py:80} INFO - Job 56: Subtask TSLA
[2023-03-02 16:40:44,579] {task_command.py:370} INFO - Running <TaskInstance: get_stocks_dag.TSLA scheduled__2023-02-21T00:00:00+00:00 [running]> on host AZ026.local
[2023-03-02 16:40:49,626] {taskinstance.py:1569} INFO - Exporting the following env vars:
AIRFLOW_CTX_DAG_OWNER=airflow
AIRFLOW_CTX_DAG_ID=get_stocks_dag
AIRFLOW_CTX_TASK_ID=TSLA
AIRFLOW_CTX_EXECUTION_DATE=2023-02-21T00:00:00+00:00
AIRFLOW_CTX_TRY_NUMBER=1
AIRFLOW_CTX_DAG_RUN_ID=scheduled__2023-02-21T00:00:00+00:00
[2023-03-02 16:40:49,736] {local_task_job.py:156} INFO - Task exited with return code Negsignal.SIGABRT
[2023-03-02 16:40:49,739] {taskinstance.py:1395} INFO - Marking task as FAILED. dag_id=get_stocks_dag, task_id=TSLA, execution_date=20230221T000000, start_date=20230302T194039, end_date=20230302T194049
[2023-03-02 16:40:49,746] {local_task_job.py:273} INFO - 0 downstream tasks scheduled from follow-on schedule check
