[2023-03-02 16:33:36,528] {taskinstance.py:1159} INFO - Dependencies all met for <TaskInstance: get_stocks_dag.MSFT scheduled__2023-02-02T00:00:00+00:00 [queued]>
[2023-03-02 16:33:36,538] {taskinstance.py:1159} INFO - Dependencies all met for <TaskInstance: get_stocks_dag.MSFT scheduled__2023-02-02T00:00:00+00:00 [queued]>
[2023-03-02 16:33:36,539] {taskinstance.py:1356} INFO - 
--------------------------------------------------------------------------------
[2023-03-02 16:33:36,539] {taskinstance.py:1357} INFO - Starting attempt 1 of 1
[2023-03-02 16:33:36,539] {taskinstance.py:1358} INFO - 
--------------------------------------------------------------------------------
[2023-03-02 16:33:36,550] {taskinstance.py:1377} INFO - Executing <Task(_PythonDecoratedOperator): MSFT> on 2023-02-02 00:00:00+00:00
[2023-03-02 16:33:36,553] {standard_task_runner.py:52} INFO - Started process 50569 to run task
[2023-03-02 16:33:36,558] {standard_task_runner.py:79} INFO - Running: ['airflow', 'tasks', 'run', 'get_stocks_dag', 'MSFT', 'scheduled__2023-02-02T00:00:00+00:00', '--job-id', '28', '--raw', '--subdir', 'DAGS_FOLDER/get_stocks.py', '--cfg-path', '/var/folders/8z/6d7zf4153pgfqk4ygy8by4rh0000gn/T/tmpi_9qw6xp', '--error-file', '/var/folders/8z/6d7zf4153pgfqk4ygy8by4rh0000gn/T/tmpfs9sqvad']
[2023-03-02 16:33:36,560] {standard_task_runner.py:80} INFO - Job 28: Subtask MSFT
[2023-03-02 16:33:41,584] {task_command.py:370} INFO - Running <TaskInstance: get_stocks_dag.MSFT scheduled__2023-02-02T00:00:00+00:00 [running]> on host AZ026.local
[2023-03-02 16:33:46,618] {taskinstance.py:1569} INFO - Exporting the following env vars:
AIRFLOW_CTX_DAG_OWNER=airflow
AIRFLOW_CTX_DAG_ID=get_stocks_dag
AIRFLOW_CTX_TASK_ID=MSFT
AIRFLOW_CTX_EXECUTION_DATE=2023-02-02T00:00:00+00:00
AIRFLOW_CTX_TRY_NUMBER=1
AIRFLOW_CTX_DAG_RUN_ID=scheduled__2023-02-02T00:00:00+00:00
[2023-03-02 16:33:46,716] {local_task_job.py:156} INFO - Task exited with return code Negsignal.SIGABRT
[2023-03-02 16:33:46,720] {taskinstance.py:1395} INFO - Marking task as FAILED. dag_id=get_stocks_dag, task_id=MSFT, execution_date=20230202T000000, start_date=20230302T193336, end_date=20230302T193346
[2023-03-02 16:33:46,727] {local_task_job.py:273} INFO - 0 downstream tasks scheduled from follow-on schedule check
