[2023-03-02 16:36:16,584] {taskinstance.py:1159} INFO - Dependencies all met for <TaskInstance: get_stocks_dag.TSLA scheduled__2023-02-07T00:00:00+00:00 [queued]>
[2023-03-02 16:36:16,587] {taskinstance.py:1159} INFO - Dependencies all met for <TaskInstance: get_stocks_dag.TSLA scheduled__2023-02-07T00:00:00+00:00 [queued]>
[2023-03-02 16:36:16,587] {taskinstance.py:1356} INFO - 
--------------------------------------------------------------------------------
[2023-03-02 16:36:16,587] {taskinstance.py:1357} INFO - Starting attempt 1 of 1
[2023-03-02 16:36:16,587] {taskinstance.py:1358} INFO - 
--------------------------------------------------------------------------------
[2023-03-02 16:36:16,591] {taskinstance.py:1377} INFO - Executing <Task(_PythonDecoratedOperator): TSLA> on 2023-02-07 00:00:00+00:00
[2023-03-02 16:36:16,593] {standard_task_runner.py:52} INFO - Started process 50851 to run task
[2023-03-02 16:36:16,596] {standard_task_runner.py:79} INFO - Running: ['airflow', 'tasks', 'run', 'get_stocks_dag', 'TSLA', 'scheduled__2023-02-07T00:00:00+00:00', '--job-id', '41', '--raw', '--subdir', 'DAGS_FOLDER/get_stocks.py', '--cfg-path', '/var/folders/8z/6d7zf4153pgfqk4ygy8by4rh0000gn/T/tmpqw12e3kx', '--error-file', '/var/folders/8z/6d7zf4153pgfqk4ygy8by4rh0000gn/T/tmp_h4ms6os']
[2023-03-02 16:36:16,597] {standard_task_runner.py:80} INFO - Job 41: Subtask TSLA
[2023-03-02 16:36:21,616] {task_command.py:370} INFO - Running <TaskInstance: get_stocks_dag.TSLA scheduled__2023-02-07T00:00:00+00:00 [running]> on host AZ026.local
[2023-03-02 16:36:26,679] {taskinstance.py:1569} INFO - Exporting the following env vars:
AIRFLOW_CTX_DAG_OWNER=airflow
AIRFLOW_CTX_DAG_ID=get_stocks_dag
AIRFLOW_CTX_TASK_ID=TSLA
AIRFLOW_CTX_EXECUTION_DATE=2023-02-07T00:00:00+00:00
AIRFLOW_CTX_TRY_NUMBER=1
AIRFLOW_CTX_DAG_RUN_ID=scheduled__2023-02-07T00:00:00+00:00
[2023-03-02 16:36:26,755] {local_task_job.py:156} INFO - Task exited with return code Negsignal.SIGABRT
[2023-03-02 16:36:26,760] {taskinstance.py:1395} INFO - Marking task as FAILED. dag_id=get_stocks_dag, task_id=TSLA, execution_date=20230207T000000, start_date=20230302T193616, end_date=20230302T193626
[2023-03-02 16:36:26,766] {local_task_job.py:273} INFO - 0 downstream tasks scheduled from follow-on schedule check
[2023-03-02 16:36:26,769] {dagrun.py:547} ERROR - Marking run <DagRun get_stocks_dag @ 2023-02-07 00:00:00+00:00: scheduled__2023-02-07T00:00:00+00:00, externally triggered: False> failed
[2023-03-02 16:36:26,769] {dagrun.py:607} INFO - DagRun Finished: dag_id=get_stocks_dag, execution_date=2023-02-07 00:00:00+00:00, run_id=scheduled__2023-02-07T00:00:00+00:00, run_start_date=2023-03-02 19:34:41.704025+00:00, run_end_date=2023-03-02 19:36:26.769729+00:00, run_duration=105.065704, state=failed, external_trigger=False, run_type=scheduled, data_interval_start=2023-02-07 00:00:00+00:00, data_interval_end=2023-02-08 00:00:00+00:00, dag_hash=55c79a9c68b03993ee3e55bf15702184
