[2023-03-02 16:35:50,296] {taskinstance.py:1159} INFO - Dependencies all met for <TaskInstance: get_stocks_dag.GOOG scheduled__2023-02-07T00:00:00+00:00 [queued]>
[2023-03-02 16:35:50,307] {taskinstance.py:1159} INFO - Dependencies all met for <TaskInstance: get_stocks_dag.GOOG scheduled__2023-02-07T00:00:00+00:00 [queued]>
[2023-03-02 16:35:50,307] {taskinstance.py:1356} INFO - 
--------------------------------------------------------------------------------
[2023-03-02 16:35:50,307] {taskinstance.py:1357} INFO - Starting attempt 1 of 1
[2023-03-02 16:35:50,307] {taskinstance.py:1358} INFO - 
--------------------------------------------------------------------------------
[2023-03-02 16:35:50,318] {taskinstance.py:1377} INFO - Executing <Task(_PythonDecoratedOperator): GOOG> on 2023-02-07 00:00:00+00:00
[2023-03-02 16:35:50,321] {standard_task_runner.py:52} INFO - Started process 50798 to run task
[2023-03-02 16:35:50,325] {standard_task_runner.py:79} INFO - Running: ['airflow', 'tasks', 'run', 'get_stocks_dag', 'GOOG', 'scheduled__2023-02-07T00:00:00+00:00', '--job-id', '39', '--raw', '--subdir', 'DAGS_FOLDER/get_stocks.py', '--cfg-path', '/var/folders/8z/6d7zf4153pgfqk4ygy8by4rh0000gn/T/tmpr6pa2lg2', '--error-file', '/var/folders/8z/6d7zf4153pgfqk4ygy8by4rh0000gn/T/tmp01mox2g0']
[2023-03-02 16:35:50,327] {standard_task_runner.py:80} INFO - Job 39: Subtask GOOG
[2023-03-02 16:35:55,353] {task_command.py:370} INFO - Running <TaskInstance: get_stocks_dag.GOOG scheduled__2023-02-07T00:00:00+00:00 [running]> on host AZ026.local
[2023-03-02 16:36:00,392] {taskinstance.py:1569} INFO - Exporting the following env vars:
AIRFLOW_CTX_DAG_OWNER=airflow
AIRFLOW_CTX_DAG_ID=get_stocks_dag
AIRFLOW_CTX_TASK_ID=GOOG
AIRFLOW_CTX_EXECUTION_DATE=2023-02-07T00:00:00+00:00
AIRFLOW_CTX_TRY_NUMBER=1
AIRFLOW_CTX_DAG_RUN_ID=scheduled__2023-02-07T00:00:00+00:00
[2023-03-02 16:36:00,490] {local_task_job.py:156} INFO - Task exited with return code Negsignal.SIGABRT
[2023-03-02 16:36:00,496] {taskinstance.py:1395} INFO - Marking task as FAILED. dag_id=get_stocks_dag, task_id=GOOG, execution_date=20230207T000000, start_date=20230302T193550, end_date=20230302T193600
[2023-03-02 16:36:00,503] {local_task_job.py:273} INFO - 0 downstream tasks scheduled from follow-on schedule check
